[I 2026-03-19 15:03:51,138] Trial 25 finished with value: 3174399.4049193263 and parameters: {'cnn_depth': 3, 'cnn_channels_0': 129, 'cnn_channels_1': 204, 'cnn_channels_2': 218, 'kernel_size': 3, 'gru_hidden': 381, 'gru_layers': 3, 'bidirectional': True, 'dropout': 0.36411308418653765, 'pool_size': 6, 'lr': 0.0006293309134780319}. Best is trial 23 with value: 1069162.256961938.
Epoch 1/100, Train Loss: 9502875.760615, Val Loss: 3656955.072844, LR: 0.000629
Epoch 5/100, Train Loss: 1903163.566754, Val Loss: 10731221.618863, LR: 0.000629
Epoch 10/100, Train Loss: 1702854.057312, Val Loss: 12296969.784409, LR: 0.000315
Early stopping triggered at epoch 12/100
Best model saved with validation loss: 3174399.404919
[I 2026-03-19 15:05:07,489] Trial 26 finished with value: 5080285.0656294385 and parameters: {'cnn_depth': 3, 'cnn_channels_0': 157, 'cnn_channels_1': 241, 'cnn_channels_2': 165, 'kernel_size': 5, 'gru_hidden': 407, 'gru_layers': 3, 'bidirectional': True, 'dropout': 0.45735160172491635, 'pool_size': 8, 'lr': 0.003919418551327009}. Best is trial 23 with value: 1069162.256961938.
Epoch 1/100, Train Loss: 7455933.529858, Val Loss: 5184191.713728, LR: 0.003919
Epoch 5/100, Train Loss: 2056030.893786, Val Loss: 8702186.085852, LR: 0.003919
Epoch 10/100, Train Loss: 1730045.294350, Val Loss: 8620628.462075, LR: 0.001960
Early stopping triggered at epoch 12/100
Best model saved with validation loss: 5080285.065629
[I 2026-03-19 15:06:07,293] Trial 27 finished with value: 1209366.54217406 and parameters: {'cnn_depth': 4, 'cnn_channels_0': 218, 'cnn_channels_1': 197, 'cnn_channels_2': 124, 'cnn_channels_3': 201, 'kernel_size': 3, 'gru_hidden': 309, 'gru_layers': 3, 'bidirectional': True, 'dropout': 0.3031491701601689, 'pool_size': 7, 'lr': 0.0008349147560092788}. Best is trial 23 with value: 1069162.256961938.
Epoch 1/100, Train Loss: 9074892.558842, Val Loss: 1209366.542174, LR: 0.000835
Epoch 5/100, Train Loss: 1934693.702409, Val Loss: 1965471.720349, LR: 0.000835
Epoch 10/100, Train Loss: 1665346.684578, Val Loss: 7693146.948394, LR: 0.000417
Early stopping triggered at epoch 11/100
Best model saved with validation loss: 1209366.542174
[I 2026-03-19 15:06:58,760] Trial 28 finished with value: 1378509.2282307942 and parameters: {'cnn_depth': 4, 'cnn_channels_0': 93, 'cnn_channels_1': 167, 'cnn_channels_2': 126, 'cnn_channels_3': 211, 'kernel_size': 3, 'gru_hidden': 393, 'gru_layers': 2, 'bidirectional': True, 'dropout': 0.3043035156657687, 'pool_size': 7, 'lr': 0.00044726278852143703}. Best is trial 23 with value: 1069162.256961938.
Epoch 1/100, Train Loss: 11063260.527592, Val Loss: 1989534.229934, LR: 0.000447
Epoch 5/100, Train Loss: 1799770.599247, Val Loss: 2564366.060211, LR: 0.000447
Epoch 10/100, Train Loss: 1582868.604604, Val Loss: 6071695.479022, LR: 0.000224
Early stopping triggered at epoch 12/100
Best model saved with validation loss: 1378509.228231
[I 2026-03-19 15:07:26,467] Trial 29 finished with value: 2554243.236021572 and parameters: {'cnn_depth': 4, 'cnn_channels_0': 109, 'cnn_channels_1': 113, 'cnn_channels_2': 83, 'cnn_channels_3': 201, 'kernel_size': 5, 'gru_hidden': 466, 'gru_layers': 2, 'bidirectional': False, 'dropout': 0.241965511629393, 'pool_size': 4, 'lr': 0.0009344816361627874}. Best is trial 23 with value: 1069162.256961938.
Epoch 1/100, Train Loss: 8023530.763080, Val Loss: 2717826.905196, LR: 0.000934
Epoch 5/100, Train Loss: 1811603.935691, Val Loss: 5249474.232589, LR: 0.000934
Epoch 10/100, Train Loss: 1604922.523298, Val Loss: 8592448.792519, LR: 0.000467
Early stopping triggered at epoch 12/100
Best model saved with validation loss: 2554243.236022
Epoch 1/100, Train Loss: 6613336.980837, Val Loss: 1743437.896241, LR: 0.001720
Epoch 5/100, Train Loss: 1989912.075521, Val Loss: 2431462.322167, LR: 0.001720
Epoch 10/100, Train Loss: 1840230.601920, Val Loss: 4080947.216013, LR: 0.001720
Early stopping triggered at epoch 14/100
Best model saved with validation loss: 1349747.566000

--- Metrics for all houses ---

Metrics:
MAE sklearn (lower is better):  1265.17333984375
Normalized MAE (lower is better):  0.2833859
MAPE sklearn (lower is better):  9.941387283372442e+16 %
MSE (lower is better):  5863318.0
RMSE (lower is better):  2421.4289169826975
NRMSE (lower is better):  0.5423754
R2 (higher is better):  0.8451326489448547


--- Metrics for house id 5 ---

Metrics:
MAE sklearn (lower is better):  1265.17333984375
Normalized MAE (lower is better):  0.2833859
MAPE sklearn (lower is better):  9.941387283372442e+16 %
MSE (lower is better):  5863318.0
RMSE (lower is better):  2421.4289169826975
NRMSE (lower is better):  0.5423754
R2 (higher is better):  0.8451326489448547

--------------------  Sites for site_id 6: ['aieg_DEPOTVIR_212303594/production', 'aieg_DEPOTVIR_0/production']  --------------------
Creating temporal split:   0%|          | 0/1 [00:00<?, ?it/s]Creating temporal split:   0%|          | 0/1 [00:00<?, ?it/s]
Traceback (most recent call last):
  File "/home/iridia-tower/Bureau/bripetit_phd/aieg/AIEG_Forecasting/old_code/AIEG_training.py", line 679, in <module>
    main_cnn_gru({site_id : sites}, {site_id: drop_period[site_id]}, f'cnn_gru_{etype}', True)
  File "/home/iridia-tower/Bureau/bripetit_phd/aieg/AIEG_Forecasting/old_code/AIEG_training.py", line 470, in main_cnn_gru
    train_sites, val_sites, test_sites = temporal_split(
  File "/home/iridia-tower/Bureau/bripetit_phd/aieg/AIEG_Forecasting/src/data/preprocessing.py", line 298, in temporal_split
    train, val, test = create_split(
  File "/home/iridia-tower/Bureau/bripetit_phd/aieg/AIEG_Forecasting/src/data/preprocessing.py", line 194, in create_split
    df = concat_production_sites(dataset, sn_list)
  File "/home/iridia-tower/Bureau/bripetit_phd/aieg/AIEG_Forecasting/src/data/dataset_loader.py", line 94, in concat_production_sites
    start_date = min(
  File "/home/iridia-tower/Bureau/bripetit_phd/aieg/AIEG_Forecasting/src/data/dataset_loader.py", line 95, in <genexpr>
    dataset[f"/aieg_CHAMAIEG_{sn}/{prediction_type}"].set_index('ts').index.min()
  File "/home/iridia-tower/Bureau/bripetit_phd/aieg/AIEG_Forecasting/AIEG_venv_linux/lib/python3.10/site-packages/pandas/io/pytables.py", line 615, in __getitem__
    return self.get(key)
  File "/home/iridia-tower/Bureau/bripetit_phd/aieg/AIEG_Forecasting/AIEG_venv_linux/lib/python3.10/site-packages/pandas/io/pytables.py", line 825, in get
    raise KeyError(f"No object named {key} in the file")
KeyError: 'No object named /aieg_CHAMAIEG_212303594/consumption in the file'
/home/iridia-tower/Bureau/bripetit_phd/aieg/AIEG_Forecasting/AIEG_venv_linux/lib/python3.10/site-packages/tables/file.py:114: UnclosedFileWarning: Closing remaining open file: /home/iridia-tower/Bureau/bripetit_phd/aieg/data/processed/aieg.h5
  warnings.warn(UnclosedFileWarning(msg))
