[I 2026-03-19 14:16:22,727] Trial 2 finished with value: 23275253.90598842 and parameters: {'cnn_depth': 2, 'cnn_channels_0': 70, 'cnn_channels_1': 130, 'kernel_size': 5, 'gru_hidden': 340, 'gru_layers': 3, 'bidirectional': False, 'dropout': 0.18603347096191244, 'pool_size': 3, 'lr': 0.0006259605455816364}. Best is trial 0 with value: 20488743.82045201.
Epoch 1/100, Train Loss: 1360647280.251685, Val Loss: 463515079.357143, LR: 0.000626
Epoch 5/100, Train Loss: 138653747.761798, Val Loss: 23275253.905988, LR: 0.000626
Epoch 10/100, Train Loss: 100384122.633708, Val Loss: 38642423.102975, LR: 0.000626
Early stopping triggered at epoch 15/100
Best model saved with validation loss: 23275253.905988
[I 2026-03-19 14:17:59,383] Trial 3 finished with value: 28817620.582208905 and parameters: {'cnn_depth': 3, 'cnn_channels_0': 136, 'cnn_channels_1': 127, 'cnn_channels_2': 190, 'kernel_size': 5, 'gru_hidden': 233, 'gru_layers': 3, 'bidirectional': False, 'dropout': 0.16918521141580958, 'pool_size': 5, 'lr': 0.00013698635939480454}. Best is trial 0 with value: 20488743.82045201.
Epoch 1/100, Train Loss: 1492709614.705618, Val Loss: 573228445.325893, LR: 0.000137
Epoch 5/100, Train Loss: 1244279730.408989, Val Loss: 420567438.568054, LR: 0.000137
Epoch 10/100, Train Loss: 669195841.860674, Val Loss: 167581400.319650, LR: 0.000137
Epoch 15/100, Train Loss: 306320211.330337, Val Loss: 53368074.676130, LR: 0.000137
Epoch 20/100, Train Loss: 149084553.528090, Val Loss: 31009213.741629, LR: 0.000137
Epoch 25/100, Train Loss: 97924362.239326, Val Loss: 34596308.774344, LR: 0.000137
Epoch 30/100, Train Loss: 87016917.164045, Val Loss: 37038172.304844, LR: 0.000068
Early stopping triggered at epoch 32/100
Best model saved with validation loss: 28817620.582209
[I 2026-03-19 14:18:38,142] Trial 4 finished with value: 22225093.55339704 and parameters: {'cnn_depth': 3, 'cnn_channels_0': 78, 'cnn_channels_1': 197, 'cnn_channels_2': 211, 'kernel_size': 3, 'gru_hidden': 322, 'gru_layers': 2, 'bidirectional': False, 'dropout': 0.44926838932480195, 'pool_size': 3, 'lr': 0.0003328548075876368}. Best is trial 0 with value: 20488743.82045201.
Epoch 1/100, Train Loss: 1448053824.323596, Val Loss: 504646314.992449, LR: 0.000333
Epoch 5/100, Train Loss: 343730113.038202, Val Loss: 50242724.073434, LR: 0.000333
Epoch 10/100, Train Loss: 111339998.955056, Val Loss: 35509871.313756, LR: 0.000333
Epoch 15/100, Train Loss: 91920061.416854, Val Loss: 33821406.449044, LR: 0.000166
Early stopping triggered at epoch 18/100
Best model saved with validation loss: 22225093.553397
[I 2026-03-19 14:19:19,800] Trial 5 finished with value: 517108229.5714286 and parameters: {'cnn_depth': 4, 'cnn_channels_0': 110, 'cnn_channels_1': 62, 'cnn_channels_2': 140, 'cnn_channels_3': 139, 'kernel_size': 5, 'gru_hidden': 243, 'gru_layers': 3, 'bidirectional': False, 'dropout': 0.3648924157178396, 'pool_size': 6, 'lr': 0.0045803102070739845}. Best is trial 0 with value: 20488743.82045201.
Epoch 1/100, Train Loss: 1147949366.256180, Val Loss: 540104297.000000, LR: 0.004580
Epoch 5/100, Train Loss: 1100504085.465168, Val Loss: 531283341.285714, LR: 0.004580
Epoch 10/100, Train Loss: 1100667590.831461, Val Loss: 533439426.714286, LR: 0.002290
Early stopping triggered at epoch 12/100
Best model saved with validation loss: 517108229.571429
[I 2026-03-19 14:20:30,927] Trial 6 finished with value: 19503487.741524834 and parameters: {'cnn_depth': 4, 'cnn_channels_0': 236, 'cnn_channels_1': 40, 'cnn_channels_2': 170, 'cnn_channels_3': 230, 'kernel_size': 3, 'gru_hidden': 197, 'gru_layers': 3, 'bidirectional': True, 'dropout': 0.3328619286072413, 'pool_size': 5, 'lr': 0.0005541486062984701}. Best is trial 6 with value: 19503487.741524834.
Epoch 1/100, Train Loss: 1397939019.217978, Val Loss: 433564710.922720, LR: 0.000554
Epoch 5/100, Train Loss: 157172742.013483, Val Loss: 19503487.741525, LR: 0.000554
Epoch 10/100, Train Loss: 99086075.435955, Val Loss: 26040054.490583, LR: 0.000554
Early stopping triggered at epoch 15/100
Best model saved with validation loss: 19503487.741525
[I 2026-03-19 14:21:26,307] Trial 7 finished with value: 22741808.957310267 and parameters: {'cnn_depth': 2, 'cnn_channels_0': 169, 'cnn_channels_1': 204, 'kernel_size': 5, 'gru_hidden': 99, 'gru_layers': 2, 'bidirectional': True, 'dropout': 0.11420651621051658, 'pool_size': 5, 'lr': 0.000976602882117341}. Best is trial 6 with value: 19503487.741524834.
Epoch 1/100, Train Loss: 1410506582.184270, Val Loss: 449700652.658552, LR: 0.000977
Epoch 5/100, Train Loss: 159761636.343820, Val Loss: 28914201.809082, LR: 0.000977
Epoch 10/100, Train Loss: 94530922.276966, Val Loss: 35640069.837123, LR: 0.000977
Epoch 15/100, Train Loss: 88134645.228090, Val Loss: 37605124.949079, LR: 0.000488
Early stopping triggered at epoch 16/100
Best model saved with validation loss: 22741808.957310
[I 2026-03-19 14:22:12,755] Trial 8 finished with value: 21836618.48451451 and parameters: {'cnn_depth': 4, 'cnn_channels_0': 94, 'cnn_channels_1': 207, 'cnn_channels_2': 67, 'cnn_channels_3': 67, 'kernel_size': 5, 'gru_hidden': 400, 'gru_layers': 2, 'bidirectional': True, 'dropout': 0.18407969840110133, 'pool_size': 4, 'lr': 0.002961770928631432}. Best is trial 6 with value: 19503487.741524834.
Epoch 1/100, Train Loss: 412435653.676404, Val Loss: 59695558.194754, LR: 0.002962
Epoch 5/100, Train Loss: 97325991.883146, Val Loss: 26277049.298793, LR: 0.002962
Epoch 10/100, Train Loss: 89402262.258427, Val Loss: 44875163.363421, LR: 0.001481
Early stopping triggered at epoch 13/100
Best model saved with validation loss: 21836618.484515
[I 2026-03-19 14:23:01,635] Trial 9 finished with value: 21617148.55099923 and parameters: {'cnn_depth': 3, 'cnn_channels_0': 178, 'cnn_channels_1': 55, 'cnn_channels_2': 148, 'kernel_size': 5, 'gru_hidden': 345, 'gru_layers': 3, 'bidirectional': False, 'dropout': 0.14149276015029671, 'pool_size': 5, 'lr': 0.0003968042912909268}. Best is trial 6 with value: 19503487.741524834.
Epoch 1/100, Train Loss: 1433829763.092135, Val Loss: 495990731.187500, LR: 0.000397
Epoch 5/100, Train Loss: 226687070.613483, Val Loss: 30586261.191546, LR: 0.000397
Epoch 10/100, Train Loss: 96208636.951685, Val Loss: 22572160.154994, LR: 0.000397
Epoch 15/100, Train Loss: 86624439.846067, Val Loss: 32704206.319371, LR: 0.000198
Early stopping triggered at epoch 16/100
Best model saved with validation loss: 21617148.550999
[I 2026-03-19 14:24:24,515] Trial 10 finished with value: 20837262.168631416 and parameters: {'cnn_depth': 4, 'cnn_channels_0': 254, 'cnn_channels_1': 242, 'cnn_channels_2': 255, 'cnn_channels_3': 238, 'kernel_size': 3, 'gru_hidden': 119, 'gru_layers': 3, 'bidirectional': True, 'dropout': 0.2751522392775465, 'pool_size': 8, 'lr': 0.0019236084934530434}. Best is trial 6 with value: 19503487.741524834.
Epoch 1/100, Train Loss: 1208694097.006742, Val Loss: 207042746.849191, LR: 0.001924
Epoch 5/100, Train Loss: 111602206.546067, Val Loss: 23297904.857840, LR: 0.001924
Epoch 10/100, Train Loss: 100145644.001124, Val Loss: 26246731.860491, LR: 0.000962
Early stopping triggered at epoch 13/100
Best model saved with validation loss: 20837262.168631
[I 2026-03-19 14:24:57,795] Trial 11 finished with value: 19424660.348388672 and parameters: {'cnn_depth': 2, 'cnn_channels_0': 234, 'cnn_channels_1': 91, 'kernel_size': 3, 'gru_hidden': 187, 'gru_layers': 1, 'bidirectional': True, 'dropout': 0.35499902863842864, 'pool_size': 8, 'lr': 0.00855264943291043}. Best is trial 11 with value: 19424660.348388672.
Epoch 1/100, Train Loss: 309863182.811236, Val Loss: 19424660.348389, LR: 0.008553
Epoch 5/100, Train Loss: 106180007.430337, Val Loss: 22425368.759905, LR: 0.008553
Epoch 10/100, Train Loss: 96056076.123596, Val Loss: 25168509.641183, LR: 0.004276
Early stopping triggered at epoch 11/100
Best model saved with validation loss: 19424660.348389
[I 2026-03-19 14:25:35,837] Trial 12 finished with value: 19126496.129708428 and parameters: {'cnn_depth': 4, 'cnn_channels_0': 251, 'cnn_channels_1': 92, 'cnn_channels_2': 107, 'cnn_channels_3': 254, 'kernel_size': 3, 'gru_hidden': 507, 'gru_layers': 1, 'bidirectional': True, 'dropout': 0.30186994559179314, 'pool_size': 8, 'lr': 0.001560756353261503}. Best is trial 12 with value: 19126496.129708428.
Epoch 1/100, Train Loss: 505029373.719101, Val Loss: 19126496.129708, LR: 0.001561
Epoch 5/100, Train Loss: 97055918.370787, Val Loss: 35677548.820312, LR: 0.001561
Epoch 10/100, Train Loss: 90170236.620225, Val Loss: 26667205.166155, LR: 0.000780
Early stopping triggered at epoch 11/100
Best model saved with validation loss: 19126496.129708
[I 2026-03-19 14:26:09,884] Trial 13 finished with value: 18853312.13169643 and parameters: {'cnn_depth': 2, 'cnn_channels_0': 214, 'cnn_channels_1': 99, 'kernel_size': 3, 'gru_hidden': 486, 'gru_layers': 1, 'bidirectional': True, 'dropout': 0.2605408036333393, 'pool_size': 8, 'lr': 0.00975419624796143}. Best is trial 13 with value: 18853312.13169643.
Epoch 1/100, Train Loss: 197110689.357303, Val Loss: 18853312.131696, LR: 0.009754
Epoch 5/100, Train Loss: 101371434.800000, Val Loss: 22795098.159459, LR: 0.009754
Epoch 10/100, Train Loss: 93096276.340449, Val Loss: 39277099.058454, LR: 0.004877
Early stopping triggered at epoch 11/100
Best model saved with validation loss: 18853312.131696
[I 2026-03-19 14:27:01,560] Trial 14 finished with value: 31104781.3359375 and parameters: {'cnn_depth': 3, 'cnn_channels_0': 205, 'cnn_channels_1': 101, 'cnn_channels_2': 96, 'kernel_size': 3, 'gru_hidden': 509, 'gru_layers': 1, 'bidirectional': True, 'dropout': 0.2510774315619067, 'pool_size': 7, 'lr': 0.007254360041181666}. Best is trial 13 with value: 18853312.13169643.
Epoch 1/100, Train Loss: 212634213.525843, Val Loss: 43523599.149065, LR: 0.007254
Epoch 5/100, Train Loss: 97811689.885393, Val Loss: 67731986.873884, LR: 0.007254
Epoch 10/100, Train Loss: 92636670.140449, Val Loss: 65791871.112653, LR: 0.007254
Epoch 15/100, Train Loss: 87257423.191011, Val Loss: 38564320.799107, LR: 0.003627
Early stopping triggered at epoch 17/100
Best model saved with validation loss: 31104781.335938
[I 2026-03-19 14:27:38,914] Trial 15 finished with value: 18618418.065255303 and parameters: {'cnn_depth': 4, 'cnn_channels_0': 33, 'cnn_channels_1': 150, 'cnn_channels_2': 108, 'cnn_channels_3': 168, 'kernel_size': 3, 'gru_hidden': 487, 'gru_layers': 1, 'bidirectional': True, 'dropout': 0.24750667774527424, 'pool_size': 8, 'lr': 0.002066137422401931}. Best is trial 15 with value: 18618418.065255303.
Epoch 1/100, Train Loss: 453798736.337079, Val Loss: 18618418.065255, LR: 0.002066
Epoch 5/100, Train Loss: 97781459.008989, Val Loss: 19917705.963309, LR: 0.002066
Epoch 10/100, Train Loss: 90343813.779775, Val Loss: 35469213.381836, LR: 0.001033
Early stopping triggered at epoch 11/100
Best model saved with validation loss: 18618418.065255
[I 2026-03-19 14:28:14,230] Trial 16 finished with value: 18841380.237932477 and parameters: {'cnn_depth': 2, 'cnn_channels_0': 199, 'cnn_channels_1': 160, 'kernel_size': 3, 'gru_hidden': 427, 'gru_layers': 1, 'bidirectional': True, 'dropout': 0.2344435694472154, 'pool_size': 7, 'lr': 0.004139591907132527}. Best is trial 15 with value: 18618418.065255303.
Epoch 1/100, Train Loss: 299553852.413483, Val Loss: 32887608.764300, LR: 0.004140
Epoch 5/100, Train Loss: 98017957.135955, Val Loss: 48062669.783866, LR: 0.004140
Epoch 10/100, Train Loss: 90558139.201124, Val Loss: 28870878.124581, LR: 0.002070
Early stopping triggered at epoch 12/100
Best model saved with validation loss: 18841380.237932
[I 2026-03-19 14:29:10,771] Trial 17 finished with value: 20734435.61704799 and parameters: {'cnn_depth': 3, 'cnn_channels_0': 186, 'cnn_channels_1': 165, 'cnn_channels_2': 106, 'kernel_size': 3, 'gru_hidden': 436, 'gru_layers': 2, 'bidirectional': True, 'dropout': 0.21609706925275118, 'pool_size': 7, 'lr': 0.0024742153302316464}. Best is trial 15 with value: 18618418.065255303.
Epoch 1/100, Train Loss: 416048892.305618, Val Loss: 24845410.522321, LR: 0.002474
Epoch 5/100, Train Loss: 99079277.840449, Val Loss: 28663888.404297, LR: 0.002474
Epoch 10/100, Train Loss: 91005596.543820, Val Loss: 25243469.961147, LR: 0.001237
Early stopping triggered at epoch 12/100
Best model saved with validation loss: 20734435.617048
[I 2026-03-19 14:29:36,886] Trial 18 finished with value: 20249314.97670201 and parameters: {'cnn_depth': 4, 'cnn_channels_0': 37, 'cnn_channels_1': 169, 'cnn_channels_2': 33, 'cnn_channels_3': 151, 'kernel_size': 3, 'gru_hidden': 431, 'gru_layers': 1, 'bidirectional': True, 'dropout': 0.21946137180333591, 'pool_size': 2, 'lr': 0.004128298666817427}. Best is trial 15 with value: 18618418.065255303.
Epoch 1/100, Train Loss: 308908781.040449, Val Loss: 22887677.531110, LR: 0.004128
Epoch 5/100, Train Loss: 98801522.659551, Val Loss: 24411350.833043, LR: 0.004128
Epoch 10/100, Train Loss: 90097744.086517, Val Loss: 53473799.909459, LR: 0.002064
Early stopping triggered at epoch 12/100
Best model saved with validation loss: 20249314.976702
[I 2026-03-19 14:30:28,222] Trial 19 finished with value: 19655086.377511162 and parameters: {'cnn_depth': 2, 'cnn_channels_0': 43, 'cnn_channels_1': 156, 'kernel_size': 3, 'gru_hidden': 453, 'gru_layers': 2, 'bidirectional': True, 'dropout': 0.41499263801845826, 'pool_size': 6, 'lr': 0.0012356493956440847}. Best is trial 15 with value: 18618418.065255303.
Epoch 1/100, Train Loss: 702739481.123595, Val Loss: 28191126.082450, LR: 0.001236
Epoch 5/100, Train Loss: 105509282.193258, Val Loss: 21812550.206299, LR: 0.001236
Epoch 10/100, Train Loss: 94769419.461798, Val Loss: 43905711.654855, LR: 0.000618
Early stopping triggered at epoch 12/100
Best model saved with validation loss: 19655086.377511
[I 2026-03-19 14:31:04,287] Trial 20 finished with value: 20018509.079938617 and parameters: {'cnn_depth': 3, 'cnn_channels_0': 157, 'cnn_channels_1': 237, 'cnn_channels_2': 73, 'kernel_size': 3, 'gru_hidden': 384, 'gru_layers': 1, 'bidirectional': True, 'dropout': 0.28950944878078744, 'pool_size': 7, 'lr': 0.004736902638892234}. Best is trial 15 with value: 18618418.065255303.
Epoch 1/100, Train Loss: 271776405.438202, Val Loss: 25826950.356306, LR: 0.004737
Epoch 5/100, Train Loss: 96653955.183146, Val Loss: 34482274.065290, LR: 0.004737
Epoch 10/100, Train Loss: 90446496.507865, Val Loss: 41823710.843052, LR: 0.002368
Early stopping triggered at epoch 12/100
Best model saved with validation loss: 20018509.079939
[I 2026-03-19 14:31:38,241] Trial 21 finished with value: 19429122.121651787 and parameters: {'cnn_depth': 2, 'cnn_channels_0': 209, 'cnn_channels_1': 120, 'kernel_size': 3, 'gru_hidden': 480, 'gru_layers': 1, 'bidirectional': True, 'dropout': 0.23655610456935686, 'pool_size': 8, 'lr': 0.009905193316659719}. Best is trial 15 with value: 18618418.065255303.
Epoch 1/100, Train Loss: 195187014.671910, Val Loss: 19429122.121652, LR: 0.009905
Epoch 5/100, Train Loss: 101334779.919101, Val Loss: 40608106.585379, LR: 0.009905
Epoch 10/100, Train Loss: 91507648.051124, Val Loss: 54448696.259487, LR: 0.004953
Early stopping triggered at epoch 11/100
Best model saved with validation loss: 19429122.121652
[I 2026-03-19 14:32:15,052] Trial 22 finished with value: 24674432.77922712 and parameters: {'cnn_depth': 2, 'cnn_channels_0': 213, 'cnn_channels_1': 180, 'kernel_size': 3, 'gru_hidden': 396, 'gru_layers': 1, 'bidirectional': True, 'dropout': 0.31767069630409017, 'pool_size': 8, 'lr': 0.006175967992661234}. Best is trial 15 with value: 18618418.065255303.
Epoch 1/100, Train Loss: 255970693.388764, Val Loss: 25301379.880999, LR: 0.006176
Epoch 5/100, Train Loss: 100065045.680899, Val Loss: 28404347.183524, LR: 0.006176
Epoch 10/100, Train Loss: 93403697.433708, Val Loss: 40349191.758929, LR: 0.003088
Early stopping triggered at epoch 12/100
Best model saved with validation loss: 24674432.779227
[I 2026-03-19 14:32:49,290] Trial 23 finished with value: 19292327.52908761 and parameters: {'cnn_depth': 2, 'cnn_channels_0': 194, 'cnn_channels_1': 152, 'kernel_size': 3, 'gru_hidden': 464, 'gru_layers': 1, 'bidirectional': True, 'dropout': 0.2676321167835986, 'pool_size': 7, 'lr': 0.0030368570477489016}. Best is trial 15 with value: 18618418.065255303.
Epoch 1/100, Train Loss: 348206139.580899, Val Loss: 25044058.452706, LR: 0.003037
Epoch 5/100, Train Loss: 99064244.006742, Val Loss: 20941919.776228, LR: 0.003037
Epoch 10/100, Train Loss: 89716570.665169, Val Loss: 36711471.052490, LR: 0.001518
Early stopping triggered at epoch 12/100
Best model saved with validation loss: 19292327.529088
[I 2026-03-19 14:33:29,427] Trial 24 finished with value: 20852594.96306501 and parameters: {'cnn_depth': 2, 'cnn_channels_0': 156, 'cnn_channels_1': 140, 'kernel_size': 3, 'gru_hidden': 486, 'gru_layers': 1, 'bidirectional': True, 'dropout': 0.21403978716589392, 'pool_size': 8, 'lr': 0.006104232609618946}. Best is trial 15 with value: 18618418.065255303.
Epoch 1/100, Train Loss: 229532965.173034, Val Loss: 25159661.334647, LR: 0.006104
Epoch 5/100, Train Loss: 98249984.257303, Val Loss: 50295823.738351, LR: 0.006104
Epoch 10/100, Train Loss: 90198833.967416, Val Loss: 33309364.831473, LR: 0.003052
Early stopping triggered at epoch 13/100
Best model saved with validation loss: 20852594.963065
[I 2026-03-19 14:34:22,904] Trial 25 finished with value: 21831664.19618443 and parameters: {'cnn_depth': 2, 'cnn_channels_0': 223, 'cnn_channels_1': 117, 'kernel_size': 3, 'gru_hidden': 420, 'gru_layers': 2, 'bidirectional': True, 'dropout': 0.25626811172145597, 'pool_size': 6, 'lr': 0.0036384112541321817}. Best is trial 15 with value: 18618418.065255303.
Epoch 1/100, Train Loss: 339278481.325843, Val Loss: 34972120.567522, LR: 0.003638
Epoch 5/100, Train Loss: 100648678.844382, Val Loss: 30293817.452672, LR: 0.003638
Epoch 10/100, Train Loss: 90349261.570787, Val Loss: 29703912.930804, LR: 0.001819
Early stopping triggered at epoch 13/100
Best model saved with validation loss: 21831664.196184
[I 2026-03-19 14:35:11,269] Trial 26 finished with value: 22234720.44792829 and parameters: {'cnn_depth': 3, 'cnn_channels_0': 115, 'cnn_channels_1': 180, 'cnn_channels_2': 235, 'kernel_size': 3, 'gru_hidden': 376, 'gru_layers': 1, 'bidirectional': True, 'dropout': 0.14889171984697078, 'pool_size': 7, 'lr': 0.0020270329361197314}. Best is trial 15 with value: 18618418.065255303.
Epoch 1/100, Train Loss: 501926015.435955, Val Loss: 25042398.282087, LR: 0.002027
Epoch 5/100, Train Loss: 95781048.874157, Val Loss: 39003581.645089, LR: 0.002027
Epoch 10/100, Train Loss: 90831729.791011, Val Loss: 45777406.255755, LR: 0.002027
Epoch 15/100, Train Loss: 84903968.761798, Val Loss: 35424571.788644, LR: 0.001014
Early stopping triggered at epoch 16/100
Best model saved with validation loss: 22234720.447928
[I 2026-03-19 14:36:43,543] Trial 27 finished with value: 22191310.687848773 and parameters: {'cnn_depth': 3, 'cnn_channels_0': 55, 'cnn_channels_1': 107, 'cnn_channels_2': 135, 'kernel_size': 3, 'gru_hidden': 470, 'gru_layers': 2, 'bidirectional': True, 'dropout': 0.20479007253485906, 'pool_size': 8, 'lr': 0.005910238376385606}. Best is trial 15 with value: 18618418.065255303.
Epoch 1/100, Train Loss: 282984570.624719, Val Loss: 24386098.517857, LR: 0.005910
Epoch 5/100, Train Loss: 100276735.182022, Val Loss: 32005620.957589, LR: 0.005910
Epoch 10/100, Train Loss: 97025145.652809, Val Loss: 42309742.494978, LR: 0.005910
Epoch 15/100, Train Loss: 90952620.510674, Val Loss: 34010833.661133, LR: 0.002955
Early stopping triggered at epoch 18/100
Best model saved with validation loss: 22191310.687849
[I 2026-03-19 14:37:20,566] Trial 28 finished with value: 22055290.180036273 and parameters: {'cnn_depth': 2, 'cnn_channels_0': 194, 'cnn_channels_1': 142, 'kernel_size': 3, 'gru_hidden': 276, 'gru_layers': 1, 'bidirectional': True, 'dropout': 0.2965551946068818, 'pool_size': 7, 'lr': 0.001245887009911179}. Best is trial 15 with value: 18618418.065255303.
Epoch 1/100, Train Loss: 937610002.364045, Val Loss: 59632466.312618, LR: 0.001246
Epoch 5/100, Train Loss: 103416761.191011, Val Loss: 38031113.717913, LR: 0.001246
Epoch 10/100, Train Loss: 92858629.942697, Val Loss: 39050776.903251, LR: 0.000623
Early stopping triggered at epoch 13/100
Best model saved with validation loss: 22055290.180036
