[I 2026-03-19 14:38:03,808] Trial 29 finished with value: 20583255.02734375 and parameters: {'cnn_depth': 2, 'cnn_channels_0': 121, 'cnn_channels_1': 75, 'kernel_size': 3, 'gru_hidden': 439, 'gru_layers': 1, 'bidirectional': True, 'dropout': 0.40814475541438033, 'pool_size': 7, 'lr': 0.0008763679221258663}. Best is trial 15 with value: 18618418.065255303.
Epoch 1/100, Train Loss: 876590602.094382, Val Loss: 47908014.716588, LR: 0.000876
Epoch 5/100, Train Loss: 106463332.924719, Val Loss: 20583255.027344, LR: 0.000876
Epoch 10/100, Train Loss: 98091831.841573, Val Loss: 28435702.803746, LR: 0.000876
Early stopping triggered at epoch 15/100
Best model saved with validation loss: 20583255.027344
Epoch 1/100, Train Loss: 464376157.379775, Val Loss: 22265515.167550, LR: 0.002066
Epoch 5/100, Train Loss: 96398266.235955, Val Loss: 24711873.444824, LR: 0.002066
Epoch 10/100, Train Loss: 88875178.308989, Val Loss: 41063723.020403, LR: 0.001033
Early stopping triggered at epoch 11/100
Best model saved with validation loss: 22265515.167550

--- Metrics for all houses ---

Metrics:
MAE sklearn (lower is better):  7261.2431640625
Normalized MAE (lower is better):  0.2166824
MAPE sklearn (lower is better):  2.6878674996507443e+17 %
MSE (lower is better):  187672448.0
RMSE (lower is better):  13699.359401081498
NRMSE (lower is better):  0.4088019
R2 (higher is better):  0.8948575854301453


--- Metrics for house id 4 ---

Metrics:
MAE sklearn (lower is better):  7261.2431640625
Normalized MAE (lower is better):  0.2166824
MAPE sklearn (lower is better):  2.6878674996507443e+17 %
MSE (lower is better):  187672448.0
RMSE (lower is better):  13699.359401081498
NRMSE (lower is better):  0.4088019
R2 (higher is better):  0.8948575854301453

--------------------  Sites for site_id 5: ['aieg_FABLANTO_213310817/production']  --------------------
Creating temporal split:   0%|          | 0/1 [00:00<?, ?it/s]Creating temporal split: 100%|██████████| 1/1 [00:00<00:00, 14.88it/s]
Initialization of the data and indices:   0%|          | 0/1 [00:00<?, ?it/s]Initialization of the data and indices: 100%|██████████| 1/1 [00:00<00:00,  4.01it/s]Initialization of the data and indices: 100%|██████████| 1/1 [00:00<00:00,  4.01it/s]
Initialization of the data and indices:   0%|          | 0/1 [00:00<?, ?it/s]Initialization of the data and indices: 100%|██████████| 1/1 [00:00<00:00,  3.11it/s]Initialization of the data and indices: 100%|██████████| 1/1 [00:00<00:00,  3.11it/s]
Initialization of the data and indices:   0%|          | 0/1 [00:00<?, ?it/s]Initialization of the data and indices: 100%|██████████| 1/1 [00:00<00:00,  4.36it/s]Initialization of the data and indices: 100%|██████████| 1/1 [00:00<00:00,  4.36it/s]
[I 2026-03-19 14:39:04,877] A new study created in memory with name: no-name-c8fe64d8-c375-4bb1-9459-00413fc845e9
[I 2026-03-19 14:39:40,801] Trial 0 finished with value: 2024762.0554202301 and parameters: {'cnn_depth': 4, 'cnn_channels_0': 102, 'cnn_channels_1': 126, 'cnn_channels_2': 49, 'cnn_channels_3': 250, 'kernel_size': 5, 'gru_hidden': 244, 'gru_layers': 2, 'bidirectional': False, 'dropout': 0.2331984449842225, 'pool_size': 6, 'lr': 0.0012649711311973637}. Best is trial 0 with value: 2024762.0554202301.
Epoch 1/100, Train Loss: 9319825.101702, Val Loss: 3027501.153903, LR: 0.001265
Epoch 5/100, Train Loss: 1921288.673247, Val Loss: 2202022.152635, LR: 0.001265
Epoch 10/100, Train Loss: 1716198.698871, Val Loss: 3802669.133302, LR: 0.001265
Early stopping triggered at epoch 14/100
Best model saved with validation loss: 2024762.055420
[I 2026-03-19 14:40:38,520] Trial 1 finished with value: 1994259.1898559802 and parameters: {'cnn_depth': 3, 'cnn_channels_0': 147, 'cnn_channels_1': 185, 'cnn_channels_2': 249, 'kernel_size': 5, 'gru_hidden': 290, 'gru_layers': 2, 'bidirectional': True, 'dropout': 0.3254809301133884, 'pool_size': 6, 'lr': 0.0001300841983302502}. Best is trial 1 with value: 1994259.1898559802.
Epoch 1/100, Train Loss: 17541002.416905, Val Loss: 8484007.609573, LR: 0.000130
Epoch 5/100, Train Loss: 4082527.447837, Val Loss: 3222561.835306, LR: 0.000130
Epoch 10/100, Train Loss: 1796705.387166, Val Loss: 5244174.314081, LR: 0.000130
Epoch 15/100, Train Loss: 1578239.698314, Val Loss: 6509531.712147, LR: 0.000065
Early stopping triggered at epoch 16/100
Best model saved with validation loss: 1994259.189856
[I 2026-03-19 14:42:17,249] Trial 2 finished with value: 2169201.769773796 and parameters: {'cnn_depth': 4, 'cnn_channels_0': 239, 'cnn_channels_1': 177, 'cnn_channels_2': 174, 'cnn_channels_3': 103, 'kernel_size': 5, 'gru_hidden': 244, 'gru_layers': 2, 'bidirectional': True, 'dropout': 0.20032539839362734, 'pool_size': 6, 'lr': 0.008986335579384178}. Best is trial 1 with value: 1994259.1898559802.
Epoch 1/100, Train Loss: 3717475.632156, Val Loss: 3127442.697628, LR: 0.008986
Epoch 5/100, Train Loss: 2011031.255149, Val Loss: 2612971.985429, LR: 0.008986
Epoch 10/100, Train Loss: 1840663.071843, Val Loss: 3371489.868523, LR: 0.008986
Epoch 15/100, Train Loss: 1691352.949328, Val Loss: 5557863.548665, LR: 0.004493
Epoch 20/100, Train Loss: 1663783.164281, Val Loss: 4203561.511918, LR: 0.004493
Epoch 25/100, Train Loss: 1598893.027871, Val Loss: 3506296.266109, LR: 0.002247
Early stopping triggered at epoch 27/100
Best model saved with validation loss: 2169201.769774
[I 2026-03-19 14:43:19,664] Trial 3 finished with value: 1259659.2364267677 and parameters: {'cnn_depth': 2, 'cnn_channels_0': 228, 'cnn_channels_1': 233, 'kernel_size': 3, 'gru_hidden': 301, 'gru_layers': 3, 'bidirectional': True, 'dropout': 0.14486945993283384, 'pool_size': 8, 'lr': 0.0016952359241929683}. Best is trial 3 with value: 1259659.2364267677.
Epoch 1/100, Train Loss: 6866617.028109, Val Loss: 1259659.236427, LR: 0.001695
Epoch 5/100, Train Loss: 1932290.379572, Val Loss: 2855772.059145, LR: 0.001695
Epoch 10/100, Train Loss: 1653300.759244, Val Loss: 4740482.785960, LR: 0.000848
Early stopping triggered at epoch 11/100
Best model saved with validation loss: 1259659.236427
[I 2026-03-19 14:43:45,190] Trial 4 finished with value: 1996803.185618391 and parameters: {'cnn_depth': 2, 'cnn_channels_0': 241, 'cnn_channels_1': 188, 'kernel_size': 3, 'gru_hidden': 187, 'gru_layers': 2, 'bidirectional': False, 'dropout': 0.27953607247260304, 'pool_size': 2, 'lr': 0.004328863862490392}. Best is trial 3 with value: 1259659.2364267677.
Epoch 1/100, Train Loss: 6837439.540394, Val Loss: 2177466.301922, LR: 0.004329
Epoch 5/100, Train Loss: 1870239.599147, Val Loss: 2956963.351662, LR: 0.004329
Epoch 10/100, Train Loss: 1781422.126869, Val Loss: 4115985.310009, LR: 0.004329
Epoch 15/100, Train Loss: 1682170.923376, Val Loss: 6645139.820059, LR: 0.002164
Early stopping triggered at epoch 16/100
Best model saved with validation loss: 1996803.185618
[I 2026-03-19 14:44:24,657] Trial 5 finished with value: 1824334.7040485034 and parameters: {'cnn_depth': 4, 'cnn_channels_0': 120, 'cnn_channels_1': 49, 'cnn_channels_2': 38, 'cnn_channels_3': 63, 'kernel_size': 3, 'gru_hidden': 112, 'gru_layers': 2, 'bidirectional': False, 'dropout': 0.2070424780977843, 'pool_size': 5, 'lr': 0.0003700585969197252}. Best is trial 3 with value: 1259659.2364267677.
Epoch 1/100, Train Loss: 17927901.326336, Val Loss: 9111496.507277, LR: 0.000370
Epoch 5/100, Train Loss: 6322036.563653, Val Loss: 2321225.888964, LR: 0.000370
Epoch 10/100, Train Loss: 2146824.099555, Val Loss: 5748853.101196, LR: 0.000370
Epoch 15/100, Train Loss: 1673686.262146, Val Loss: 5065384.201531, LR: 0.000185
Early stopping triggered at epoch 17/100
Best model saved with validation loss: 1824334.704049
[I 2026-03-19 14:44:51,335] Trial 6 finished with value: 2449641.5834134803 and parameters: {'cnn_depth': 2, 'cnn_channels_0': 250, 'cnn_channels_1': 76, 'kernel_size': 3, 'gru_hidden': 102, 'gru_layers': 2, 'bidirectional': False, 'dropout': 0.10042348199578109, 'pool_size': 7, 'lr': 0.003460627840952393}. Best is trial 3 with value: 1259659.2364267677.
Epoch 1/100, Train Loss: 13852669.055662, Val Loss: 2449641.583413, LR: 0.003461
Epoch 5/100, Train Loss: 1906889.089874, Val Loss: 2622789.457159, LR: 0.003461
Epoch 10/100, Train Loss: 1642843.469018, Val Loss: 5774613.622248, LR: 0.001730
Early stopping triggered at epoch 11/100
Best model saved with validation loss: 2449641.583413
[I 2026-03-19 14:45:32,474] Trial 7 finished with value: 2362557.311022826 and parameters: {'cnn_depth': 4, 'cnn_channels_0': 66, 'cnn_channels_1': 178, 'cnn_channels_2': 186, 'cnn_channels_3': 65, 'kernel_size': 5, 'gru_hidden': 266, 'gru_layers': 2, 'bidirectional': False, 'dropout': 0.30120681174618924, 'pool_size': 3, 'lr': 0.0020106983965474815}. Best is trial 3 with value: 1259659.2364267677.
Epoch 1/100, Train Loss: 6659915.683286, Val Loss: 4761338.203764, LR: 0.002011
Epoch 5/100, Train Loss: 2031662.064468, Val Loss: 8059037.906413, LR: 0.002011
Epoch 10/100, Train Loss: 1762578.852586, Val Loss: 2362557.311023, LR: 0.001005
Epoch 15/100, Train Loss: 1607894.726423, Val Loss: 8279468.370575, LR: 0.001005
Early stopping triggered at epoch 20/100
Best model saved with validation loss: 2362557.311023
[I 2026-03-19 14:46:50,197] Trial 8 finished with value: 1069942.7782882536 and parameters: {'cnn_depth': 4, 'cnn_channels_0': 113, 'cnn_channels_1': 256, 'cnn_channels_2': 171, 'cnn_channels_3': 252, 'kernel_size': 3, 'gru_hidden': 292, 'gru_layers': 3, 'bidirectional': True, 'dropout': 0.34657701761175586, 'pool_size': 4, 'lr': 0.004897092913516434}. Best is trial 8 with value: 1069942.7782882536.
Epoch 1/100, Train Loss: 15819649.576654, Val Loss: 8845135.868687, LR: 0.004897
Epoch 5/100, Train Loss: 15755037.849237, Val Loss: 8863897.313131, LR: 0.004897
Epoch 10/100, Train Loss: 2098758.659192, Val Loss: 1069942.778288, LR: 0.004897
Epoch 15/100, Train Loss: 1941550.020804, Val Loss: 1474955.888859, LR: 0.004897
Early stopping triggered at epoch 20/100
Best model saved with validation loss: 1069942.778288
[I 2026-03-19 14:47:26,848] Trial 9 finished with value: 2009067.6758329219 and parameters: {'cnn_depth': 2, 'cnn_channels_0': 245, 'cnn_channels_1': 70, 'kernel_size': 3, 'gru_hidden': 423, 'gru_layers': 3, 'bidirectional': False, 'dropout': 0.14447811049205145, 'pool_size': 4, 'lr': 0.00025113478219517427}. Best is trial 8 with value: 1069942.7782882536.
Epoch 1/100, Train Loss: 15892300.399253, Val Loss: 5784580.249242, LR: 0.000251
Epoch 5/100, Train Loss: 2063850.806407, Val Loss: 2009067.675833, LR: 0.000251
Epoch 10/100, Train Loss: 1687935.155534, Val Loss: 6105664.354338, LR: 0.000251
Early stopping triggered at epoch 15/100
Best model saved with validation loss: 2009067.675833
[I 2026-03-19 14:47:51,286] Trial 10 finished with value: 1301575.7532015713 and parameters: {'cnn_depth': 3, 'cnn_channels_0': 179, 'cnn_channels_1': 245, 'cnn_channels_2': 108, 'kernel_size': 3, 'gru_hidden': 507, 'gru_layers': 1, 'bidirectional': True, 'dropout': 0.4371012739943937, 'pool_size': 4, 'lr': 0.00714013257100159}. Best is trial 8 with value: 1069942.7782882536.
Epoch 1/100, Train Loss: 2924929.123191, Val Loss: 1301575.753202, LR: 0.007140
Epoch 5/100, Train Loss: 1957686.698284, Val Loss: 3424760.585589, LR: 0.007140
Epoch 10/100, Train Loss: 1697047.894899, Val Loss: 2345108.938339, LR: 0.003570
Early stopping triggered at epoch 11/100
Best model saved with validation loss: 1301575.753202
[I 2026-03-19 14:48:55,703] Trial 11 finished with value: 2484582.528978136 and parameters: {'cnn_depth': 3, 'cnn_channels_0': 176, 'cnn_channels_1': 253, 'cnn_channels_2': 122, 'kernel_size': 3, 'gru_hidden': 360, 'gru_layers': 3, 'bidirectional': True, 'dropout': 0.3975602354181386, 'pool_size': 8, 'lr': 0.000733808671870943}. Best is trial 8 with value: 1069942.7782882536.
Epoch 1/100, Train Loss: 8701676.638160, Val Loss: 2484582.528978, LR: 0.000734
Epoch 5/100, Train Loss: 1877779.761987, Val Loss: 7043534.965780, LR: 0.000734
Epoch 10/100, Train Loss: 1653379.124046, Val Loss: 6001291.498274, LR: 0.000367
Early stopping triggered at epoch 11/100
Best model saved with validation loss: 2484582.528978
[I 2026-03-19 14:50:18,489] Trial 12 finished with value: 1275168.3013854364 and parameters: {'cnn_depth': 3, 'cnn_channels_0': 52, 'cnn_channels_1': 222, 'cnn_channels_2': 240, 'kernel_size': 3, 'gru_hidden': 347, 'gru_layers': 3, 'bidirectional': True, 'dropout': 0.4972158970797801, 'pool_size': 8, 'lr': 0.0024354847649375377}. Best is trial 8 with value: 1069942.7782882536.
Epoch 1/100, Train Loss: 15842515.101463, Val Loss: 9036681.429293, LR: 0.002435
Epoch 5/100, Train Loss: 1942883.543297, Val Loss: 2510884.644998, LR: 0.002435
Epoch 10/100, Train Loss: 1801187.146032, Val Loss: 2815003.610025, LR: 0.002435
Early stopping triggered at epoch 14/100
Best model saved with validation loss: 1275168.301385
[I 2026-03-19 14:51:05,536] Trial 13 finished with value: 1333700.5620009296 and parameters: {'cnn_depth': 2, 'cnn_channels_0': 190, 'cnn_channels_1': 217, 'kernel_size': 3, 'gru_hidden': 359, 'gru_layers': 3, 'bidirectional': True, 'dropout': 0.34658974816110033, 'pool_size': 4, 'lr': 0.001095814913768127}. Best is trial 8 with value: 1069942.7782882536.
Epoch 1/100, Train Loss: 8169109.007594, Val Loss: 1731504.460723, LR: 0.001096
Epoch 5/100, Train Loss: 2059472.960520, Val Loss: 6353813.322773, LR: 0.001096
Epoch 10/100, Train Loss: 1733409.463442, Val Loss: 6408333.278905, LR: 0.000548
Early stopping triggered at epoch 12/100
Best model saved with validation loss: 1333700.562001
[I 2026-03-19 14:51:59,977] Trial 14 finished with value: 2458131.6947718146 and parameters: {'cnn_depth': 3, 'cnn_channels_0': 87, 'cnn_channels_1': 125, 'cnn_channels_2': 191, 'kernel_size': 3, 'gru_hidden': 164, 'gru_layers': 3, 'bidirectional': True, 'dropout': 0.3751541298079993, 'pool_size': 2, 'lr': 0.005347410341553017}. Best is trial 8 with value: 1069942.7782882536.
Epoch 1/100, Train Loss: 15861606.523378, Val Loss: 8919559.871212, LR: 0.005347
Epoch 5/100, Train Loss: 2240188.613609, Val Loss: 4593808.261147, LR: 0.005347
Epoch 10/100, Train Loss: 1966832.021211, Val Loss: 3066832.269579, LR: 0.005347
Epoch 15/100, Train Loss: 1918000.036101, Val Loss: 2521915.556514, LR: 0.005347
Epoch 20/100, Train Loss: 1783602.642792, Val Loss: 4291393.625676, LR: 0.002674
Early stopping triggered at epoch 21/100
Best model saved with validation loss: 2458131.694772
[I 2026-03-19 14:52:29,212] Trial 15 finished with value: 1512951.9990751478 and parameters: {'cnn_depth': 2, 'cnn_channels_0': 142, 'cnn_channels_1': 218, 'kernel_size': 3, 'gru_hidden': 433, 'gru_layers': 1, 'bidirectional': True, 'dropout': 0.25710824728109216, 'pool_size': 5, 'lr': 0.0019947711799736087}. Best is trial 8 with value: 1069942.7782882536.
Epoch 1/100, Train Loss: 4210823.616889, Val Loss: 2031250.684289, LR: 0.001995
Epoch 5/100, Train Loss: 1827680.946354, Val Loss: 1880404.782785, LR: 0.001995
Epoch 10/100, Train Loss: 1624260.214506, Val Loss: 5053227.495245, LR: 0.000997
Early stopping triggered at epoch 13/100
Best model saved with validation loss: 1512951.999075
[I 2026-03-19 14:53:40,125] Trial 16 finished with value: 1355962.133961687 and parameters: {'cnn_depth': 4, 'cnn_channels_0': 206, 'cnn_channels_1': 255, 'cnn_channels_2': 89, 'cnn_channels_3': 237, 'kernel_size': 3, 'gru_hidden': 318, 'gru_layers': 3, 'bidirectional': True, 'dropout': 0.1623886939096394, 'pool_size': 7, 'lr': 0.0005971985292670766}. Best is trial 8 with value: 1069942.7782882536.
Epoch 1/100, Train Loss: 10512228.421994, Val Loss: 2718852.467586, LR: 0.000597
Epoch 5/100, Train Loss: 1795384.089973, Val Loss: 5323106.758149, LR: 0.000597
Epoch 10/100, Train Loss: 1615502.289778, Val Loss: 4420763.412358, LR: 0.000299
Early stopping triggered at epoch 13/100
Best model saved with validation loss: 1355962.133962
[I 2026-03-19 14:54:42,262] Trial 17 finished with value: 1579812.9072295295 and parameters: {'cnn_depth': 3, 'cnn_channels_0': 144, 'cnn_channels_1': 149, 'cnn_channels_2': 152, 'kernel_size': 3, 'gru_hidden': 190, 'gru_layers': 3, 'bidirectional': True, 'dropout': 0.43197306297358584, 'pool_size': 3, 'lr': 0.003062807129594412}. Best is trial 8 with value: 1069942.7782882536.
Epoch 1/100, Train Loss: 14841911.368480, Val Loss: 2532846.405816, LR: 0.003063
Epoch 5/100, Train Loss: 2079907.877415, Val Loss: 2029186.864441, LR: 0.003063
Epoch 10/100, Train Loss: 1827553.441854, Val Loss: 1579812.907230, LR: 0.003063
Epoch 15/100, Train Loss: 1762012.704139, Val Loss: 3963944.770820, LR: 0.003063
Early stopping triggered at epoch 20/100
Best model saved with validation loss: 1579812.907230
[I 2026-03-19 14:55:45,448] Trial 18 finished with value: 1821402.2913041548 and parameters: {'cnn_depth': 2, 'cnn_channels_0': 211, 'cnn_channels_1': 224, 'kernel_size': 5, 'gru_hidden': 430, 'gru_layers': 3, 'bidirectional': True, 'dropout': 0.11358986512043465, 'pool_size': 7, 'lr': 0.001261371327876484}. Best is trial 8 with value: 1069942.7782882536.
Epoch 1/100, Train Loss: 6393293.165792, Val Loss: 1821402.291304, LR: 0.001261
Epoch 5/100, Train Loss: 1912864.274928, Val Loss: 3899307.099446, LR: 0.001261
Epoch 10/100, Train Loss: 1656776.107844, Val Loss: 5728917.731270, LR: 0.000631
Early stopping triggered at epoch 11/100
Best model saved with validation loss: 1821402.291304
[I 2026-03-19 14:56:08,700] Trial 19 finished with value: 1563965.5515038075 and parameters: {'cnn_depth': 4, 'cnn_channels_0': 34, 'cnn_channels_1': 204, 'cnn_channels_2': 214, 'cnn_channels_3': 178, 'kernel_size': 3, 'gru_hidden': 226, 'gru_layers': 1, 'bidirectional': True, 'dropout': 0.33826806182806785, 'pool_size': 3, 'lr': 0.009852936268505154}. Best is trial 8 with value: 1069942.7782882536.
Epoch 1/100, Train Loss: 3113860.921915, Val Loss: 1563965.551504, LR: 0.009853
Epoch 5/100, Train Loss: 1989669.033397, Val Loss: 3029947.288369, LR: 0.009853
Epoch 10/100, Train Loss: 1760459.347885, Val Loss: 6683777.430364, LR: 0.004926
Early stopping triggered at epoch 11/100
Best model saved with validation loss: 1563965.551504
[I 2026-03-19 14:57:50,412] Trial 20 finished with value: 1851147.4877968219 and parameters: {'cnn_depth': 3, 'cnn_channels_0': 108, 'cnn_channels_1': 158, 'cnn_channels_2': 151, 'kernel_size': 3, 'gru_hidden': 283, 'gru_layers': 3, 'bidirectional': True, 'dropout': 0.17710179655404046, 'pool_size': 5, 'lr': 0.0052926611668993005}. Best is trial 8 with value: 1069942.7782882536.
Epoch 1/100, Train Loss: 7165804.276559, Val Loss: 4779855.200245, LR: 0.005293
Epoch 5/100, Train Loss: 1999678.358958, Val Loss: 2807434.462420, LR: 0.005293
Epoch 10/100, Train Loss: 1965678.132574, Val Loss: 2123574.382990, LR: 0.005293
Epoch 15/100, Train Loss: 1812888.294748, Val Loss: 2461950.310469, LR: 0.002646
Epoch 20/100, Train Loss: 1747833.008657, Val Loss: 2267475.414497, LR: 0.002646
Early stopping triggered at epoch 24/100
Best model saved with validation loss: 1851147.487797
[I 2026-03-19 14:58:56,114] Trial 21 finished with value: 1613958.3530248776 and parameters: {'cnn_depth': 3, 'cnn_channels_0': 57, 'cnn_channels_1': 236, 'cnn_channels_2': 253, 'kernel_size': 3, 'gru_hidden': 349, 'gru_layers': 3, 'bidirectional': True, 'dropout': 0.48881765879861894, 'pool_size': 8, 'lr': 0.001994438274295134}. Best is trial 8 with value: 1069942.7782882536.
Epoch 1/100, Train Loss: 7899587.141698, Val Loss: 1613958.353025, LR: 0.001994
Epoch 5/100, Train Loss: 1957349.939269, Val Loss: 2163015.578994, LR: 0.001994
Epoch 10/100, Train Loss: 1689392.449587, Val Loss: 7686025.140026, LR: 0.000997
Early stopping triggered at epoch 11/100
Best model saved with validation loss: 1613958.353025
[I 2026-03-19 14:59:58,656] Trial 22 finished with value: 2447313.6368160825 and parameters: {'cnn_depth': 2, 'cnn_channels_0': 75, 'cnn_channels_1': 231, 'kernel_size': 3, 'gru_hidden': 322, 'gru_layers': 3, 'bidirectional': True, 'dropout': 0.482009688449674, 'pool_size': 8, 'lr': 0.0027361425379598013}. Best is trial 8 with value: 1069942.7782882536.
Epoch 1/100, Train Loss: 5534518.014711, Val Loss: 2447313.636816, LR: 0.002736
Epoch 5/100, Train Loss: 2041377.996919, Val Loss: 5356012.060263, LR: 0.002736
Epoch 10/100, Train Loss: 1734978.429310, Val Loss: 3183871.312363, LR: 0.001368
Early stopping triggered at epoch 11/100
Best model saved with validation loss: 2447313.636816
[I 2026-03-19 15:01:17,323] Trial 23 finished with value: 1069162.256961938 and parameters: {'cnn_depth': 3, 'cnn_channels_0': 33, 'cnn_channels_1': 206, 'cnn_channels_2': 221, 'kernel_size': 3, 'gru_hidden': 392, 'gru_layers': 3, 'bidirectional': True, 'dropout': 0.4351929765534615, 'pool_size': 8, 'lr': 0.0017199885648034366}. Best is trial 23 with value: 1069162.256961938.
Epoch 1/100, Train Loss: 8769152.574427, Val Loss: 1520559.554009, LR: 0.001720
Epoch 5/100, Train Loss: 1962760.626014, Val Loss: 1916859.573480, LR: 0.001720
Epoch 10/100, Train Loss: 1690040.338721, Val Loss: 14763202.253044, LR: 0.000860
Early stopping triggered at epoch 13/100
Best model saved with validation loss: 1069162.256962
[I 2026-03-19 15:02:48,296] Trial 24 finished with value: 1547437.4583576857 and parameters: {'cnn_depth': 4, 'cnn_channels_0': 37, 'cnn_channels_1': 211, 'cnn_channels_2': 215, 'cnn_channels_3': 175, 'kernel_size': 3, 'gru_hidden': 479, 'gru_layers': 3, 'bidirectional': True, 'dropout': 0.410292454459752, 'pool_size': 7, 'lr': 0.0015296569789237128}. Best is trial 23 with value: 1069162.256961938.
Epoch 1/100, Train Loss: 6141699.390705, Val Loss: 2648845.540667, LR: 0.001530
Epoch 5/100, Train Loss: 2037037.023259, Val Loss: 2977246.178322, LR: 0.001530
Epoch 10/100, Train Loss: 1820454.525763, Val Loss: 3343638.978139, LR: 0.001530
Early stopping triggered at epoch 14/100
Best model saved with validation loss: 1547437.458358
