[I 2026-03-19 13:20:35,013] Trial 23 finished with value: 3151408163.876 and parameters: {'cnn_depth': 3, 'cnn_channels_0': 35, 'cnn_channels_1': 202, 'cnn_channels_2': 208, 'kernel_size': 3, 'gru_hidden': 331, 'gru_layers': 1, 'bidirectional': False, 'dropout': 0.38925205950903796, 'pool_size': 7, 'lr': 0.00024404989647975806}. Best is trial 2 with value: 3056843718.168.
Epoch 1/100, Train Loss: 13453957302.089911, Val Loss: 7493351016.704000, LR: 0.000244
Epoch 5/100, Train Loss: 8944276603.908092, Val Loss: 5243033655.637000, LR: 0.000244
Epoch 10/100, Train Loss: 3753476720.559441, Val Loss: 3482315101.252000, LR: 0.000244
Epoch 15/100, Train Loss: 1557005913.286713, Val Loss: 3979357477.648000, LR: 0.000244
Epoch 20/100, Train Loss: 1016578060.835165, Val Loss: 4936141801.040000, LR: 0.000122
Early stopping triggered at epoch 21/100
Best model saved with validation loss: 3151408163.876000
[I 2026-03-19 13:21:46,202] Trial 24 finished with value: 3667128190.696 and parameters: {'cnn_depth': 3, 'cnn_channels_0': 110, 'cnn_channels_1': 191, 'cnn_channels_2': 215, 'kernel_size': 3, 'gru_hidden': 217, 'gru_layers': 1, 'bidirectional': False, 'dropout': 0.3983336174319112, 'pool_size': 7, 'lr': 0.00017677894599435324}. Best is trial 2 with value: 3056843718.168.
Epoch 1/100, Train Loss: 13523640510.017982, Val Loss: 7581455598.508000, LR: 0.000177
Epoch 5/100, Train Loss: 12034505698.077923, Val Loss: 7130980984.068000, LR: 0.000177
Epoch 10/100, Train Loss: 8193953731.260739, Val Loss: 6670046149.648000, LR: 0.000177
Epoch 15/100, Train Loss: 4973661136.751248, Val Loss: 4568483361.369000, LR: 0.000177
Epoch 20/100, Train Loss: 2826175460.987013, Val Loss: 3845850064.600000, LR: 0.000177
Epoch 25/100, Train Loss: 1609330587.812188, Val Loss: 4128200284.784000, LR: 0.000177
Early stopping triggered at epoch 29/100
Best model saved with validation loss: 3667128190.696000
[I 2026-03-19 13:22:23,167] Trial 25 finished with value: 3599403797.348 and parameters: {'cnn_depth': 3, 'cnn_channels_0': 59, 'cnn_channels_1': 167, 'cnn_channels_2': 122, 'kernel_size': 3, 'gru_hidden': 300, 'gru_layers': 1, 'bidirectional': False, 'dropout': 0.32546541981496524, 'pool_size': 7, 'lr': 0.0007243273750196138}. Best is trial 2 with value: 3056843718.168.
Epoch 1/100, Train Loss: 12884124715.476524, Val Loss: 6785145716.928000, LR: 0.000724
Epoch 5/100, Train Loss: 2521893190.329670, Val Loss: 3599403797.348000, LR: 0.000724
Epoch 10/100, Train Loss: 987619196.075924, Val Loss: 7767246252.096000, LR: 0.000724
Early stopping triggered at epoch 15/100
Best model saved with validation loss: 3599403797.348000
[I 2026-03-19 13:23:07,204] Trial 26 finished with value: 6766953754.562 and parameters: {'cnn_depth': 2, 'cnn_channels_0': 88, 'cnn_channels_1': 140, 'kernel_size': 5, 'gru_hidden': 371, 'gru_layers': 1, 'bidirectional': True, 'dropout': 0.39393166175042554, 'pool_size': 5, 'lr': 0.00020871191563345687}. Best is trial 2 with value: 3056843718.168.
Epoch 1/100, Train Loss: 13375446803.436563, Val Loss: 7424000122.960000, LR: 0.000209
Epoch 5/100, Train Loss: 6622607385.318682, Val Loss: 6898293530.160000, LR: 0.000209
Epoch 10/100, Train Loss: 2020500356.107892, Val Loss: 7618341861.542000, LR: 0.000209
Epoch 15/100, Train Loss: 1097230703.624376, Val Loss: 7632855594.544000, LR: 0.000104
Early stopping triggered at epoch 16/100
Best model saved with validation loss: 6766953754.562000
[I 2026-03-19 13:23:41,873] Trial 27 finished with value: 3486438414.624 and parameters: {'cnn_depth': 4, 'cnn_channels_0': 162, 'cnn_channels_1': 203, 'cnn_channels_2': 227, 'cnn_channels_3': 32, 'kernel_size': 3, 'gru_hidden': 270, 'gru_layers': 1, 'bidirectional': False, 'dropout': 0.3147967256407565, 'pool_size': 4, 'lr': 0.000562010602607848}. Best is trial 2 with value: 3056843718.168.
Epoch 1/100, Train Loss: 13225006695.192806, Val Loss: 7334552423.480000, LR: 0.000562
Epoch 5/100, Train Loss: 3982293253.370629, Val Loss: 3486438414.624000, LR: 0.000562
Epoch 10/100, Train Loss: 1207767888.351648, Val Loss: 13210283566.184000, LR: 0.000562
Early stopping triggered at epoch 15/100
Best model saved with validation loss: 3486438414.624000
[I 2026-03-19 13:24:16,301] Trial 28 finished with value: 3669217777.568 and parameters: {'cnn_depth': 3, 'cnn_channels_0': 217, 'cnn_channels_1': 175, 'cnn_channels_2': 165, 'kernel_size': 3, 'gru_hidden': 197, 'gru_layers': 1, 'bidirectional': False, 'dropout': 0.37732907300819873, 'pool_size': 7, 'lr': 0.0012662100409875268}. Best is trial 2 with value: 3056843718.168.
Epoch 1/100, Train Loss: 12768053035.220779, Val Loss: 6866663727.732000, LR: 0.001266
Epoch 5/100, Train Loss: 1723624014.081918, Val Loss: 5836973745.664000, LR: 0.001266
Epoch 10/100, Train Loss: 987809013.210789, Val Loss: 4967693913.168000, LR: 0.001266
Early stopping triggered at epoch 14/100
Best model saved with validation loss: 3669217777.568000
[I 2026-03-19 13:25:37,528] Trial 29 finished with value: 4225187433.728 and parameters: {'cnn_depth': 3, 'cnn_channels_0': 76, 'cnn_channels_1': 209, 'cnn_channels_2': 202, 'kernel_size': 5, 'gru_hidden': 320, 'gru_layers': 1, 'bidirectional': True, 'dropout': 0.4315515890359359, 'pool_size': 8, 'lr': 0.0010998504836989618}. Best is trial 2 with value: 3056843718.168.
Epoch 1/100, Train Loss: 10735728112.975025, Val Loss: 7616726331.504000, LR: 0.001100
Epoch 5/100, Train Loss: 1064429821.202797, Val Loss: 7145179093.337000, LR: 0.001100
Epoch 10/100, Train Loss: 950568391.288711, Val Loss: 4448397027.248000, LR: 0.001100
Epoch 15/100, Train Loss: 924052246.857143, Val Loss: 4777096838.936000, LR: 0.001100
Epoch 20/100, Train Loss: 872668870.185814, Val Loss: 6636112118.816000, LR: 0.000550
Early stopping triggered at epoch 23/100
Best model saved with validation loss: 4225187433.728000
Epoch 1/100, Train Loss: 9063353073.102898, Val Loss: 6629866949.028000, LR: 0.003417
Epoch 5/100, Train Loss: 1039722248.911089, Val Loss: 7308776483.480000, LR: 0.003417
Epoch 10/100, Train Loss: 979946110.753247, Val Loss: 4198340912.180000, LR: 0.003417
Epoch 15/100, Train Loss: 957209456.863137, Val Loss: 3873671383.864000, LR: 0.003417
Epoch 20/100, Train Loss: 952734154.277722, Val Loss: 6267505443.576000, LR: 0.003417
Early stopping triggered at epoch 24/100
Best model saved with validation loss: 3403452331.632000

--- Metrics for all houses ---

Metrics:
MAE sklearn (lower is better):  28147.97265625
Normalized MAE (lower is better):  0.22316578
MAPE sklearn (lower is better):  1.989639090156339e+16 %
MSE (lower is better):  2624882688.0
RMSE (lower is better):  51233.60896911324
NRMSE (lower is better):  0.4061958
R2 (higher is better):  0.9017975330352783


--- Metrics for house id 1 ---

Metrics:
MAE sklearn (lower is better):  28147.97265625
Normalized MAE (lower is better):  0.22316578
MAPE sklearn (lower is better):  1.989639090156339e+16 %
MSE (lower is better):  2624882688.0
RMSE (lower is better):  51233.60896911324
NRMSE (lower is better):  0.4061958
R2 (higher is better):  0.9017975330352783

--------------------  Sites for site_id 2: ['aieg_CHAAIEG2_250692408/consumption']  --------------------
Creating temporal split:   0%|          | 0/1 [00:00<?, ?it/s]Creating temporal split: 100%|██████████| 1/1 [00:00<00:00,  1.14it/s]Creating temporal split: 100%|██████████| 1/1 [00:00<00:00,  1.14it/s]
Initialization of the data and indices:   0%|          | 0/1 [00:00<?, ?it/s]Initialization of the data and indices: 100%|██████████| 1/1 [00:00<00:00,  1.12it/s]Initialization of the data and indices: 100%|██████████| 1/1 [00:00<00:00,  1.12it/s]
Initialization of the data and indices:   0%|          | 0/1 [00:00<?, ?it/s]Initialization of the data and indices: 100%|██████████| 1/1 [00:00<00:00,  1.03it/s]Initialization of the data and indices: 100%|██████████| 1/1 [00:00<00:00,  1.03it/s]
Initialization of the data and indices:   0%|          | 0/1 [00:00<?, ?it/s]Initialization of the data and indices: 100%|██████████| 1/1 [00:00<00:00,  1.12it/s]Initialization of the data and indices: 100%|██████████| 1/1 [00:00<00:00,  1.12it/s]
[I 2026-03-19 13:27:03,239] A new study created in memory with name: no-name-d1cf2ed5-45a1-42d9-a9fa-4324b800505b
[I 2026-03-19 13:28:17,216] Trial 0 finished with value: 28853781.060927972 and parameters: {'cnn_depth': 4, 'cnn_channels_0': 81, 'cnn_channels_1': 132, 'cnn_channels_2': 226, 'cnn_channels_3': 167, 'kernel_size': 3, 'gru_hidden': 332, 'gru_layers': 3, 'bidirectional': True, 'dropout': 0.4573969978014114, 'pool_size': 6, 'lr': 0.0014253511212705028}. Best is trial 0 with value: 28853781.060927972.
Epoch 1/100, Train Loss: 444534369.923664, Val Loss: 204435713.634146, LR: 0.001425
Epoch 5/100, Train Loss: 48319930.998473, Val Loss: 31842299.286871, LR: 0.001425
Epoch 10/100, Train Loss: 45221740.819847, Val Loss: 38262117.285061, LR: 0.001425
Epoch 15/100, Train Loss: 42521264.818321, Val Loss: 55979632.345751, LR: 0.000713
Early stopping triggered at epoch 18/100
Best model saved with validation loss: 28853781.060928
[I 2026-03-19 13:29:15,675] Trial 1 finished with value: 35512512.955125764 and parameters: {'cnn_depth': 2, 'cnn_channels_0': 80, 'cnn_channels_1': 203, 'kernel_size': 3, 'gru_hidden': 115, 'gru_layers': 3, 'bidirectional': True, 'dropout': 0.33348265579368236, 'pool_size': 6, 'lr': 0.0011998562120413398}. Best is trial 0 with value: 28853781.060927972.
Epoch 1/100, Train Loss: 595722627.029008, Val Loss: 511173184.469131, LR: 0.001200
Epoch 5/100, Train Loss: 60484843.363359, Val Loss: 48886722.583651, LR: 0.001200
Epoch 10/100, Train Loss: 45705620.132824, Val Loss: 46535891.473514, LR: 0.001200
Epoch 15/100, Train Loss: 41365967.951145, Val Loss: 66859729.228944, LR: 0.000600
Early stopping triggered at epoch 16/100
Best model saved with validation loss: 35512512.955126
[I 2026-03-19 13:31:20,365] Trial 2 finished with value: 44842116.995331556 and parameters: {'cnn_depth': 3, 'cnn_channels_0': 111, 'cnn_channels_1': 212, 'cnn_channels_2': 102, 'kernel_size': 3, 'gru_hidden': 179, 'gru_layers': 3, 'bidirectional': True, 'dropout': 0.2810416811630504, 'pool_size': 5, 'lr': 0.00020478626134675274}. Best is trial 0 with value: 28853781.060927972.
Epoch 1/100, Train Loss: 637883927.401527, Val Loss: 619902461.422971, LR: 0.000205
Epoch 5/100, Train Loss: 438130957.349618, Val Loss: 420435732.757717, LR: 0.000205
Epoch 10/100, Train Loss: 154985268.302290, Val Loss: 169088628.341511, LR: 0.000205
Epoch 15/100, Train Loss: 64117756.053435, Val Loss: 72610085.338129, LR: 0.000205
Epoch 20/100, Train Loss: 43464436.092366, Val Loss: 50841431.841749, LR: 0.000205
Epoch 25/100, Train Loss: 39007232.094656, Val Loss: 48819511.534394, LR: 0.000205
Epoch 30/100, Train Loss: 38507692.117557, Val Loss: 66254429.024486, LR: 0.000205
Epoch 35/100, Train Loss: 36692846.628817, Val Loss: 62199308.578220, LR: 0.000102
Early stopping triggered at epoch 37/100
Best model saved with validation loss: 44842116.995332
[I 2026-03-19 13:32:10,635] Trial 3 finished with value: 63185368.99966654 and parameters: {'cnn_depth': 2, 'cnn_channels_0': 105, 'cnn_channels_1': 142, 'kernel_size': 5, 'gru_hidden': 302, 'gru_layers': 1, 'bidirectional': False, 'dropout': 0.3645171619811789, 'pool_size': 5, 'lr': 0.00011653518269576327}. Best is trial 0 with value: 28853781.060927972.
Epoch 1/100, Train Loss: 640002931.200000, Val Loss: 625454380.655488, LR: 0.000117
Epoch 5/100, Train Loss: 538367711.169466, Val Loss: 522271791.761338, LR: 0.000117
Epoch 10/100, Train Loss: 297297350.027481, Val Loss: 308161411.513672, LR: 0.000117
Epoch 15/100, Train Loss: 143811595.019847, Val Loss: 168368867.186738, LR: 0.000117
Epoch 20/100, Train Loss: 72448888.045802, Val Loss: 93490194.306593, LR: 0.000117
Epoch 25/100, Train Loss: 46031383.415267, Val Loss: 80401403.486280, LR: 0.000117
Epoch 30/100, Train Loss: 40094290.169466, Val Loss: 94937195.716606, LR: 0.000117
Epoch 35/100, Train Loss: 38180132.163359, Val Loss: 79507835.494712, LR: 0.000058
Early stopping triggered at epoch 37/100
Best model saved with validation loss: 63185368.999667
[I 2026-03-19 13:33:22,686] Trial 4 finished with value: 26991824.801067073 and parameters: {'cnn_depth': 2, 'cnn_channels_0': 138, 'cnn_channels_1': 200, 'kernel_size': 3, 'gru_hidden': 442, 'gru_layers': 3, 'bidirectional': True, 'dropout': 0.3997745948019754, 'pool_size': 7, 'lr': 0.002270432616688779}. Best is trial 4 with value: 26991824.801067073.
Epoch 1/100, Train Loss: 482851062.277863, Val Loss: 501431988.292683, LR: 0.002270
Epoch 5/100, Train Loss: 46945930.433588, Val Loss: 26991824.801067, LR: 0.002270
Epoch 10/100, Train Loss: 41620433.775573, Val Loss: 35705855.011433, LR: 0.002270
Early stopping triggered at epoch 15/100
Best model saved with validation loss: 26991824.801067
[I 2026-03-19 13:33:43,768] Trial 5 finished with value: 33724474.754573174 and parameters: {'cnn_depth': 3, 'cnn_channels_0': 156, 'cnn_channels_1': 129, 'cnn_channels_2': 179, 'kernel_size': 5, 'gru_hidden': 375, 'gru_layers': 1, 'bidirectional': False, 'dropout': 0.23159127056469592, 'pool_size': 5, 'lr': 0.0037738736641332806}. Best is trial 4 with value: 26991824.801067073.
Epoch 1/100, Train Loss: 210877476.699237, Val Loss: 38628749.824314, LR: 0.003774
Epoch 5/100, Train Loss: 40866017.386260, Val Loss: 52001058.219512, LR: 0.003774
Epoch 10/100, Train Loss: 39397631.135115, Val Loss: 54583651.549543, LR: 0.003774
Early stopping triggered at epoch 14/100
Best model saved with validation loss: 33724474.754573
[I 2026-03-19 13:34:08,483] Trial 6 finished with value: 40436010.17463796 and parameters: {'cnn_depth': 2, 'cnn_channels_0': 244, 'cnn_channels_1': 252, 'kernel_size': 3, 'gru_hidden': 398, 'gru_layers': 1, 'bidirectional': False, 'dropout': 0.14942477169359433, 'pool_size': 3, 'lr': 0.0007586345731004485}. Best is trial 4 with value: 26991824.801067073.
Epoch 1/100, Train Loss: 525988083.688550, Val Loss: 360248493.795255, LR: 0.000759
Epoch 5/100, Train Loss: 43177064.833588, Val Loss: 49910431.047161, LR: 0.000759
Epoch 10/100, Train Loss: 38765242.361832, Val Loss: 40436010.174638, LR: 0.000759
Epoch 15/100, Train Loss: 37543702.143511, Val Loss: 55761955.973561, LR: 0.000759
Early stopping triggered at epoch 20/100
Best model saved with validation loss: 40436010.174638
[I 2026-03-19 13:34:37,021] Trial 7 finished with value: 24536111.713224087 and parameters: {'cnn_depth': 3, 'cnn_channels_0': 78, 'cnn_channels_1': 79, 'cnn_channels_2': 157, 'kernel_size': 3, 'gru_hidden': 245, 'gru_layers': 1, 'bidirectional': True, 'dropout': 0.15853206927302313, 'pool_size': 7, 'lr': 0.008310149509411748}. Best is trial 7 with value: 24536111.713224087.
Epoch 1/100, Train Loss: 125630498.593893, Val Loss: 28594637.778868, LR: 0.008310
Epoch 5/100, Train Loss: 41585938.225954, Val Loss: 31933942.278773, LR: 0.008310
Epoch 10/100, Train Loss: 38298014.186260, Val Loss: 26144595.990758, LR: 0.004155
Early stopping triggered at epoch 13/100
Best model saved with validation loss: 24536111.713224
[I 2026-03-19 13:35:04,545] Trial 8 finished with value: 39490012.20083842 and parameters: {'cnn_depth': 4, 'cnn_channels_0': 206, 'cnn_channels_1': 78, 'cnn_channels_2': 89, 'cnn_channels_3': 46, 'kernel_size': 3, 'gru_hidden': 92, 'gru_layers': 1, 'bidirectional': False, 'dropout': 0.19890231300772676, 'pool_size': 3, 'lr': 0.001268982120303045}. Best is trial 7 with value: 24536111.713224087.
Epoch 1/100, Train Loss: 619921781.618321, Val Loss: 574765580.413396, LR: 0.001269
Epoch 5/100, Train Loss: 103881385.838168, Val Loss: 101423708.785918, LR: 0.001269
Epoch 10/100, Train Loss: 42612855.395420, Val Loss: 52288774.969893, LR: 0.001269
Epoch 15/100, Train Loss: 40478019.060305, Val Loss: 45214498.366997, LR: 0.001269
Early stopping triggered at epoch 19/100
Best model saved with validation loss: 39490012.200838
[I 2026-03-19 13:37:09,514] Trial 9 finished with value: 60724771.73461319 and parameters: {'cnn_depth': 4, 'cnn_channels_0': 217, 'cnn_channels_1': 141, 'cnn_channels_2': 220, 'cnn_channels_3': 124, 'kernel_size': 3, 'gru_hidden': 142, 'gru_layers': 2, 'bidirectional': True, 'dropout': 0.3284436307691945, 'pool_size': 6, 'lr': 0.0001163456351691661}. Best is trial 7 with value: 24536111.713224087.
Epoch 1/100, Train Loss: 641077131.505344, Val Loss: 628170920.603277, LR: 0.000116
Epoch 5/100, Train Loss: 589503874.222901, Val Loss: 575360638.706912, LR: 0.000116
Epoch 10/100, Train Loss: 433488837.154198, Val Loss: 432701798.460366, LR: 0.000116
Epoch 15/100, Train Loss: 261633874.961832, Val Loss: 279483409.495332, LR: 0.000116
Epoch 20/100, Train Loss: 147143668.238168, Val Loss: 169879860.465511, LR: 0.000116
Epoch 25/100, Train Loss: 84375480.261069, Val Loss: 102562659.952268, LR: 0.000116
Epoch 30/100, Train Loss: 53966015.610687, Val Loss: 76048895.310785, LR: 0.000116
Epoch 35/100, Train Loss: 42696540.206107, Val Loss: 71674636.269722, LR: 0.000116
Epoch 40/100, Train Loss: 39138048.972519, Val Loss: 82405570.886195, LR: 0.000058
Early stopping triggered at epoch 42/100
Best model saved with validation loss: 60724771.734613
[I 2026-03-19 13:37:58,467] Trial 10 finished with value: 30479352.57993521 and parameters: {'cnn_depth': 3, 'cnn_channels_0': 35, 'cnn_channels_1': 38, 'cnn_channels_2': 147, 'kernel_size': 5, 'gru_hidden': 231, 'gru_layers': 2, 'bidirectional': True, 'dropout': 0.15252975784132952, 'pool_size': 8, 'lr': 0.008822988242858806}. Best is trial 7 with value: 24536111.713224087.
Epoch 1/100, Train Loss: 136957535.899237, Val Loss: 46591951.714177, LR: 0.008823
Epoch 5/100, Train Loss: 43993618.829008, Val Loss: 38154297.893388, LR: 0.008823
Epoch 10/100, Train Loss: 42107999.003053, Val Loss: 43071388.868236, LR: 0.008823
Early stopping triggered at epoch 14/100
Best model saved with validation loss: 30479352.579935
[I 2026-03-19 13:38:39,862] Trial 11 finished with value: 27111843.81821646 and parameters: {'cnn_depth': 2, 'cnn_channels_0': 159, 'cnn_channels_1': 76, 'kernel_size': 3, 'gru_hidden': 508, 'gru_layers': 2, 'bidirectional': True, 'dropout': 0.4353777427111002, 'pool_size': 8, 'lr': 0.008989401776982809}. Best is trial 7 with value: 24536111.713224087.
Epoch 1/100, Train Loss: 94574064.509924, Val Loss: 27111843.818216, LR: 0.008989
Epoch 5/100, Train Loss: 46623248.302290, Val Loss: 29243806.309070, LR: 0.008989
Epoch 10/100, Train Loss: 41763636.364885, Val Loss: 36544393.570312, LR: 0.004495
Early stopping triggered at epoch 11/100
Best model saved with validation loss: 27111843.818216
[I 2026-03-19 13:40:43,121] Trial 12 finished with value: 20002481.051733993 and parameters: {'cnn_depth': 3, 'cnn_channels_0': 34, 'cnn_channels_1': 196, 'cnn_channels_2': 33, 'kernel_size': 3, 'gru_hidden': 489, 'gru_layers': 2, 'bidirectional': True, 'dropout': 0.1051560287046664, 'pool_size': 7, 'lr': 0.003668228883789485}. Best is trial 12 with value: 20002481.051733993.
Epoch 1/100, Train Loss: 144545428.131298, Val Loss: 48458677.294207, LR: 0.003668
Epoch 5/100, Train Loss: 41413312.734351, Val Loss: 32266017.503430, LR: 0.003668
Epoch 10/100, Train Loss: 40625081.820611, Val Loss: 28286511.145579, LR: 0.003668
Epoch 15/100, Train Loss: 39746202.044275, Val Loss: 46356623.287538, LR: 0.003668
Epoch 20/100, Train Loss: 39591325.000763, Val Loss: 36332308.212795, LR: 0.003668
Epoch 25/100, Train Loss: 39109388.699237, Val Loss: 20002481.051734, LR: 0.003668
Epoch 30/100, Train Loss: 38799669.845802, Val Loss: 28043875.737948, LR: 0.003668
Early stopping triggered at epoch 35/100
Best model saved with validation loss: 20002481.051734
[I 2026-03-19 13:41:27,997] Trial 13 finished with value: 27195898.66711128 and parameters: {'cnn_depth': 3, 'cnn_channels_0': 36, 'cnn_channels_1': 176, 'cnn_channels_2': 42, 'kernel_size': 3, 'gru_hidden': 243, 'gru_layers': 2, 'bidirectional': True, 'dropout': 0.10042384895832389, 'pool_size': 7, 'lr': 0.003933298376713962}. Best is trial 12 with value: 20002481.051733993.
Epoch 1/100, Train Loss: 208515853.551145, Val Loss: 33425826.686166, LR: 0.003933
Epoch 5/100, Train Loss: 41444897.690076, Val Loss: 40929776.299352, LR: 0.003933
Epoch 10/100, Train Loss: 40176376.505344, Val Loss: 41722183.567407, LR: 0.003933
Early stopping triggered at epoch 14/100
Best model saved with validation loss: 27195898.667111
[I 2026-03-19 13:41:54,428] Trial 14 finished with value: 22924647.8828125 and parameters: {'cnn_depth': 3, 'cnn_channels_0': 63, 'cnn_channels_1': 97, 'cnn_channels_2': 44, 'kernel_size': 5, 'gru_hidden': 240, 'gru_layers': 1, 'bidirectional': True, 'dropout': 0.11994316460566451, 'pool_size': 7, 'lr': 0.00475428577672139}. Best is trial 12 with value: 20002481.051733993.
Epoch 1/100, Train Loss: 174345035.056489, Val Loss: 33874496.858994, LR: 0.004754
Epoch 5/100, Train Loss: 40495329.693893, Val Loss: 50960877.004287, LR: 0.004754
Epoch 10/100, Train Loss: 37178260.390840, Val Loss: 39495490.255669, LR: 0.002377
Early stopping triggered at epoch 12/100
Best model saved with validation loss: 22924647.882812
[I 2026-03-19 13:42:49,963] Trial 15 finished with value: 33039069.67397104 and parameters: {'cnn_depth': 3, 'cnn_channels_0': 56, 'cnn_channels_1': 103, 'cnn_channels_2': 38, 'kernel_size': 5, 'gru_hidden': 452, 'gru_layers': 2, 'bidirectional': True, 'dropout': 0.10081877945031308, 'pool_size': 8, 'lr': 0.0005012281021733973}. Best is trial 12 with value: 20002481.051733993.
Epoch 1/100, Train Loss: 530004885.325191, Val Loss: 372070073.371618, LR: 0.000501
Epoch 5/100, Train Loss: 44226468.960305, Val Loss: 33039069.673971, LR: 0.000501
Epoch 10/100, Train Loss: 38433406.684733, Val Loss: 53085159.691549, LR: 0.000501
Early stopping triggered at epoch 15/100
Best model saved with validation loss: 33039069.673971
