[I 2026-03-19 13:43:18,636] Trial 16 finished with value: 36633804.34036776 and parameters: {'cnn_depth': 3, 'cnn_channels_0': 53, 'cnn_channels_1': 168, 'cnn_channels_2': 81, 'kernel_size': 5, 'gru_hidden': 511, 'gru_layers': 1, 'bidirectional': True, 'dropout': 0.25581539211776383, 'pool_size': 2, 'lr': 0.004062333573724854}. Best is trial 12 with value: 20002481.051733993.
Epoch 1/100, Train Loss: 117968183.218321, Val Loss: 40584088.203506, LR: 0.004062
Epoch 5/100, Train Loss: 41295851.125191, Val Loss: 51451692.230135, LR: 0.004062
Epoch 10/100, Train Loss: 37628767.091603, Val Loss: 48343173.719131, LR: 0.002031
Epoch 15/100, Train Loss: 36774837.042748, Val Loss: 68211849.658537, LR: 0.002031
Early stopping triggered at epoch 19/100
Best model saved with validation loss: 36633804.340368
[I 2026-03-19 13:44:05,093] Trial 17 finished with value: 26847759.73385099 and parameters: {'cnn_depth': 4, 'cnn_channels_0': 117, 'cnn_channels_1': 254, 'cnn_channels_2': 54, 'cnn_channels_3': 250, 'kernel_size': 5, 'gru_hidden': 195, 'gru_layers': 2, 'bidirectional': True, 'dropout': 0.18681093416441708, 'pool_size': 7, 'lr': 0.002713464582034663}. Best is trial 12 with value: 20002481.051733993.
Epoch 1/100, Train Loss: 314340762.027481, Val Loss: 79813275.322885, LR: 0.002713
Epoch 5/100, Train Loss: 42093301.353435, Val Loss: 30796365.897008, LR: 0.002713
Epoch 10/100, Train Loss: 40498204.954198, Val Loss: 42389546.204078, LR: 0.002713
Early stopping triggered at epoch 14/100
Best model saved with validation loss: 26847759.733851
[I 2026-03-19 13:44:32,625] Trial 18 finished with value: 43543986.75023819 and parameters: {'cnn_depth': 4, 'cnn_channels_0': 61, 'cnn_channels_1': 40, 'cnn_channels_2': 116, 'cnn_channels_3': 33, 'kernel_size': 5, 'gru_hidden': 338, 'gru_layers': 1, 'bidirectional': False, 'dropout': 0.22000379157257435, 'pool_size': 4, 'lr': 0.0005093712860672712}. Best is trial 12 with value: 20002481.051733993.
Epoch 1/100, Train Loss: 598172509.899237, Val Loss: 524796064.948123, LR: 0.000509
Epoch 5/100, Train Loss: 70920704.003053, Val Loss: 65271195.626524, LR: 0.000509
Epoch 10/100, Train Loss: 40539789.623664, Val Loss: 46551036.825553, LR: 0.000509
Epoch 15/100, Train Loss: 37578095.851908, Val Loss: 63023788.201982, LR: 0.000255
Early stopping triggered at epoch 18/100
Best model saved with validation loss: 43543986.750238
[I 2026-03-19 13:45:17,032] Trial 19 finished with value: 27593047.110137194 and parameters: {'cnn_depth': 3, 'cnn_channels_0': 183, 'cnn_channels_1': 109, 'cnn_channels_2': 68, 'kernel_size': 5, 'gru_hidden': 296, 'gru_layers': 2, 'bidirectional': True, 'dropout': 0.13347955045339074, 'pool_size': 6, 'lr': 0.00581891444385637}. Best is trial 12 with value: 20002481.051733993.
Epoch 1/100, Train Loss: 141993328.290076, Val Loss: 32049099.698742, LR: 0.005819
Epoch 5/100, Train Loss: 42680135.653435, Val Loss: 27593047.110137, LR: 0.005819
Epoch 10/100, Train Loss: 41595831.419847, Val Loss: 33601365.824457, LR: 0.005819
Early stopping triggered at epoch 15/100
Best model saved with validation loss: 27593047.110137
[I 2026-03-19 13:46:05,641] Trial 20 finished with value: 31028015.418349847 and parameters: {'cnn_depth': 3, 'cnn_channels_0': 93, 'cnn_channels_1': 177, 'cnn_channels_2': 32, 'kernel_size': 5, 'gru_hidden': 439, 'gru_layers': 2, 'bidirectional': True, 'dropout': 0.494758735631501, 'pool_size': 8, 'lr': 0.002142115643939852}. Best is trial 12 with value: 20002481.051733993.
Epoch 1/100, Train Loss: 222233882.303817, Val Loss: 34191921.458270, LR: 0.002142
Epoch 5/100, Train Loss: 45235939.496183, Val Loss: 39646800.413872, LR: 0.002142
Epoch 10/100, Train Loss: 40523799.740458, Val Loss: 57476397.561261, LR: 0.001071
Early stopping triggered at epoch 13/100
Best model saved with validation loss: 31028015.418350
[I 2026-03-19 13:46:45,153] Trial 21 finished with value: 22739962.65558308 and parameters: {'cnn_depth': 3, 'cnn_channels_0': 72, 'cnn_channels_1': 78, 'cnn_channels_2': 155, 'kernel_size': 3, 'gru_hidden': 260, 'gru_layers': 1, 'bidirectional': True, 'dropout': 0.17073231399197136, 'pool_size': 7, 'lr': 0.005072394568904725}. Best is trial 12 with value: 20002481.051733993.
Epoch 1/100, Train Loss: 163635301.633588, Val Loss: 29408297.817168, LR: 0.005072
Epoch 5/100, Train Loss: 40782784.499237, Val Loss: 29234582.197170, LR: 0.005072
Epoch 10/100, Train Loss: 38963435.630534, Val Loss: 25884354.505764, LR: 0.005072
Epoch 15/100, Train Loss: 36873728.733206, Val Loss: 27970348.235328, LR: 0.002536
Early stopping triggered at epoch 18/100
Best model saved with validation loss: 22739962.655583
[I 2026-03-19 13:47:11,355] Trial 22 finished with value: 26420308.488614712 and parameters: {'cnn_depth': 3, 'cnn_channels_0': 34, 'cnn_channels_1': 61, 'cnn_channels_2': 189, 'kernel_size': 3, 'gru_hidden': 263, 'gru_layers': 1, 'bidirectional': True, 'dropout': 0.1212455161021407, 'pool_size': 7, 'lr': 0.005424955339341539}. Best is trial 12 with value: 20002481.051733993.
Epoch 1/100, Train Loss: 166207206.961832, Val Loss: 28364079.960223, LR: 0.005425
Epoch 5/100, Train Loss: 41172619.070992, Val Loss: 27574550.967130, LR: 0.005425
Epoch 10/100, Train Loss: 37348484.058015, Val Loss: 40352378.306974, LR: 0.002712
Early stopping triggered at epoch 12/100
Best model saved with validation loss: 26420308.488615
[I 2026-03-19 13:47:35,920] Trial 23 finished with value: 24174881.88043064 and parameters: {'cnn_depth': 3, 'cnn_channels_0': 63, 'cnn_channels_1': 100, 'cnn_channels_2': 123, 'kernel_size': 3, 'gru_hidden': 199, 'gru_layers': 1, 'bidirectional': True, 'dropout': 0.18825804535277624, 'pool_size': 6, 'lr': 0.005637032166772824}. Best is trial 12 with value: 20002481.051733993.
Epoch 1/100, Train Loss: 182199305.338931, Val Loss: 44790264.119760, LR: 0.005637
Epoch 5/100, Train Loss: 42080836.926718, Val Loss: 27260543.400486, LR: 0.005637
Epoch 10/100, Train Loss: 38331769.971756, Val Loss: 47788342.114329, LR: 0.002819
Early stopping triggered at epoch 12/100
Best model saved with validation loss: 24174881.880431
[I 2026-03-19 13:48:15,193] Trial 24 finished with value: 24634345.822980184 and parameters: {'cnn_depth': 3, 'cnn_channels_0': 130, 'cnn_channels_1': 116, 'cnn_channels_2': 256, 'kernel_size': 3, 'gru_hidden': 151, 'gru_layers': 1, 'bidirectional': True, 'dropout': 0.16253212593959315, 'pool_size': 7, 'lr': 0.0028803020182480658}. Best is trial 12 with value: 20002481.051733993.
Epoch 1/100, Train Loss: 349280520.476336, Val Loss: 99635519.341130, LR: 0.002880
Epoch 5/100, Train Loss: 40829693.615267, Val Loss: 30470531.927687, LR: 0.002880
Epoch 10/100, Train Loss: 39443687.806107, Val Loss: 38200658.182069, LR: 0.002880
Epoch 15/100, Train Loss: 37278752.957252, Val Loss: 32924219.418636, LR: 0.001440
Early stopping triggered at epoch 18/100
Best model saved with validation loss: 24634345.822980
[I 2026-03-19 13:48:41,179] Trial 25 finished with value: 23386068.280630715 and parameters: {'cnn_depth': 3, 'cnn_channels_0': 49, 'cnn_channels_1': 224, 'cnn_channels_2': 66, 'kernel_size': 3, 'gru_hidden': 340, 'gru_layers': 1, 'bidirectional': True, 'dropout': 0.10247647132130333, 'pool_size': 8, 'lr': 0.006086915975163792}. Best is trial 12 with value: 20002481.051733993.
Epoch 1/100, Train Loss: 114153412.795420, Val Loss: 23386068.280631, LR: 0.006087
Epoch 5/100, Train Loss: 40262955.926718, Val Loss: 42232985.046351, LR: 0.006087
Epoch 10/100, Train Loss: 36832598.948855, Val Loss: 34894574.403963, LR: 0.003043
Early stopping triggered at epoch 11/100
Best model saved with validation loss: 23386068.280631
[I 2026-03-19 13:49:04,048] Trial 26 finished with value: 28301415.283393674 and parameters: {'cnn_depth': 4, 'cnn_channels_0': 71, 'cnn_channels_1': 165, 'cnn_channels_2': 174, 'cnn_channels_3': 251, 'kernel_size': 5, 'gru_hidden': 283, 'gru_layers': 1, 'bidirectional': False, 'dropout': 0.25381372945822156, 'pool_size': 5, 'lr': 0.0018323305488435416}. Best is trial 12 with value: 20002481.051733993.
Epoch 1/100, Train Loss: 418312459.792366, Val Loss: 181153977.582603, LR: 0.001832
Epoch 5/100, Train Loss: 42496891.226718, Val Loss: 64027947.791063, LR: 0.001832
Epoch 10/100, Train Loss: 39968973.477863, Val Loss: 54440773.806688, LR: 0.001832
Early stopping triggered at epoch 14/100
Best model saved with validation loss: 28301415.283394
[I 2026-03-19 13:49:51,678] Trial 27 finished with value: 39823667.52200838 and parameters: {'cnn_depth': 2, 'cnn_channels_0': 96, 'cnn_channels_1': 94, 'kernel_size': 3, 'gru_hidden': 219, 'gru_layers': 2, 'bidirectional': True, 'dropout': 0.1734649069180729, 'pool_size': 4, 'lr': 0.0007860509982612221}. Best is trial 12 with value: 20002481.051733993.
Epoch 1/100, Train Loss: 570233611.346565, Val Loss: 458788487.302687, LR: 0.000786
Epoch 5/100, Train Loss: 51447415.309924, Val Loss: 45059136.264672, LR: 0.000786
Epoch 10/100, Train Loss: 40530169.781298, Val Loss: 59087824.797256, LR: 0.000786
Epoch 15/100, Train Loss: 38512168.552672, Val Loss: 61242904.095084, LR: 0.000786
Epoch 20/100, Train Loss: 36519756.266412, Val Loss: 76659077.129478, LR: 0.000393
Early stopping triggered at epoch 21/100
Best model saved with validation loss: 39823667.522008
[I 2026-03-19 13:50:41,811] Trial 28 finished with value: 30073580.824123476 and parameters: {'cnn_depth': 3, 'cnn_channels_0': 91, 'cnn_channels_1': 69, 'cnn_channels_2': 135, 'kernel_size': 5, 'gru_hidden': 370, 'gru_layers': 2, 'bidirectional': True, 'dropout': 0.13405624878720826, 'pool_size': 7, 'lr': 0.003820136671695737}. Best is trial 12 with value: 20002481.051733993.
Epoch 1/100, Train Loss: 166464102.000000, Val Loss: 35195955.514339, LR: 0.003820
Epoch 5/100, Train Loss: 42313957.680153, Val Loss: 30073580.824123, LR: 0.003820
Epoch 10/100, Train Loss: 39887312.314504, Val Loss: 38627536.841463, LR: 0.003820
Early stopping triggered at epoch 15/100
Best model saved with validation loss: 30073580.824123
[I 2026-03-19 13:52:57,101] Trial 29 finished with value: 20211180.09698933 and parameters: {'cnn_depth': 4, 'cnn_channels_0': 47, 'cnn_channels_1': 58, 'cnn_channels_2': 57, 'cnn_channels_3': 156, 'kernel_size': 3, 'gru_hidden': 306, 'gru_layers': 3, 'bidirectional': True, 'dropout': 0.21252622920381975, 'pool_size': 6, 'lr': 0.0016622078562850565}. Best is trial 12 with value: 20002481.051733993.
Epoch 1/100, Train Loss: 434314771.883969, Val Loss: 184398849.210366, LR: 0.001662
Epoch 5/100, Train Loss: 44211384.746565, Val Loss: 29364150.405583, LR: 0.001662
Epoch 10/100, Train Loss: 42030790.218321, Val Loss: 24778039.384432, LR: 0.001662
Epoch 15/100, Train Loss: 41212271.680153, Val Loss: 23157141.959556, LR: 0.001662
Epoch 20/100, Train Loss: 40108983.127481, Val Loss: 28733418.000667, LR: 0.001662
Epoch 25/100, Train Loss: 39787510.829008, Val Loss: 28454424.181355, LR: 0.001662
Epoch 30/100, Train Loss: 38624096.022901, Val Loss: 21229129.451410, LR: 0.001662
Early stopping triggered at epoch 34/100
Best model saved with validation loss: 20211180.096989
Epoch 1/100, Train Loss: 144644560.746565, Val Loss: 27818345.380097, LR: 0.003668
Epoch 5/100, Train Loss: 40667282.292366, Val Loss: 33580231.676782, LR: 0.003668
Epoch 10/100, Train Loss: 39678004.002290, Val Loss: 38595862.266006, LR: 0.003668
Epoch 15/100, Train Loss: 37270591.252672, Val Loss: 41175675.613138, LR: 0.001834
Early stopping triggered at epoch 17/100
Best model saved with validation loss: 26606727.851372

--- Metrics for all houses ---

Metrics:
MAE sklearn (lower is better):  3669.852783203125
Normalized MAE (lower is better):  0.16687408
MAPE sklearn (lower is better):  1.0888356275683328e+17 %
MSE (lower is better):  52131916.0
RMSE (lower is better):  7220.243486199063
NRMSE (lower is better):  0.32831603
R2 (higher is better):  0.9299011826515198


--- Metrics for house id 2 ---

Metrics:
MAE sklearn (lower is better):  3669.852783203125
Normalized MAE (lower is better):  0.16687408
MAPE sklearn (lower is better):  1.0888356275683328e+17 %
MSE (lower is better):  52131916.0
RMSE (lower is better):  7220.243486199063
NRMSE (lower is better):  0.32831603
R2 (higher is better):  0.9299011826515198

--------------------  Sites for site_id 3: ['aieg_SPORAIEG_217158317/consumption']  --------------------
Creating temporal split:   0%|          | 0/1 [00:00<?, ?it/s]Creating temporal split: 100%|██████████| 1/1 [00:00<00:00,  1.93it/s]Creating temporal split: 100%|██████████| 1/1 [00:00<00:00,  1.93it/s]
Initialization of the data and indices:   0%|          | 0/1 [00:00<?, ?it/s]Initialization of the data and indices: 100%|██████████| 1/1 [00:00<00:00,  1.87it/s]Initialization of the data and indices: 100%|██████████| 1/1 [00:00<00:00,  1.87it/s]
Initialization of the data and indices:   0%|          | 0/1 [00:00<?, ?it/s]Initialization of the data and indices: 100%|██████████| 1/1 [00:00<00:00,  1.43it/s]Initialization of the data and indices: 100%|██████████| 1/1 [00:00<00:00,  1.43it/s]
Initialization of the data and indices:   0%|          | 0/1 [00:00<?, ?it/s]Initialization of the data and indices: 100%|██████████| 1/1 [00:00<00:00,  1.87it/s]Initialization of the data and indices: 100%|██████████| 1/1 [00:00<00:00,  1.87it/s]
[I 2026-03-19 13:54:22,450] A new study created in memory with name: no-name-c5c46e52-6239-4931-9961-aa08cbdbe4a0
[I 2026-03-19 13:54:44,128] Trial 0 finished with value: 148033031.73728815 and parameters: {'cnn_depth': 3, 'cnn_channels_0': 32, 'cnn_channels_1': 161, 'cnn_channels_2': 211, 'kernel_size': 3, 'gru_hidden': 343, 'gru_layers': 2, 'bidirectional': False, 'dropout': 0.4928943104643132, 'pool_size': 8, 'lr': 0.0011451681317524692}. Best is trial 0 with value: 148033031.73728815.
Epoch 1/100, Train Loss: 498322674.297872, Val Loss: 616465918.745763, LR: 0.001145
Epoch 5/100, Train Loss: 47057640.842553, Val Loss: 228141250.872881, LR: 0.001145
Epoch 10/100, Train Loss: 34641358.957447, Val Loss: 725904397.084746, LR: 0.000573
Early stopping triggered at epoch 13/100
Best model saved with validation loss: 148033031.737288
[I 2026-03-19 13:55:26,469] Trial 1 finished with value: 345927959.59322035 and parameters: {'cnn_depth': 2, 'cnn_channels_0': 119, 'cnn_channels_1': 48, 'kernel_size': 3, 'gru_hidden': 205, 'gru_layers': 2, 'bidirectional': True, 'dropout': 0.18396076847613144, 'pool_size': 4, 'lr': 0.00015654019087371943}. Best is trial 0 with value: 148033031.73728815.
Epoch 1/100, Train Loss: 573574039.421277, Val Loss: 927938989.288136, LR: 0.000157
Epoch 5/100, Train Loss: 496334107.268085, Val Loss: 788656461.406780, LR: 0.000157
Epoch 10/100, Train Loss: 301336406.127660, Val Loss: 501718659.186441, LR: 0.000157
Epoch 15/100, Train Loss: 159843957.829787, Val Loss: 358596443.525424, LR: 0.000157
Epoch 20/100, Train Loss: 85807183.459574, Val Loss: 373106804.881356, LR: 0.000157
Epoch 25/100, Train Loss: 55061858.143617, Val Loss: 505753570.711864, LR: 0.000078
Early stopping triggered at epoch 26/100
Best model saved with validation loss: 345927959.593220
[I 2026-03-19 13:57:47,473] Trial 2 finished with value: 438099245.4237288 and parameters: {'cnn_depth': 3, 'cnn_channels_0': 47, 'cnn_channels_1': 37, 'cnn_channels_2': 177, 'kernel_size': 5, 'gru_hidden': 74, 'gru_layers': 2, 'bidirectional': False, 'dropout': 0.1035217515965806, 'pool_size': 7, 'lr': 0.00010547652424261752}. Best is trial 0 with value: 148033031.73728815.
Epoch 1/100, Train Loss: 575733309.889362, Val Loss: 936283679.118644, LR: 0.000105
Epoch 5/100, Train Loss: 573249610.314894, Val Loss: 931017683.050847, LR: 0.000105
Epoch 10/100, Train Loss: 564141529.310638, Val Loss: 916421054.406780, LR: 0.000105
Epoch 15/100, Train Loss: 548991072.510638, Val Loss: 892317047.050847, LR: 0.000105
Epoch 20/100, Train Loss: 528125369.089362, Val Loss: 860125273.796610, LR: 0.000105
Epoch 25/100, Train Loss: 502654836.153192, Val Loss: 820577135.135593, LR: 0.000105
Epoch 30/100, Train Loss: 473704717.259574, Val Loss: 775953302.355932, LR: 0.000105
Epoch 35/100, Train Loss: 441980643.761702, Val Loss: 727599217.491525, LR: 0.000105
Epoch 40/100, Train Loss: 409122653.582979, Val Loss: 680051172.677966, LR: 0.000105
Epoch 45/100, Train Loss: 375268887.097872, Val Loss: 633750885.830508, LR: 0.000105
Epoch 50/100, Train Loss: 342818284.527660, Val Loss: 589245748.135593, LR: 0.000105
Epoch 55/100, Train Loss: 310736763.429787, Val Loss: 548795545.152542, LR: 0.000105
Epoch 60/100, Train Loss: 281055610.817021, Val Loss: 515572283.932203, LR: 0.000105
Epoch 65/100, Train Loss: 253260287.319149, Val Loss: 487433388.338983, LR: 0.000105
Epoch 70/100, Train Loss: 226157606.646809, Val Loss: 463698337.898305, LR: 0.000105
Epoch 75/100, Train Loss: 199976879.714894, Val Loss: 445747084.203390, LR: 0.000105
Epoch 80/100, Train Loss: 176668276.668085, Val Loss: 440224521.355932, LR: 0.000105
Epoch 85/100, Train Loss: 154238340.053191, Val Loss: 443890050.169492, LR: 0.000105
Epoch 90/100, Train Loss: 132823334.748936, Val Loss: 452245164.203390, LR: 0.000105
Early stopping triggered at epoch 94/100
Best model saved with validation loss: 438099245.423729
[I 2026-03-19 13:58:01,336] Trial 3 finished with value: 204842254.84745762 and parameters: {'cnn_depth': 3, 'cnn_channels_0': 125, 'cnn_channels_1': 248, 'cnn_channels_2': 199, 'kernel_size': 3, 'gru_hidden': 284, 'gru_layers': 2, 'bidirectional': False, 'dropout': 0.41551606620629056, 'pool_size': 2, 'lr': 0.001196315266194021}. Best is trial 0 with value: 148033031.73728815.
Epoch 1/100, Train Loss: 510452200.102128, Val Loss: 644571183.601695, LR: 0.001196
Epoch 5/100, Train Loss: 44884480.748936, Val Loss: 482230116.525424, LR: 0.001196
Epoch 10/100, Train Loss: 33922847.664894, Val Loss: 610312729.805085, LR: 0.000598
Early stopping triggered at epoch 13/100
Best model saved with validation loss: 204842254.847458
[I 2026-03-19 13:59:25,231] Trial 4 finished with value: 156051843.8644068 and parameters: {'cnn_depth': 2, 'cnn_channels_0': 86, 'cnn_channels_1': 132, 'kernel_size': 3, 'gru_hidden': 355, 'gru_layers': 2, 'bidirectional': True, 'dropout': 0.31468401874093055, 'pool_size': 8, 'lr': 0.00010267006504016029}. Best is trial 0 with value: 148033031.73728815.
Epoch 1/100, Train Loss: 572470424.289362, Val Loss: 925363248.542373, LR: 0.000103
Epoch 5/100, Train Loss: 477340450.961702, Val Loss: 753379744.932203, LR: 0.000103
Epoch 10/100, Train Loss: 264184077.536170, Val Loss: 429497718.915254, LR: 0.000103
Epoch 15/100, Train Loss: 128529681.287234, Val Loss: 246878610.813559, LR: 0.000103
Epoch 20/100, Train Loss: 65517919.636170, Val Loss: 202358756.237288, LR: 0.000103
Epoch 25/100, Train Loss: 41525697.727660, Val Loss: 208045418.237288, LR: 0.000103
Epoch 30/100, Train Loss: 32398529.519149, Val Loss: 189333323.796610, LR: 0.000051
Early stopping triggered at epoch 33/100
Best model saved with validation loss: 156051843.864407
[I 2026-03-19 13:59:38,051] Trial 5 finished with value: 385511818.9830508 and parameters: {'cnn_depth': 2, 'cnn_channels_0': 60, 'cnn_channels_1': 72, 'kernel_size': 5, 'gru_hidden': 508, 'gru_layers': 1, 'bidirectional': False, 'dropout': 0.17914456779799687, 'pool_size': 2, 'lr': 0.00031921283185378776}. Best is trial 0 with value: 148033031.73728815.
Epoch 1/100, Train Loss: 557552718.808511, Val Loss: 860184393.118644, LR: 0.000319
Epoch 5/100, Train Loss: 164898772.617021, Val Loss: 385511818.983051, LR: 0.000319
Epoch 10/100, Train Loss: 45161902.793617, Val Loss: 576482036.610170, LR: 0.000319
Early stopping triggered at epoch 15/100
Best model saved with validation loss: 385511818.983051
[I 2026-03-19 14:00:44,837] Trial 6 finished with value: 109427902.20338982 and parameters: {'cnn_depth': 2, 'cnn_channels_0': 180, 'cnn_channels_1': 136, 'kernel_size': 3, 'gru_hidden': 225, 'gru_layers': 1, 'bidirectional': False, 'dropout': 0.4801904018596439, 'pool_size': 8, 'lr': 0.00014578260396591017}. Best is trial 6 with value: 109427902.20338982.
Epoch 1/100, Train Loss: 574531925.140426, Val Loss: 931887785.830508, LR: 0.000146
Epoch 5/100, Train Loss: 531394300.408511, Val Loss: 853574033.610170, LR: 0.000146
Epoch 10/100, Train Loss: 402733583.472340, Val Loss: 650830736.169492, LR: 0.000146
Epoch 15/100, Train Loss: 265157284.548936, Val Loss: 460547601.898305, LR: 0.000146
Epoch 20/100, Train Loss: 162615399.617021, Val Loss: 359170926.915254, LR: 0.000146
Epoch 25/100, Train Loss: 99064456.272340, Val Loss: 336344625.627119, LR: 0.000146
Epoch 30/100, Train Loss: 63789676.914894, Val Loss: 290691846.915254, LR: 0.000146
Epoch 35/100, Train Loss: 46041126.734043, Val Loss: 243516096.000000, LR: 0.000146
Epoch 40/100, Train Loss: 37232338.792553, Val Loss: 243978561.898305, LR: 0.000146
Epoch 45/100, Train Loss: 34487682.241489, Val Loss: 128698821.627119, LR: 0.000146
Epoch 50/100, Train Loss: 33599411.911702, Val Loss: 121721515.966102, LR: 0.000146
Epoch 55/100, Train Loss: 33309857.979787, Val Loss: 239247260.915254, LR: 0.000146
Early stopping triggered at epoch 59/100
Best model saved with validation loss: 109427902.203390
[I 2026-03-19 14:01:06,811] Trial 7 finished with value: 81824140.81355932 and parameters: {'cnn_depth': 4, 'cnn_channels_0': 139, 'cnn_channels_1': 165, 'cnn_channels_2': 50, 'cnn_channels_3': 87, 'kernel_size': 5, 'gru_hidden': 104, 'gru_layers': 1, 'bidirectional': True, 'dropout': 0.10015744478574079, 'pool_size': 6, 'lr': 0.002190916133812918}. Best is trial 7 with value: 81824140.81355932.
Epoch 1/100, Train Loss: 511132689.021277, Val Loss: 662429257.983051, LR: 0.002191
Epoch 5/100, Train Loss: 38584178.088298, Val Loss: 106958606.050847, LR: 0.002191
Epoch 10/100, Train Loss: 31654140.092553, Val Loss: 269186221.144068, LR: 0.002191
Early stopping triggered at epoch 14/100
Best model saved with validation loss: 81824140.813559
