WARNING: All log messages before absl::InitializeLog() is called are written to STDERR
I0000 00:00:1773921523.105934  318843 port.cc:153] oneDNN custom operations are on. You may see slightly different numerical results due to floating-point round-off errors from different computation orders. To turn them off, set the environment variable `TF_ENABLE_ONEDNN_OPTS=0`.
I0000 00:00:1773921523.133902  318843 cpu_feature_guard.cc:227] This TensorFlow binary is optimized to use available CPU instructions in performance-critical operations.
To enable the following instructions: AVX2 AVX_VNNI FMA, in other operations, rebuild TensorFlow with the appropriate compiler flags.
WARNING: All log messages before absl::InitializeLog() is called are written to STDERR
I0000 00:00:1773921523.727783  318843 port.cc:153] oneDNN custom operations are on. You may see slightly different numerical results due to floating-point round-off errors from different computation orders. To turn them off, set the environment variable `TF_ENABLE_ONEDNN_OPTS=0`.
====================  Starting training for production sites  ====================
--------------------  Sites for site_id 1: ['aieg_CHAMAIEG_217158317/production', 'aieg_CHAMAIEG_217158406/production', 'aieg_CHAMAIEG_219792511/consumption', 'aieg_CHAMAIEG_219792511/production', 'aieg_CHAMAIEG_250692408/production']  --------------------
Creating temporal split:   0%|          | 0/1 [00:00<?, ?it/s]Creating temporal split: 100%|██████████| 1/1 [00:01<00:00,  1.17s/it]Creating temporal split: 100%|██████████| 1/1 [00:01<00:00,  1.17s/it]
Initialization of the data and indices:   0%|          | 0/1 [00:00<?, ?it/s]Initialization of the data and indices: 100%|██████████| 1/1 [00:01<00:00,  1.37s/it]Initialization of the data and indices: 100%|██████████| 1/1 [00:01<00:00,  1.37s/it]
Initialization of the data and indices:   0%|          | 0/1 [00:00<?, ?it/s]Initialization of the data and indices: 100%|██████████| 1/1 [00:01<00:00,  1.40s/it]Initialization of the data and indices: 100%|██████████| 1/1 [00:01<00:00,  1.40s/it]
Initialization of the data and indices:   0%|          | 0/1 [00:00<?, ?it/s]Initialization of the data and indices: 100%|██████████| 1/1 [00:01<00:00,  1.37s/it]Initialization of the data and indices: 100%|██████████| 1/1 [00:01<00:00,  1.37s/it]
[I 2026-03-19 12:59:12,209] A new study created in memory with name: no-name-4c998f41-0a94-4736-afb2-1eefb88ba4ca
[I 2026-03-19 12:59:44,579] Trial 0 finished with value: 3927817353.912 and parameters: {'cnn_depth': 3, 'cnn_channels_0': 87, 'cnn_channels_1': 220, 'cnn_channels_2': 92, 'kernel_size': 5, 'gru_hidden': 320, 'gru_layers': 1, 'bidirectional': True, 'dropout': 0.18102062309058575, 'pool_size': 4, 'lr': 0.0011289361414657617}. Best is trial 0 with value: 3927817353.912.
Epoch 1/100, Train Loss: 10559186451.180819, Val Loss: 6905618091.912000, LR: 0.001129
Epoch 5/100, Train Loss: 1012316667.700300, Val Loss: 13232945618.368000, LR: 0.001129
Epoch 10/100, Train Loss: 888208087.528471, Val Loss: 18570221548.080002, LR: 0.000564
Early stopping triggered at epoch 12/100
Best model saved with validation loss: 3927817353.912000
[I 2026-03-19 13:00:32,781] Trial 1 finished with value: 4920732053.868 and parameters: {'cnn_depth': 4, 'cnn_channels_0': 142, 'cnn_channels_1': 46, 'cnn_channels_2': 153, 'cnn_channels_3': 171, 'kernel_size': 3, 'gru_hidden': 175, 'gru_layers': 1, 'bidirectional': False, 'dropout': 0.2880894790926821, 'pool_size': 8, 'lr': 0.0034119938972915157}. Best is trial 0 with value: 3927817353.912.
Epoch 1/100, Train Loss: 9730371009.214785, Val Loss: 7593066863.680000, LR: 0.003412
Epoch 5/100, Train Loss: 1018260040.551449, Val Loss: 6965823106.048000, LR: 0.003412
Epoch 10/100, Train Loss: 962499537.334665, Val Loss: 5545718785.520000, LR: 0.003412
Epoch 15/100, Train Loss: 918334622.369630, Val Loss: 5710193830.808000, LR: 0.001706
Early stopping triggered at epoch 18/100
Best model saved with validation loss: 4920732053.868000
[I 2026-03-19 13:01:11,780] Trial 2 finished with value: 3056843718.168 and parameters: {'cnn_depth': 3, 'cnn_channels_0': 75, 'cnn_channels_1': 226, 'cnn_channels_2': 224, 'kernel_size': 3, 'gru_hidden': 210, 'gru_layers': 1, 'bidirectional': False, 'dropout': 0.32807805612041363, 'pool_size': 7, 'lr': 0.003416659616990729}. Best is trial 2 with value: 3056843718.168.
Epoch 1/100, Train Loss: 8804080938.709291, Val Loss: 7474512060.180000, LR: 0.003417
Epoch 5/100, Train Loss: 1025327678.041958, Val Loss: 4161450271.246000, LR: 0.003417
Epoch 10/100, Train Loss: 968369318.769231, Val Loss: 4723734419.184000, LR: 0.003417
Epoch 15/100, Train Loss: 924282572.467533, Val Loss: 7540937539.032000, LR: 0.001708
Early stopping triggered at epoch 16/100
Best model saved with validation loss: 3056843718.168000
[I 2026-03-19 13:02:54,959] Trial 3 finished with value: 4473910804.512 and parameters: {'cnn_depth': 4, 'cnn_channels_0': 146, 'cnn_channels_1': 182, 'cnn_channels_2': 243, 'cnn_channels_3': 45, 'kernel_size': 5, 'gru_hidden': 291, 'gru_layers': 2, 'bidirectional': False, 'dropout': 0.22136387925246945, 'pool_size': 8, 'lr': 0.00011581146503677248}. Best is trial 2 with value: 3056843718.168.
Epoch 1/100, Train Loss: 13535574549.738262, Val Loss: 7603064857.060000, LR: 0.000116
Epoch 5/100, Train Loss: 12651756362.933067, Val Loss: 7349734474.382000, LR: 0.000116
Epoch 10/100, Train Loss: 9929180687.600399, Val Loss: 7448574120.860000, LR: 0.000116
Epoch 15/100, Train Loss: 6862702312.407593, Val Loss: 5395357647.952000, LR: 0.000116
Epoch 20/100, Train Loss: 4473896055.496504, Val Loss: 4495162167.936000, LR: 0.000116
Epoch 25/100, Train Loss: 2755297146.981019, Val Loss: 6241127889.504000, LR: 0.000116
Early stopping triggered at epoch 29/100
Best model saved with validation loss: 4473910804.512000
[I 2026-03-19 13:04:59,056] Trial 4 finished with value: 4993343174.016 and parameters: {'cnn_depth': 3, 'cnn_channels_0': 121, 'cnn_channels_1': 196, 'cnn_channels_2': 230, 'kernel_size': 3, 'gru_hidden': 173, 'gru_layers': 1, 'bidirectional': False, 'dropout': 0.42176355628805595, 'pool_size': 8, 'lr': 0.00014986008871182196}. Best is trial 2 with value: 3056843718.168.
Epoch 1/100, Train Loss: 13540003105.758242, Val Loss: 7609545125.348000, LR: 0.000150
Epoch 5/100, Train Loss: 12862395510.921080, Val Loss: 7627276330.904000, LR: 0.000150
Epoch 10/100, Train Loss: 11341184345.766233, Val Loss: 7439911457.044000, LR: 0.000075
Epoch 15/100, Train Loss: 10023792678.489510, Val Loss: 7021051830.544000, LR: 0.000075
Epoch 20/100, Train Loss: 8653194616.071928, Val Loss: 6422141289.776000, LR: 0.000075
Epoch 25/100, Train Loss: 7326383932.035964, Val Loss: 6111535638.768000, LR: 0.000075
Epoch 30/100, Train Loss: 6142623308.915085, Val Loss: 5663565333.872000, LR: 0.000075
Epoch 35/100, Train Loss: 5095290286.705295, Val Loss: 5381452169.360000, LR: 0.000075
Epoch 40/100, Train Loss: 4193871102.017982, Val Loss: 5237925894.720000, LR: 0.000075
Epoch 45/100, Train Loss: 3388067013.914086, Val Loss: 5172686489.840000, LR: 0.000075
Early stopping triggered at epoch 49/100
Best model saved with validation loss: 4993343174.016000
[I 2026-03-19 13:05:55,551] Trial 5 finished with value: 4961094713.338 and parameters: {'cnn_depth': 2, 'cnn_channels_0': 97, 'cnn_channels_1': 47, 'kernel_size': 5, 'gru_hidden': 126, 'gru_layers': 1, 'bidirectional': False, 'dropout': 0.497603255582188, 'pool_size': 7, 'lr': 0.0002885464849906532}. Best is trial 2 with value: 3056843718.168.
Epoch 1/100, Train Loss: 13528358924.019979, Val Loss: 7587129016.362000, LR: 0.000289
Epoch 5/100, Train Loss: 12275582151.736263, Val Loss: 7109599948.852000, LR: 0.000289
Epoch 10/100, Train Loss: 8753717495.688313, Val Loss: 6713304465.964500, LR: 0.000289
Epoch 15/100, Train Loss: 5405336920.167832, Val Loss: 4961094713.338000, LR: 0.000289
Epoch 20/100, Train Loss: 3248821612.819181, Val Loss: 5459474544.880000, LR: 0.000289
Early stopping triggered at epoch 25/100
Best model saved with validation loss: 4961094713.338000
[I 2026-03-19 13:07:29,320] Trial 6 finished with value: 7488045655.04 and parameters: {'cnn_depth': 2, 'cnn_channels_0': 238, 'cnn_channels_1': 164, 'kernel_size': 3, 'gru_hidden': 372, 'gru_layers': 3, 'bidirectional': True, 'dropout': 0.1154753192540594, 'pool_size': 7, 'lr': 0.004703099090479004}. Best is trial 2 with value: 3056843718.168.
Epoch 1/100, Train Loss: 4836574771.100899, Val Loss: 7609664504.246000, LR: 0.004703
Epoch 5/100, Train Loss: 991197802.725275, Val Loss: 7564909250.640000, LR: 0.004703
Epoch 10/100, Train Loss: 995001521.726274, Val Loss: 7741585136.536000, LR: 0.004703
Early stopping triggered at epoch 14/100
Best model saved with validation loss: 7488045655.040000
[I 2026-03-19 13:08:08,785] Trial 7 finished with value: 7336585722.176 and parameters: {'cnn_depth': 2, 'cnn_channels_0': 237, 'cnn_channels_1': 63, 'kernel_size': 3, 'gru_hidden': 122, 'gru_layers': 1, 'bidirectional': True, 'dropout': 0.29232780690120924, 'pool_size': 8, 'lr': 0.0008787461524126693}. Best is trial 2 with value: 3056843718.168.
Epoch 1/100, Train Loss: 13220286104.679321, Val Loss: 7480816524.536000, LR: 0.000879
Epoch 5/100, Train Loss: 3823553275.780220, Val Loss: 7634981548.916000, LR: 0.000879
Epoch 10/100, Train Loss: 1222488884.683317, Val Loss: 7635968062.936000, LR: 0.000439
Early stopping triggered at epoch 12/100
Best model saved with validation loss: 7336585722.176000
[I 2026-03-19 13:08:49,460] Trial 8 finished with value: 3574956927.176 and parameters: {'cnn_depth': 4, 'cnn_channels_0': 142, 'cnn_channels_1': 108, 'cnn_channels_2': 224, 'cnn_channels_3': 177, 'kernel_size': 3, 'gru_hidden': 71, 'gru_layers': 1, 'bidirectional': False, 'dropout': 0.2294273887000697, 'pool_size': 5, 'lr': 0.003955746291640631}. Best is trial 2 with value: 3056843718.168.
Epoch 1/100, Train Loss: 12462016071.864136, Val Loss: 6848483221.196000, LR: 0.003956
Epoch 5/100, Train Loss: 1531890158.417583, Val Loss: 7599722955.116000, LR: 0.003956
Epoch 10/100, Train Loss: 1045803823.904096, Val Loss: 6937251876.540000, LR: 0.003956
Epoch 15/100, Train Loss: 971703675.612388, Val Loss: 9019739898.104000, LR: 0.001978
Early stopping triggered at epoch 17/100
Best model saved with validation loss: 3574956927.176000
[I 2026-03-19 13:09:44,175] Trial 9 finished with value: 3786200906.778 and parameters: {'cnn_depth': 2, 'cnn_channels_0': 53, 'cnn_channels_1': 41, 'kernel_size': 3, 'gru_hidden': 407, 'gru_layers': 1, 'bidirectional': False, 'dropout': 0.19635088097232806, 'pool_size': 7, 'lr': 0.00010567485900751817}. Best is trial 2 with value: 3056843718.168.
Epoch 1/100, Train Loss: 13518019181.202797, Val Loss: 7572521149.792000, LR: 0.000106
Epoch 5/100, Train Loss: 12107231115.380619, Val Loss: 6742143073.288000, LR: 0.000106
Epoch 10/100, Train Loss: 7942923953.102897, Val Loss: 4399392974.271000, LR: 0.000106
Epoch 15/100, Train Loss: 4607035683.420579, Val Loss: 4287589525.642000, LR: 0.000106
Epoch 20/100, Train Loss: 2519411145.014985, Val Loss: 4158322895.692000, LR: 0.000106
Early stopping triggered at epoch 24/100
Best model saved with validation loss: 3786200906.778000
[I 2026-03-19 13:10:27,752] Trial 10 finished with value: 5746852445.528 and parameters: {'cnn_depth': 3, 'cnn_channels_0': 48, 'cnn_channels_1': 252, 'cnn_channels_2': 153, 'kernel_size': 5, 'gru_hidden': 483, 'gru_layers': 2, 'bidirectional': True, 'dropout': 0.3784290921906316, 'pool_size': 2, 'lr': 0.008008019168294604}. Best is trial 2 with value: 3056843718.168.
Epoch 1/100, Train Loss: 10318608009.846153, Val Loss: 6508127096.832000, LR: 0.008008
Epoch 5/100, Train Loss: 1113725456.223776, Val Loss: 7590060833.038000, LR: 0.008008
Epoch 10/100, Train Loss: 951712612.075924, Val Loss: 7629735832.920000, LR: 0.004004
Early stopping triggered at epoch 13/100
Best model saved with validation loss: 5746852445.528000
[I 2026-03-19 13:11:00,328] Trial 11 finished with value: 7466031675.2 and parameters: {'cnn_depth': 4, 'cnn_channels_0': 189, 'cnn_channels_1': 115, 'cnn_channels_2': 203, 'cnn_channels_3': 255, 'kernel_size': 3, 'gru_hidden': 67, 'gru_layers': 2, 'bidirectional': False, 'dropout': 0.35170489308753294, 'pool_size': 5, 'lr': 0.002133200759988043}. Best is trial 2 with value: 3056843718.168.
Epoch 1/100, Train Loss: 13285100384.927073, Val Loss: 7466031675.200000, LR: 0.002133
Epoch 5/100, Train Loss: 4651782076.099900, Val Loss: 7632418365.504000, LR: 0.002133
Epoch 10/100, Train Loss: 1659475436.499501, Val Loss: 7631470827.056000, LR: 0.001067
Early stopping triggered at epoch 11/100
Best model saved with validation loss: 7466031675.200000
[I 2026-03-19 13:11:47,853] Trial 12 finished with value: 4156028174.322 and parameters: {'cnn_depth': 3, 'cnn_channels_0': 183, 'cnn_channels_1': 116, 'cnn_channels_2': 204, 'kernel_size': 3, 'gru_hidden': 228, 'gru_layers': 2, 'bidirectional': False, 'dropout': 0.2502613295456061, 'pool_size': 5, 'lr': 0.009775253260208665}. Best is trial 2 with value: 3056843718.168.
Epoch 1/100, Train Loss: 4164671546.245754, Val Loss: 7597214421.422000, LR: 0.009775
Epoch 5/100, Train Loss: 1066508200.231768, Val Loss: 5695758450.946000, LR: 0.009775
Epoch 10/100, Train Loss: 1080843557.626374, Val Loss: 5132085543.422000, LR: 0.009775
Epoch 15/100, Train Loss: 996153502.209790, Val Loss: 6198660165.176000, LR: 0.004888
Early stopping triggered at epoch 17/100
Best model saved with validation loss: 4156028174.322000
[I 2026-03-19 13:12:19,370] Trial 13 finished with value: 7210210617.264 and parameters: {'cnn_depth': 4, 'cnn_channels_0': 76, 'cnn_channels_1': 126, 'cnn_channels_2': 33, 'cnn_channels_3': 156, 'kernel_size': 3, 'gru_hidden': 72, 'gru_layers': 3, 'bidirectional': False, 'dropout': 0.13900855721653893, 'pool_size': 3, 'lr': 0.0016979617996959826}. Best is trial 2 with value: 3056843718.168.
Epoch 1/100, Train Loss: 13322158912.191809, Val Loss: 7210210617.264000, LR: 0.001698
Epoch 5/100, Train Loss: 5748397856.799201, Val Loss: 7614287770.020000, LR: 0.001698
Epoch 10/100, Train Loss: 1861089881.014985, Val Loss: 7616637560.112000, LR: 0.000849
Early stopping triggered at epoch 11/100
Best model saved with validation loss: 7210210617.264000
[I 2026-03-19 13:12:45,517] Trial 14 finished with value: 3492513650.832 and parameters: {'cnn_depth': 3, 'cnn_channels_0': 180, 'cnn_channels_1': 90, 'cnn_channels_2': 256, 'kernel_size': 3, 'gru_hidden': 233, 'gru_layers': 1, 'bidirectional': False, 'dropout': 0.3405678097903733, 'pool_size': 6, 'lr': 0.004280721296143757}. Best is trial 2 with value: 3056843718.168.
Epoch 1/100, Train Loss: 6902861626.021978, Val Loss: 3492513650.832000, LR: 0.004281
Epoch 5/100, Train Loss: 996321426.541458, Val Loss: 10121580583.264999, LR: 0.004281
Epoch 10/100, Train Loss: 946143217.726274, Val Loss: 6867719725.294000, LR: 0.002140
Early stopping triggered at epoch 11/100
Best model saved with validation loss: 3492513650.832000
[I 2026-03-19 13:13:30,503] Trial 15 finished with value: 4189425898.648 and parameters: {'cnn_depth': 3, 'cnn_channels_0': 198, 'cnn_channels_1': 84, 'cnn_channels_2': 256, 'kernel_size': 3, 'gru_hidden': 231, 'gru_layers': 2, 'bidirectional': False, 'dropout': 0.3521891877858852, 'pool_size': 6, 'lr': 0.000857881352676111}. Best is trial 2 with value: 3056843718.168.
Epoch 1/100, Train Loss: 13028909369.286713, Val Loss: 7532712683.804000, LR: 0.000858
Epoch 5/100, Train Loss: 2477650253.650350, Val Loss: 4189425898.648000, LR: 0.000858
Epoch 10/100, Train Loss: 1021625443.068931, Val Loss: 11540150693.120001, LR: 0.000858
Early stopping triggered at epoch 15/100
Best model saved with validation loss: 4189425898.648000
[I 2026-03-19 13:14:11,058] Trial 16 finished with value: 3120023661.772 and parameters: {'cnn_depth': 3, 'cnn_channels_0': 171, 'cnn_channels_1': 151, 'cnn_channels_2': 183, 'kernel_size': 3, 'gru_hidden': 235, 'gru_layers': 1, 'bidirectional': False, 'dropout': 0.45609043373285596, 'pool_size': 6, 'lr': 0.0004895068927929438}. Best is trial 2 with value: 3056843718.168.
Epoch 1/100, Train Loss: 13360280639.168831, Val Loss: 7552969397.256000, LR: 0.000490
Epoch 5/100, Train Loss: 6081346696.711288, Val Loss: 4195068241.586000, LR: 0.000490
Epoch 10/100, Train Loss: 1760698430.897103, Val Loss: 4818393073.264000, LR: 0.000490
Epoch 15/100, Train Loss: 1038809158.697303, Val Loss: 6868361280.656000, LR: 0.000245
Early stopping triggered at epoch 17/100
Best model saved with validation loss: 3120023661.772000
[I 2026-03-19 13:14:59,013] Trial 17 finished with value: 3439610179.408 and parameters: {'cnn_depth': 3, 'cnn_channels_0': 34, 'cnn_channels_1': 252, 'cnn_channels_2': 190, 'kernel_size': 3, 'gru_hidden': 335, 'gru_layers': 2, 'bidirectional': False, 'dropout': 0.4837209886320904, 'pool_size': 6, 'lr': 0.00034999015120045504}. Best is trial 2 with value: 3056843718.168.
Epoch 1/100, Train Loss: 13350206904.903097, Val Loss: 7619422000.872000, LR: 0.000350
Epoch 5/100, Train Loss: 6348866544.655345, Val Loss: 3676065698.616000, LR: 0.000350
Epoch 10/100, Train Loss: 2010172781.522478, Val Loss: 8328039009.600000, LR: 0.000350
Epoch 15/100, Train Loss: 1097524362.229770, Val Loss: 20264194175.919998, LR: 0.000175
Early stopping triggered at epoch 16/100
Best model saved with validation loss: 3439610179.408000
[I 2026-03-19 13:16:10,482] Trial 18 finished with value: 6543364028.86 and parameters: {'cnn_depth': 2, 'cnn_channels_0': 113, 'cnn_channels_1': 154, 'kernel_size': 5, 'gru_hidden': 268, 'gru_layers': 3, 'bidirectional': True, 'dropout': 0.44019960348657267, 'pool_size': 4, 'lr': 0.0004546792783213983}. Best is trial 2 with value: 3056843718.168.
Epoch 1/100, Train Loss: 13132521703.704296, Val Loss: 6991925421.992000, LR: 0.000455
Epoch 5/100, Train Loss: 3442354151.896104, Val Loss: 7503799732.632000, LR: 0.000455
Epoch 10/100, Train Loss: 1128958299.508492, Val Loss: 6873893794.126000, LR: 0.000455
Epoch 15/100, Train Loss: 965790380.707293, Val Loss: 7616955245.436000, LR: 0.000227
Early stopping triggered at epoch 16/100
Best model saved with validation loss: 6543364028.860000
[I 2026-03-19 13:16:59,619] Trial 19 finished with value: 3887938110.036 and parameters: {'cnn_depth': 3, 'cnn_channels_0': 215, 'cnn_channels_1': 219, 'cnn_channels_2': 178, 'kernel_size': 3, 'gru_hidden': 160, 'gru_layers': 1, 'bidirectional': False, 'dropout': 0.4165661364119378, 'pool_size': 7, 'lr': 0.0005510862707703516}. Best is trial 2 with value: 3056843718.168.
Epoch 1/100, Train Loss: 13436904730.341658, Val Loss: 7617286567.928000, LR: 0.000551
Epoch 5/100, Train Loss: 8160925413.786214, Val Loss: 5675705521.508000, LR: 0.000551
Epoch 10/100, Train Loss: 2756182648.103896, Val Loss: 3887938110.036000, LR: 0.000551
Epoch 15/100, Train Loss: 1238024759.432567, Val Loss: 4426961317.908000, LR: 0.000551
Early stopping triggered at epoch 20/100
Best model saved with validation loss: 3887938110.036000
[I 2026-03-19 13:17:42,763] Trial 20 finished with value: 7608449415.208 and parameters: {'cnn_depth': 3, 'cnn_channels_0': 162, 'cnn_channels_1': 219, 'cnn_channels_2': 120, 'kernel_size': 3, 'gru_hidden': 431, 'gru_layers': 2, 'bidirectional': False, 'dropout': 0.4503317386241935, 'pool_size': 6, 'lr': 0.0018593587635487875}. Best is trial 2 with value: 3056843718.168.
Epoch 1/100, Train Loss: 8922772840.919081, Val Loss: 7613619337.366000, LR: 0.001859
Epoch 5/100, Train Loss: 1042328683.940060, Val Loss: 7627729985.242000, LR: 0.001859
Epoch 10/100, Train Loss: 968103594.693307, Val Loss: 7661329955.080000, LR: 0.001859
Early stopping triggered at epoch 14/100
Best model saved with validation loss: 7608449415.208000
[I 2026-03-19 13:18:45,253] Trial 21 finished with value: 3605347155.344 and parameters: {'cnn_depth': 3, 'cnn_channels_0': 33, 'cnn_channels_1': 256, 'cnn_channels_2': 186, 'kernel_size': 3, 'gru_hidden': 335, 'gru_layers': 2, 'bidirectional': False, 'dropout': 0.49709352988575634, 'pool_size': 6, 'lr': 0.0002456818186501233}. Best is trial 2 with value: 3056843718.168.
Epoch 1/100, Train Loss: 13447603242.709291, Val Loss: 7446427379.996000, LR: 0.000246
Epoch 5/100, Train Loss: 8889707723.316683, Val Loss: 5571525206.328000, LR: 0.000246
Epoch 10/100, Train Loss: 3671435351.560440, Val Loss: 3814680978.422000, LR: 0.000246
Epoch 15/100, Train Loss: 1578530780.515485, Val Loss: 6159087184.776000, LR: 0.000246
Epoch 20/100, Train Loss: 1045841101.458542, Val Loss: 12072327222.872000, LR: 0.000123
Early stopping triggered at epoch 21/100
Best model saved with validation loss: 3605347155.344000
[I 2026-03-19 13:19:43,822] Trial 22 finished with value: 4210180326.92 and parameters: {'cnn_depth': 3, 'cnn_channels_0': 66, 'cnn_channels_1': 236, 'cnn_channels_2': 173, 'kernel_size': 3, 'gru_hidden': 267, 'gru_layers': 3, 'bidirectional': False, 'dropout': 0.4666679246203795, 'pool_size': 6, 'lr': 0.00043088373709706065}. Best is trial 2 with value: 3056843718.168.
Epoch 1/100, Train Loss: 13372993773.586414, Val Loss: 7304223124.560000, LR: 0.000431
Epoch 5/100, Train Loss: 6661901516.723277, Val Loss: 5081294949.244000, LR: 0.000431
Epoch 10/100, Train Loss: 2044450524.179820, Val Loss: 5420735254.518000, LR: 0.000431
Epoch 15/100, Train Loss: 1125254529.550450, Val Loss: 5564384137.300000, LR: 0.000215
Early stopping triggered at epoch 16/100
Best model saved with validation loss: 4210180326.920000
