[I 2026-03-19 14:01:52,853] Trial 8 finished with value: 64777399.084745765 and parameters: {'cnn_depth': 3, 'cnn_channels_0': 216, 'cnn_channels_1': 143, 'cnn_channels_2': 69, 'kernel_size': 3, 'gru_hidden': 487, 'gru_layers': 2, 'bidirectional': False, 'dropout': 0.47814146612302355, 'pool_size': 5, 'lr': 0.00016508578463903816}. Best is trial 8 with value: 64777399.084745765.
Epoch 1/100, Train Loss: 570565207.608511, Val Loss: 915711274.305085, LR: 0.000165
Epoch 5/100, Train Loss: 384010410.187234, Val Loss: 593265054.372881, LR: 0.000165
Epoch 10/100, Train Loss: 133955266.257447, Val Loss: 297935264.203390, LR: 0.000165
Epoch 15/100, Train Loss: 55335631.814894, Val Loss: 235501711.593220, LR: 0.000165
Epoch 20/100, Train Loss: 36474215.244681, Val Loss: 199148605.338983, LR: 0.000165
Epoch 25/100, Train Loss: 32701964.595745, Val Loss: 76878481.288136, LR: 0.000165
Epoch 30/100, Train Loss: 30600470.285106, Val Loss: 184091503.470339, LR: 0.000083
Early stopping triggered at epoch 33/100
Best model saved with validation loss: 64777399.084746
[I 2026-03-19 14:02:16,056] Trial 9 finished with value: 140309796.3983051 and parameters: {'cnn_depth': 4, 'cnn_channels_0': 192, 'cnn_channels_1': 187, 'cnn_channels_2': 64, 'cnn_channels_3': 207, 'kernel_size': 5, 'gru_hidden': 488, 'gru_layers': 2, 'bidirectional': True, 'dropout': 0.44251008308046924, 'pool_size': 4, 'lr': 0.0013206469078761059}. Best is trial 8 with value: 64777399.084745765.
Epoch 1/100, Train Loss: 329436227.970213, Val Loss: 140309796.398305, LR: 0.001321
Epoch 5/100, Train Loss: 36177076.826596, Val Loss: 482215436.322034, LR: 0.001321
Epoch 10/100, Train Loss: 32401151.912766, Val Loss: 382478533.423729, LR: 0.000660
Early stopping triggered at epoch 11/100
Best model saved with validation loss: 140309796.398305
[I 2026-03-19 14:02:35,940] Trial 10 finished with value: 628449173.559322 and parameters: {'cnn_depth': 4, 'cnn_channels_0': 256, 'cnn_channels_1': 103, 'cnn_channels_2': 117, 'cnn_channels_3': 249, 'kernel_size': 3, 'gru_hidden': 438, 'gru_layers': 3, 'bidirectional': False, 'dropout': 0.36487259558711616, 'pool_size': 5, 'lr': 0.007533711935321526}. Best is trial 8 with value: 64777399.084745765.
Epoch 1/100, Train Loss: 445641713.821277, Val Loss: 628449173.559322, LR: 0.007534
Epoch 5/100, Train Loss: 434868326.417021, Val Loss: 643149696.542373, LR: 0.007534
Epoch 10/100, Train Loss: 434351317.072340, Val Loss: 655389757.830508, LR: 0.003767
Early stopping triggered at epoch 11/100
Best model saved with validation loss: 628449173.559322
[I 2026-03-19 14:03:09,984] Trial 11 finished with value: 93343468.90254237 and parameters: {'cnn_depth': 4, 'cnn_channels_0': 232, 'cnn_channels_1': 208, 'cnn_channels_2': 33, 'cnn_channels_3': 49, 'kernel_size': 5, 'gru_hidden': 145, 'gru_layers': 3, 'bidirectional': True, 'dropout': 0.24811233615381426, 'pool_size': 6, 'lr': 0.003731794843945761}. Best is trial 8 with value: 64777399.084745765.
Epoch 1/100, Train Loss: 469602143.012766, Val Loss: 639947445.830508, LR: 0.003732
Epoch 5/100, Train Loss: 43276131.054255, Val Loss: 316836369.881356, LR: 0.003732
Epoch 10/100, Train Loss: 34311037.255319, Val Loss: 734502984.355932, LR: 0.001866
Early stopping triggered at epoch 12/100
Best model saved with validation loss: 93343468.902542
[I 2026-03-19 14:03:54,506] Trial 12 finished with value: 206391838.94915253 and parameters: {'cnn_depth': 4, 'cnn_channels_0': 173, 'cnn_channels_1': 178, 'cnn_channels_2': 99, 'cnn_channels_3': 77, 'kernel_size': 5, 'gru_hidden': 65, 'gru_layers': 1, 'bidirectional': True, 'dropout': 0.2866827767966114, 'pool_size': 6, 'lr': 0.0005052189208895731}. Best is trial 8 with value: 64777399.084745765.
Epoch 1/100, Train Loss: 573363893.719149, Val Loss: 929018643.288136, LR: 0.000505
Epoch 5/100, Train Loss: 496482550.621277, Val Loss: 789546295.067797, LR: 0.000505
Epoch 10/100, Train Loss: 301459556.382979, Val Loss: 483221404.203390, LR: 0.000505
Epoch 15/100, Train Loss: 144188680.208511, Val Loss: 270880521.457627, LR: 0.000505
Epoch 20/100, Train Loss: 71134149.497872, Val Loss: 234515935.220339, LR: 0.000505
Epoch 25/100, Train Loss: 44845609.995745, Val Loss: 303561391.186441, LR: 0.000505
Early stopping triggered at epoch 29/100
Best model saved with validation loss: 206391838.949153
[I 2026-03-19 14:04:11,565] Trial 13 finished with value: 212563609.97457626 and parameters: {'cnn_depth': 3, 'cnn_channels_0': 213, 'cnn_channels_1': 102, 'cnn_channels_2': 73, 'kernel_size': 5, 'gru_hidden': 425, 'gru_layers': 1, 'bidirectional': True, 'dropout': 0.1061438265679443, 'pool_size': 5, 'lr': 0.0030602974278619716}. Best is trial 8 with value: 64777399.084745765.
Epoch 1/100, Train Loss: 177607395.000000, Val Loss: 294866545.953390, LR: 0.003060
Epoch 5/100, Train Loss: 32749727.305319, Val Loss: 480218819.593220, LR: 0.003060
Epoch 10/100, Train Loss: 29634338.025532, Val Loss: 639244872.084746, LR: 0.001530
Early stopping triggered at epoch 12/100
Best model saved with validation loss: 212563609.974576
[I 2026-03-19 14:04:49,438] Trial 14 finished with value: 308748528.13559324 and parameters: {'cnn_depth': 3, 'cnn_channels_0': 152, 'cnn_channels_1': 206, 'cnn_channels_2': 35, 'kernel_size': 3, 'gru_hidden': 140, 'gru_layers': 3, 'bidirectional': False, 'dropout': 0.3476758453359568, 'pool_size': 4, 'lr': 0.000445361836268885}. Best is trial 8 with value: 64777399.084745765.
Epoch 1/100, Train Loss: 572977320.885106, Val Loss: 924743051.559322, LR: 0.000445
Epoch 5/100, Train Loss: 446788463.046808, Val Loss: 700173499.067797, LR: 0.000445
Epoch 10/100, Train Loss: 209703242.970213, Val Loss: 386381285.220339, LR: 0.000445
Epoch 15/100, Train Loss: 92272823.838298, Val Loss: 317396976.813559, LR: 0.000445
Epoch 20/100, Train Loss: 50934965.904255, Val Loss: 402064330.983051, LR: 0.000445
Epoch 25/100, Train Loss: 38255443.193617, Val Loss: 384467061.152542, LR: 0.000223
Early stopping triggered at epoch 26/100
Best model saved with validation loss: 308748528.135593
[I 2026-03-19 14:05:06,955] Trial 15 finished with value: 117743168.37288135 and parameters: {'cnn_depth': 4, 'cnn_channels_0': 101, 'cnn_channels_1': 115, 'cnn_channels_2': 143, 'cnn_channels_3': 132, 'kernel_size': 5, 'gru_hidden': 293, 'gru_layers': 1, 'bidirectional': True, 'dropout': 0.1989129129766024, 'pool_size': 6, 'lr': 0.002569060199249483}. Best is trial 8 with value: 64777399.084745765.
Epoch 1/100, Train Loss: 292026098.089362, Val Loss: 117743168.372881, LR: 0.002569
Epoch 5/100, Train Loss: 33296144.196809, Val Loss: 590161232.262712, LR: 0.002569
Epoch 10/100, Train Loss: 31001342.168085, Val Loss: 702128915.305085, LR: 0.001285
Early stopping triggered at epoch 11/100
Best model saved with validation loss: 117743168.372881
[I 2026-03-19 14:05:20,489] Trial 16 finished with value: 513214788.5508475 and parameters: {'cnn_depth': 3, 'cnn_channels_0': 150, 'cnn_channels_1': 158, 'cnn_channels_2': 247, 'kernel_size': 5, 'gru_hidden': 378, 'gru_layers': 1, 'bidirectional': True, 'dropout': 0.39368998402905536, 'pool_size': 3, 'lr': 0.008080833262903262}. Best is trial 8 with value: 64777399.084745765.
Epoch 1/100, Train Loss: 115437770.593617, Val Loss: 513214788.550847, LR: 0.008081
Epoch 5/100, Train Loss: 38583738.402660, Val Loss: 688637506.711864, LR: 0.008081
Epoch 10/100, Train Loss: 32648172.374468, Val Loss: 606137212.305085, LR: 0.004040
Early stopping triggered at epoch 11/100
Best model saved with validation loss: 513214788.550847
[I 2026-03-19 14:05:53,289] Trial 17 finished with value: 215841883.48305085 and parameters: {'cnn_depth': 3, 'cnn_channels_0': 217, 'cnn_channels_1': 244, 'cnn_channels_2': 88, 'kernel_size': 3, 'gru_hidden': 234, 'gru_layers': 3, 'bidirectional': False, 'dropout': 0.24684799114123054, 'pool_size': 7, 'lr': 0.0006664432870681861}. Best is trial 8 with value: 64777399.084745765.
Epoch 1/100, Train Loss: 559852113.668085, Val Loss: 868182740.338983, LR: 0.000666
Epoch 5/100, Train Loss: 157547778.246808, Val Loss: 308854704.330508, LR: 0.000666
Epoch 10/100, Train Loss: 40502460.297872, Val Loss: 448811273.525424, LR: 0.000666
Epoch 15/100, Train Loss: 32340867.243085, Val Loss: 640809357.694915, LR: 0.000333
Early stopping triggered at epoch 17/100
Best model saved with validation loss: 215841883.483051
[I 2026-03-19 14:06:33,928] Trial 18 finished with value: 260470452.94915253 and parameters: {'cnn_depth': 4, 'cnn_channels_0': 166, 'cnn_channels_1': 86, 'cnn_channels_2': 129, 'cnn_channels_3': 119, 'kernel_size': 3, 'gru_hidden': 156, 'gru_layers': 1, 'bidirectional': True, 'dropout': 0.15045536893567932, 'pool_size': 5, 'lr': 0.0002368390685512474}. Best is trial 8 with value: 64777399.084745765.
Epoch 1/100, Train Loss: 573026839.795745, Val Loss: 924610966.372881, LR: 0.000237
Epoch 5/100, Train Loss: 460241065.889362, Val Loss: 722976317.305085, LR: 0.000237
Epoch 10/100, Train Loss: 226573883.429787, Val Loss: 394438335.050847, LR: 0.000237
Epoch 15/100, Train Loss: 98605677.357447, Val Loss: 289961140.338983, LR: 0.000237
Epoch 20/100, Train Loss: 49626258.538298, Val Loss: 296488764.542373, LR: 0.000237
Epoch 25/100, Train Loss: 32738835.346809, Val Loss: 304594761.457627, LR: 0.000118
Early stopping triggered at epoch 28/100
Best model saved with validation loss: 260470452.949153
[I 2026-03-19 14:06:53,656] Trial 19 finished with value: 553515201.1525424 and parameters: {'cnn_depth': 4, 'cnn_channels_0': 130, 'cnn_channels_1': 218, 'cnn_channels_2': 59, 'cnn_channels_3': 32, 'kernel_size': 5, 'gru_hidden': 296, 'gru_layers': 2, 'bidirectional': False, 'dropout': 0.24345192900622803, 'pool_size': 7, 'lr': 0.001541298294837686}. Best is trial 8 with value: 64777399.084745765.
Epoch 1/100, Train Loss: 489382926.212766, Val Loss: 956553588.203390, LR: 0.001541
Epoch 5/100, Train Loss: 40371445.215957, Val Loss: 879003682.440678, LR: 0.001541
Epoch 10/100, Train Loss: 34858124.244681, Val Loss: 853024042.101695, LR: 0.000771
Early stopping triggered at epoch 12/100
Best model saved with validation loss: 553515201.152542
[I 2026-03-19 14:07:14,371] Trial 20 finished with value: 491989744.30508476 and parameters: {'cnn_depth': 3, 'cnn_channels_0': 255, 'cnn_channels_1': 153, 'cnn_channels_2': 109, 'kernel_size': 5, 'gru_hidden': 411, 'gru_layers': 2, 'bidirectional': True, 'dropout': 0.44645642743612035, 'pool_size': 3, 'lr': 0.005109250995136044}. Best is trial 8 with value: 64777399.084745765.
Epoch 1/100, Train Loss: 278013384.880851, Val Loss: 747385779.694915, LR: 0.005109
Epoch 5/100, Train Loss: 37292487.673404, Val Loss: 720651212.440678, LR: 0.005109
Epoch 10/100, Train Loss: 34229426.875532, Val Loss: 819360290.372881, LR: 0.002555
Early stopping triggered at epoch 12/100
Best model saved with validation loss: 491989744.305085
[I 2026-03-19 14:07:48,104] Trial 21 finished with value: 138731421.81779662 and parameters: {'cnn_depth': 4, 'cnn_channels_0': 223, 'cnn_channels_1': 210, 'cnn_channels_2': 34, 'cnn_channels_3': 53, 'kernel_size': 5, 'gru_hidden': 122, 'gru_layers': 3, 'bidirectional': True, 'dropout': 0.24816989981078552, 'pool_size': 6, 'lr': 0.002589556372294878}. Best is trial 8 with value: 64777399.084745765.
Epoch 1/100, Train Loss: 493522735.353191, Val Loss: 583959149.542373, LR: 0.002590
Epoch 5/100, Train Loss: 50918328.057447, Val Loss: 220310630.618644, LR: 0.002590
Epoch 10/100, Train Loss: 36770286.617021, Val Loss: 786641435.805085, LR: 0.001295
Early stopping triggered at epoch 12/100
Best model saved with validation loss: 138731421.817797
[I 2026-03-19 14:08:39,075] Trial 22 finished with value: 50760332.41949152 and parameters: {'cnn_depth': 4, 'cnn_channels_0': 236, 'cnn_channels_1': 184, 'cnn_channels_2': 54, 'cnn_channels_3': 93, 'kernel_size': 5, 'gru_hidden': 171, 'gru_layers': 3, 'bidirectional': True, 'dropout': 0.3066407856485789, 'pool_size': 6, 'lr': 0.0043095190833700395}. Best is trial 22 with value: 50760332.41949152.
Epoch 1/100, Train Loss: 462214369.429787, Val Loss: 653542869.694915, LR: 0.004310
Epoch 5/100, Train Loss: 45110888.553191, Val Loss: 58073600.220339, LR: 0.004310
Epoch 10/100, Train Loss: 37399388.530851, Val Loss: 79239449.449153, LR: 0.004310
Epoch 15/100, Train Loss: 34781653.472340, Val Loss: 54451652.665254, LR: 0.002155
Early stopping triggered at epoch 18/100
Best model saved with validation loss: 50760332.419492
[I 2026-03-19 14:09:14,892] Trial 23 finished with value: 59670381.55932204 and parameters: {'cnn_depth': 4, 'cnn_channels_0': 200, 'cnn_channels_1': 189, 'cnn_channels_2': 59, 'cnn_channels_3': 98, 'kernel_size': 5, 'gru_hidden': 187, 'gru_layers': 3, 'bidirectional': True, 'dropout': 0.30701800540840113, 'pool_size': 5, 'lr': 0.001827162986248249}. Best is trial 22 with value: 50760332.41949152.
Epoch 1/100, Train Loss: 495237981.208511, Val Loss: 648198833.355932, LR: 0.001827
Epoch 5/100, Train Loss: 41714174.774468, Val Loss: 74002486.076271, LR: 0.001827
Epoch 10/100, Train Loss: 37274866.089362, Val Loss: 581763314.338983, LR: 0.001827
Early stopping triggered at epoch 14/100
Best model saved with validation loss: 59670381.559322
[I 2026-03-19 14:09:50,420] Trial 24 finished with value: 383108852.3135593 and parameters: {'cnn_depth': 4, 'cnn_channels_0': 197, 'cnn_channels_1': 188, 'cnn_channels_2': 72, 'cnn_channels_3': 159, 'kernel_size': 5, 'gru_hidden': 200, 'gru_layers': 3, 'bidirectional': True, 'dropout': 0.31916862673336194, 'pool_size': 5, 'lr': 0.0048378329168156774}. Best is trial 22 with value: 50760332.41949152.
Epoch 1/100, Train Loss: 456716956.765957, Val Loss: 648198833.355932, LR: 0.004838
Epoch 5/100, Train Loss: 45203966.574468, Val Loss: 610798327.550847, LR: 0.004838
Epoch 10/100, Train Loss: 36891992.843617, Val Loss: 897681406.576271, LR: 0.004838
Early stopping triggered at epoch 14/100
Best model saved with validation loss: 383108852.313559
[I 2026-03-19 14:10:28,479] Trial 25 finished with value: 75771377.30508475 and parameters: {'cnn_depth': 3, 'cnn_channels_0': 238, 'cnn_channels_1': 225, 'cnn_channels_2': 89, 'kernel_size': 5, 'gru_hidden': 255, 'gru_layers': 3, 'bidirectional': True, 'dropout': 0.2833701867714673, 'pool_size': 5, 'lr': 0.0007194603597377344}. Best is trial 22 with value: 50760332.41949152.
Epoch 1/100, Train Loss: 535081796.561702, Val Loss: 762696850.474576, LR: 0.000719
Epoch 5/100, Train Loss: 51134814.953191, Val Loss: 75771377.305085, LR: 0.000719
Epoch 10/100, Train Loss: 34468193.500000, Val Loss: 612301217.686441, LR: 0.000719
Early stopping triggered at epoch 15/100
Best model saved with validation loss: 75771377.305085
[I 2026-03-19 14:10:53,824] Trial 26 finished with value: 503399905.9322034 and parameters: {'cnn_depth': 4, 'cnn_channels_0': 192, 'cnn_channels_1': 182, 'cnn_channels_2': 166, 'cnn_channels_3': 100, 'kernel_size': 3, 'gru_hidden': 195, 'gru_layers': 3, 'bidirectional': False, 'dropout': 0.35675393053994914, 'pool_size': 4, 'lr': 0.0017242788733666718}. Best is trial 22 with value: 50760332.41949152.
Epoch 1/100, Train Loss: 521989393.770213, Val Loss: 704311518.915254, LR: 0.001724
Epoch 5/100, Train Loss: 430015345.565957, Val Loss: 587430396.474576, LR: 0.001724
Epoch 10/100, Train Loss: 41530556.165957, Val Loss: 804525207.864407, LR: 0.001724
Epoch 15/100, Train Loss: 35849503.951064, Val Loss: 994305714.271186, LR: 0.000862
Early stopping triggered at epoch 16/100
Best model saved with validation loss: 503399905.932203
[I 2026-03-19 14:11:39,933] Trial 27 finished with value: 61670361.6779661 and parameters: {'cnn_depth': 3, 'cnn_channels_0': 205, 'cnn_channels_1': 139, 'cnn_channels_2': 82, 'kernel_size': 5, 'gru_hidden': 171, 'gru_layers': 3, 'bidirectional': True, 'dropout': 0.38262114559458726, 'pool_size': 7, 'lr': 0.0048231861453783215}. Best is trial 22 with value: 50760332.41949152.
Epoch 1/100, Train Loss: 459952938.961702, Val Loss: 651728765.830508, LR: 0.004823
Epoch 5/100, Train Loss: 43509180.561702, Val Loss: 61670361.677966, LR: 0.004823
Epoch 10/100, Train Loss: 36927501.017021, Val Loss: 598892640.262712, LR: 0.004823
Early stopping triggered at epoch 15/100
Best model saved with validation loss: 61670361.677966
[I 2026-03-19 14:12:17,785] Trial 28 finished with value: 70241376.09745763 and parameters: {'cnn_depth': 4, 'cnn_channels_0': 199, 'cnn_channels_1': 120, 'cnn_channels_2': 53, 'cnn_channels_3': 166, 'kernel_size': 5, 'gru_hidden': 187, 'gru_layers': 3, 'bidirectional': True, 'dropout': 0.3851412967448321, 'pool_size': 7, 'lr': 0.0053218547902008214}. Best is trial 22 with value: 50760332.41949152.
Epoch 1/100, Train Loss: 455514608.510638, Val Loss: 571939439.423729, LR: 0.005322
Epoch 5/100, Train Loss: 42413910.959574, Val Loss: 680567620.406780, LR: 0.005322
Epoch 10/100, Train Loss: 36230490.085106, Val Loss: 906110210.372881, LR: 0.002661
Early stopping triggered at epoch 12/100
Best model saved with validation loss: 70241376.097458
[I 2026-03-19 14:13:08,829] Trial 29 finished with value: 58052786.016949154 and parameters: {'cnn_depth': 2, 'cnn_channels_0': 240, 'cnn_channels_1': 168, 'kernel_size': 5, 'gru_hidden': 176, 'gru_layers': 3, 'bidirectional': True, 'dropout': 0.3250049708629122, 'pool_size': 8, 'lr': 0.009357626053880144}. Best is trial 22 with value: 50760332.41949152.
Epoch 1/100, Train Loss: 446591501.259574, Val Loss: 641532185.084746, LR: 0.009358
Epoch 5/100, Train Loss: 46421568.838298, Val Loss: 103169056.440678, LR: 0.009358
Epoch 10/100, Train Loss: 38915660.373404, Val Loss: 70448607.457627, LR: 0.009358
Epoch 15/100, Train Loss: 36003683.528723, Val Loss: 94897024.440678, LR: 0.004679
Early stopping triggered at epoch 16/100
Best model saved with validation loss: 58052786.016949
Epoch 1/100, Train Loss: 463563964.680851, Val Loss: 641532185.084746, LR: 0.004310
Epoch 5/100, Train Loss: 43019890.136170, Val Loss: 645603360.347458, LR: 0.004310
Epoch 10/100, Train Loss: 35491526.786170, Val Loss: 716711161.949153, LR: 0.002155
Early stopping triggered at epoch 13/100
Best model saved with validation loss: 494748347.940678

--- Metrics for all houses ---

Metrics:
MAE sklearn (lower is better):  2606.561767578125
Normalized MAE (lower is better):  0.19153167
MAPE sklearn (lower is better):  6.851164155055964e+17 %
MSE (lower is better):  28991954.0
RMSE (lower is better):  5384.417702964732
NRMSE (lower is better):  0.39565012
R2 (higher is better):  0.9500476121902466


--- Metrics for house id 3 ---

Metrics:
MAE sklearn (lower is better):  2606.561767578125
Normalized MAE (lower is better):  0.19153167
MAPE sklearn (lower is better):  6.851164155055964e+17 %
MSE (lower is better):  28991954.0
RMSE (lower is better):  5384.417702964732
NRMSE (lower is better):  0.39565012
R2 (higher is better):  0.9500476121902466

--------------------  Sites for site_id 4: ['aieg_AIEGINPV_250692460/consumption']  --------------------
Creating temporal split:   0%|          | 0/1 [00:00<?, ?it/s]Creating temporal split: 100%|██████████| 1/1 [00:00<00:00,  1.60it/s]Creating temporal split: 100%|██████████| 1/1 [00:00<00:00,  1.60it/s]
Initialization of the data and indices:   0%|          | 0/1 [00:00<?, ?it/s]Initialization of the data and indices: 100%|██████████| 1/1 [00:00<00:00,  1.57it/s]Initialization of the data and indices: 100%|██████████| 1/1 [00:00<00:00,  1.57it/s]
Initialization of the data and indices:   0%|          | 0/1 [00:00<?, ?it/s]Initialization of the data and indices: 100%|██████████| 1/1 [00:00<00:00,  1.15it/s]Initialization of the data and indices: 100%|██████████| 1/1 [00:00<00:00,  1.15it/s]
Initialization of the data and indices:   0%|          | 0/1 [00:00<?, ?it/s]Initialization of the data and indices: 100%|██████████| 1/1 [00:00<00:00,  1.31it/s]Initialization of the data and indices: 100%|██████████| 1/1 [00:00<00:00,  1.31it/s]
[I 2026-03-19 14:14:11,502] A new study created in memory with name: no-name-ca13d760-fee6-41d6-9d74-5a0139138162
[I 2026-03-19 14:14:44,671] Trial 0 finished with value: 20488743.82045201 and parameters: {'cnn_depth': 2, 'cnn_channels_0': 133, 'cnn_channels_1': 86, 'kernel_size': 3, 'gru_hidden': 240, 'gru_layers': 1, 'bidirectional': False, 'dropout': 0.3778336007549755, 'pool_size': 7, 'lr': 0.0006819293174247944}. Best is trial 0 with value: 20488743.82045201.
Epoch 1/100, Train Loss: 1395998586.462921, Val Loss: 429563615.373138, LR: 0.000682
Epoch 5/100, Train Loss: 165402050.053933, Val Loss: 30481114.214355, LR: 0.000682
Epoch 10/100, Train Loss: 101199030.682022, Val Loss: 35900479.747419, LR: 0.000682
Epoch 15/100, Train Loss: 93833825.826966, Val Loss: 48592155.099121, LR: 0.000341
Early stopping triggered at epoch 16/100
Best model saved with validation loss: 20488743.820452
[I 2026-03-19 14:15:47,455] Trial 1 finished with value: 26190339.346679688 and parameters: {'cnn_depth': 3, 'cnn_channels_0': 77, 'cnn_channels_1': 38, 'cnn_channels_2': 37, 'kernel_size': 3, 'gru_hidden': 324, 'gru_layers': 1, 'bidirectional': False, 'dropout': 0.48078007265184186, 'pool_size': 6, 'lr': 0.00010121704068380014}. Best is trial 0 with value: 20488743.82045201.
Epoch 1/100, Train Loss: 1490998043.397753, Val Loss: 572299759.791853, LR: 0.000101
Epoch 5/100, Train Loss: 1233134485.249438, Val Loss: 414368301.622001, LR: 0.000101
Epoch 10/100, Train Loss: 689309921.725843, Val Loss: 174662388.929260, LR: 0.000101
Epoch 15/100, Train Loss: 331877965.730337, Val Loss: 58909868.166853, LR: 0.000101
Epoch 20/100, Train Loss: 167677056.087640, Val Loss: 26190339.346680, LR: 0.000101
Epoch 25/100, Train Loss: 111247033.532584, Val Loss: 35074013.413853, LR: 0.000101
Early stopping triggered at epoch 30/100
Best model saved with validation loss: 26190339.346680
