[I 2026-03-17 12:57:25,382] Trial 28 finished with value: 2920.278281024361 and parameters: {'max_depth': 5, 'learning_rate': 0.0508800705498343, 'subsample': 0.7693084532027348, 'colsample_bytree': 0.8828069937591599, 'reg_alpha': 0.6750606159804856, 'reg_lambda': 3.193118540472412}. Best is trial 21 with value: 2914.6407833312037.
[I 2026-03-17 12:57:25,625] Trial 29 finished with value: 3065.9462854596177 and parameters: {'max_depth': 7, 'learning_rate': 0.04992959738888615, 'subsample': 0.7704051750261415, 'colsample_bytree': 0.9577774895022765, 'reg_alpha': 0.6040437041464433, 'reg_lambda': 2.3409940238474487}. Best is trial 21 with value: 2914.6407833312037.
['ap-0', 'hour_sin-4', 'is_peak_hour-1', 'hour_sin-3', 'hour_sin-5', 'month-2', 'month_cos-0', 'is_peak_hour-0', 'temp_soil_avg_20cm-3', 'hour-3', 'hour-2', 'temp_soil_avg_5cm-1', 'hour-1', 'is_peak_hour-3', 'hour_sin-2', 'dayofweek-0', 'season-0', 'rolling_max-6', 'temp_soil_avg_50cm-6', 'short_wave_from_sky_avg-1', 'rolling_max-0', 'is_peak_hour-4', 'short_wave_from_sky_avg-5', 'rolling_median-2', 'month-1', 'short_wave_from_sky_avg-6', 'ap-1', 'is_peak_hour-6', 'season_sin-0', 'temp_soil_avg-0', 'rolling_min-0', 'temp_soil_avg-5', 'hour_sin-0', 'dayofweek-6', 'dayofweek_cos-6', 'short_wave_from_sky_avg-2', 'diff_1-0', 'month-0', 'ewm_mean-7', 'hour_cos-6', 'hour_sin-7', 'temp_grass_pt100_avg-7', 'hour_cos-5', 'sun_duration-6', 'short_wave_from_sky_avg-7', 'temp_soil_avg_5cm-5', 'temp_grass_pt100_avg-4', 'temp_grass_pt100_avg-5', 'sun_duration-5', 'weekofyear-0']
{'max_depth': 4, 'learning_rate': 0.08093418520692468, 'subsample': 0.8169111402215141, 'colsample_bytree': 0.9067652905816427, 'reg_alpha': 0.8755662226961031, 'reg_lambda': 2.1808816783703535}

Metrics:
MAE sklearn (lower is better):  3826.3418464487017
Normalized MAE (lower is better):  0.1635254794783816
MAPE sklearn (lower is better):  1.5794338598510781e+18 %
MSE (lower is better):  36328470.042475365
RMSE (lower is better):  6027.310348942998
NRMSE (lower is better):  0.25758775727022043
R2 (higher is better):  0.9324386259157199

--------------------  Sites for site_id 7: ['aieg_FABLANTO_213310817/consumption']  --------------------
['ap-0', 'is_peak_hour-4', 'temp_soil_avg_5cm-0', 'temp_soil_avg_20cm-3', 'is_peak_hour-2', 'temp_soil_avg_5cm-4', 'ewm_mean-0', 'temp_soil_avg_20cm-4', 'is_peak_hour-3', 'rolling_min-0', 'temp_soil_avg_50cm-2', 'rolling_median-1', 'rolling_max-0', 'temp_soil_avg_5cm-7', 'temp_soil_avg-6', 'pressure-5', 'hour-0', 'hour-3', 'temp_grass_pt100_avg-7', 'hour-1', 'is_peak_hour-6', 'temp_soil_avg_50cm-7', 'hour_cos-7', 'temp_soil_avg_50cm-4', 'temp_soil_avg_50cm-1', 'rolling_mean-0', 'hour-7', 'hour_cos-6', 'temp_soil_avg_20cm-5', 'weekofyear-7', 'ap-2', 'is_peak_hour-0', 'temp_soil_avg-1', 'temp_soil_avg_10cm-3', 'rolling_median-2', 'temp_soil_avg_50cm-6', 'year-0', 'rolling_max-6', 'rolling_min-4', 'rolling_mean-2', 'year-6', 'rolling_min-5', 'rolling_mean-4', 'hour_cos-1', 'temp_soil_avg_10cm-1', 'temp_soil_avg_5cm-3', 'rolling_min-6', 'rolling_mean-6', 'temp_dry_shelter_avg-5', 'hour_cos-2']
{'max_depth': 5, 'learning_rate': 0.09141730261139565, 'subsample': 0.8617907621335952, 'colsample_bytree': 0.9164352729699003, 'reg_alpha': 0.5890269755327847, 'reg_lambda': 3.429081752359987}

Metrics:
MAE sklearn (lower is better):  374.3273351273353
Normalized MAE (lower is better):  0.12074009982941336
MAPE sklearn (lower is better):  2.232773263962083e+17 %
MSE (lower is better):  532338.404992152
RMSE (lower is better):  729.6152444899654
NRMSE (lower is better):  0.2353389912783508
R2 (higher is better):  0.9721979339576018

====================  Starting training for production sites  ====================
--------------------  Sites for site_id 1: ['aieg_CHAMAIEG_217158317/production', 'aieg_CHAMAIEG_217158406/production', 'aieg_CHAMAIEG_219792511/consumption', 'aieg_CHAMAIEG_219792511/production', 'aieg_CHAMAIEG_250692408/production']  --------------------
['ap-0', 'hour-1', 'short_wave_from_sky_avg-5', 'sun_duration-1', 'sun_duration-0', 'short_wave_from_sky_avg-7', 'short_wave_from_sky_avg-4', 'hour_cos-2', 'hour-3', 'hour-0', 'short_wave_from_sky_avg-1', 'temp_grass_pt100_avg-5', 'hour-2', 'temp_grass_pt100_avg-4', 'short_wave_from_sky_avg-0', 'rolling_max-1', 'hour_cos-4', 'rolling_median-0', 'hour_cos-0', 'temp_dry_shelter_avg-1', 'diff_2-1', 'short_wave_from_sky_avg-3', 'humidity_rel_shelter_avg-1', 'ap-3', 'short_wave_from_sky_avg-2', 'rolling_mean-2', 'short_wave_from_sky_avg-6', 'rolling_min-7', 'sun_duration-7', 'rolling_max-3', 'pressure-3', 'sun_int_avg-3', 'temp_dry_shelter_avg-7', 'temp_soil_avg_5cm-1', 'diff_1-7', 'humidity_rel_shelter_avg-2', 'rolling_median-3', 'sun_duration-5', 'rolling_max-7', 'ap-2', 'wind_gusts_speed-0', 'temp_grass_pt100_avg-3', 'temp_soil_avg_50cm-7', 'rolling_max-0', 'temp_soil_avg-1', 'diff_2-0', 'hour_cos-1', 'temp_grass_pt100_avg-2', 'ewm_mean-2', 'diff_1-6']
{'max_depth': 9, 'learning_rate': 0.0327148652237389, 'subsample': 0.6957611509524712, 'colsample_bytree': 0.9459841679119942, 'reg_alpha': 0.6382939089779562, 'reg_lambda': 2.685465850508295}

Metrics:
MAE sklearn (lower is better):  9928.408421436288
Normalized MAE (lower is better):  0.25587429212814994
MAPE sklearn (lower is better):  5.33580804659493e+18 %
MSE (lower is better):  374278296.80026597
RMSE (lower is better):  19346.273460288572
NRMSE (lower is better):  0.4985908936099983
R2 (higher is better):  0.9233471872212128

--------------------  Sites for site_id 2: ['aieg_CHAAIEG2_250692408/consumption']  --------------------
['ap-0', 'short_wave_from_sky_avg-1', 'hour-3', 'year-0', 'hour-0', 'short_wave_from_sky_avg-4', 'hour-1', 'short_wave_from_sky_avg-2', 'short_wave_from_sky_avg-0', 'precip_quantity-2', 'hour-2', 'hour_cos-0', 'short_wave_from_sky_avg-6', 'short_wave_from_sky_avg-7', 'temp_soil_avg-6', 'sun_duration-6', 'ap-1', 'temp_dry_shelter_avg-5', 'short_wave_from_sky_avg-5', 'rolling_max-1', 'ap-2', 'ewm_mean-3', 'temp_grass_pt100_avg-7', 'sun_duration-7', 'temp_soil_avg_50cm-4', 'humidity_rel_shelter_avg-4', 'rolling_max-0', 'rolling_median-3', 'sun_duration-3', 'temp_soil_avg_10cm-3', 'precip_quantity-3', 'humidity_rel_shelter_avg-3', 'rolling_median-4', 'short_wave_from_sky_avg-3', 'hour_cos-6', 'rolling_std-5', 'rolling_mean-2', 'ewm_mean-0', 'temp_soil_avg-0', 'sun_duration-5', 'temp_soil_avg_50cm-6', 'rolling_min-4', 'rolling_std-6', 'sun_int_avg-6', 'rolling_min-2', 'rolling_mean-0', 'rolling_max-5', 'rolling_min-7', 'temp_soil_avg_50cm-3', 'pressure-2']
{'max_depth': 7, 'learning_rate': 0.011887058295990419, 'subsample': 0.6119089150757979, 'colsample_bytree': 0.7692473670464074, 'reg_alpha': 0.875333808833979, 'reg_lambda': 3.111175992966092}

Metrics:
MAE sklearn (lower is better):  3240.5578722222263
Normalized MAE (lower is better):  0.14709706977931686
MAPE sklearn (lower is better):  4.7702094172627245e+17 %
MSE (lower is better):  43087995.8613711
RMSE (lower is better):  6564.144716668814
NRMSE (lower is better):  0.2979630333733942
R2 (higher is better):  0.9420545597520374

--------------------  Sites for site_id 3: ['aieg_SPORAIEG_217158317/consumption']  --------------------
['ap-0', 'hour-2', 'sun_duration-7', 'short_wave_from_sky_avg-1', 'precip_quantity-5', 'hour-1', 'hour-0', 'short_wave_from_sky_avg-3', 'short_wave_from_sky_avg-0', 'rolling_max-0', 'humidity_rel_shelter_avg-1', 'short_wave_from_sky_avg-4', 'precip_quantity-0', 'temp_soil_avg_20cm-4', 'ap-2', 'short_wave_from_sky_avg-6', 'short_wave_from_sky_avg-2', 'temp_soil_avg_20cm-3', 'rolling_mean-0', 'hour_cos-2', 'season_sin-0', 'sun_int_avg-5', 'ap-1', 'sun_duration-6', 'temp_soil_avg_5cm-1', 'hour_cos-0', 'temp_soil_avg_10cm-3', 'wind_gusts_speed-0', 'hour_cos-5', 'temp_dry_shelter_avg-6', 'short_wave_from_sky_avg-7', 'sun_int_avg-7', 'rolling_median-4', 'sun_int_avg-6', 'rolling_max-1', 'temp_soil_avg_50cm-5', 'rolling_std-7', 'rolling_median-2', 'diff_1-3', 'short_wave_from_sky_avg-5', 'sun_duration-3', 'ewm_mean-2', 'pressure-6', 'ewm_mean-7', 'pressure-5', 'hour-3', 'diff_2-4', 'ewm_mean-6', 'humidity_rel_shelter_avg-3', 'rolling_min-5']
{'max_depth': 4, 'learning_rate': 0.03486923725078751, 'subsample': 0.7409967683714869, 'colsample_bytree': 0.9514185647435535, 'reg_alpha': 0.6330907791376041, 'reg_lambda': 3.5842390138274256}

Metrics:
MAE sklearn (lower is better):  1488.000983445016
Normalized MAE (lower is better):  0.10934359656859892
MAPE sklearn (lower is better):  3.005386971153941e+17 %
MSE (lower is better):  14797931.204746526
RMSE (lower is better):  3846.8079240776406
NRMSE (lower is better):  0.28267710734532436
R2 (higher is better):  0.9744065019422774

--------------------  Sites for site_id 4: ['aieg_AIEGINPV_250692460/consumption']  --------------------
[I 2026-03-17 12:57:39,296] A new study created in memory with name: no-name-8f49fc6d-e0db-4341-a3ea-2670bd1255f5
[I 2026-03-17 12:57:39,772] Trial 0 finished with value: 1517.9773139054273 and parameters: {'max_depth': 7, 'learning_rate': 0.038282775177213395, 'subsample': 0.8080369408024451, 'colsample_bytree': 0.8418153009231827, 'reg_alpha': 0.4216271593920432, 'reg_lambda': 2.466579018808334}. Best is trial 0 with value: 1517.9773139054273.
[I 2026-03-17 12:57:40,024] Trial 1 finished with value: 1513.512770044914 and parameters: {'max_depth': 7, 'learning_rate': 0.08985394175769165, 'subsample': 0.6429544400395543, 'colsample_bytree': 0.7913355047028623, 'reg_alpha': 0.026556743774216462, 'reg_lambda': 2.9168095641514507}. Best is trial 1 with value: 1513.512770044914.
[I 2026-03-17 12:57:40,279] Trial 2 finished with value: 1541.1749268755832 and parameters: {'max_depth': 7, 'learning_rate': 0.07564533437642161, 'subsample': 0.6298097466312843, 'colsample_bytree': 0.684631953095669, 'reg_alpha': 0.15180487433371181, 'reg_lambda': 2.976321380493936}. Best is trial 1 with value: 1513.512770044914.
[I 2026-03-17 12:57:42,109] Trial 3 finished with value: 1494.8207817164625 and parameters: {'max_depth': 10, 'learning_rate': 0.049131383487198456, 'subsample': 0.6949747566550848, 'colsample_bytree': 0.6772329260978571, 'reg_alpha': 0.5935059852462938, 'reg_lambda': 0.9202086950728711}. Best is trial 3 with value: 1494.8207817164625.
[I 2026-03-17 12:57:42,575] Trial 4 finished with value: 1798.3332528037836 and parameters: {'max_depth': 3, 'learning_rate': 0.01442887999135396, 'subsample': 0.7000590353750673, 'colsample_bytree': 0.8070885179503333, 'reg_alpha': 0.016211523800483518, 'reg_lambda': 1.205824892045999}. Best is trial 3 with value: 1494.8207817164625.
[I 2026-03-17 12:57:42,682] Trial 5 finished with value: 1641.417746519527 and parameters: {'max_depth': 5, 'learning_rate': 0.09165481070274131, 'subsample': 0.8138833260638823, 'colsample_bytree': 0.6295520443885355, 'reg_alpha': 0.5271137810611582, 'reg_lambda': 0.7469010960949807}. Best is trial 3 with value: 1494.8207817164625.
[I 2026-03-17 12:57:42,786] Trial 6 finished with value: 1697.8477794428807 and parameters: {'max_depth': 3, 'learning_rate': 0.06885160993217196, 'subsample': 0.9465088396603889, 'colsample_bytree': 0.9386433750655137, 'reg_alpha': 0.30031985587578724, 'reg_lambda': 2.6848455069184443}. Best is trial 3 with value: 1494.8207817164625.
[I 2026-03-17 12:57:43,666] Trial 7 finished with value: 1445.3742533086927 and parameters: {'max_depth': 9, 'learning_rate': 0.08817069049616195, 'subsample': 0.9499587500795755, 'colsample_bytree': 0.6386315524986239, 'reg_alpha': 0.11166656587450086, 'reg_lambda': 3.8896883902728403}. Best is trial 7 with value: 1445.3742533086927.
[I 2026-03-17 12:57:43,811] Trial 8 finished with value: 1701.8766252714163 and parameters: {'max_depth': 5, 'learning_rate': 0.06725900625395574, 'subsample': 0.6157023093513703, 'colsample_bytree': 0.7622990675892463, 'reg_alpha': 0.12381161834680166, 'reg_lambda': 0.6187871822147778}. Best is trial 7 with value: 1445.3742533086927.
[I 2026-03-17 12:57:46,962] Trial 9 finished with value: 1446.0208369864529 and parameters: {'max_depth': 10, 'learning_rate': 0.02685636205605931, 'subsample': 0.947415219188766, 'colsample_bytree': 0.8655724475380966, 'reg_alpha': 0.17702504309221623, 'reg_lambda': 2.6001779266155016}. Best is trial 7 with value: 1445.3742533086927.
[I 2026-03-17 12:57:47,482] Trial 10 finished with value: 1493.4743752715094 and parameters: {'max_depth': 9, 'learning_rate': 0.09177296672249106, 'subsample': 0.8846243678279966, 'colsample_bytree': 0.7188332711504296, 'reg_alpha': 0.8662913745122498, 'reg_lambda': 4.750227462383755}. Best is trial 7 with value: 1445.3742533086927.
[I 2026-03-17 12:57:49,798] Trial 11 finished with value: 1451.046493695286 and parameters: {'max_depth': 9, 'learning_rate': 0.019069503116304606, 'subsample': 0.9925897854296902, 'colsample_bytree': 0.9156722214131829, 'reg_alpha': 0.2750148525707766, 'reg_lambda': 4.143418724021384}. Best is trial 7 with value: 1445.3742533086927.
[I 2026-03-17 12:57:51,686] Trial 12 finished with value: 1432.6563535722962 and parameters: {'max_depth': 9, 'learning_rate': 0.029928699607683167, 'subsample': 0.8919736046039295, 'colsample_bytree': 0.8661815581782646, 'reg_alpha': 0.2801186794825161, 'reg_lambda': 3.8132026835562716}. Best is trial 12 with value: 1432.6563535722962.
[I 2026-03-17 12:57:52,503] Trial 13 finished with value: 1436.531181222672 and parameters: {'max_depth': 8, 'learning_rate': 0.04977012966917006, 'subsample': 0.8763983575233972, 'colsample_bytree': 0.991094549644802, 'reg_alpha': 0.38100043931544403, 'reg_lambda': 3.810898313580483}. Best is trial 12 with value: 1432.6563535722962.
[I 2026-03-17 12:57:53,335] Trial 14 finished with value: 1496.5097214468335 and parameters: {'max_depth': 8, 'learning_rate': 0.04011999335179593, 'subsample': 0.8615791979577492, 'colsample_bytree': 0.998606937314196, 'reg_alpha': 0.6775555413683708, 'reg_lambda': 3.6963545229971064}. Best is trial 12 with value: 1432.6563535722962.
[I 2026-03-17 12:57:53,929] Trial 15 finished with value: 1477.910763278959 and parameters: {'max_depth': 8, 'learning_rate': 0.05452005546155633, 'subsample': 0.8740716534129903, 'colsample_bytree': 0.974468417348794, 'reg_alpha': 0.4162398059680272, 'reg_lambda': 4.943178578877733}. Best is trial 12 with value: 1432.6563535722962.
[I 2026-03-17 12:57:54,334] Trial 16 finished with value: 1592.5696701658196 and parameters: {'max_depth': 5, 'learning_rate': 0.030280180399552974, 'subsample': 0.7566020307937869, 'colsample_bytree': 0.8970670489094883, 'reg_alpha': 0.72089680207547, 'reg_lambda': 3.43566322039679}. Best is trial 12 with value: 1432.6563535722962.
[I 2026-03-17 12:57:54,961] Trial 17 finished with value: 1477.1961218876481 and parameters: {'max_depth': 8, 'learning_rate': 0.04546712177891869, 'subsample': 0.9017723912542438, 'colsample_bytree': 0.953287232918469, 'reg_alpha': 0.3048303595852275, 'reg_lambda': 4.299788160288909}. Best is trial 12 with value: 1432.6563535722962.
[I 2026-03-17 12:57:55,190] Trial 18 finished with value: 1530.6511345386104 and parameters: {'max_depth': 6, 'learning_rate': 0.06281981169798762, 'subsample': 0.8340779219155576, 'colsample_bytree': 0.8741809047028303, 'reg_alpha': 0.37048563053310984, 'reg_lambda': 1.8587978086781756}. Best is trial 12 with value: 1432.6563535722962.
[I 2026-03-17 12:57:57,938] Trial 19 finished with value: 1436.3377801001516 and parameters: {'max_depth': 10, 'learning_rate': 0.02846959822220434, 'subsample': 0.7787002526404159, 'colsample_bytree': 0.8425822992255484, 'reg_alpha': 0.9672010856960866, 'reg_lambda': 2.0204022925923404}. Best is trial 12 with value: 1432.6563535722962.
[I 2026-03-17 12:58:05,867] Trial 20 finished with value: 1432.417513946536 and parameters: {'max_depth': 10, 'learning_rate': 0.01081919586749678, 'subsample': 0.771031686993944, 'colsample_bytree': 0.8327623426872979, 'reg_alpha': 0.9046345870503245, 'reg_lambda': 1.7618060021836404}. Best is trial 20 with value: 1432.417513946536.
[I 2026-03-17 12:58:12,277] Trial 21 finished with value: 1450.224674245731 and parameters: {'max_depth': 10, 'learning_rate': 0.010521327224613849, 'subsample': 0.7753247538045757, 'colsample_bytree': 0.826911255466318, 'reg_alpha': 0.9907995995665383, 'reg_lambda': 1.7281426050559883}. Best is trial 20 with value: 1432.417513946536.
[I 2026-03-17 12:58:14,916] Trial 22 finished with value: 1533.8625170217617 and parameters: {'max_depth': 10, 'learning_rate': 0.025610314936210642, 'subsample': 0.7486585123740725, 'colsample_bytree': 0.7678182971259513, 'reg_alpha': 0.9766710633108843, 'reg_lambda': 0.10435809055837919}. Best is trial 20 with value: 1432.417513946536.
[I 2026-03-17 12:58:17,055] Trial 23 finished with value: 1451.5405272993185 and parameters: {'max_depth': 9, 'learning_rate': 0.02117457625839787, 'subsample': 0.7357272411045461, 'colsample_bytree': 0.8517482264488057, 'reg_alpha': 0.8449548868475003, 'reg_lambda': 1.8947460240583271}. Best is trial 20 with value: 1432.417513946536.
[I 2026-03-17 12:58:19,124] Trial 24 finished with value: 1439.3897094905894 and parameters: {'max_depth': 10, 'learning_rate': 0.034776441750808434, 'subsample': 0.7849656907499638, 'colsample_bytree': 0.8970354105253545, 'reg_alpha': 0.8477158435777282, 'reg_lambda': 2.205186530284729}. Best is trial 20 with value: 1432.417513946536.
[I 2026-03-17 12:58:22,777] Trial 25 finished with value: 1475.597759239867 and parameters: {'max_depth': 9, 'learning_rate': 0.010285652726347847, 'subsample': 0.709862685224407, 'colsample_bytree': 0.8053556372617195, 'reg_alpha': 0.7603634083657114, 'reg_lambda': 1.3721812323580846}. Best is trial 20 with value: 1432.417513946536.
[I 2026-03-17 12:58:27,497] Trial 26 finished with value: 1445.9449666456462 and parameters: {'max_depth': 10, 'learning_rate': 0.018493579421223975, 'subsample': 0.8367224488132501, 'colsample_bytree': 0.7579744985070933, 'reg_alpha': 0.921865001568023, 'reg_lambda': 1.510063701642795}. Best is trial 20 with value: 1432.417513946536.
[I 2026-03-17 12:58:28,908] Trial 27 finished with value: 1461.9396567918798 and parameters: {'max_depth': 9, 'learning_rate': 0.03357107727425341, 'subsample': 0.9191247194177296, 'colsample_bytree': 0.8819765298177772, 'reg_alpha': 0.624253028368327, 'reg_lambda': 2.130075458506529}. Best is trial 20 with value: 1432.417513946536.
[I 2026-03-17 12:58:31,977] Trial 28 finished with value: 1448.641259615387 and parameters: {'max_depth': 10, 'learning_rate': 0.024036959849333437, 'subsample': 0.6657981230571512, 'colsample_bytree': 0.8263868444394614, 'reg_alpha': 0.7951029539407211, 'reg_lambda': 2.272186620782894}. Best is trial 20 with value: 1432.417513946536.
[I 2026-03-17 12:58:32,438] Trial 29 finished with value: 1522.837571278637 and parameters: {'max_depth': 6, 'learning_rate': 0.044743573868935196, 'subsample': 0.80941781255545, 'colsample_bytree': 0.8493203547817687, 'reg_alpha': 0.5136509313751076, 'reg_lambda': 3.3658666590430704}. Best is trial 20 with value: 1432.417513946536.
[I 2026-03-17 12:59:13,652] A new study created in memory with name: no-name-64e7b334-54c0-42af-aa3b-79f634c40f00
[I 2026-03-17 12:59:14,047] Trial 0 finished with value: 312.43419119023883 and parameters: {'max_depth': 5, 'learning_rate': 0.036488793286849, 'subsample': 0.7703639072530131, 'colsample_bytree': 0.9403796372818848, 'reg_alpha': 0.9047098069156045, 'reg_lambda': 4.851045721000094}. Best is trial 0 with value: 312.43419119023883.
[I 2026-03-17 12:59:20,161] Trial 1 finished with value: 318.20965586951075 and parameters: {'max_depth': 10, 'learning_rate': 0.010448106175926388, 'subsample': 0.9329283696008707, 'colsample_bytree': 0.7513375879132773, 'reg_alpha': 0.15597399776390708, 'reg_lambda': 2.830545545040764}. Best is trial 0 with value: 312.43419119023883.
[I 2026-03-17 12:59:20,557] Trial 2 finished with value: 321.2701467195771 and parameters: {'max_depth': 5, 'learning_rate': 0.03045099379079197, 'subsample': 0.6993566229153245, 'colsample_bytree': 0.6696810074874052, 'reg_alpha': 0.7658462712485957, 'reg_lambda': 0.538482486472554}. Best is trial 0 with value: 312.43419119023883.
[I 2026-03-17 12:59:21,721] Trial 3 finished with value: 325.43416257850055 and parameters: {'max_depth': 10, 'learning_rate': 0.04684419109961185, 'subsample': 0.6036309153970443, 'colsample_bytree': 0.6430696759733034, 'reg_alpha': 0.3866644701389065, 'reg_lambda': 4.4386992294826735}. Best is trial 0 with value: 312.43419119023883.
[I 2026-03-17 12:59:21,926] Trial 4 finished with value: 310.93755003904954 and parameters: {'max_depth': 5, 'learning_rate': 0.05824785114529301, 'subsample': 0.9839545890666042, 'colsample_bytree': 0.6942604286961657, 'reg_alpha': 0.11448363121369054, 'reg_lambda': 4.0114916549895145}. Best is trial 4 with value: 310.93755003904954.
[I 2026-03-17 12:59:22,234] Trial 5 finished with value: 353.48577100089057 and parameters: {'max_depth': 3, 'learning_rate': 0.02164324698099828, 'subsample': 0.9081682841680474, 'colsample_bytree': 0.8483793272955298, 'reg_alpha': 0.4517395630936786, 'reg_lambda': 4.92018253309535}. Best is trial 4 with value: 310.93755003904954.
[I 2026-03-17 12:59:22,428] Trial 6 finished with value: 355.04601544061774 and parameters: {'max_depth': 3, 'learning_rate': 0.0447457226239809, 'subsample': 0.608029672074368, 'colsample_bytree': 0.7180635422030646, 'reg_alpha': 0.09724997857143303, 'reg_lambda': 0.16253901940456839}. Best is trial 4 with value: 310.93755003904954.
[I 2026-03-17 12:59:22,615] Trial 7 finished with value: 312.0164100419957 and parameters: {'max_depth': 6, 'learning_rate': 0.07201267280283533, 'subsample': 0.8957398184397564, 'colsample_bytree': 0.6932660054080305, 'reg_alpha': 0.21405354060302395, 'reg_lambda': 4.183180616530052}. Best is trial 4 with value: 310.93755003904954.
