[I 2026-03-17 12:54:09,390] Trial 8 finished with value: 292.9090210269519 and parameters: {'max_depth': 3, 'learning_rate': 0.0635651749988386, 'subsample': 0.6105955168008413, 'colsample_bytree': 0.9241526556130689, 'reg_alpha': 0.7519062279606341, 'reg_lambda': 4.844601097147782}. Best is trial 1 with value: 113.2224982233257.
[I 2026-03-17 12:54:09,896] Trial 9 finished with value: 140.4837201611524 and parameters: {'max_depth': 6, 'learning_rate': 0.04266247234230403, 'subsample': 0.7818006022603105, 'colsample_bytree': 0.886444954541141, 'reg_alpha': 0.241903944078398, 'reg_lambda': 3.259427134737001}. Best is trial 1 with value: 113.2224982233257.
[I 2026-03-17 12:54:12,278] Trial 10 finished with value: 110.34869222851432 and parameters: {'max_depth': 10, 'learning_rate': 0.014531293091841993, 'subsample': 0.997703414544656, 'colsample_bytree': 0.9973782724304414, 'reg_alpha': 0.0019699779919926663, 'reg_lambda': 0.819086351602951}. Best is trial 10 with value: 110.34869222851432.
[I 2026-03-17 12:54:14,926] Trial 11 finished with value: 110.40593074879241 and parameters: {'max_depth': 10, 'learning_rate': 0.014852230977905024, 'subsample': 0.990427538880494, 'colsample_bytree': 0.9912445763713031, 'reg_alpha': 0.004801107380897306, 'reg_lambda': 0.04657042189582794}. Best is trial 10 with value: 110.34869222851432.
[I 2026-03-17 12:54:18,446] Trial 12 finished with value: 110.12500764008198 and parameters: {'max_depth': 10, 'learning_rate': 0.011654250046078063, 'subsample': 0.9904373919922571, 'colsample_bytree': 0.9992403131232066, 'reg_alpha': 0.014815803011716165, 'reg_lambda': 0.027236935281103537}. Best is trial 12 with value: 110.12500764008198.
[I 2026-03-17 12:54:19,928] Trial 13 finished with value: 116.80728122718338 and parameters: {'max_depth': 8, 'learning_rate': 0.011916870324842673, 'subsample': 0.9992150577626512, 'colsample_bytree': 0.9601857003928076, 'reg_alpha': 0.3006172878203136, 'reg_lambda': 1.0591383604259152}. Best is trial 12 with value: 110.12500764008198.
[I 2026-03-17 12:54:21,339] Trial 14 finished with value: 114.71563448468817 and parameters: {'max_depth': 10, 'learning_rate': 0.02784126769788242, 'subsample': 0.8698250270792884, 'colsample_bytree': 0.6434389715717158, 'reg_alpha': 0.009068510958951281, 'reg_lambda': 0.15158018482510205}. Best is trial 12 with value: 110.12500764008198.
[I 2026-03-17 12:54:21,898] Trial 15 finished with value: 118.72974489299796 and parameters: {'max_depth': 8, 'learning_rate': 0.029258517828068025, 'subsample': 0.9648163922740971, 'colsample_bytree': 0.8404877856962293, 'reg_alpha': 0.3519227325582457, 'reg_lambda': 1.1769945073771413}. Best is trial 12 with value: 110.12500764008198.
[I 2026-03-17 12:54:22,577] Trial 16 finished with value: 119.4751455878569 and parameters: {'max_depth': 8, 'learning_rate': 0.02708019091178962, 'subsample': 0.8407667637022769, 'colsample_bytree': 0.9573549925740201, 'reg_alpha': 0.1293069025055621, 'reg_lambda': 1.5161443088511355}. Best is trial 12 with value: 110.12500764008198.
[I 2026-03-17 12:54:23,172] Trial 17 finished with value: 113.8582457317398 and parameters: {'max_depth': 9, 'learning_rate': 0.04296939649379218, 'subsample': 0.9041054963671272, 'colsample_bytree': 0.9447301523087029, 'reg_alpha': 0.8096649983242564, 'reg_lambda': 1.6826630214054104}. Best is trial 12 with value: 110.12500764008198.
[I 2026-03-17 12:54:24,354] Trial 18 finished with value: 114.43792592903348 and parameters: {'max_depth': 9, 'learning_rate': 0.019651080813272798, 'subsample': 0.7163951467565346, 'colsample_bytree': 0.9894518811017048, 'reg_alpha': 0.3759361280116814, 'reg_lambda': 0.5308928189769999}. Best is trial 12 with value: 110.12500764008198.
[I 2026-03-17 12:54:25,314] Trial 19 finished with value: 107.90941106284416 and parameters: {'max_depth': 10, 'learning_rate': 0.0381331569666893, 'subsample': 0.9554814697055661, 'colsample_bytree': 0.7552225362372786, 'reg_alpha': 0.06876044507163928, 'reg_lambda': 0.5066624428484845}. Best is trial 19 with value: 107.90941106284416.
[I 2026-03-17 12:54:25,746] Trial 20 finished with value: 131.54936767985293 and parameters: {'max_depth': 7, 'learning_rate': 0.0388949959674552, 'subsample': 0.9419910247436849, 'colsample_bytree': 0.7295050267764984, 'reg_alpha': 0.21114960344408068, 'reg_lambda': 1.690958605418949}. Best is trial 19 with value: 107.90941106284416.
[I 2026-03-17 12:54:27,244] Trial 21 finished with value: 114.51789900374362 and parameters: {'max_depth': 10, 'learning_rate': 0.021946832040608783, 'subsample': 0.9972307169080058, 'colsample_bytree': 0.6027345046416178, 'reg_alpha': 0.06838142887926713, 'reg_lambda': 0.450956687948186}. Best is trial 19 with value: 107.90941106284416.
[I 2026-03-17 12:54:30,489] Trial 22 finished with value: 106.48119025509229 and parameters: {'max_depth': 10, 'learning_rate': 0.010184308394074084, 'subsample': 0.956496572810438, 'colsample_bytree': 0.7702092451961842, 'reg_alpha': 0.003460378205027375, 'reg_lambda': 0.6458403701523608}. Best is trial 22 with value: 106.48119025509229.
[I 2026-03-17 12:54:31,366] Trial 23 finished with value: 112.39112592047645 and parameters: {'max_depth': 9, 'learning_rate': 0.03389666193506818, 'subsample': 0.8889883797130764, 'colsample_bytree': 0.7760748937551184, 'reg_alpha': 0.1579933061313093, 'reg_lambda': 0.0818535356540212}. Best is trial 22 with value: 106.48119025509229.
[I 2026-03-17 12:54:32,098] Trial 24 finished with value: 112.61703475531272 and parameters: {'max_depth': 10, 'learning_rate': 0.0530014716406433, 'subsample': 0.9558391309966332, 'colsample_bytree': 0.6854924131208091, 'reg_alpha': 0.07800037558618439, 'reg_lambda': 0.4590433360615214}. Best is trial 22 with value: 106.48119025509229.
[I 2026-03-17 12:54:34,237] Trial 25 finished with value: 113.82922349072867 and parameters: {'max_depth': 9, 'learning_rate': 0.01043538391341276, 'subsample': 0.8206564309034663, 'colsample_bytree': 0.7528017103921149, 'reg_alpha': 0.27982253983014926, 'reg_lambda': 1.37330986105918}. Best is trial 22 with value: 106.48119025509229.
[I 2026-03-17 12:54:35,014] Trial 26 finished with value: 129.87741203455528 and parameters: {'max_depth': 7, 'learning_rate': 0.021001796195305296, 'subsample': 0.9153818376745974, 'colsample_bytree': 0.8299131807491752, 'reg_alpha': 0.18319387916257587, 'reg_lambda': 1.9903899762461945}. Best is trial 22 with value: 106.48119025509229.
[I 2026-03-17 12:54:35,545] Trial 27 finished with value: 121.32828181834982 and parameters: {'max_depth': 8, 'learning_rate': 0.035825858358587225, 'subsample': 0.9705970099615772, 'colsample_bytree': 0.6936069135998189, 'reg_alpha': 0.04495958803204662, 'reg_lambda': 0.8572074733901238}. Best is trial 22 with value: 106.48119025509229.
[I 2026-03-17 12:54:36,425] Trial 28 finished with value: 110.18031155273825 and parameters: {'max_depth': 10, 'learning_rate': 0.04578645653171196, 'subsample': 0.8760687670407171, 'colsample_bytree': 0.7698387885451897, 'reg_alpha': 0.11019301315195851, 'reg_lambda': 0.47208010441122367}. Best is trial 22 with value: 106.48119025509229.
[I 2026-03-17 12:54:36,904] Trial 29 finished with value: 114.59272318466986 and parameters: {'max_depth': 9, 'learning_rate': 0.06171016176210289, 'subsample': 0.9297104285935172, 'colsample_bytree': 0.6649826088362358, 'reg_alpha': 0.6282782642322637, 'reg_lambda': 1.1064340835604634}. Best is trial 22 with value: 106.48119025509229.
====================  Starting training for consumption sites  ====================
--------------------  Sites for site_id 1: ['aieg_EP_AND_0/consumption']  --------------------
['ap-0', 'diff_1-0', 'season-0', 'month_cos-0', 'hour_cos-5', 'sun_int_avg-3', 'hour_sin-6', 'sun_int_avg-7', 'short_wave_from_sky_avg-7', 'temp_soil_avg_50cm-3', 'hour_sin-0', 'rolling_mean-1', 'short_wave_from_sky_avg-3', 'hour_cos-0', 'day-4', 'ewm_mean-3', 'weekofyear-0', 'hour_cos-1', 'hour_sin-7', 'hour-2', 'short_wave_from_sky_avg-4', 'season_cos-0', 'ewm_mean-4', 'month-0', 'temp_soil_avg_5cm-0', 'temp_soil_avg_5cm-3', 'ewm_mean-6', 'rolling_std-0', 'sun_int_avg-4', 'temp_soil_avg_50cm-4', 'temp_soil_avg_50cm-1', 'day-0', 'hour_sin-1', 'sun_duration-2', 'ewm_mean-7', 'sun_int_avg-6', 'ewm_mean-2', 'sun_int_avg-5', 'short_wave_from_sky_avg-2', 'temp_soil_avg_5cm-5', 'dayofweek-0', 'short_wave_from_sky_avg-5', 'hour-0', 'dayofweek_sin-1', 'hour_sin-3', 'sun_duration-1', 'pressure-3', 'temp_dry_shelter_avg-5', 'day-1', 'hour-1']
{'max_depth': 9, 'learning_rate': 0.010385966623617834, 'subsample': 0.9121098394971963, 'colsample_bytree': 0.8456873914380081, 'reg_alpha': 0.23557376508210065, 'reg_lambda': 0.8298741668298046}

Metrics:
MAE sklearn (lower is better):  1421.3146734127179
Normalized MAE (lower is better):  0.026987632810916744
MAPE sklearn (lower is better):  1.3607606442526346e+18 %
MSE (lower is better):  35848921.60896059
RMSE (lower is better):  5987.396897564132
NRMSE (lower is better):  0.11368746976818274
R2 (higher is better):  0.9761130911224967

--------------------  Sites for site_id 2: ['aieg_EP_RUM_0/consumption']  --------------------
['ap-0', 'diff_1-0', 'season-0', 'month_cos-0', 'sun_int_avg-3', 'hour_cos-5', 'rolling_mean-1', 'hour_cos-0', 'hour_sin-6', 'sun_int_avg-7', 'short_wave_from_sky_avg-7', 'hour_sin-0', 'temp_soil_avg_50cm-3', 'hour_sin-7', 'short_wave_from_sky_avg-3', 'hour-2', 'hour_cos-1', 'weekofyear-0', 'short_wave_from_sky_avg-4', 'month-0', 'ewm_mean-3', 'ewm_mean-4', 'temp_soil_avg_50cm-4', 'hour_sin-1', 'temp_soil_avg_5cm-0', 'temp_soil_avg_5cm-3', 'sun_int_avg-4', 'day-0', 'sun_int_avg-5', 'ewm_mean-5', 'sun_int_avg-6', 'hour-0', 'rolling_std-0', 'rolling_std-5', 'hour_cos-7', 'ewm_mean-7', 'short_wave_from_sky_avg-2', 'ewm_mean-2', 'short_wave_from_sky_avg-5', 'temp_soil_avg_5cm-5', 'rolling_std-2', 'temp_soil_avg_50cm-1', 'hour_cos-6', 'hour-1', 'month_sin-0', 'hour_sin-3', 'sun_duration-2', 'temp_soil_avg-1', 'sun_duration-3', 'hour_sin-2']
{'max_depth': 10, 'learning_rate': 0.0984850906019461, 'subsample': 0.9642141188612157, 'colsample_bytree': 0.8960798239326433, 'reg_alpha': 0.9977367727593025, 'reg_lambda': 3.1747448830385596}

Metrics:
MAE sklearn (lower is better):  293.1664131645673
Normalized MAE (lower is better):  0.024788803657266045
MAPE sklearn (lower is better):  2.403255875355789e+17 %
MSE (lower is better):  1896370.1662012157
RMSE (lower is better):  1377.087566642447
NRMSE (lower is better):  0.11644019156177908
R2 (higher is better):  0.9749423364595141

--------------------  Sites for site_id 3: ['aieg_EP_OHE_0/consumption']  --------------------
['ap-0', 'diff_1-0', 'season-0', 'month_cos-0', 'rolling_mean-1', 'sun_int_avg-3', 'hour_cos-0', 'sun_int_avg-7', 'hour_cos-5', 'short_wave_from_sky_avg-7', 'ewm_mean-7', 'hour_sin-6', 'hour_sin-0', 'short_wave_from_sky_avg-3', 'hour_sin-7', 'hour-2', 'temp_soil_avg_50cm-3', 'weekofyear-0', 'short_wave_from_sky_avg-4', 'hour_cos-1', 'ewm_mean-3', 'temp_soil_avg_50cm-4', 'month-0', 'temp_soil_avg_5cm-3', 'temp_soil_avg_5cm-0', 'diff_2-3', 'is_peak_hour-4', 'sun_int_avg-4', 'sun_int_avg-6', 'hour_sin-1', 'ewm_mean-2', 'month_sin-0', 'rolling_std-0', 'short_wave_from_sky_avg-2', 'day-0', 'hour-1', 'rolling_std-5', 'sun_int_avg-5', 'ewm_mean-6', 'short_wave_from_sky_avg-6', 'hour-3', 'hour-0', 'temp_soil_avg-1', 'short_wave_from_sky_avg-5', 'temp_soil_avg_50cm-1', 'hour_sin-3', 'dayofweek-0', 'sun_int_avg-2', 'sun_duration-2', 'pressure-4']
{'max_depth': 10, 'learning_rate': 0.03861571547743521, 'subsample': 0.9940188616130935, 'colsample_bytree': 0.8973347556304989, 'reg_alpha': 0.8902758333208491, 'reg_lambda': 0.7657379063801601}

Metrics:
MAE sklearn (lower is better):  227.07082654952862
Normalized MAE (lower is better):  0.025284621591692976
MAPE sklearn (lower is better):  1.7729951412386877e+17 %
MSE (lower is better):  1210351.8862954383
RMSE (lower is better):  1100.1599366889518
NRMSE (lower is better):  0.12250419004597926
R2 (higher is better):  0.9722644592551613

--------------------  Sites for site_id 4: ['aieg_EP_VIR_0/consumption']  --------------------
['ap-0', 'diff_1-0', 'diff_2-0', 'year-0', 'hour_cos-1', 'weekofyear-1', 'hour_sin-0', 'short_wave_from_sky_avg-4', 'hour_cos-0', 'season_cos-0', 'hour-0', 'hour-1', 'temp_soil_avg_50cm-3', 'hour_sin-6', 'temp_soil_avg_5cm-5', 'sun_int_avg-7', 'season-0', 'month_cos-0', 'dayofweek-1', 'sun_int_avg-3', 'day-4', 'sun_duration-7', 'weekofyear-0', 'sun_int_avg-2', 'short_wave_from_sky_avg-3', 'ewm_mean-3', 'is_peak_hour-6', 'hour_sin-2', 'sun_int_avg-6', 'hour-3', 'ewm_mean-7', 'hour_sin-7', 'short_wave_from_sky_avg-2', 'rolling_mean-4', 'hour_sin-3', 'rolling_std-6', 'month-3', 'hour_cos-2', 'short_wave_from_sky_avg-5', 'ewm_mean-6', 'pressure-4', 'sun_int_avg-4', 'sun_int_avg-0', 'hour_cos-6', 'pressure-3', 'month-0', 'temp_soil_avg_5cm-3', 'temp_soil_avg_20cm-4', 'temp_soil_avg-7', 'ewm_mean-2']
{'max_depth': 9, 'learning_rate': 0.06964640689261245, 'subsample': 0.7992369085086554, 'colsample_bytree': 0.8834855786523282, 'reg_alpha': 0.6221807197216322, 'reg_lambda': 0.6392130863504811}

Metrics:
MAE sklearn (lower is better):  478.94628547096744
Normalized MAE (lower is better):  0.018934767022188288
MAPE sklearn (lower is better):  2.447314952937253e+17 %
MSE (lower is better):  6243466.705880245
RMSE (lower is better):  2498.692999526001
NRMSE (lower is better):  0.09878387460396247
R2 (higher is better):  0.9828613112302518

--------------------  Sites for site_id 5: ['aieg_EP_GVE_0/consumption']  --------------------
['ap-0', 'diff_1-0', 'season-0', 'month_cos-0', 'rolling_mean-1', 'sun_int_avg-3', 'sun_int_avg-7', 'hour_cos-5', 'hour_sin-6', 'hour_sin-0', 'hour_cos-0', 'short_wave_from_sky_avg-7', 'hour_sin-7', 'short_wave_from_sky_avg-3', 'hour_cos-1', 'hour-2', 'temp_soil_avg_50cm-3', 'weekofyear-0', 'short_wave_from_sky_avg-4', 'temp_soil_avg_50cm-4', 'ewm_mean-3', 'month-0', 'ewm_mean-4', 'sun_int_avg-4', 'temp_soil_avg_5cm-0', 'sun_int_avg-6', 'temp_soil_avg_5cm-3', 'temp_soil_avg_5cm-5', 'sun_int_avg-5', 'ewm_mean-2', 'ewm_mean-7', 'day-0', 'rolling_std-0', 'sun_duration-2', 'short_wave_from_sky_avg-5', 'hour_sin-1', 'ewm_mean-5', 'short_wave_from_sky_avg-2', 'hour-1', 'temp_soil_avg_5cm-6', 'hour-5', 'temp_soil_avg_50cm-1', 'month_sin-0', 'hour_sin-5', 'hour_cos-7', 'rolling_std-5', 'hour-0', 'short_wave_from_sky_avg-0', 'hour_sin-3', 'hour_sin-2']
{'max_depth': 10, 'learning_rate': 0.010184308394074084, 'subsample': 0.956496572810438, 'colsample_bytree': 0.7702092451961842, 'reg_alpha': 0.003460378205027375, 'reg_lambda': 0.6458403701523608}

Metrics:
MAE sklearn (lower is better):  328.06375434569935
Normalized MAE (lower is better):  0.027396747455876773
MAPE sklearn (lower is better):  2.9894891222405146e+17 %
MSE (lower is better):  1876151.1253090089
RMSE (lower is better):  1369.7266608009822
NRMSE (lower is better):  0.11438647187461791
R2 (higher is better):  0.9758184530235481

--------------------  Sites for site_id 6: ['aieg_AIEGMAR_0/production']  --------------------
[I 2026-03-17 12:55:00,124] A new study created in memory with name: no-name-2e4db404-8028-4afb-9cab-725a2ab53fc2
[I 2026-03-17 12:55:00,285] Trial 0 finished with value: 11259.356993616455 and parameters: {'max_depth': 5, 'learning_rate': 0.03802489475304366, 'subsample': 0.9820740272533932, 'colsample_bytree': 0.6122465327469986, 'reg_alpha': 0.3933575630605669, 'reg_lambda': 4.060409355729744}. Best is trial 0 with value: 11259.356993616455.
[I 2026-03-17 12:55:00,342] Trial 1 finished with value: 10568.930612402804 and parameters: {'max_depth': 4, 'learning_rate': 0.09977153178323311, 'subsample': 0.921453225522447, 'colsample_bytree': 0.7018104570131256, 'reg_alpha': 0.4534716180981111, 'reg_lambda': 4.720647629673898}. Best is trial 1 with value: 10568.930612402804.
[I 2026-03-17 12:55:01,124] Trial 2 finished with value: 13953.616677092992 and parameters: {'max_depth': 9, 'learning_rate': 0.022344201200965853, 'subsample': 0.6724590424226684, 'colsample_bytree': 0.6933232103805882, 'reg_alpha': 0.21790685161458645, 'reg_lambda': 1.181385065142171}. Best is trial 1 with value: 10568.930612402804.
[I 2026-03-17 12:55:01,218] Trial 3 finished with value: 11129.000134302038 and parameters: {'max_depth': 5, 'learning_rate': 0.06284897202369792, 'subsample': 0.7269883491047813, 'colsample_bytree': 0.7473779385050238, 'reg_alpha': 0.9140089094954088, 'reg_lambda': 4.0952244682037255}. Best is trial 1 with value: 10568.930612402804.
[I 2026-03-17 12:55:01,755] Trial 4 finished with value: 12206.567081579517 and parameters: {'max_depth': 7, 'learning_rate': 0.012858641654423884, 'subsample': 0.9078595829812308, 'colsample_bytree': 0.8720834941369795, 'reg_alpha': 0.724281757050344, 'reg_lambda': 2.0827809627901357}. Best is trial 1 with value: 10568.930612402804.
[I 2026-03-17 12:55:01,841] Trial 5 finished with value: 11158.765089635663 and parameters: {'max_depth': 5, 'learning_rate': 0.06662053334476357, 'subsample': 0.790074827837988, 'colsample_bytree': 0.7908996592253128, 'reg_alpha': 0.7520830794972626, 'reg_lambda': 4.6174993493745635}. Best is trial 1 with value: 10568.930612402804.
[I 2026-03-17 12:55:02,366] Trial 6 finished with value: 14764.540375072766 and parameters: {'max_depth': 10, 'learning_rate': 0.08270342407235692, 'subsample': 0.6830853605474292, 'colsample_bytree': 0.7513964865257027, 'reg_alpha': 0.5027508139269787, 'reg_lambda': 3.226689762970025}. Best is trial 1 with value: 10568.930612402804.
[I 2026-03-17 12:55:02,559] Trial 7 finished with value: 12895.981767189607 and parameters: {'max_depth': 8, 'learning_rate': 0.07324617466457004, 'subsample': 0.7072715806994663, 'colsample_bytree': 0.9939539181734918, 'reg_alpha': 0.09292471059321328, 'reg_lambda': 0.8188459270959242}. Best is trial 1 with value: 10568.930612402804.
[I 2026-03-17 12:55:02,757] Trial 8 finished with value: 12913.661227933508 and parameters: {'max_depth': 8, 'learning_rate': 0.06326061747728998, 'subsample': 0.7569593951463005, 'colsample_bytree': 0.9763534253556465, 'reg_alpha': 0.41002704482856556, 'reg_lambda': 0.550302773044482}. Best is trial 1 with value: 10568.930612402804.
[I 2026-03-17 12:55:02,898] Trial 9 finished with value: 10599.355986565186 and parameters: {'max_depth': 4, 'learning_rate': 0.046369779160552474, 'subsample': 0.6957104926718538, 'colsample_bytree': 0.9482459727462406, 'reg_alpha': 0.7828958980787266, 'reg_lambda': 4.93996675146004}. Best is trial 1 with value: 10568.930612402804.
[I 2026-03-17 12:55:02,971] Trial 10 finished with value: 11007.65043535805 and parameters: {'max_depth': 3, 'learning_rate': 0.09768539052472258, 'subsample': 0.8635109541398356, 'colsample_bytree': 0.6283551622644424, 'reg_alpha': 0.5595758913778226, 'reg_lambda': 2.7641416987968648}. Best is trial 1 with value: 10568.930612402804.
[I 2026-03-17 12:55:03,120] Trial 11 finished with value: 10675.200752736746 and parameters: {'max_depth': 3, 'learning_rate': 0.04529662193863484, 'subsample': 0.6123496524440116, 'colsample_bytree': 0.8691736559978063, 'reg_alpha': 0.9671535816993208, 'reg_lambda': 4.985119579879493}. Best is trial 1 with value: 10568.930612402804.
[I 2026-03-17 12:55:03,258] Trial 12 finished with value: 10515.2512260864 and parameters: {'max_depth': 4, 'learning_rate': 0.041987629870708004, 'subsample': 0.8571725150806354, 'colsample_bytree': 0.8995952115070344, 'reg_alpha': 0.6892453048776302, 'reg_lambda': 3.697246957290954}. Best is trial 12 with value: 10515.2512260864.
[I 2026-03-17 12:55:03,344] Trial 13 finished with value: 11186.033493854833 and parameters: {'max_depth': 6, 'learning_rate': 0.0958774462388585, 'subsample': 0.8686046928061125, 'colsample_bytree': 0.8683393846312678, 'reg_alpha': 0.5903813084250484, 'reg_lambda': 3.5139554956766603}. Best is trial 12 with value: 10515.2512260864.
[I 2026-03-17 12:55:03,505] Trial 14 finished with value: 10663.351843615665 and parameters: {'max_depth': 4, 'learning_rate': 0.028891693615837447, 'subsample': 0.9693779553795306, 'colsample_bytree': 0.6715005243362894, 'reg_alpha': 0.2817410167502189, 'reg_lambda': 2.0311503212413884}. Best is trial 12 with value: 10515.2512260864.
[I 2026-03-17 12:55:03,585] Trial 15 finished with value: 10473.166795656767 and parameters: {'max_depth': 4, 'learning_rate': 0.08154949830151466, 'subsample': 0.9059968808711286, 'colsample_bytree': 0.9235950164156937, 'reg_alpha': 0.6437737070122146, 'reg_lambda': 4.075658889308965}. Best is trial 15 with value: 10473.166795656767.
[I 2026-03-17 12:55:03,674] Trial 16 finished with value: 11728.120928893344 and parameters: {'max_depth': 6, 'learning_rate': 0.08376066371447204, 'subsample': 0.8141515222165221, 'colsample_bytree': 0.9244583813073514, 'reg_alpha': 0.659447910589267, 'reg_lambda': 3.677451448336345}. Best is trial 15 with value: 10473.166795656767.
[I 2026-03-17 12:55:03,787] Trial 17 finished with value: 10692.168447318305 and parameters: {'max_depth': 3, 'learning_rate': 0.052642184280851864, 'subsample': 0.8519958903438926, 'colsample_bytree': 0.9210398830472194, 'reg_alpha': 0.8428481102975642, 'reg_lambda': 2.9137406094199916}. Best is trial 15 with value: 10473.166795656767.
[I 2026-03-17 12:55:03,997] Trial 18 finished with value: 12531.044127520756 and parameters: {'max_depth': 7, 'learning_rate': 0.03412622270869132, 'subsample': 0.9374981904858394, 'colsample_bytree': 0.8294929925222393, 'reg_alpha': 0.6435309529664255, 'reg_lambda': 3.9852634771660167}. Best is trial 15 with value: 10473.166795656767.
[I 2026-03-17 12:55:04,086] Trial 19 finished with value: 10415.278163720077 and parameters: {'max_depth': 4, 'learning_rate': 0.08093418520692468, 'subsample': 0.8169111402215141, 'colsample_bytree': 0.9067652905816427, 'reg_alpha': 0.8755662226961031, 'reg_lambda': 2.1808816783703535}. Best is trial 19 with value: 10415.278163720077.
