[I 2026-03-17 12:56:04,898] Trial 24 finished with value: 6852.933763115549 and parameters: {'max_depth': 8, 'learning_rate': 0.03034415104999651, 'subsample': 0.7575306338292946, 'colsample_bytree': 0.861298919882118, 'reg_alpha': 0.5331778807986186, 'reg_lambda': 2.941622700084454}. Best is trial 19 with value: 6719.479759891037.
[I 2026-03-17 12:56:05,136] Trial 25 finished with value: 7089.4350516420045 and parameters: {'max_depth': 7, 'learning_rate': 0.045360204185614414, 'subsample': 0.8234935966281418, 'colsample_bytree': 0.7913387697018461, 'reg_alpha': 0.6888216738972779, 'reg_lambda': 0.7387109595117914}. Best is trial 19 with value: 6719.479759891037.
[I 2026-03-17 12:56:05,750] Trial 26 finished with value: 6912.494913834343 and parameters: {'max_depth': 9, 'learning_rate': 0.030176464764571503, 'subsample': 0.7582683083179418, 'colsample_bytree': 0.9166384243521719, 'reg_alpha': 0.8514299483733059, 'reg_lambda': 3.5107457822207158}. Best is trial 19 with value: 6719.479759891037.
[I 2026-03-17 12:56:06,072] Trial 27 finished with value: 6997.73272254091 and parameters: {'max_depth': 8, 'learning_rate': 0.04419592161622296, 'subsample': 0.6820745134361201, 'colsample_bytree': 0.8724858784868426, 'reg_alpha': 0.5663361792148853, 'reg_lambda': 2.265729992971231}. Best is trial 19 with value: 6719.479759891037.
[I 2026-03-17 12:56:06,539] Trial 28 finished with value: 6895.795332915933 and parameters: {'max_depth': 9, 'learning_rate': 0.05190298247006313, 'subsample': 0.7753301348645247, 'colsample_bytree': 0.8157168466057536, 'reg_alpha': 0.3206157457543929, 'reg_lambda': 1.599756570299072}. Best is trial 19 with value: 6719.479759891037.
[I 2026-03-17 12:56:06,789] Trial 29 finished with value: 6750.7581810038455 and parameters: {'max_depth': 7, 'learning_rate': 0.04173400185220409, 'subsample': 0.6979917591014861, 'colsample_bytree': 0.9439215853312196, 'reg_alpha': 0.48775545169498113, 'reg_lambda': 0.9014313241727268}. Best is trial 19 with value: 6719.479759891037.
[I 2026-03-17 12:56:25,832] A new study created in memory with name: no-name-ebf0c488-0759-4cc7-8e76-4c4ea1e02799
[I 2026-03-17 12:56:26,572] Trial 0 finished with value: 1586.566812686571 and parameters: {'max_depth': 9, 'learning_rate': 0.06396634220603972, 'subsample': 0.7780588837085991, 'colsample_bytree': 0.8439007341244721, 'reg_alpha': 0.041097787487560655, 'reg_lambda': 3.5472255648972495}. Best is trial 0 with value: 1586.566812686571.
[I 2026-03-17 12:56:28,258] Trial 1 finished with value: 1568.7552930903198 and parameters: {'max_depth': 8, 'learning_rate': 0.015615499626829664, 'subsample': 0.6920073727240782, 'colsample_bytree': 0.8898495765228822, 'reg_alpha': 0.2657717258932598, 'reg_lambda': 3.938568381987564}. Best is trial 1 with value: 1568.7552930903198.
[I 2026-03-17 12:56:28,353] Trial 2 finished with value: 1658.3907582681657 and parameters: {'max_depth': 3, 'learning_rate': 0.06411840536526031, 'subsample': 0.9808713261742505, 'colsample_bytree': 0.7128345607035484, 'reg_alpha': 0.28330884029130876, 'reg_lambda': 1.2820669842067833}. Best is trial 1 with value: 1568.7552930903198.
[I 2026-03-17 12:56:28,439] Trial 3 finished with value: 1600.8353397506144 and parameters: {'max_depth': 4, 'learning_rate': 0.08489420545418006, 'subsample': 0.8569228052834355, 'colsample_bytree': 0.8869072135606283, 'reg_alpha': 0.5170935134016672, 'reg_lambda': 2.0334829309727747}. Best is trial 1 with value: 1568.7552930903198.
[I 2026-03-17 12:56:28,775] Trial 4 finished with value: 1608.8590850640944 and parameters: {'max_depth': 8, 'learning_rate': 0.07479526543318483, 'subsample': 0.7316961679589964, 'colsample_bytree': 0.7687602731755758, 'reg_alpha': 0.19951445613465058, 'reg_lambda': 4.580090641710616}. Best is trial 1 with value: 1568.7552930903198.
[I 2026-03-17 12:56:30,048] Trial 5 finished with value: 1640.9594039586007 and parameters: {'max_depth': 10, 'learning_rate': 0.05752114744622209, 'subsample': 0.6719582609661882, 'colsample_bytree': 0.8836456501486969, 'reg_alpha': 0.11597313447746793, 'reg_lambda': 0.609775915798561}. Best is trial 1 with value: 1568.7552930903198.
[I 2026-03-17 12:56:31,089] Trial 6 finished with value: 1588.2539553143977 and parameters: {'max_depth': 9, 'learning_rate': 0.04203250132186552, 'subsample': 0.885889902442416, 'colsample_bytree': 0.9270471877282996, 'reg_alpha': 0.5455998024477268, 'reg_lambda': 0.05878163632045463}. Best is trial 1 with value: 1568.7552930903198.
[I 2026-03-17 12:56:31,240] Trial 7 finished with value: 1570.2098440167379 and parameters: {'max_depth': 6, 'learning_rate': 0.0844353551321059, 'subsample': 0.7330129422293948, 'colsample_bytree': 0.9409844960531045, 'reg_alpha': 0.0032542272981407327, 'reg_lambda': 2.140622802338094}. Best is trial 1 with value: 1568.7552930903198.
[I 2026-03-17 12:56:31,421] Trial 8 finished with value: 1600.5328440368858 and parameters: {'max_depth': 5, 'learning_rate': 0.044980196228215835, 'subsample': 0.8591766955678559, 'colsample_bytree': 0.6167663696053807, 'reg_alpha': 0.0239232754180444, 'reg_lambda': 4.3121845554747615}. Best is trial 1 with value: 1568.7552930903198.
[I 2026-03-17 12:56:31,612] Trial 9 finished with value: 1575.9412146443906 and parameters: {'max_depth': 4, 'learning_rate': 0.037867609260750786, 'subsample': 0.7688060535671846, 'colsample_bytree': 0.9646286082032882, 'reg_alpha': 0.38970588812358964, 'reg_lambda': 3.8781682123659804}. Best is trial 1 with value: 1568.7552930903198.
[I 2026-03-17 12:56:32,745] Trial 10 finished with value: 1561.8529956095279 and parameters: {'max_depth': 7, 'learning_rate': 0.011887058295990419, 'subsample': 0.6119089150757979, 'colsample_bytree': 0.7692473670464074, 'reg_alpha': 0.875333808833979, 'reg_lambda': 3.111175992966092}. Best is trial 10 with value: 1561.8529956095279.
[I 2026-03-17 12:56:34,150] Trial 11 finished with value: 1578.0660968657035 and parameters: {'max_depth': 7, 'learning_rate': 0.010749087127817539, 'subsample': 0.6164443310924692, 'colsample_bytree': 0.7610791313994891, 'reg_alpha': 0.8846429701678623, 'reg_lambda': 3.355898013789936}. Best is trial 10 with value: 1561.8529956095279.
[I 2026-03-17 12:56:35,526] Trial 12 finished with value: 1569.0346467002237 and parameters: {'max_depth': 7, 'learning_rate': 0.010512526213451528, 'subsample': 0.6170577027501847, 'colsample_bytree': 0.675909195381599, 'reg_alpha': 0.9623351661004729, 'reg_lambda': 2.867366762611948}. Best is trial 10 with value: 1561.8529956095279.
[I 2026-03-17 12:56:36,491] Trial 13 finished with value: 1603.750616157264 and parameters: {'max_depth': 8, 'learning_rate': 0.024141116297840153, 'subsample': 0.6610088189983604, 'colsample_bytree': 0.822733002411804, 'reg_alpha': 0.6990665348312015, 'reg_lambda': 2.8920631698635892}. Best is trial 10 with value: 1561.8529956095279.
[I 2026-03-17 12:56:36,951] Trial 14 finished with value: 1562.8236324041513 and parameters: {'max_depth': 6, 'learning_rate': 0.027086317037946773, 'subsample': 0.6852123182472648, 'colsample_bytree': 0.9965487320524136, 'reg_alpha': 0.6882169615787852, 'reg_lambda': 4.991586728654277}. Best is trial 10 with value: 1561.8529956095279.
[I 2026-03-17 12:56:37,510] Trial 15 finished with value: 1574.7426206581267 and parameters: {'max_depth': 6, 'learning_rate': 0.025261910471530844, 'subsample': 0.6047090702137885, 'colsample_bytree': 0.9957722772705514, 'reg_alpha': 0.7303701555944504, 'reg_lambda': 4.762139813747603}. Best is trial 10 with value: 1561.8529956095279.
[I 2026-03-17 12:56:37,883] Trial 16 finished with value: 1575.5531924273976 and parameters: {'max_depth': 5, 'learning_rate': 0.029138896788142587, 'subsample': 0.6980347429285212, 'colsample_bytree': 0.7222682386938092, 'reg_alpha': 0.7151519244131713, 'reg_lambda': 4.936130128035576}. Best is trial 10 with value: 1561.8529956095279.
[I 2026-03-17 12:56:38,262] Trial 17 finished with value: 1571.7525077294658 and parameters: {'max_depth': 6, 'learning_rate': 0.033231664022979404, 'subsample': 0.6479642189275152, 'colsample_bytree': 0.7813274094888463, 'reg_alpha': 0.8569628102354724, 'reg_lambda': 1.5396243397405696}. Best is trial 10 with value: 1561.8529956095279.
[I 2026-03-17 12:56:38,493] Trial 18 finished with value: 1613.0423912456888 and parameters: {'max_depth': 5, 'learning_rate': 0.04802764253461038, 'subsample': 0.7203895005017668, 'colsample_bytree': 0.6080380622432212, 'reg_alpha': 0.6317367591746158, 'reg_lambda': 2.875657727671256}. Best is trial 10 with value: 1561.8529956095279.
[I 2026-03-17 12:56:39,246] Trial 19 finished with value: 1580.3637419257805 and parameters: {'max_depth': 7, 'learning_rate': 0.020667927897920477, 'subsample': 0.8218897111556598, 'colsample_bytree': 0.830973122906821, 'reg_alpha': 0.8253277965288083, 'reg_lambda': 4.186608524199473}. Best is trial 10 with value: 1561.8529956095279.
[I 2026-03-17 12:56:43,091] Trial 20 finished with value: 1622.0936193057 and parameters: {'max_depth': 10, 'learning_rate': 0.0186410891567457, 'subsample': 0.9642736421551057, 'colsample_bytree': 0.6915132748084529, 'reg_alpha': 0.9972204687188895, 'reg_lambda': 3.3364328221071475}. Best is trial 10 with value: 1561.8529956095279.
[I 2026-03-17 12:56:44,681] Trial 21 finished with value: 1582.3581359311427 and parameters: {'max_depth': 8, 'learning_rate': 0.01601710349262192, 'subsample': 0.6948825953117802, 'colsample_bytree': 0.8822377478865479, 'reg_alpha': 0.38617115878171576, 'reg_lambda': 3.990865245919895}. Best is trial 10 with value: 1561.8529956095279.
[I 2026-03-17 12:56:45,428] Trial 22 finished with value: 1600.1331066175283 and parameters: {'max_depth': 8, 'learning_rate': 0.03432160845662001, 'subsample': 0.6443084702040534, 'colsample_bytree': 0.9951175053749396, 'reg_alpha': 0.41535363980807066, 'reg_lambda': 4.9894137658119835}. Best is trial 10 with value: 1561.8529956095279.
[I 2026-03-17 12:56:48,250] Trial 23 finished with value: 1582.298818367115 and parameters: {'max_depth': 9, 'learning_rate': 0.016312850138712937, 'subsample': 0.6961639890290423, 'colsample_bytree': 0.9184114676649571, 'reg_alpha': 0.791712231639272, 'reg_lambda': 3.8417522124400243}. Best is trial 10 with value: 1561.8529956095279.
[I 2026-03-17 12:56:49,725] Trial 24 finished with value: 1573.3688398329107 and parameters: {'max_depth': 7, 'learning_rate': 0.01015251403487574, 'subsample': 0.6394199400088229, 'colsample_bytree': 0.8106113226026486, 'reg_alpha': 0.5889044435323737, 'reg_lambda': 4.522402447804525}. Best is trial 10 with value: 1561.8529956095279.
[I 2026-03-17 12:56:49,916] Trial 25 finished with value: 1584.7704070597365 and parameters: {'max_depth': 6, 'learning_rate': 0.09893281925474062, 'subsample': 0.7621527692923076, 'colsample_bytree': 0.9587004849872588, 'reg_alpha': 0.23922480533521628, 'reg_lambda': 3.5597752574310806}. Best is trial 10 with value: 1561.8529956095279.
[I 2026-03-17 12:56:50,426] Trial 26 finished with value: 1593.934963656963 and parameters: {'max_depth': 7, 'learning_rate': 0.028019018295695492, 'subsample': 0.6775141333069674, 'colsample_bytree': 0.8737178090289585, 'reg_alpha': 0.647303415800341, 'reg_lambda': 2.3294428325872754}. Best is trial 10 with value: 1561.8529956095279.
[I 2026-03-17 12:56:51,460] Trial 27 finished with value: 1576.5325353400772 and parameters: {'max_depth': 8, 'learning_rate': 0.023918644445757985, 'subsample': 0.8061652440526466, 'colsample_bytree': 0.8544822966194954, 'reg_alpha': 0.9142471260281493, 'reg_lambda': 3.0938994068929864}. Best is trial 10 with value: 1561.8529956095279.
[I 2026-03-17 12:56:52,399] Trial 28 finished with value: 1604.9113916226875 and parameters: {'max_depth': 9, 'learning_rate': 0.05239778136429862, 'subsample': 0.6291888618815551, 'colsample_bytree': 0.7434844330222559, 'reg_alpha': 0.773612348755234, 'reg_lambda': 4.351556112222874}. Best is trial 10 with value: 1561.8529956095279.
[I 2026-03-17 12:56:53,539] Trial 29 finished with value: 1586.8095913990412 and parameters: {'max_depth': 9, 'learning_rate': 0.0385164732776048, 'subsample': 0.7409481085261986, 'colsample_bytree': 0.7964663536545976, 'reg_alpha': 0.11630805532773769, 'reg_lambda': 2.616526396271088}. Best is trial 10 with value: 1561.8529956095279.
[I 2026-03-17 12:57:12,181] A new study created in memory with name: no-name-2bc0ab43-1104-4919-9438-9a2422317bd7
[I 2026-03-17 12:57:12,574] Trial 0 finished with value: 3021.5641904400463 and parameters: {'max_depth': 7, 'learning_rate': 0.044129968735568494, 'subsample': 0.954206279989253, 'colsample_bytree': 0.9674720614566061, 'reg_alpha': 0.8716959174794008, 'reg_lambda': 1.7713844896013415}. Best is trial 0 with value: 3021.5641904400463.
[I 2026-03-17 12:57:12,676] Trial 1 finished with value: 2957.2107535320692 and parameters: {'max_depth': 3, 'learning_rate': 0.07555059503351434, 'subsample': 0.9787959056633501, 'colsample_bytree': 0.8700542515349365, 'reg_alpha': 0.5917836289167334, 'reg_lambda': 4.239211490808687}. Best is trial 1 with value: 2957.2107535320692.
[I 2026-03-17 12:57:18,480] Trial 2 finished with value: 3134.7121555252866 and parameters: {'max_depth': 10, 'learning_rate': 0.011042747984598422, 'subsample': 0.9977538796732014, 'colsample_bytree': 0.903724324299376, 'reg_alpha': 0.8587234132526241, 'reg_lambda': 1.6963070534001445}. Best is trial 1 with value: 2957.2107535320692.
[I 2026-03-17 12:57:18,604] Trial 3 finished with value: 2950.5173461446884 and parameters: {'max_depth': 5, 'learning_rate': 0.0755362734208629, 'subsample': 0.8958958131569175, 'colsample_bytree': 0.7636683439196748, 'reg_alpha': 0.38340296657716033, 'reg_lambda': 2.0468258152045142}. Best is trial 3 with value: 2950.5173461446884.
[I 2026-03-17 12:57:18,794] Trial 4 finished with value: 2973.6463932235993 and parameters: {'max_depth': 6, 'learning_rate': 0.05908532632525926, 'subsample': 0.8871435888749699, 'colsample_bytree': 0.9317490917252782, 'reg_alpha': 0.49926612876601795, 'reg_lambda': 1.4917461210592702}. Best is trial 3 with value: 2950.5173461446884.
[I 2026-03-17 12:57:19,316] Trial 5 finished with value: 3132.6544376549637 and parameters: {'max_depth': 9, 'learning_rate': 0.07448125571301012, 'subsample': 0.7330888145636374, 'colsample_bytree': 0.8127487569018164, 'reg_alpha': 0.8254939509892093, 'reg_lambda': 1.206681131880301}. Best is trial 3 with value: 2950.5173461446884.
[I 2026-03-17 12:57:19,793] Trial 6 finished with value: 3013.8907200887274 and parameters: {'max_depth': 7, 'learning_rate': 0.025468672121997438, 'subsample': 0.6124784045261703, 'colsample_bytree': 0.9162424902507111, 'reg_alpha': 0.5120643304734152, 'reg_lambda': 4.972632803896592}. Best is trial 3 with value: 2950.5173461446884.
[I 2026-03-17 12:57:20,346] Trial 7 finished with value: 3078.0382120647287 and parameters: {'max_depth': 9, 'learning_rate': 0.07862782062079798, 'subsample': 0.9448037810208398, 'colsample_bytree': 0.8944515103919886, 'reg_alpha': 0.022014687571376368, 'reg_lambda': 4.909372886826098}. Best is trial 3 with value: 2950.5173461446884.
[I 2026-03-17 12:57:20,505] Trial 8 finished with value: 3000.2180349165524 and parameters: {'max_depth': 7, 'learning_rate': 0.08759035806390104, 'subsample': 0.6961553432919635, 'colsample_bytree': 0.7871849220547804, 'reg_alpha': 0.12035420360956417, 'reg_lambda': 4.811802421739236}. Best is trial 3 with value: 2950.5173461446884.
[I 2026-03-17 12:57:20,603] Trial 9 finished with value: 2934.089205157111 and parameters: {'max_depth': 4, 'learning_rate': 0.06525281897345653, 'subsample': 0.8432909726308524, 'colsample_bytree': 0.9982354148215331, 'reg_alpha': 0.2622793390916729, 'reg_lambda': 1.9280284243312296}. Best is trial 9 with value: 2934.089205157111.
[I 2026-03-17 12:57:20,708] Trial 10 finished with value: 2975.2192545706102 and parameters: {'max_depth': 3, 'learning_rate': 0.05156313690000267, 'subsample': 0.7803220685814194, 'colsample_bytree': 0.6379985261559535, 'reg_alpha': 0.22962836596021874, 'reg_lambda': 0.23100401923586933}. Best is trial 9 with value: 2934.089205157111.
[I 2026-03-17 12:57:20,811] Trial 11 finished with value: 2957.2812586500845 and parameters: {'max_depth': 5, 'learning_rate': 0.0952818170314978, 'subsample': 0.8569937442219049, 'colsample_bytree': 0.7143367595415766, 'reg_alpha': 0.3145681792975256, 'reg_lambda': 3.057808983593375}. Best is trial 9 with value: 2934.089205157111.
[I 2026-03-17 12:57:20,958] Trial 12 finished with value: 2945.3607979788662 and parameters: {'max_depth': 5, 'learning_rate': 0.06156127400812841, 'subsample': 0.8483310035704197, 'colsample_bytree': 0.760818022883925, 'reg_alpha': 0.3509442159782621, 'reg_lambda': 2.86939792986254}. Best is trial 9 with value: 2934.089205157111.
[I 2026-03-17 12:57:21,062] Trial 13 finished with value: 2957.6621522726086 and parameters: {'max_depth': 4, 'learning_rate': 0.06078990074139146, 'subsample': 0.8201835055722844, 'colsample_bytree': 0.6903536271246973, 'reg_alpha': 0.22808506075019958, 'reg_lambda': 2.99340426713752}. Best is trial 9 with value: 2934.089205157111.
[I 2026-03-17 12:57:21,253] Trial 14 finished with value: 2935.9659103435106 and parameters: {'max_depth': 5, 'learning_rate': 0.03798201347195124, 'subsample': 0.7823497002982341, 'colsample_bytree': 0.9998599319373777, 'reg_alpha': 0.6685101476428498, 'reg_lambda': 3.5406448273667004}. Best is trial 9 with value: 2934.089205157111.
[I 2026-03-17 12:57:21,467] Trial 15 finished with value: 2923.4558754162376 and parameters: {'max_depth': 4, 'learning_rate': 0.03417892256345434, 'subsample': 0.7551858225789708, 'colsample_bytree': 0.9955693812202853, 'reg_alpha': 0.6463297783468278, 'reg_lambda': 3.7063027913933535}. Best is trial 15 with value: 2923.4558754162376.
[I 2026-03-17 12:57:21,724] Trial 16 finished with value: 2922.344250823887 and parameters: {'max_depth': 4, 'learning_rate': 0.029911833301941065, 'subsample': 0.7084681349238179, 'colsample_bytree': 0.8462731406103416, 'reg_alpha': 0.6913084521324504, 'reg_lambda': 3.8278155468045245}. Best is trial 16 with value: 2922.344250823887.
[I 2026-03-17 12:57:21,978] Trial 17 finished with value: 2922.7093751714283 and parameters: {'max_depth': 4, 'learning_rate': 0.02886974317259453, 'subsample': 0.6625058743488149, 'colsample_bytree': 0.8578062429945043, 'reg_alpha': 0.7193358880149684, 'reg_lambda': 3.8968637806909356}. Best is trial 16 with value: 2922.344250823887.
[I 2026-03-17 12:57:22,324] Trial 18 finished with value: 2945.6814048183523 and parameters: {'max_depth': 3, 'learning_rate': 0.01889503995202694, 'subsample': 0.6504336435509219, 'colsample_bytree': 0.8395376870122606, 'reg_alpha': 0.992621306233447, 'reg_lambda': 4.071345916840976}. Best is trial 16 with value: 2922.344250823887.
[I 2026-03-17 12:57:22,683] Trial 19 finished with value: 2953.5662391629153 and parameters: {'max_depth': 6, 'learning_rate': 0.02747120918631092, 'subsample': 0.6861049529767889, 'colsample_bytree': 0.8499919634287668, 'reg_alpha': 0.7580633142766461, 'reg_lambda': 4.221746946528025}. Best is trial 16 with value: 2922.344250823887.
[I 2026-03-17 12:57:22,858] Trial 20 finished with value: 2925.233967842382 and parameters: {'max_depth': 4, 'learning_rate': 0.047153195712641295, 'subsample': 0.607486746776629, 'colsample_bytree': 0.8105843123992933, 'reg_alpha': 0.7269430084553663, 'reg_lambda': 2.442639063472494}. Best is trial 16 with value: 2922.344250823887.
[I 2026-03-17 12:57:23,073] Trial 21 finished with value: 2914.6407833312037 and parameters: {'max_depth': 4, 'learning_rate': 0.03486923725078751, 'subsample': 0.7409967683714869, 'colsample_bytree': 0.9514185647435535, 'reg_alpha': 0.6330907791376041, 'reg_lambda': 3.5842390138274256}. Best is trial 21 with value: 2914.6407833312037.
[I 2026-03-17 12:57:23,269] Trial 22 finished with value: 2946.029013407851 and parameters: {'max_depth': 3, 'learning_rate': 0.03308699026551621, 'subsample': 0.7156458459010723, 'colsample_bytree': 0.8696454203968352, 'reg_alpha': 0.5069388388243287, 'reg_lambda': 3.5412677104854664}. Best is trial 21 with value: 2914.6407833312037.
[I 2026-03-17 12:57:23,570] Trial 23 finished with value: 2930.996218287096 and parameters: {'max_depth': 4, 'learning_rate': 0.018127818575863035, 'subsample': 0.6630227518519313, 'colsample_bytree': 0.9350826416976483, 'reg_alpha': 0.5827301956108553, 'reg_lambda': 3.8715188205942277}. Best is trial 21 with value: 2914.6407833312037.
[I 2026-03-17 12:57:23,788] Trial 24 finished with value: 2972.4187952076086 and parameters: {'max_depth': 6, 'learning_rate': 0.0407880811410436, 'subsample': 0.6552680191690805, 'colsample_bytree': 0.9519034928427689, 'reg_alpha': 0.9477766992839979, 'reg_lambda': 4.4912591004562135}. Best is trial 21 with value: 2914.6407833312037.
[I 2026-03-17 12:57:24,082] Trial 25 finished with value: 2920.761553486146 and parameters: {'max_depth': 5, 'learning_rate': 0.028249651340576495, 'subsample': 0.752646765345942, 'colsample_bytree': 0.8361773661747813, 'reg_alpha': 0.743585339866523, 'reg_lambda': 3.2079649697938564}. Best is trial 21 with value: 2914.6407833312037.
[I 2026-03-17 12:57:24,454] Trial 26 finished with value: 2934.125757522018 and parameters: {'max_depth': 5, 'learning_rate': 0.017636280111791525, 'subsample': 0.7474021390171458, 'colsample_bytree': 0.7313616186859097, 'reg_alpha': 0.8044448365352728, 'reg_lambda': 3.3419228074644365}. Best is trial 21 with value: 2914.6407833312037.
[I 2026-03-17 12:57:25,215] Trial 27 finished with value: 2966.238762723779 and parameters: {'max_depth': 6, 'learning_rate': 0.010719655337740323, 'subsample': 0.8017867357600366, 'colsample_bytree': 0.602291445318071, 'reg_alpha': 0.41856563315911444, 'reg_lambda': 2.554463472940847}. Best is trial 21 with value: 2914.6407833312037.
