[I 2026-03-17 12:51:11,446] A new study created in memory with name: no-name-d12de734-ef94-45ab-aabb-a9bec1fb4429
[I 2026-03-17 12:51:12,171] Trial 0 finished with value: 511.6521322317852 and parameters: {'max_depth': 10, 'learning_rate': 0.04699205333506919, 'subsample': 0.8365206568161331, 'colsample_bytree': 0.7091425299535514, 'reg_alpha': 0.03236039014838599, 'reg_lambda': 2.950416121602652}. Best is trial 0 with value: 511.6521322317852.
[I 2026-03-17 12:51:12,362] Trial 1 finished with value: 608.6437510596571 and parameters: {'max_depth': 7, 'learning_rate': 0.08764234946408857, 'subsample': 0.8816032993419252, 'colsample_bytree': 0.9621141528023829, 'reg_alpha': 0.545097513712225, 'reg_lambda': 2.52940553710596}. Best is trial 0 with value: 511.6521322317852.
[I 2026-03-17 12:51:12,654] Trial 2 finished with value: 579.9577136628815 and parameters: {'max_depth': 8, 'learning_rate': 0.06431779641442746, 'subsample': 0.6260498365522515, 'colsample_bytree': 0.7069220631713247, 'reg_alpha': 0.9122101145920104, 'reg_lambda': 3.577946398983477}. Best is trial 0 with value: 511.6521322317852.
[I 2026-03-17 12:51:12,911] Trial 3 finished with value: 1153.7312389717868 and parameters: {'max_depth': 3, 'learning_rate': 0.08047600443274802, 'subsample': 0.9748938804247733, 'colsample_bytree': 0.797087911531799, 'reg_alpha': 0.07112301635340057, 'reg_lambda': 0.19869828823623203}. Best is trial 0 with value: 511.6521322317852.
[I 2026-03-17 12:51:13,511] Trial 4 finished with value: 515.098721660303 and parameters: {'max_depth': 10, 'learning_rate': 0.05749884430342233, 'subsample': 0.6470164659146309, 'colsample_bytree': 0.8712234792855929, 'reg_alpha': 0.7583176628117391, 'reg_lambda': 0.6584488337087763}. Best is trial 0 with value: 511.6521322317852.
[I 2026-03-17 12:51:14,045] Trial 5 finished with value: 776.5223955239081 and parameters: {'max_depth': 5, 'learning_rate': 0.02218173797195638, 'subsample': 0.9463848965279903, 'colsample_bytree': 0.9912907352102509, 'reg_alpha': 0.8527728096046655, 'reg_lambda': 2.515043865584248}. Best is trial 0 with value: 511.6521322317852.
[I 2026-03-17 12:51:14,308] Trial 6 finished with value: 673.3047353923873 and parameters: {'max_depth': 6, 'learning_rate': 0.08108525191604142, 'subsample': 0.6183450000169696, 'colsample_bytree': 0.8781890787245812, 'reg_alpha': 0.8390688008467414, 'reg_lambda': 1.0378251416945083}. Best is trial 0 with value: 511.6521322317852.
[I 2026-03-17 12:51:14,926] Trial 7 finished with value: 552.2211817880357 and parameters: {'max_depth': 8, 'learning_rate': 0.04017463066417544, 'subsample': 0.9183900355782914, 'colsample_bytree': 0.6388861355046676, 'reg_alpha': 0.8603102004992053, 'reg_lambda': 2.143349802513697}. Best is trial 0 with value: 511.6521322317852.
[I 2026-03-17 12:51:15,119] Trial 8 finished with value: 560.9229707813903 and parameters: {'max_depth': 8, 'learning_rate': 0.09439923998486167, 'subsample': 0.9390090404352622, 'colsample_bytree': 0.6656293329680134, 'reg_alpha': 0.20664040903508785, 'reg_lambda': 4.554271893297821}. Best is trial 0 with value: 511.6521322317852.
[I 2026-03-17 12:51:15,216] Trial 9 finished with value: 1386.800591898012 and parameters: {'max_depth': 3, 'learning_rate': 0.07550637865187945, 'subsample': 0.8086430721238314, 'colsample_bytree': 0.8133548375216717, 'reg_alpha': 0.8133278243446234, 'reg_lambda': 2.789862481067715}. Best is trial 0 with value: 511.6521322317852.
[I 2026-03-17 12:51:16,035] Trial 10 finished with value: 540.5471220890672 and parameters: {'max_depth': 10, 'learning_rate': 0.03718505809130568, 'subsample': 0.7313734731016922, 'colsample_bytree': 0.7368641720074408, 'reg_alpha': 0.34786781694735425, 'reg_lambda': 4.823036297274198}. Best is trial 0 with value: 511.6521322317852.
[I 2026-03-17 12:51:16,747] Trial 11 finished with value: 509.0786473137587 and parameters: {'max_depth': 10, 'learning_rate': 0.05079516437778877, 'subsample': 0.7333348024358589, 'colsample_bytree': 0.886928536996564, 'reg_alpha': 0.5670694213277737, 'reg_lambda': 1.340093306140837}. Best is trial 11 with value: 509.0786473137587.
[I 2026-03-17 12:51:17,422] Trial 12 finished with value: 546.2780181037848 and parameters: {'max_depth': 10, 'learning_rate': 0.0452693622179321, 'subsample': 0.7780531133601671, 'colsample_bytree': 0.606075716342476, 'reg_alpha': 0.5681981499956659, 'reg_lambda': 1.6517007281297582}. Best is trial 11 with value: 509.0786473137587.
[I 2026-03-17 12:51:18,975] Trial 13 finished with value: 519.919839348335 and parameters: {'max_depth': 9, 'learning_rate': 0.015384236876147692, 'subsample': 0.7233353584697275, 'colsample_bytree': 0.9220874827132782, 'reg_alpha': 0.37885295961530796, 'reg_lambda': 3.436323851131615}. Best is trial 11 with value: 509.0786473137587.
[I 2026-03-17 12:51:19,735] Trial 14 finished with value: 503.31802113033973 and parameters: {'max_depth': 9, 'learning_rate': 0.030484309876947523, 'subsample': 0.8539001044370919, 'colsample_bytree': 0.7842523103282049, 'reg_alpha': 0.6570106212926867, 'reg_lambda': 1.4981409190277064}. Best is trial 14 with value: 503.31802113033973.
[I 2026-03-17 12:51:20,603] Trial 15 finished with value: 511.51506661660665 and parameters: {'max_depth': 9, 'learning_rate': 0.02874178784092538, 'subsample': 0.7117978220054066, 'colsample_bytree': 0.785476373252673, 'reg_alpha': 0.6538507737059113, 'reg_lambda': 1.2879613620054278}. Best is trial 14 with value: 503.31802113033973.
[I 2026-03-17 12:51:22,717] Trial 16 finished with value: 504.3805911508579 and parameters: {'max_depth': 9, 'learning_rate': 0.011618553262692583, 'subsample': 0.8642092441374511, 'colsample_bytree': 0.8637036475224221, 'reg_alpha': 0.6705666681834754, 'reg_lambda': 1.86079723643281}. Best is trial 14 with value: 503.31802113033973.
[I 2026-03-17 12:51:23,621] Trial 17 finished with value: 641.4127625166867 and parameters: {'max_depth': 6, 'learning_rate': 0.010628930463203293, 'subsample': 0.8732526046485842, 'colsample_bytree': 0.8354049454936608, 'reg_alpha': 0.7022910603465116, 'reg_lambda': 2.0011998830363122}. Best is trial 14 with value: 503.31802113033973.
[I 2026-03-17 12:51:24,091] Trial 18 finished with value: 572.1286048967987 and parameters: {'max_depth': 7, 'learning_rate': 0.029985602123014193, 'subsample': 0.86127916769501, 'colsample_bytree': 0.7593205745446389, 'reg_alpha': 0.3956147611608732, 'reg_lambda': 0.04203318818251622}. Best is trial 14 with value: 503.31802113033973.
[I 2026-03-17 12:51:24,912] Trial 19 finished with value: 492.13622388882874 and parameters: {'max_depth': 9, 'learning_rate': 0.02620037382317084, 'subsample': 0.9994549691184584, 'colsample_bytree': 0.83832427449023, 'reg_alpha': 0.6625598518811675, 'reg_lambda': 0.7971702885694976}. Best is trial 19 with value: 492.13622388882874.
[I 2026-03-17 12:51:25,283] Trial 20 finished with value: 762.0349552830825 and parameters: {'max_depth': 5, 'learning_rate': 0.024869648599208174, 'subsample': 0.9917955909530507, 'colsample_bytree': 0.925490526435593, 'reg_alpha': 0.9992597539240138, 'reg_lambda': 0.7396291251600915}. Best is trial 19 with value: 492.13622388882874.
[I 2026-03-17 12:51:26,649] Trial 21 finished with value: 512.1513256906812 and parameters: {'max_depth': 9, 'learning_rate': 0.01692270074574455, 'subsample': 0.7908048732625025, 'colsample_bytree': 0.840803312545898, 'reg_alpha': 0.664417663392277, 'reg_lambda': 1.7740644802774295}. Best is trial 19 with value: 492.13622388882874.
[I 2026-03-17 12:51:28,845] Trial 22 finished with value: 486.4354308853073 and parameters: {'max_depth': 9, 'learning_rate': 0.010354104796830101, 'subsample': 0.9038775124053213, 'colsample_bytree': 0.8471732396551594, 'reg_alpha': 0.4619180658170735, 'reg_lambda': 0.6511045315932527}. Best is trial 22 with value: 486.4354308853073.
[I 2026-03-17 12:51:29,386] Trial 23 finished with value: 514.1217399670372 and parameters: {'max_depth': 8, 'learning_rate': 0.030591528721897066, 'subsample': 0.9070055299719907, 'colsample_bytree': 0.7672235737841673, 'reg_alpha': 0.4314254864664012, 'reg_lambda': 0.5181821861813233}. Best is trial 22 with value: 486.4354308853073.
[I 2026-03-17 12:51:30,607] Trial 24 finished with value: 488.0135605028511 and parameters: {'max_depth': 9, 'learning_rate': 0.019755224870274743, 'subsample': 0.9511791081712228, 'colsample_bytree': 0.8220510798272798, 'reg_alpha': 0.4777756846145003, 'reg_lambda': 1.0219810695238158}. Best is trial 22 with value: 486.4354308853073.
[I 2026-03-17 12:51:31,209] Trial 25 finished with value: 587.7956917972525 and parameters: {'max_depth': 7, 'learning_rate': 0.02039254140066251, 'subsample': 0.998914095908736, 'colsample_bytree': 0.9162821212882133, 'reg_alpha': 0.464556783301741, 'reg_lambda': 1.130067763573868}. Best is trial 22 with value: 486.4354308853073.
[I 2026-03-17 12:51:31,659] Trial 26 finished with value: 529.1450630354375 and parameters: {'max_depth': 8, 'learning_rate': 0.03776673391884279, 'subsample': 0.9548868256579561, 'colsample_bytree': 0.823993551106106, 'reg_alpha': 0.30799651891304836, 'reg_lambda': 0.2992022840135394}. Best is trial 22 with value: 486.4354308853073.
[I 2026-03-17 12:51:33,845] Trial 27 finished with value: 485.85341556658534 and parameters: {'max_depth': 9, 'learning_rate': 0.010385966623617834, 'subsample': 0.9121098394971963, 'colsample_bytree': 0.8456873914380081, 'reg_alpha': 0.23557376508210065, 'reg_lambda': 0.8298741668298046}. Best is trial 27 with value: 485.85341556658534.
[I 2026-03-17 12:51:35,052] Trial 28 finished with value: 522.7339441366539 and parameters: {'max_depth': 8, 'learning_rate': 0.01524437390612489, 'subsample': 0.9051991519668454, 'colsample_bytree': 0.8989101699772672, 'reg_alpha': 0.23860303957579265, 'reg_lambda': 0.9344193150719877}. Best is trial 27 with value: 485.85341556658534.
[I 2026-03-17 12:51:36,819] Trial 29 finished with value: 496.58905079703766 and parameters: {'max_depth': 10, 'learning_rate': 0.019512361635889923, 'subsample': 0.8275766119602743, 'colsample_bytree': 0.7197926146630416, 'reg_alpha': 0.0940527113284298, 'reg_lambda': 0.42948034875890556}. Best is trial 27 with value: 485.85341556658534.
[I 2026-03-17 12:52:01,526] A new study created in memory with name: no-name-d5b841a0-9ffe-4afc-9d15-2fb86a0a429b
[I 2026-03-17 12:52:01,811] Trial 0 finished with value: 131.6850576113309 and parameters: {'max_depth': 7, 'learning_rate': 0.059665978415459134, 'subsample': 0.81219454258003, 'colsample_bytree': 0.7269948127955991, 'reg_alpha': 0.4193723677073562, 'reg_lambda': 1.3556804472638961}. Best is trial 0 with value: 131.6850576113309.
[I 2026-03-17 12:52:02,192] Trial 1 finished with value: 266.85973739289346 and parameters: {'max_depth': 3, 'learning_rate': 0.039309318325175806, 'subsample': 0.652709652955962, 'colsample_bytree': 0.6271340312155465, 'reg_alpha': 0.060595686738377896, 'reg_lambda': 1.7665245207753917}. Best is trial 0 with value: 131.6850576113309.
[I 2026-03-17 12:52:02,436] Trial 2 finished with value: 149.65386737716815 and parameters: {'max_depth': 6, 'learning_rate': 0.08425103510369554, 'subsample': 0.8290694993879323, 'colsample_bytree': 0.6700432690844402, 'reg_alpha': 0.48476883312584007, 'reg_lambda': 2.786677235839898}. Best is trial 0 with value: 131.6850576113309.
[I 2026-03-17 12:52:03,169] Trial 3 finished with value: 219.75748271434688 and parameters: {'max_depth': 4, 'learning_rate': 0.010826316702132764, 'subsample': 0.9221719745868339, 'colsample_bytree': 0.7751563652794291, 'reg_alpha': 0.42313417277418985, 'reg_lambda': 3.635262015273202}. Best is trial 0 with value: 131.6850576113309.
[I 2026-03-17 12:52:04,011] Trial 4 finished with value: 257.57028143585484 and parameters: {'max_depth': 3, 'learning_rate': 0.01236079941608937, 'subsample': 0.8783647012305892, 'colsample_bytree': 0.9371699588150535, 'reg_alpha': 0.18535428094593365, 'reg_lambda': 1.8465064438835839}. Best is trial 0 with value: 131.6850576113309.
[I 2026-03-17 12:52:04,340] Trial 5 finished with value: 165.2925531142064 and parameters: {'max_depth': 5, 'learning_rate': 0.058835415379744974, 'subsample': 0.7522725375718878, 'colsample_bytree': 0.7351372427601017, 'reg_alpha': 0.6591999604518124, 'reg_lambda': 0.08470356029394166}. Best is trial 0 with value: 131.6850576113309.
[I 2026-03-17 12:52:04,738] Trial 6 finished with value: 118.08855264060527 and parameters: {'max_depth': 9, 'learning_rate': 0.05829148214358113, 'subsample': 0.9754970519035472, 'colsample_bytree': 0.6321449196299025, 'reg_alpha': 0.49119515119795487, 'reg_lambda': 2.283591124988373}. Best is trial 6 with value: 118.08855264060527.
[I 2026-03-17 12:52:04,963] Trial 7 finished with value: 208.81310582547442 and parameters: {'max_depth': 4, 'learning_rate': 0.0733670183747305, 'subsample': 0.9427062712372948, 'colsample_bytree': 0.7546331385458528, 'reg_alpha': 0.41871051127970826, 'reg_lambda': 4.720644241111357}. Best is trial 6 with value: 118.08855264060527.
[I 2026-03-17 12:52:06,799] Trial 8 finished with value: 119.85873270805942 and parameters: {'max_depth': 8, 'learning_rate': 0.010649491555606534, 'subsample': 0.8244542199230844, 'colsample_bytree': 0.7855215258132429, 'reg_alpha': 0.12689455588834642, 'reg_lambda': 3.7100741533118113}. Best is trial 6 with value: 118.08855264060527.
[I 2026-03-17 12:52:06,907] Trial 9 finished with value: 301.6780656065308 and parameters: {'max_depth': 3, 'learning_rate': 0.05197390291915954, 'subsample': 0.6442376747518902, 'colsample_bytree': 0.6068383136912229, 'reg_alpha': 0.7899117133659378, 'reg_lambda': 0.5452535730142438}. Best is trial 6 with value: 118.08855264060527.
[I 2026-03-17 12:52:07,231] Trial 10 finished with value: 113.9655103428366 and parameters: {'max_depth': 10, 'learning_rate': 0.0959110415971149, 'subsample': 0.9604677856830047, 'colsample_bytree': 0.8976935876621494, 'reg_alpha': 0.9740110122565155, 'reg_lambda': 2.8335345925126805}. Best is trial 10 with value: 113.9655103428366.
[I 2026-03-17 12:52:07,577] Trial 11 finished with value: 115.60449038516028 and parameters: {'max_depth': 10, 'learning_rate': 0.09588902380797244, 'subsample': 0.9866290033963956, 'colsample_bytree': 0.904732845566348, 'reg_alpha': 0.9811061408839321, 'reg_lambda': 3.0072289095713907}. Best is trial 10 with value: 113.9655103428366.
[I 2026-03-17 12:52:07,884] Trial 12 finished with value: 112.76436823351449 and parameters: {'max_depth': 10, 'learning_rate': 0.0984850906019461, 'subsample': 0.9642141188612157, 'colsample_bytree': 0.8960798239326433, 'reg_alpha': 0.9977367727593025, 'reg_lambda': 3.1747448830385596}. Best is trial 12 with value: 112.76436823351449.
[I 2026-03-17 12:52:08,237] Trial 13 finished with value: 115.14851316841667 and parameters: {'max_depth': 10, 'learning_rate': 0.09515354395521151, 'subsample': 0.8985475065571035, 'colsample_bytree': 0.8731103259151187, 'reg_alpha': 0.9828195167086079, 'reg_lambda': 3.8163176246307096}. Best is trial 12 with value: 112.76436823351449.
[I 2026-03-17 12:52:08,615] Trial 14 finished with value: 119.75520086102108 and parameters: {'max_depth': 9, 'learning_rate': 0.08084798201182805, 'subsample': 0.7398238047184166, 'colsample_bytree': 0.9996239778164013, 'reg_alpha': 0.7915364958421407, 'reg_lambda': 4.855604693143123}. Best is trial 12 with value: 112.76436823351449.
[I 2026-03-17 12:52:08,788] Trial 15 finished with value: 126.36350444997242 and parameters: {'max_depth': 8, 'learning_rate': 0.09952025187759361, 'subsample': 0.992659827597201, 'colsample_bytree': 0.8489831221578708, 'reg_alpha': 0.8444804139213775, 'reg_lambda': 3.203970167598953}. Best is trial 12 with value: 112.76436823351449.
[I 2026-03-17 12:52:09,173] Trial 16 finished with value: 116.14425637419363 and parameters: {'max_depth': 10, 'learning_rate': 0.08367868172673293, 'subsample': 0.8641964865186786, 'colsample_bytree': 0.9549757596768144, 'reg_alpha': 0.6498649231648307, 'reg_lambda': 4.307978463352262}. Best is trial 12 with value: 112.76436823351449.
[I 2026-03-17 12:52:09,459] Trial 17 finished with value: 118.74258325439548 and parameters: {'max_depth': 9, 'learning_rate': 0.0724016633165825, 'subsample': 0.9383149257083643, 'colsample_bytree': 0.844977169140387, 'reg_alpha': 0.9037588346835743, 'reg_lambda': 2.5302457097822275}. Best is trial 12 with value: 112.76436823351449.
[I 2026-03-17 12:52:09,909] Trial 18 finished with value: 131.62504699493476 and parameters: {'max_depth': 7, 'learning_rate': 0.0398525196450419, 'subsample': 0.7435034454428807, 'colsample_bytree': 0.8198659824509639, 'reg_alpha': 0.6520778518948616, 'reg_lambda': 3.3344073162769847}. Best is trial 12 with value: 112.76436823351449.
[I 2026-03-17 12:52:10,193] Trial 19 finished with value: 123.77669199506713 and parameters: {'max_depth': 8, 'learning_rate': 0.0886737311852283, 'subsample': 0.9522318487318023, 'colsample_bytree': 0.898233977728807, 'reg_alpha': 0.2786250185507694, 'reg_lambda': 2.1701935966221404}. Best is trial 12 with value: 112.76436823351449.
[I 2026-03-17 12:52:10,622] Trial 20 finished with value: 119.42543362679436 and parameters: {'max_depth': 9, 'learning_rate': 0.06869860834781277, 'subsample': 0.6932056436523162, 'colsample_bytree': 0.9949708004451268, 'reg_alpha': 0.7165322986492306, 'reg_lambda': 1.097568960572842}. Best is trial 12 with value: 112.76436823351449.
[I 2026-03-17 12:52:10,995] Trial 21 finished with value: 114.30681345744323 and parameters: {'max_depth': 10, 'learning_rate': 0.09179869366062197, 'subsample': 0.8957983412263177, 'colsample_bytree': 0.869844795285109, 'reg_alpha': 0.992002515997061, 'reg_lambda': 3.9736176811977915}. Best is trial 12 with value: 112.76436823351449.
[I 2026-03-17 12:52:11,297] Trial 22 finished with value: 114.6751096487572 and parameters: {'max_depth': 10, 'learning_rate': 0.09962629805212825, 'subsample': 0.9073583225203236, 'colsample_bytree': 0.9242271189378823, 'reg_alpha': 0.9094850520788638, 'reg_lambda': 4.113975592951405}. Best is trial 12 with value: 112.76436823351449.
[I 2026-03-17 12:52:11,763] Trial 23 finished with value: 115.28474758399999 and parameters: {'max_depth': 10, 'learning_rate': 0.08771211839384535, 'subsample': 0.8697787272581583, 'colsample_bytree': 0.874252186277554, 'reg_alpha': 0.9826485705492524, 'reg_lambda': 2.756434351569119}. Best is trial 12 with value: 112.76436823351449.
[I 2026-03-17 12:52:12,017] Trial 24 finished with value: 116.42560405185951 and parameters: {'max_depth': 9, 'learning_rate': 0.09012084372830938, 'subsample': 0.963234137666191, 'colsample_bytree': 0.8178347538426303, 'reg_alpha': 0.9028784081408125, 'reg_lambda': 4.31264985456183}. Best is trial 12 with value: 112.76436823351449.
[I 2026-03-17 12:52:12,320] Trial 25 finished with value: 119.62102879414056 and parameters: {'max_depth': 8, 'learning_rate': 0.0773690600902461, 'subsample': 0.9081120857137537, 'colsample_bytree': 0.9538784913056234, 'reg_alpha': 0.8183474407991733, 'reg_lambda': 3.4478429368588515}. Best is trial 12 with value: 112.76436823351449.
[I 2026-03-17 12:52:12,680] Trial 26 finished with value: 116.3059967973641 and parameters: {'max_depth': 10, 'learning_rate': 0.09158077768216652, 'subsample': 0.8479380476616217, 'colsample_bytree': 0.8785632483562622, 'reg_alpha': 0.7304762314503646, 'reg_lambda': 3.9399956663608218}. Best is trial 12 with value: 112.76436823351449.
[I 2026-03-17 12:52:13,001] Trial 27 finished with value: 120.09667579422815 and parameters: {'max_depth': 9, 'learning_rate': 0.06932544223758033, 'subsample': 0.6054440567283943, 'colsample_bytree': 0.8435671527447157, 'reg_alpha': 0.9030893602683242, 'reg_lambda': 2.9378236794649277}. Best is trial 12 with value: 112.76436823351449.
[I 2026-03-17 12:52:13,559] Trial 28 finished with value: 139.91798650847488 and parameters: {'max_depth': 6, 'learning_rate': 0.025436001793414154, 'subsample': 0.779058244661444, 'colsample_bytree': 0.9649323688929614, 'reg_alpha': 0.5522224955132281, 'reg_lambda': 4.535655478286742}. Best is trial 12 with value: 112.76436823351449.
[I 2026-03-17 12:52:13,800] Trial 29 finished with value: 128.6858700323535 and parameters: {'max_depth': 7, 'learning_rate': 0.07877099180218271, 'subsample': 0.7928023161430197, 'colsample_bytree': 0.8942433914513725, 'reg_alpha': 0.8599226558727108, 'reg_lambda': 2.4500233503175872}. Best is trial 12 with value: 112.76436823351449.
[I 2026-03-17 12:52:42,626] A new study created in memory with name: no-name-29378083-5218-48b0-b13d-2373c546037b
[I 2026-03-17 12:52:43,148] Trial 0 finished with value: 89.19380114275633 and parameters: {'max_depth': 9, 'learning_rate': 0.05218569803972989, 'subsample': 0.8785921948332602, 'colsample_bytree': 0.7706819995475748, 'reg_alpha': 0.9370642825075628, 'reg_lambda': 0.17305644911892015}. Best is trial 0 with value: 89.19380114275633.
[I 2026-03-17 12:52:43,973] Trial 1 finished with value: 93.20921949097414 and parameters: {'max_depth': 10, 'learning_rate': 0.036893384352033494, 'subsample': 0.6677575376313676, 'colsample_bytree': 0.7362969857115693, 'reg_alpha': 0.07878175999548276, 'reg_lambda': 2.6303453915430826}. Best is trial 0 with value: 89.19380114275633.
[I 2026-03-17 12:52:44,195] Trial 2 finished with value: 109.90841508264887 and parameters: {'max_depth': 6, 'learning_rate': 0.06915622819867466, 'subsample': 0.7835728737957468, 'colsample_bytree': 0.9473003558595858, 'reg_alpha': 0.0009097685169042746, 'reg_lambda': 1.2028170120617465}. Best is trial 0 with value: 89.19380114275633.
[I 2026-03-17 12:52:44,381] Trial 3 finished with value: 104.64481083970281 and parameters: {'max_depth': 7, 'learning_rate': 0.0871927355839935, 'subsample': 0.8600254035901287, 'colsample_bytree': 0.6473212278173986, 'reg_alpha': 0.8861281562340068, 'reg_lambda': 0.4231130949171924}. Best is trial 0 with value: 89.19380114275633.
