[I 2026-03-17 12:59:23,107] Trial 8 finished with value: 307.0857815471628 and parameters: {'max_depth': 7, 'learning_rate': 0.03523382874686613, 'subsample': 0.8079039042712692, 'colsample_bytree': 0.9725795574416314, 'reg_alpha': 0.8639725031807813, 'reg_lambda': 2.750566833572807}. Best is trial 8 with value: 307.0857815471628.
[I 2026-03-17 12:59:24,081] Trial 9 finished with value: 309.93941346616066 and parameters: {'max_depth': 9, 'learning_rate': 0.05081100833673567, 'subsample': 0.7255155511283291, 'colsample_bytree': 0.8526784014222597, 'reg_alpha': 0.4047002961659849, 'reg_lambda': 3.649830202902187}. Best is trial 8 with value: 307.0857815471628.
[I 2026-03-17 12:59:24,430] Trial 10 finished with value: 323.32893895082947 and parameters: {'max_depth': 8, 'learning_rate': 0.09671903719426961, 'subsample': 0.828485840509532, 'colsample_bytree': 0.9872703439002637, 'reg_alpha': 0.693265268914673, 'reg_lambda': 1.456232808353601}. Best is trial 8 with value: 307.0857815471628.
[I 2026-03-17 12:59:24,818] Trial 11 finished with value: 311.95501696749614 and parameters: {'max_depth': 8, 'learning_rate': 0.06275336917399442, 'subsample': 0.7487581808257094, 'colsample_bytree': 0.8753149189735818, 'reg_alpha': 0.6056932733742393, 'reg_lambda': 3.025635281769664}. Best is trial 8 with value: 307.0857815471628.
[I 2026-03-17 12:59:25,152] Trial 12 finished with value: 311.96361904631794 and parameters: {'max_depth': 8, 'learning_rate': 0.07805731131342353, 'subsample': 0.6941366459615281, 'colsample_bytree': 0.9079586003285491, 'reg_alpha': 0.9317624085578453, 'reg_lambda': 2.0084098100839443}. Best is trial 8 with value: 307.0857815471628.
[I 2026-03-17 12:59:26,123] Trial 13 finished with value: 310.455541080613 and parameters: {'max_depth': 9, 'learning_rate': 0.04739796625875438, 'subsample': 0.8284231692843536, 'colsample_bytree': 0.8228697084304889, 'reg_alpha': 0.3257940100057194, 'reg_lambda': 3.4508995739940245}. Best is trial 8 with value: 307.0857815471628.
[I 2026-03-17 12:59:26,723] Trial 14 finished with value: 310.7764027888107 and parameters: {'max_depth': 7, 'learning_rate': 0.028520393937074617, 'subsample': 0.7065973978373932, 'colsample_bytree': 0.988876758228032, 'reg_alpha': 0.5640733081344941, 'reg_lambda': 3.5275250273548204}. Best is trial 8 with value: 307.0857815471628.
[I 2026-03-17 12:59:27,812] Trial 15 finished with value: 304.61708333350606 and parameters: {'max_depth': 7, 'learning_rate': 0.015115619224643183, 'subsample': 0.8500482969878196, 'colsample_bytree': 0.7804406651462721, 'reg_alpha': 0.8070130803300417, 'reg_lambda': 2.2339139445833975}. Best is trial 15 with value: 304.61708333350606.
[I 2026-03-17 12:59:28,563] Trial 16 finished with value: 309.8978209457759 and parameters: {'max_depth': 6, 'learning_rate': 0.012745203778832596, 'subsample': 0.8586031027095948, 'colsample_bytree': 0.7772184799160043, 'reg_alpha': 0.8170976142502644, 'reg_lambda': 1.9057540566839632}. Best is trial 15 with value: 304.61708333350606.
[I 2026-03-17 12:59:29,145] Trial 17 finished with value: 317.8347976966992 and parameters: {'max_depth': 6, 'learning_rate': 0.02027390985776218, 'subsample': 0.7980395744951624, 'colsample_bytree': 0.6004346418097459, 'reg_alpha': 0.9734621827640877, 'reg_lambda': 1.2300075441648497}. Best is trial 15 with value: 304.61708333350606.
[I 2026-03-17 12:59:29,724] Trial 18 finished with value: 305.8108306668114 and parameters: {'max_depth': 7, 'learning_rate': 0.03583669996874531, 'subsample': 0.8592809768798086, 'colsample_bytree': 0.7890501043103386, 'reg_alpha': 0.7098033084436844, 'reg_lambda': 2.393707947235413}. Best is trial 15 with value: 304.61708333350606.
[I 2026-03-17 12:59:30,044] Trial 19 finished with value: 329.72012302206815 and parameters: {'max_depth': 4, 'learning_rate': 0.021880717126039555, 'subsample': 0.8738384012874648, 'colsample_bytree': 0.7798420345317925, 'reg_alpha': 0.7130726821980308, 'reg_lambda': 2.0234411071004867}. Best is trial 15 with value: 304.61708333350606.
[I 2026-03-17 12:59:30,489] Trial 20 finished with value: 309.93859549740085 and parameters: {'max_depth': 7, 'learning_rate': 0.039749190387154174, 'subsample': 0.954626360049688, 'colsample_bytree': 0.8165053786721397, 'reg_alpha': 0.6300102336345471, 'reg_lambda': 2.375878071210387}. Best is trial 15 with value: 304.61708333350606.
[I 2026-03-17 12:59:30,991] Trial 21 finished with value: 313.30998923440416 and parameters: {'max_depth': 7, 'learning_rate': 0.0316118842139019, 'subsample': 0.8266758648676669, 'colsample_bytree': 0.7508090022708002, 'reg_alpha': 0.8238481154287836, 'reg_lambda': 2.6802862107955097}. Best is trial 15 with value: 304.61708333350606.
[I 2026-03-17 12:59:31,863] Trial 22 finished with value: 310.16726429225565 and parameters: {'max_depth': 7, 'learning_rate': 0.01735449225648627, 'subsample': 0.8600400872732811, 'colsample_bytree': 0.9039083272278653, 'reg_alpha': 0.8279167229637736, 'reg_lambda': 1.396481767236766}. Best is trial 15 with value: 304.61708333350606.
[I 2026-03-17 12:59:32,747] Trial 23 finished with value: 299.7263858644599 and parameters: {'max_depth': 8, 'learning_rate': 0.03843714131290299, 'subsample': 0.7950416534830058, 'colsample_bytree': 0.7964942866599808, 'reg_alpha': 0.9982813238297021, 'reg_lambda': 3.179167167836791}. Best is trial 23 with value: 299.7263858644599.
[I 2026-03-17 12:59:34,293] Trial 24 finished with value: 317.4427924706492 and parameters: {'max_depth': 9, 'learning_rate': 0.026157354978493953, 'subsample': 0.7738892346583477, 'colsample_bytree': 0.7909986962316135, 'reg_alpha': 0.9796389516894238, 'reg_lambda': 3.256014789301966}. Best is trial 23 with value: 299.7263858644599.
[I 2026-03-17 12:59:34,934] Trial 25 finished with value: 318.04684314670885 and parameters: {'max_depth': 8, 'learning_rate': 0.04126999893532561, 'subsample': 0.6532690227893497, 'colsample_bytree': 0.7452943029975173, 'reg_alpha': 0.714520741489559, 'reg_lambda': 2.425672290299194}. Best is trial 23 with value: 299.7263858644599.
[I 2026-03-17 12:59:35,416] Trial 26 finished with value: 317.310610057934 and parameters: {'max_depth': 8, 'learning_rate': 0.05518886053430824, 'subsample': 0.8916900502256833, 'colsample_bytree': 0.8306269168440524, 'reg_alpha': 0.5176564796939378, 'reg_lambda': 1.7415932986040707}. Best is trial 23 with value: 299.7263858644599.
[I 2026-03-17 12:59:35,585] Trial 27 finished with value: 317.44948520409855 and parameters: {'max_depth': 6, 'learning_rate': 0.06654728652613011, 'subsample': 0.9337540846627499, 'colsample_bytree': 0.8016353117731833, 'reg_alpha': 0.9015365759882866, 'reg_lambda': 0.7444809535872505}. Best is trial 23 with value: 299.7263858644599.
[I 2026-03-17 12:59:38,357] Trial 28 finished with value: 312.37085446067454 and parameters: {'max_depth': 9, 'learning_rate': 0.0161716791355808, 'subsample': 0.7925379111399738, 'colsample_bytree': 0.7265586818583112, 'reg_alpha': 0.7734549322771973, 'reg_lambda': 2.238475437032226}. Best is trial 23 with value: 299.7263858644599.
[I 2026-03-17 12:59:38,541] Trial 29 finished with value: 332.9774076912926 and parameters: {'max_depth': 4, 'learning_rate': 0.03584734245464995, 'subsample': 0.7576654299748667, 'colsample_bytree': 0.7729589943473684, 'reg_alpha': 0.906582556149194, 'reg_lambda': 3.1358458473787993}. Best is trial 23 with value: 299.7263858644599.
[I 2026-03-17 12:59:58,136] A new study created in memory with name: no-name-32159bf9-f5ed-47c5-ae01-7cb6c0c476e6
[I 2026-03-17 12:59:58,246] Trial 0 finished with value: 1715.326602093161 and parameters: {'max_depth': 6, 'learning_rate': 0.07520392848148857, 'subsample': 0.6625468776502474, 'colsample_bytree': 0.7807739339866729, 'reg_alpha': 0.9720370742500339, 'reg_lambda': 0.9184577064278865}. Best is trial 0 with value: 1715.326602093161.
[I 2026-03-17 12:59:58,683] Trial 1 finished with value: 1829.5898160801426 and parameters: {'max_depth': 9, 'learning_rate': 0.06379098085454263, 'subsample': 0.9952182933363474, 'colsample_bytree': 0.6443962130702868, 'reg_alpha': 0.08992550940906563, 'reg_lambda': 2.6456957007294184}. Best is trial 0 with value: 1715.326602093161.
[I 2026-03-17 12:59:58,736] Trial 2 finished with value: 1689.553927878811 and parameters: {'max_depth': 5, 'learning_rate': 0.08651565984678403, 'subsample': 0.899877087186346, 'colsample_bytree': 0.7127077638261453, 'reg_alpha': 0.604204203330044, 'reg_lambda': 0.6525070653566567}. Best is trial 2 with value: 1689.553927878811.
[I 2026-03-17 12:59:59,025] Trial 3 finished with value: 1761.9017721331554 and parameters: {'max_depth': 8, 'learning_rate': 0.04397266951302153, 'subsample': 0.9371231233114133, 'colsample_bytree': 0.7042183109953345, 'reg_alpha': 0.4078828256854947, 'reg_lambda': 2.073795216404357}. Best is trial 2 with value: 1689.553927878811.
[I 2026-03-17 12:59:59,094] Trial 4 finished with value: 1750.749706181217 and parameters: {'max_depth': 3, 'learning_rate': 0.02823067247108753, 'subsample': 0.7270832827068153, 'colsample_bytree': 0.7137929604991614, 'reg_alpha': 0.8956028290299023, 'reg_lambda': 1.9964828148631164}. Best is trial 2 with value: 1689.553927878811.
[I 2026-03-17 12:59:59,482] Trial 5 finished with value: 1784.4396953630394 and parameters: {'max_depth': 8, 'learning_rate': 0.039380755909484345, 'subsample': 0.737666517155291, 'colsample_bytree': 0.9119414324492516, 'reg_alpha': 0.3798779326980608, 'reg_lambda': 3.7942888729414563}. Best is trial 2 with value: 1689.553927878811.
[I 2026-03-17 12:59:59,856] Trial 6 finished with value: 1746.9220362281146 and parameters: {'max_depth': 9, 'learning_rate': 0.052020428572004423, 'subsample': 0.7012605809302123, 'colsample_bytree': 0.8977453047148112, 'reg_alpha': 0.6735941780531222, 'reg_lambda': 4.273849540328472}. Best is trial 2 with value: 1689.553927878811.
[I 2026-03-17 12:59:59,946] Trial 7 finished with value: 1730.5438844776588 and parameters: {'max_depth': 5, 'learning_rate': 0.06408542194957911, 'subsample': 0.8537343587667496, 'colsample_bytree': 0.8991513823261748, 'reg_alpha': 0.92793180714249, 'reg_lambda': 4.88044561655011}. Best is trial 2 with value: 1689.553927878811.
[I 2026-03-17 13:00:00,047] Trial 8 finished with value: 1728.8825647014462 and parameters: {'max_depth': 3, 'learning_rate': 0.01867571342933171, 'subsample': 0.6248778743905892, 'colsample_bytree': 0.7052989983845338, 'reg_alpha': 0.6866406378249941, 'reg_lambda': 0.2611741925001987}. Best is trial 2 with value: 1689.553927878811.
[I 2026-03-17 13:00:00,650] Trial 9 finished with value: 1768.3067473611331 and parameters: {'max_depth': 9, 'learning_rate': 0.03334622254954032, 'subsample': 0.6232904059163042, 'colsample_bytree': 0.9827410404651985, 'reg_alpha': 0.7858058218764964, 'reg_lambda': 4.503970976162605}. Best is trial 2 with value: 1689.553927878811.
[I 2026-03-17 13:00:00,693] Trial 10 finished with value: 1759.0506499651904 and parameters: {'max_depth': 5, 'learning_rate': 0.09845484095505377, 'subsample': 0.8542239874612387, 'colsample_bytree': 0.603536398756333, 'reg_alpha': 0.2070844337104487, 'reg_lambda': 1.1213237888184895}. Best is trial 2 with value: 1689.553927878811.
[I 2026-03-17 13:00:00,792] Trial 11 finished with value: 1683.919726447972 and parameters: {'max_depth': 6, 'learning_rate': 0.0882777491769239, 'subsample': 0.8766353409436991, 'colsample_bytree': 0.8117541884305453, 'reg_alpha': 0.6310219358456912, 'reg_lambda': 0.2361091580834626}. Best is trial 11 with value: 1683.919726447972.
[I 2026-03-17 13:00:00,838] Trial 12 finished with value: 1773.2630255363847 and parameters: {'max_depth': 5, 'learning_rate': 0.09439742594773083, 'subsample': 0.8813747770028502, 'colsample_bytree': 0.8017527482947415, 'reg_alpha': 0.55740215761046, 'reg_lambda': 0.008012967703555085}. Best is trial 11 with value: 1683.919726447972.
[I 2026-03-17 13:00:00,946] Trial 13 finished with value: 1753.2170255826488 and parameters: {'max_depth': 7, 'learning_rate': 0.08385729886754513, 'subsample': 0.799734474901618, 'colsample_bytree': 0.801547531068648, 'reg_alpha': 0.518263773055737, 'reg_lambda': 1.022091195211891}. Best is trial 11 with value: 1683.919726447972.
[I 2026-03-17 13:00:00,990] Trial 14 finished with value: 1724.285897738313 and parameters: {'max_depth': 4, 'learning_rate': 0.08268296660122115, 'subsample': 0.9258128372032379, 'colsample_bytree': 0.7498630344313856, 'reg_alpha': 0.6471388081806594, 'reg_lambda': 3.089955194561644}. Best is trial 11 with value: 1683.919726447972.
[I 2026-03-17 13:00:01,075] Trial 15 finished with value: 1772.7522700497004 and parameters: {'max_depth': 6, 'learning_rate': 0.07222724232172598, 'subsample': 0.8194622977925956, 'colsample_bytree': 0.8736512733480758, 'reg_alpha': 0.3722727399936582, 'reg_lambda': 0.6358517377167713}. Best is trial 11 with value: 1683.919726447972.
[I 2026-03-17 13:00:01,209] Trial 16 finished with value: 1762.482956192401 and parameters: {'max_depth': 7, 'learning_rate': 0.08754516423544097, 'subsample': 0.9966953998767707, 'colsample_bytree': 0.8394653693451363, 'reg_alpha': 0.7878544075086813, 'reg_lambda': 1.5887684027036122}. Best is trial 11 with value: 1683.919726447972.
[I 2026-03-17 13:00:01,239] Trial 17 finished with value: 1795.6806264380887 and parameters: {'max_depth': 4, 'learning_rate': 0.09939572227451549, 'subsample': 0.9174126563116887, 'colsample_bytree': 0.658432624962196, 'reg_alpha': 0.2585089365086233, 'reg_lambda': 1.6007092978408706}. Best is trial 11 with value: 1683.919726447972.
[I 2026-03-17 13:00:01,315] Trial 18 finished with value: 1773.6062668883094 and parameters: {'max_depth': 6, 'learning_rate': 0.07352449778734195, 'subsample': 0.7837465799253427, 'colsample_bytree': 0.7478288519718915, 'reg_alpha': 0.5886243889445969, 'reg_lambda': 0.4033512872768117}. Best is trial 11 with value: 1683.919726447972.
[I 2026-03-17 13:00:02,007] Trial 19 finished with value: 1769.5186861919656 and parameters: {'max_depth': 10, 'learning_rate': 0.05903839596653358, 'subsample': 0.8909780505044796, 'colsample_bytree': 0.968024371884164, 'reg_alpha': 0.7547001363683666, 'reg_lambda': 3.2416123276631286}. Best is trial 11 with value: 1683.919726447972.
[I 2026-03-17 13:00:02,045] Trial 20 finished with value: 1722.845765483978 and parameters: {'max_depth': 4, 'learning_rate': 0.08902682146171721, 'subsample': 0.9563689518901927, 'colsample_bytree': 0.8418801455789413, 'reg_alpha': 0.4589533253255438, 'reg_lambda': 1.469813311616456}. Best is trial 11 with value: 1683.919726447972.
[I 2026-03-17 13:00:02,142] Trial 21 finished with value: 1791.2105373898053 and parameters: {'max_depth': 6, 'learning_rate': 0.0771667938211899, 'subsample': 0.6931490223970613, 'colsample_bytree': 0.7641787727256896, 'reg_alpha': 0.9971814102179809, 'reg_lambda': 0.7573925650644082}. Best is trial 11 with value: 1683.919726447972.
[I 2026-03-17 13:00:02,274] Trial 22 finished with value: 1744.1068020977386 and parameters: {'max_depth': 7, 'learning_rate': 0.07746349032859152, 'subsample': 0.830110835502303, 'colsample_bytree': 0.7761581655101951, 'reg_alpha': 0.8450298435506022, 'reg_lambda': 0.012453694488023248}. Best is trial 11 with value: 1683.919726447972.
[I 2026-03-17 13:00:02,325] Trial 23 finished with value: 1662.3116025358574 and parameters: {'max_depth': 5, 'learning_rate': 0.09119427462056615, 'subsample': 0.6632340452568137, 'colsample_bytree': 0.8143659881623485, 'reg_alpha': 0.5834901834852121, 'reg_lambda': 1.0488545199914174}. Best is trial 23 with value: 1662.3116025358574.
[I 2026-03-17 13:00:02,384] Trial 24 finished with value: 1769.3558105573263 and parameters: {'max_depth': 5, 'learning_rate': 0.09202687810326864, 'subsample': 0.7703278411318714, 'colsample_bytree': 0.833771302217657, 'reg_alpha': 0.5990961181102106, 'reg_lambda': 0.5098653128645501}. Best is trial 23 with value: 1662.3116025358574.
[I 2026-03-17 13:00:02,424] Trial 25 finished with value: 1704.622010165698 and parameters: {'max_depth': 4, 'learning_rate': 0.08374806736529218, 'subsample': 0.8783483510547151, 'colsample_bytree': 0.6759632865225397, 'reg_alpha': 0.4766477272561024, 'reg_lambda': 1.359764721481191}. Best is trial 23 with value: 1662.3116025358574.
[I 2026-03-17 13:00:02,473] Trial 26 finished with value: 1751.3385448281624 and parameters: {'max_depth': 5, 'learning_rate': 0.09440013400001553, 'subsample': 0.763207087326293, 'colsample_bytree': 0.7314873320611451, 'reg_alpha': 0.6994129354616445, 'reg_lambda': 2.2311843510130114}. Best is trial 23 with value: 1662.3116025358574.
[I 2026-03-17 13:00:02,617] Trial 27 finished with value: 1707.76042763501 and parameters: {'max_depth': 6, 'learning_rate': 0.049850147800394234, 'subsample': 0.959415876223125, 'colsample_bytree': 0.9435096593789432, 'reg_alpha': 0.3000965578617785, 'reg_lambda': 1.109898759770635}. Best is trial 23 with value: 1662.3116025358574.
[I 2026-03-17 13:00:02,660] Trial 28 finished with value: 1754.1256633044377 and parameters: {'max_depth': 4, 'learning_rate': 0.0680874450480018, 'subsample': 0.8449727950578513, 'colsample_bytree': 0.8173653793133787, 'reg_alpha': 0.5956748305205455, 'reg_lambda': 0.327425436310316}. Best is trial 23 with value: 1662.3116025358574.
