[I 2026-03-17 12:55:04,157] Trial 20 finished with value: 11400.789772170538 and parameters: {'max_depth': 5, 'learning_rate': 0.08430383701823486, 'subsample': 0.804602702119279, 'colsample_bytree': 0.8220305904291216, 'reg_alpha': 0.8457115156025159, 'reg_lambda': 0.01870455000527338}. Best is trial 19 with value: 10415.278163720077.
[I 2026-03-17 12:55:04,240] Trial 21 finished with value: 10562.994411599693 and parameters: {'max_depth': 4, 'learning_rate': 0.07469741496264294, 'subsample': 0.8933787832373068, 'colsample_bytree': 0.8990252795681414, 'reg_alpha': 0.9862976094536555, 'reg_lambda': 2.2809788870243204}. Best is trial 19 with value: 10415.278163720077.
[I 2026-03-17 12:55:04,337] Trial 22 finished with value: 10557.208555095773 and parameters: {'max_depth': 3, 'learning_rate': 0.053682788686180385, 'subsample': 0.8293984107262506, 'colsample_bytree': 0.9682843959378816, 'reg_alpha': 0.7069528060605972, 'reg_lambda': 1.5568466038223034}. Best is trial 19 with value: 10415.278163720077.
[I 2026-03-17 12:55:04,405] Trial 23 finished with value: 10419.61264368573 and parameters: {'max_depth': 4, 'learning_rate': 0.09007916762760365, 'subsample': 0.7738780073179174, 'colsample_bytree': 0.8955131850697754, 'reg_alpha': 0.8331160571047957, 'reg_lambda': 3.0988541177430835}. Best is trial 19 with value: 10415.278163720077.
[I 2026-03-17 12:55:04,496] Trial 24 finished with value: 11448.500251532341 and parameters: {'max_depth': 6, 'learning_rate': 0.0889306446121591, 'subsample': 0.7672894629100997, 'colsample_bytree': 0.9455054161465631, 'reg_alpha': 0.8481252363700886, 'reg_lambda': 2.5951048620886623}. Best is trial 19 with value: 10415.278163720077.
[I 2026-03-17 12:55:04,585] Trial 25 finished with value: 11025.87685635773 and parameters: {'max_depth': 5, 'learning_rate': 0.0763154983632052, 'subsample': 0.7525421897083532, 'colsample_bytree': 0.8356220738729964, 'reg_alpha': 0.8850083376115198, 'reg_lambda': 3.042566639497939}. Best is trial 19 with value: 10415.278163720077.
[I 2026-03-17 12:55:04,657] Trial 26 finished with value: 10447.984673302639 and parameters: {'max_depth': 4, 'learning_rate': 0.0928884515821648, 'subsample': 0.6441508678372416, 'colsample_bytree': 0.8957542877371641, 'reg_alpha': 0.7962728941640855, 'reg_lambda': 1.6763038725838486}. Best is trial 19 with value: 10415.278163720077.
[I 2026-03-17 12:55:04,731] Trial 27 finished with value: 10470.753540697568 and parameters: {'max_depth': 3, 'learning_rate': 0.08907480921427235, 'subsample': 0.618563286556948, 'colsample_bytree': 0.7853917365079253, 'reg_alpha': 0.7867582802070178, 'reg_lambda': 1.6461304776565377}. Best is trial 19 with value: 10415.278163720077.
[I 2026-03-17 12:55:04,818] Trial 28 finished with value: 11094.915004886105 and parameters: {'max_depth': 6, 'learning_rate': 0.0950612850288681, 'subsample': 0.6566773343929195, 'colsample_bytree': 0.8541157719104604, 'reg_alpha': 0.9241211613092383, 'reg_lambda': 1.7547180283736739}. Best is trial 19 with value: 10415.278163720077.
[I 2026-03-17 12:55:04,895] Trial 29 finished with value: 11429.759189235818 and parameters: {'max_depth': 5, 'learning_rate': 0.08950288568275556, 'subsample': 0.6477242414573288, 'colsample_bytree': 0.898120608392839, 'reg_alpha': 0.0017001578548837548, 'reg_lambda': 2.4301199019534314}. Best is trial 19 with value: 10415.278163720077.
[I 2026-03-17 12:55:20,426] A new study created in memory with name: no-name-67528ea8-dba5-41f7-a51c-3c97a6e2dea6
[I 2026-03-17 12:55:20,834] Trial 0 finished with value: 596.1356124441725 and parameters: {'max_depth': 6, 'learning_rate': 0.03379241141840532, 'subsample': 0.6104835369878279, 'colsample_bytree': 0.7273606334602607, 'reg_alpha': 0.7860491103190637, 'reg_lambda': 3.9868573925351014}. Best is trial 0 with value: 596.1356124441725.
[I 2026-03-17 12:55:21,007] Trial 1 finished with value: 597.4012435667721 and parameters: {'max_depth': 6, 'learning_rate': 0.07916839317638677, 'subsample': 0.6770279167842013, 'colsample_bytree': 0.631506851592248, 'reg_alpha': 0.609648365587887, 'reg_lambda': 3.953344377741224}. Best is trial 0 with value: 596.1356124441725.
[I 2026-03-17 12:55:21,485] Trial 2 finished with value: 589.3286019279119 and parameters: {'max_depth': 7, 'learning_rate': 0.039371482517075715, 'subsample': 0.7191714609054397, 'colsample_bytree': 0.9678726370212696, 'reg_alpha': 0.35168260606856827, 'reg_lambda': 2.9176918780050514}. Best is trial 2 with value: 589.3286019279119.
[I 2026-03-17 12:55:22,308] Trial 3 finished with value: 586.5600512596327 and parameters: {'max_depth': 4, 'learning_rate': 0.011790144646820188, 'subsample': 0.6218836716027308, 'colsample_bytree': 0.6707834629090337, 'reg_alpha': 0.5300382494599263, 'reg_lambda': 1.912618014285949}. Best is trial 3 with value: 586.5600512596327.
[I 2026-03-17 12:55:24,111] Trial 4 finished with value: 595.0696451737698 and parameters: {'max_depth': 8, 'learning_rate': 0.013900470873057506, 'subsample': 0.6241004413666511, 'colsample_bytree': 0.7953375602557312, 'reg_alpha': 0.44764444804464, 'reg_lambda': 0.5242440699889578}. Best is trial 3 with value: 586.5600512596327.
[I 2026-03-17 12:55:24,382] Trial 5 finished with value: 584.1954836278908 and parameters: {'max_depth': 7, 'learning_rate': 0.074437148796984, 'subsample': 0.8028046925363113, 'colsample_bytree': 0.7922671574521813, 'reg_alpha': 0.901000323792529, 'reg_lambda': 2.3050304745308448}. Best is trial 5 with value: 584.1954836278908.
[I 2026-03-17 12:55:24,497] Trial 6 finished with value: 616.3029522971834 and parameters: {'max_depth': 3, 'learning_rate': 0.095624082890927, 'subsample': 0.7429338081786142, 'colsample_bytree': 0.6091514337072087, 'reg_alpha': 0.27305249171822255, 'reg_lambda': 0.6543457399396302}. Best is trial 5 with value: 584.1954836278908.
[I 2026-03-17 12:55:24,621] Trial 7 finished with value: 603.4257950122701 and parameters: {'max_depth': 4, 'learning_rate': 0.0835922801293863, 'subsample': 0.6317011210324138, 'colsample_bytree': 0.8939143071793043, 'reg_alpha': 0.024812251552725373, 'reg_lambda': 0.04232227084029816}. Best is trial 5 with value: 584.1954836278908.
[I 2026-03-17 12:55:27,934] Trial 8 finished with value: 627.8685173773385 and parameters: {'max_depth': 10, 'learning_rate': 0.0171078769250898, 'subsample': 0.9815149007260285, 'colsample_bytree': 0.6592571460241523, 'reg_alpha': 0.2187223471421842, 'reg_lambda': 0.23577232742760634}. Best is trial 5 with value: 584.1954836278908.
[I 2026-03-17 12:55:29,450] Trial 9 finished with value: 612.8675895997101 and parameters: {'max_depth': 9, 'learning_rate': 0.024114824365994308, 'subsample': 0.61194938762786, 'colsample_bytree': 0.6862902585549655, 'reg_alpha': 0.10895919337880655, 'reg_lambda': 3.7941512682180605}. Best is trial 5 with value: 584.1954836278908.
[I 2026-03-17 12:55:29,724] Trial 10 finished with value: 586.8181986724924 and parameters: {'max_depth': 7, 'learning_rate': 0.06298570652973957, 'subsample': 0.8700233720893122, 'colsample_bytree': 0.8174823319859295, 'reg_alpha': 0.9622386060422681, 'reg_lambda': 1.821472886986153}. Best is trial 5 with value: 584.1954836278908.
[I 2026-03-17 12:55:29,901] Trial 11 finished with value: 596.7181128495076 and parameters: {'max_depth': 5, 'learning_rate': 0.05456141450967046, 'subsample': 0.8285498274872332, 'colsample_bytree': 0.7697098670236291, 'reg_alpha': 0.6759785167182708, 'reg_lambda': 1.990102790872423}. Best is trial 5 with value: 584.1954836278908.
[I 2026-03-17 12:55:30,066] Trial 12 finished with value: 592.7977757450249 and parameters: {'max_depth': 3, 'learning_rate': 0.05996885306206049, 'subsample': 0.8877648244487999, 'colsample_bytree': 0.8673016886993697, 'reg_alpha': 0.9915619854104528, 'reg_lambda': 2.610142849474395}. Best is trial 5 with value: 584.1954836278908.
[I 2026-03-17 12:55:30,202] Trial 13 finished with value: 606.791469594946 and parameters: {'max_depth': 5, 'learning_rate': 0.07418631028938158, 'subsample': 0.7670156964378839, 'colsample_bytree': 0.7327739342449774, 'reg_alpha': 0.8185509887233082, 'reg_lambda': 1.3478805466063348}. Best is trial 5 with value: 584.1954836278908.
[I 2026-03-17 12:55:30,809] Trial 14 finished with value: 597.7385778464873 and parameters: {'max_depth': 8, 'learning_rate': 0.04496239799476964, 'subsample': 0.8083406323157583, 'colsample_bytree': 0.7064021799924103, 'reg_alpha': 0.5221272689781404, 'reg_lambda': 3.02305702233178}. Best is trial 5 with value: 584.1954836278908.
[I 2026-03-17 12:55:30,976] Trial 15 finished with value: 595.9658770436766 and parameters: {'max_depth': 5, 'learning_rate': 0.09195973991733042, 'subsample': 0.6950642865055554, 'colsample_bytree': 0.8439727229226318, 'reg_alpha': 0.8086086828688517, 'reg_lambda': 1.3388273272470341}. Best is trial 5 with value: 584.1954836278908.
[I 2026-03-17 12:55:31,098] Trial 16 finished with value: 584.5782179326524 and parameters: {'max_depth': 4, 'learning_rate': 0.06943925876075441, 'subsample': 0.9354723386612234, 'colsample_bytree': 0.9868765500712595, 'reg_alpha': 0.6866014232656509, 'reg_lambda': 2.115247791023871}. Best is trial 5 with value: 584.1954836278908.
[I 2026-03-17 12:55:31,496] Trial 17 finished with value: 592.7237497464978 and parameters: {'max_depth': 8, 'learning_rate': 0.06989501850333929, 'subsample': 0.9755873369957132, 'colsample_bytree': 0.9897154575376674, 'reg_alpha': 0.704832207526737, 'reg_lambda': 4.916777058048227}. Best is trial 5 with value: 584.1954836278908.
[I 2026-03-17 12:55:31,603] Trial 18 finished with value: 579.3667644066625 and parameters: {'max_depth': 4, 'learning_rate': 0.08605924715263641, 'subsample': 0.9352584500886376, 'colsample_bytree': 0.9170815087661186, 'reg_alpha': 0.918215056045879, 'reg_lambda': 3.3621589777719283}. Best is trial 18 with value: 579.3667644066625.
[I 2026-03-17 12:55:31,782] Trial 19 finished with value: 592.1028375500831 and parameters: {'max_depth': 6, 'learning_rate': 0.08735137045324719, 'subsample': 0.9114812468180394, 'colsample_bytree': 0.9302432466192414, 'reg_alpha': 0.8928286481353839, 'reg_lambda': 3.4464353229984144}. Best is trial 18 with value: 579.3667644066625.
[I 2026-03-17 12:55:32,318] Trial 20 finished with value: 600.1547116074606 and parameters: {'max_depth': 9, 'learning_rate': 0.0982115462205502, 'subsample': 0.8464396950995811, 'colsample_bytree': 0.9218932189951609, 'reg_alpha': 0.8921375069568069, 'reg_lambda': 4.521844058027902}. Best is trial 18 with value: 579.3667644066625.
[I 2026-03-17 12:55:32,440] Trial 21 finished with value: 580.9859023351601 and parameters: {'max_depth': 4, 'learning_rate': 0.07012871293740441, 'subsample': 0.9386504782643563, 'colsample_bytree': 0.9516280058864403, 'reg_alpha': 0.7311629764090755, 'reg_lambda': 2.3116954671647276}. Best is trial 18 with value: 579.3667644066625.
[I 2026-03-17 12:55:32,553] Trial 22 finished with value: 594.6497996954685 and parameters: {'max_depth': 3, 'learning_rate': 0.07934610372547406, 'subsample': 0.942197610133057, 'colsample_bytree': 0.9471119609602358, 'reg_alpha': 0.8480387602754268, 'reg_lambda': 2.472333497493548}. Best is trial 18 with value: 579.3667644066625.
[I 2026-03-17 12:55:32,737] Trial 23 finished with value: 591.0903459549999 and parameters: {'max_depth': 5, 'learning_rate': 0.052993980279805675, 'subsample': 0.9953373829582861, 'colsample_bytree': 0.8894609109140292, 'reg_alpha': 0.9366303936992945, 'reg_lambda': 3.2121007903566876}. Best is trial 18 with value: 579.3667644066625.
[I 2026-03-17 12:55:32,871] Trial 24 finished with value: 580.5684230202564 and parameters: {'max_depth': 4, 'learning_rate': 0.06560254729971929, 'subsample': 0.9399732910646083, 'colsample_bytree': 0.8424866723191184, 'reg_alpha': 0.7411354582360886, 'reg_lambda': 2.5335101218655005}. Best is trial 18 with value: 579.3667644066625.
[I 2026-03-17 12:55:33,003] Trial 25 finished with value: 585.3100201095573 and parameters: {'max_depth': 4, 'learning_rate': 0.06296556189091138, 'subsample': 0.9457141580134527, 'colsample_bytree': 0.848021439120732, 'reg_alpha': 0.7443125375427552, 'reg_lambda': 1.4320184263341083}. Best is trial 18 with value: 579.3667644066625.
[I 2026-03-17 12:55:33,200] Trial 26 finished with value: 588.0368866537219 and parameters: {'max_depth': 3, 'learning_rate': 0.04872964263447824, 'subsample': 0.903100319962577, 'colsample_bytree': 0.8921617561323384, 'reg_alpha': 0.6125682882041912, 'reg_lambda': 2.7969837728276117}. Best is trial 18 with value: 579.3667644066625.
[I 2026-03-17 12:55:33,321] Trial 27 finished with value: 578.0566782101489 and parameters: {'max_depth': 4, 'learning_rate': 0.0856612276278344, 'subsample': 0.8664119303929033, 'colsample_bytree': 0.9516163667423647, 'reg_alpha': 0.5983112233298449, 'reg_lambda': 3.2018313169898622}. Best is trial 27 with value: 578.0566782101489.
[I 2026-03-17 12:55:33,463] Trial 28 finished with value: 572.7129252977722 and parameters: {'max_depth': 5, 'learning_rate': 0.09141730261139565, 'subsample': 0.8617907621335952, 'colsample_bytree': 0.9164352729699003, 'reg_alpha': 0.5890269755327847, 'reg_lambda': 3.429081752359987}. Best is trial 28 with value: 572.7129252977722.
[I 2026-03-17 12:55:33,657] Trial 29 finished with value: 581.2657736439211 and parameters: {'max_depth': 6, 'learning_rate': 0.08808440574045867, 'subsample': 0.8595174180113873, 'colsample_bytree': 0.9131500179908116, 'reg_alpha': 0.43186920776229687, 'reg_lambda': 4.384340804760217}. Best is trial 28 with value: 572.7129252977722.
[I 2026-03-17 12:55:48,201] A new study created in memory with name: no-name-e6087128-61d6-4700-aaa4-fec014c43327
[I 2026-03-17 12:55:48,830] Trial 0 finished with value: 6802.763305775056 and parameters: {'max_depth': 10, 'learning_rate': 0.03968181754393324, 'subsample': 0.6665074834508915, 'colsample_bytree': 0.9317514933695211, 'reg_alpha': 0.06429382682739915, 'reg_lambda': 0.8039738384418038}. Best is trial 0 with value: 6802.763305775056.
[I 2026-03-17 12:55:48,867] Trial 1 finished with value: 7555.660636773336 and parameters: {'max_depth': 3, 'learning_rate': 0.09545333959582533, 'subsample': 0.8465086735725488, 'colsample_bytree': 0.8332913101386965, 'reg_alpha': 0.10985688385077486, 'reg_lambda': 3.458771822823196}. Best is trial 0 with value: 6802.763305775056.
[I 2026-03-17 12:55:49,020] Trial 2 finished with value: 7213.488897665354 and parameters: {'max_depth': 6, 'learning_rate': 0.07239732229105947, 'subsample': 0.6557780505941032, 'colsample_bytree': 0.6786568921600914, 'reg_alpha': 0.7287730197203306, 'reg_lambda': 2.4920397924452473}. Best is trial 0 with value: 6802.763305775056.
[I 2026-03-17 12:55:49,173] Trial 3 finished with value: 6923.992870897466 and parameters: {'max_depth': 6, 'learning_rate': 0.046800658143711954, 'subsample': 0.643359389270366, 'colsample_bytree': 0.9637403030602265, 'reg_alpha': 0.05207352098003026, 'reg_lambda': 4.8833841361688926}. Best is trial 0 with value: 6802.763305775056.
[I 2026-03-17 12:55:49,343] Trial 4 finished with value: 7035.704373761304 and parameters: {'max_depth': 5, 'learning_rate': 0.035657704669881156, 'subsample': 0.8032066902884156, 'colsample_bytree': 0.6106326931944291, 'reg_alpha': 0.7540577717006081, 'reg_lambda': 4.639256588151489}. Best is trial 0 with value: 6802.763305775056.
[I 2026-03-17 12:55:49,495] Trial 5 finished with value: 7042.346630639723 and parameters: {'max_depth': 4, 'learning_rate': 0.03770704729131724, 'subsample': 0.940928518961501, 'colsample_bytree': 0.7029704119215426, 'reg_alpha': 0.7429993048414999, 'reg_lambda': 2.14497891902469}. Best is trial 0 with value: 6802.763305775056.
[I 2026-03-17 12:55:50,151] Trial 6 finished with value: 7082.141346158879 and parameters: {'max_depth': 7, 'learning_rate': 0.014090006464033425, 'subsample': 0.914411848457067, 'colsample_bytree': 0.8818244854787869, 'reg_alpha': 0.5763179101804615, 'reg_lambda': 0.5714469339668393}. Best is trial 0 with value: 6802.763305775056.
[I 2026-03-17 12:55:50,189] Trial 7 finished with value: 7371.3762128050075 and parameters: {'max_depth': 3, 'learning_rate': 0.0991806059395982, 'subsample': 0.8971786584366851, 'colsample_bytree': 0.9345758301033255, 'reg_alpha': 0.21351243544212262, 'reg_lambda': 3.9179029903734697}. Best is trial 0 with value: 6802.763305775056.
[I 2026-03-17 12:55:50,377] Trial 8 finished with value: 6912.647333892162 and parameters: {'max_depth': 8, 'learning_rate': 0.07125321441198794, 'subsample': 0.8629038156846975, 'colsample_bytree': 0.62784145347303, 'reg_alpha': 0.28599720417607777, 'reg_lambda': 4.979894130073934}. Best is trial 0 with value: 6802.763305775056.
[I 2026-03-17 12:55:50,542] Trial 9 finished with value: 7026.830291923301 and parameters: {'max_depth': 6, 'learning_rate': 0.05079998415032783, 'subsample': 0.9864130184264639, 'colsample_bytree': 0.8310360604731208, 'reg_alpha': 0.22376327420813524, 'reg_lambda': 0.1841004002235691}. Best is trial 0 with value: 6802.763305775056.
[I 2026-03-17 12:55:52,383] Trial 10 finished with value: 6759.140366576167 and parameters: {'max_depth': 10, 'learning_rate': 0.015443118322566389, 'subsample': 0.7225322563312897, 'colsample_bytree': 0.9964528797572462, 'reg_alpha': 0.43918485095513793, 'reg_lambda': 1.284146413778938}. Best is trial 10 with value: 6759.140366576167.
[I 2026-03-17 12:55:54,836] Trial 11 finished with value: 6779.855743998225 and parameters: {'max_depth': 10, 'learning_rate': 0.011709130157848236, 'subsample': 0.7222814687471842, 'colsample_bytree': 0.9942987735764928, 'reg_alpha': 0.9666972963437279, 'reg_lambda': 1.2978609269346648}. Best is trial 10 with value: 6759.140366576167.
[I 2026-03-17 12:55:56,795] Trial 12 finished with value: 6822.108161120101 and parameters: {'max_depth': 10, 'learning_rate': 0.013418977227413887, 'subsample': 0.7210726002927916, 'colsample_bytree': 0.9988327535638948, 'reg_alpha': 0.9841078615818696, 'reg_lambda': 1.5496918816250806}. Best is trial 10 with value: 6759.140366576167.
[I 2026-03-17 12:55:57,818] Trial 13 finished with value: 6723.220196769212 and parameters: {'max_depth': 9, 'learning_rate': 0.022417307011455893, 'subsample': 0.7449068641778671, 'colsample_bytree': 0.8909155339132536, 'reg_alpha': 0.46769950849354375, 'reg_lambda': 1.5330119934196218}. Best is trial 13 with value: 6723.220196769212.
[I 2026-03-17 12:55:58,326] Trial 14 finished with value: 6791.746323727174 and parameters: {'max_depth': 8, 'learning_rate': 0.025437379442636833, 'subsample': 0.7365441248370893, 'colsample_bytree': 0.8824042772208668, 'reg_alpha': 0.40210425176448644, 'reg_lambda': 1.7350456843670647}. Best is trial 13 with value: 6723.220196769212.
[I 2026-03-17 12:55:59,085] Trial 15 finished with value: 6846.396230770654 and parameters: {'max_depth': 9, 'learning_rate': 0.02548382422071833, 'subsample': 0.7897311293922231, 'colsample_bytree': 0.7612033619585894, 'reg_alpha': 0.5100233809497885, 'reg_lambda': 3.0730913824717807}. Best is trial 13 with value: 6723.220196769212.
[I 2026-03-17 12:55:59,934] Trial 16 finished with value: 6787.86940513015 and parameters: {'max_depth': 9, 'learning_rate': 0.024767985884614735, 'subsample': 0.757565087006875, 'colsample_bytree': 0.8988167361149233, 'reg_alpha': 0.3970215224983748, 'reg_lambda': 1.083614831948036}. Best is trial 13 with value: 6723.220196769212.
[I 2026-03-17 12:56:00,160] Trial 17 finished with value: 7114.03381369563 and parameters: {'max_depth': 8, 'learning_rate': 0.06491077196781214, 'subsample': 0.6029325482438819, 'colsample_bytree': 0.7782413740719982, 'reg_alpha': 0.6121214362466783, 'reg_lambda': 2.032498344037275}. Best is trial 13 with value: 6723.220196769212.
[I 2026-03-17 12:56:01,232] Trial 18 finished with value: 6810.730068008166 and parameters: {'max_depth': 9, 'learning_rate': 0.022950453330596806, 'subsample': 0.7925110564844373, 'colsample_bytree': 0.843527641656568, 'reg_alpha': 0.3689416681724058, 'reg_lambda': 0.08924786804406581}. Best is trial 13 with value: 6723.220196769212.
[I 2026-03-17 12:56:01,901] Trial 19 finished with value: 6719.479759891037 and parameters: {'max_depth': 9, 'learning_rate': 0.0327148652237389, 'subsample': 0.6957611509524712, 'colsample_bytree': 0.9459841679119942, 'reg_alpha': 0.6382939089779562, 'reg_lambda': 2.685465850508295}. Best is trial 19 with value: 6719.479759891037.
[I 2026-03-17 12:56:02,098] Trial 20 finished with value: 6914.703279118443 and parameters: {'max_depth': 7, 'learning_rate': 0.06014398938310171, 'subsample': 0.6801144441975951, 'colsample_bytree': 0.926658875810088, 'reg_alpha': 0.6480048524066935, 'reg_lambda': 2.985115412015397}. Best is trial 19 with value: 6719.479759891037.
[I 2026-03-17 12:56:02,798] Trial 21 finished with value: 6867.994094402465 and parameters: {'max_depth': 9, 'learning_rate': 0.0344217654047985, 'subsample': 0.6999266189234431, 'colsample_bytree': 0.9655892964506484, 'reg_alpha': 0.46158403312998403, 'reg_lambda': 2.4564649667673146}. Best is trial 19 with value: 6719.479759891037.
[I 2026-03-17 12:56:03,941] Trial 22 finished with value: 6920.9036050565755 and parameters: {'max_depth': 10, 'learning_rate': 0.02030242738952634, 'subsample': 0.6174981191656403, 'colsample_bytree': 0.9642037455132751, 'reg_alpha': 0.8570983873862127, 'reg_lambda': 1.9351881227695478}. Best is trial 19 with value: 6719.479759891037.
[I 2026-03-17 12:56:04,496] Trial 23 finished with value: 6731.574225066449 and parameters: {'max_depth': 8, 'learning_rate': 0.03111942755094146, 'subsample': 0.7654075037324127, 'colsample_bytree': 0.9057461743133778, 'reg_alpha': 0.5158277930238648, 'reg_lambda': 1.3285730594005911}. Best is trial 19 with value: 6719.479759891037.
