[I 2026-03-17 13:00:02,752] Trial 29 finished with value: 1731.2294547307438 and parameters: {'max_depth': 6, 'learning_rate': 0.07943622552619106, 'subsample': 0.8901348065830705, 'colsample_bytree': 0.8594277001637975, 'reg_alpha': 0.5022719468333394, 'reg_lambda': 0.8316210270454649}. Best is trial 23 with value: 1662.3116025358574.
['ap-0', 'short_wave_from_sky_avg-4', 'short_wave_from_sky_avg-7', 'ewm_mean-0', 'short_wave_from_sky_avg-6', 'short_wave_from_sky_avg-5', 'short_wave_from_sky_avg-0', 'month_cos-0', 'temp_soil_avg_20cm-1', 'hour-3', 'short_wave_from_sky_avg-2', 'rolling_mean-0', 'temp_soil_avg_20cm-4', 'short_wave_from_sky_avg-1', 'rolling_mean-1', 'ewm_mean-6', 'short_wave_from_sky_avg-3', 'temp_soil_avg_5cm-4', 'ewm_mean-1', 'ap-2', 'rolling_min-1', 'month-0', 'precip_quantity-1', 'precip_quantity-5', 'year-0', 'temp_soil_avg_50cm-7', 'rolling_max-1', 'precip_quantity-7', 'hour_cos-2', 'temp_grass_pt100_avg-7', 'rolling_max-0', 'rolling_mean-6', 'precip_quantity-0', 'rolling_median-5', 'temp_soil_avg-2', 'hour-1', 'rolling_max-3', 'rolling_median-0', 'temp_soil_avg_20cm-7', 'temp_grass_pt100_avg-6', 'sun_duration-5', 'ewm_mean-3', 'rolling_std-2', 'temp_soil_avg_20cm-0', 'humidity_rel_shelter_avg-1', 'humidity_rel_shelter_avg-3', 'temp_soil_avg_50cm-2', 'sun_int_avg-1', 'sun_duration-7', 'hour-0']
{'max_depth': 10, 'learning_rate': 0.01081919586749678, 'subsample': 0.771031686993944, 'colsample_bytree': 0.8327623426872979, 'reg_alpha': 0.9046345870503245, 'reg_lambda': 1.7618060021836404}

Metrics:
MAE sklearn (lower is better):  4949.881815424203
Normalized MAE (lower is better):  0.14782657833337925
MAPE sklearn (lower is better):  7.327199956796392e+17 %
MSE (lower is better):  104823064.77038513
RMSE (lower is better):  10238.313570622124
NRMSE (lower is better):  0.3057638383068274
R2 (higher is better):  0.9411845078045937

--------------------  Sites for site_id 5: ['aieg_FABLANTO_213310817/production']  --------------------
['ap-0', 'temp_dry_shelter_avg-6', 'ewm_mean-1', 'short_wave_from_sky_avg-7', 'ap-2', 'short_wave_from_sky_avg-5', 'rolling_min-5', 'short_wave_from_sky_avg-0', 'month_cos-0', 'hour-3', 'rolling_min-0', 'temp_grass_pt100_avg-1', 'short_wave_from_sky_avg-3', 'temp_grass_pt100_avg-5', 'short_wave_from_sky_avg-2', 'short_wave_from_sky_avg-6', 'short_wave_from_sky_avg-4', 'ewm_mean-0', 'ewm_mean-2', 'temp_soil_avg_50cm-2', 'hour-1', 'hour-0', 'hour_cos-1', 'short_wave_from_sky_avg-1', 'rolling_max-0', 'rolling_median-2', 'hour_cos-0', 'temp_soil_avg_20cm-5', 'temp_soil_avg_50cm-1', 'temp_grass_pt100_avg-3', 'rolling_mean-1', 'rolling_mean-0', 'temp_grass_pt100_avg-6', 'pressure-4', 'temp_soil_avg_10cm-6', 'hour-2', 'rolling_median-0', 'temp_soil_avg-6', 'pressure-7', 'ewm_mean-6', 'sun_duration-4', 'precip_quantity-6', 'ewm_mean-3', 'humidity_rel_shelter_avg-5', 'temp_grass_pt100_avg-2', 'is_peak_hour-6', 'rolling_min-2', 'rolling_min-3', 'temp_soil_avg-4', 'diff_2-6']
{'max_depth': 8, 'learning_rate': 0.03843714131290299, 'subsample': 0.7950416534830058, 'colsample_bytree': 0.7964942866599808, 'reg_alpha': 0.9982813238297021, 'reg_lambda': 3.179167167836791}

Metrics:
MAE sklearn (lower is better):  830.9519705640672
Normalized MAE (lower is better):  0.18645080078605136
MAPE sklearn (lower is better):  5.2296349471503176e+16 %
MSE (lower is better):  3047202.3803585754
RMSE (lower is better):  1745.623779729921
NRMSE (lower is better):  0.39168684007197163
R2 (higher is better):  0.9193786902430553

--------------------  Sites for site_id 6: ['aieg_DEPOTVIR_212303594/production', 'aieg_DEPOTVIR_0/production']  --------------------
['ap-0', 'short_wave_from_sky_avg-7', 'hour_cos-4', 'temp_grass_pt100_avg-7', 'hour_cos-2', 'hour_cos-3', 'rolling_min-6', 'short_wave_from_sky_avg-6', 'short_wave_from_sky_avg-4', 'hour_cos-5', 'temp_grass_pt100_avg-6', 'rolling_min-4', 'short_wave_from_sky_avg-2', 'short_wave_from_sky_avg-5', 'hour_cos-7', 'rolling_std-5', 'temp_grass_pt100_avg-1', 'temp_grass_pt100_avg-4', 'short_wave_from_sky_avg-0', 'hour-0', 'sun_int_avg-0', 'rolling_min-0', 'rolling_mean-5', 'rolling_max-0', 'temp_soil_avg_5cm-7', 'sun_duration-1', 'diff_1-1', 'sun_duration-7', 'temp_soil_avg_10cm-7', 'wind_speed_avg_30m-3', 'short_wave_from_sky_avg-3', 'temp_soil_avg-7', 'rolling_median-7', 'temp_soil_avg_50cm-5', 'rolling_max-2', 'diff_2-4', 'diff_1-7', 'rolling_std-1', 'diff_2-5', 'rolling_min-2', 'rolling_std-2', 'sun_duration-3', 'rolling_mean-7', 'temp_soil_avg_10cm-0', 'humidity_rel_shelter_avg-7', 'temp_grass_pt100_avg-5', 'rolling_median-0', 'wind_speed_10m-1', 'sun_int_avg-7', 'wind_speed_avg_30m-4']
{'max_depth': 5, 'learning_rate': 0.09119427462056615, 'subsample': 0.6632340452568137, 'colsample_bytree': 0.8143659881623485, 'reg_alpha': 0.5834901834852121, 'reg_lambda': 1.0488545199914174}

Metrics:
MAE sklearn (lower is better):  1621.4419354725967
Normalized MAE (lower is better):  0.1623499351924035
MAPE sklearn (lower is better):  4.256463438616628e+16 %
MSE (lower is better):  9079970.760835914
RMSE (lower is better):  3013.298982981263
NRMSE (lower is better):  0.30171225000404056
R2 (higher is better):  0.9273262889912747

