[I 2026-03-17 12:52:44,509] Trial 4 finished with value: 139.20853187826535 and parameters: {'max_depth': 5, 'learning_rate': 0.06924033452695351, 'subsample': 0.8780458000533415, 'colsample_bytree': 0.7748466480298176, 'reg_alpha': 0.8037197866006622, 'reg_lambda': 2.5530036814048644}. Best is trial 0 with value: 89.19380114275633.
[I 2026-03-17 12:52:45,347] Trial 5 finished with value: 128.22564673243076 and parameters: {'max_depth': 5, 'learning_rate': 0.011244033775439392, 'subsample': 0.7400488423329002, 'colsample_bytree': 0.8866466532518124, 'reg_alpha': 0.45152912197851336, 'reg_lambda': 3.6979849029542526}. Best is trial 0 with value: 89.19380114275633.
[I 2026-03-17 12:52:45,509] Trial 6 finished with value: 132.78193687553826 and parameters: {'max_depth': 5, 'learning_rate': 0.06712940835133385, 'subsample': 0.7933373061579624, 'colsample_bytree': 0.7486124080435812, 'reg_alpha': 0.2560200867363036, 'reg_lambda': 4.619279661313867}. Best is trial 0 with value: 89.19380114275633.
[I 2026-03-17 12:52:45,672] Trial 7 finished with value: 103.59551099310242 and parameters: {'max_depth': 7, 'learning_rate': 0.08520366842495324, 'subsample': 0.9626006148688429, 'colsample_bytree': 0.7004412283915433, 'reg_alpha': 0.2623875526466988, 'reg_lambda': 2.8900605780768336}. Best is trial 0 with value: 89.19380114275633.
[I 2026-03-17 12:52:45,797] Trial 8 finished with value: 119.12658547407986 and parameters: {'max_depth': 6, 'learning_rate': 0.09854310177774407, 'subsample': 0.8380132381960178, 'colsample_bytree': 0.8241731509940236, 'reg_alpha': 0.6567608686350239, 'reg_lambda': 4.869969244452111}. Best is trial 0 with value: 89.19380114275633.
[I 2026-03-17 12:52:46,380] Trial 9 finished with value: 116.0348455573785 and parameters: {'max_depth': 6, 'learning_rate': 0.01888254535748935, 'subsample': 0.810086736410687, 'colsample_bytree': 0.6532002172218978, 'reg_alpha': 0.32146484184251745, 'reg_lambda': 4.495184987830369}. Best is trial 0 with value: 89.19380114275633.
[I 2026-03-17 12:52:47,374] Trial 10 finished with value: 82.81915090781821 and parameters: {'max_depth': 10, 'learning_rate': 0.043447388976155785, 'subsample': 0.9880341645402573, 'colsample_bytree': 0.8424380432123362, 'reg_alpha': 0.9638380024024276, 'reg_lambda': 0.03753724775831019}. Best is trial 10 with value: 82.81915090781821.
[I 2026-03-17 12:52:48,251] Trial 11 finished with value: 83.14893403243673 and parameters: {'max_depth': 10, 'learning_rate': 0.043594183544734724, 'subsample': 0.9807631698052628, 'colsample_bytree': 0.8372619238963711, 'reg_alpha': 0.9999783310898511, 'reg_lambda': 0.12726348968320472}. Best is trial 10 with value: 82.81915090781821.
[I 2026-03-17 12:52:48,866] Trial 12 finished with value: 89.25578816173959 and parameters: {'max_depth': 9, 'learning_rate': 0.042221917684062034, 'subsample': 0.9997413741611518, 'colsample_bytree': 0.8497367706172771, 'reg_alpha': 0.7118436208648905, 'reg_lambda': 1.328948594094489}. Best is trial 10 with value: 82.81915090781821.
[I 2026-03-17 12:52:49,003] Trial 13 finished with value: 238.55145524413527 and parameters: {'max_depth': 3, 'learning_rate': 0.029777391752909083, 'subsample': 0.9620987391671955, 'colsample_bytree': 0.9936072433311669, 'reg_alpha': 0.9834888008177332, 'reg_lambda': 1.2682273751292696}. Best is trial 10 with value: 82.81915090781821.
[I 2026-03-17 12:52:49,717] Trial 14 finished with value: 82.9475515931136 and parameters: {'max_depth': 10, 'learning_rate': 0.0503314218098051, 'subsample': 0.9269449383109931, 'colsample_bytree': 0.8945127038312567, 'reg_alpha': 0.6878213013100287, 'reg_lambda': 0.6846573901218711}. Best is trial 10 with value: 82.81915090781821.
[I 2026-03-17 12:52:50,036] Trial 15 finished with value: 94.34517970297247 and parameters: {'max_depth': 8, 'learning_rate': 0.05569819443021999, 'subsample': 0.9223288455342072, 'colsample_bytree': 0.9008137455820747, 'reg_alpha': 0.5654216742687764, 'reg_lambda': 0.8111128712497921}. Best is trial 10 with value: 82.81915090781821.
[I 2026-03-17 12:52:50,814] Trial 16 finished with value: 87.58587836274988 and parameters: {'max_depth': 9, 'learning_rate': 0.028280980134043756, 'subsample': 0.9173127595703041, 'colsample_bytree': 0.9190236977633434, 'reg_alpha': 0.8065046986049356, 'reg_lambda': 1.7807567838407574}. Best is trial 10 with value: 82.81915090781821.
[I 2026-03-17 12:52:51,344] Trial 17 finished with value: 93.56280549627832 and parameters: {'max_depth': 10, 'learning_rate': 0.05726951821714177, 'subsample': 0.6004080729815232, 'colsample_bytree': 0.9663691312418805, 'reg_alpha': 0.4961502852936415, 'reg_lambda': 2.0023485423916574}. Best is trial 10 with value: 82.81915090781821.
[I 2026-03-17 12:52:51,736] Trial 18 finished with value: 93.27064668732257 and parameters: {'max_depth': 8, 'learning_rate': 0.048142609736806216, 'subsample': 0.9113178610181032, 'colsample_bytree': 0.8702121794054667, 'reg_alpha': 0.6941771267901005, 'reg_lambda': 0.5835947600371835}. Best is trial 10 with value: 82.81915090781821.
[I 2026-03-17 12:52:52,188] Trial 19 finished with value: 95.74063597561666 and parameters: {'max_depth': 8, 'learning_rate': 0.03245977236684594, 'subsample': 0.9509362460322048, 'colsample_bytree': 0.8124367032229821, 'reg_alpha': 0.8353033602328229, 'reg_lambda': 3.3675703067806464}. Best is trial 10 with value: 82.81915090781821.
[I 2026-03-17 12:52:52,407] Trial 20 finished with value: 202.91049484383527 and parameters: {'max_depth': 3, 'learning_rate': 0.0600638157839845, 'subsample': 0.9265841092063529, 'colsample_bytree': 0.9301152612140732, 'reg_alpha': 0.5608311686869679, 'reg_lambda': 1.9375019923537204}. Best is trial 10 with value: 82.81915090781821.
[I 2026-03-17 12:52:53,597] Trial 21 finished with value: 86.70334413789547 and parameters: {'max_depth': 10, 'learning_rate': 0.04304998790959673, 'subsample': 0.993572722237778, 'colsample_bytree': 0.8426985435275633, 'reg_alpha': 0.9748536144547807, 'reg_lambda': 0.0020537420673891124}. Best is trial 10 with value: 82.81915090781821.
[I 2026-03-17 12:52:54,378] Trial 22 finished with value: 83.68260641925772 and parameters: {'max_depth': 10, 'learning_rate': 0.04416754377403537, 'subsample': 0.9796422157438408, 'colsample_bytree': 0.8620454850307325, 'reg_alpha': 0.8851556034134831, 'reg_lambda': 0.8791900756008308}. Best is trial 10 with value: 82.81915090781821.
[I 2026-03-17 12:52:55,463] Trial 23 finished with value: 85.24690680761059 and parameters: {'max_depth': 9, 'learning_rate': 0.021390092283432142, 'subsample': 0.9508551782462694, 'colsample_bytree': 0.7984978511899469, 'reg_alpha': 0.7512558443988168, 'reg_lambda': 0.344174653346383}. Best is trial 10 with value: 82.81915090781821.
[I 2026-03-17 12:52:56,345] Trial 24 finished with value: 81.27608912950441 and parameters: {'max_depth': 10, 'learning_rate': 0.03861571547743521, 'subsample': 0.9940188616130935, 'colsample_bytree': 0.8973347556304989, 'reg_alpha': 0.8902758333208491, 'reg_lambda': 0.7657379063801601}. Best is trial 24 with value: 81.27608912950441.
[I 2026-03-17 12:52:57,039] Trial 25 finished with value: 87.68763912625337 and parameters: {'max_depth': 9, 'learning_rate': 0.036034504213637276, 'subsample': 0.9019988157467816, 'colsample_bytree': 0.894065839968326, 'reg_alpha': 0.8847218525257392, 'reg_lambda': 0.8266817901562518}. Best is trial 24 with value: 81.27608912950441.
[I 2026-03-17 12:52:57,707] Trial 26 finished with value: 90.45667659600983 and parameters: {'max_depth': 8, 'learning_rate': 0.024574283236901466, 'subsample': 0.9400642470553565, 'colsample_bytree': 0.9697758719428481, 'reg_alpha': 0.6110459532077952, 'reg_lambda': 1.5068278425566093}. Best is trial 24 with value: 81.27608912950441.
[I 2026-03-17 12:52:58,316] Trial 27 finished with value: 83.5995006330685 and parameters: {'max_depth': 10, 'learning_rate': 0.06354627393369099, 'subsample': 0.9985565231884078, 'colsample_bytree': 0.9188216768460428, 'reg_alpha': 0.7648232077322861, 'reg_lambda': 0.7088341814954067}. Best is trial 24 with value: 81.27608912950441.
[I 2026-03-17 12:52:58,661] Trial 28 finished with value: 90.50231956730102 and parameters: {'max_depth': 9, 'learning_rate': 0.07755953071969567, 'subsample': 0.8903663230499796, 'colsample_bytree': 0.8786825375526613, 'reg_alpha': 0.9070844140012889, 'reg_lambda': 1.0964803981323035}. Best is trial 24 with value: 81.27608912950441.
[I 2026-03-17 12:52:59,133] Trial 29 finished with value: 88.73088671202689 and parameters: {'max_depth': 9, 'learning_rate': 0.05124480109423968, 'subsample': 0.8564059147339068, 'colsample_bytree': 0.7792780160135347, 'reg_alpha': 0.8526904495603229, 'reg_lambda': 0.3197485583855712}. Best is trial 24 with value: 81.27608912950441.
[I 2026-03-17 12:53:27,196] A new study created in memory with name: no-name-38a69584-4e45-42bb-95d6-7353d83a2d7a
[I 2026-03-17 12:53:27,315] Trial 0 finished with value: 654.5625214151665 and parameters: {'max_depth': 5, 'learning_rate': 0.08308471226116433, 'subsample': 0.7393197168229368, 'colsample_bytree': 0.7042319897356093, 'reg_alpha': 0.7842733760781564, 'reg_lambda': 3.257299009858774}. Best is trial 0 with value: 654.5625214151665.
[I 2026-03-17 12:53:27,513] Trial 1 finished with value: 520.6552958440217 and parameters: {'max_depth': 7, 'learning_rate': 0.053400184958831136, 'subsample': 0.8628164876941729, 'colsample_bytree': 0.7844116565899591, 'reg_alpha': 0.12637447000450097, 'reg_lambda': 4.263966041285466}. Best is trial 1 with value: 520.6552958440217.
[I 2026-03-17 12:53:27,673] Trial 2 finished with value: 592.6673646275603 and parameters: {'max_depth': 6, 'learning_rate': 0.057896205040670175, 'subsample': 0.8475258246665999, 'colsample_bytree': 0.8673840032592848, 'reg_alpha': 0.9610321171462508, 'reg_lambda': 1.2551868009717264}. Best is trial 1 with value: 520.6552958440217.
[I 2026-03-17 12:53:28,042] Trial 3 finished with value: 675.23825623926 and parameters: {'max_depth': 5, 'learning_rate': 0.018752587223451606, 'subsample': 0.8891109260782832, 'colsample_bytree': 0.823492031600746, 'reg_alpha': 0.4771550172065592, 'reg_lambda': 3.8218528165867016}. Best is trial 1 with value: 520.6552958440217.
[I 2026-03-17 12:53:28,286] Trial 4 finished with value: 643.1774761308475 and parameters: {'max_depth': 5, 'learning_rate': 0.033957264449097975, 'subsample': 0.6739528012674084, 'colsample_bytree': 0.7180135483262542, 'reg_alpha': 0.01709051695317232, 'reg_lambda': 4.472585297210279}. Best is trial 1 with value: 520.6552958440217.
[I 2026-03-17 12:53:28,922] Trial 5 finished with value: 428.53332650816066 and parameters: {'max_depth': 9, 'learning_rate': 0.02701706203499838, 'subsample': 0.7959813753319698, 'colsample_bytree': 0.9559140637894361, 'reg_alpha': 0.3388965407161425, 'reg_lambda': 1.183371272118066}. Best is trial 5 with value: 428.53332650816066.
[I 2026-03-17 12:53:29,095] Trial 6 finished with value: 513.755329681068 and parameters: {'max_depth': 6, 'learning_rate': 0.05826670829282547, 'subsample': 0.7701960035719839, 'colsample_bytree': 0.9755736173072642, 'reg_alpha': 0.37102224865972167, 'reg_lambda': 4.085953359571292}. Best is trial 5 with value: 428.53332650816066.
[I 2026-03-17 12:53:29,269] Trial 7 finished with value: 731.2413191705649 and parameters: {'max_depth': 4, 'learning_rate': 0.044574608416176706, 'subsample': 0.7341712206931619, 'colsample_bytree': 0.7132196786806783, 'reg_alpha': 0.5105835513279812, 'reg_lambda': 1.151615392539862}. Best is trial 5 with value: 428.53332650816066.
[I 2026-03-17 12:53:29,374] Trial 8 finished with value: 728.2609750477527 and parameters: {'max_depth': 4, 'learning_rate': 0.08539998755458938, 'subsample': 0.7356495809170362, 'colsample_bytree': 0.7157089614440907, 'reg_alpha': 0.3253603199167905, 'reg_lambda': 0.851863243517173}. Best is trial 5 with value: 428.53332650816066.
[I 2026-03-17 12:53:29,943] Trial 9 finished with value: 659.7348308120467 and parameters: {'max_depth': 9, 'learning_rate': 0.04283802222212836, 'subsample': 0.9721471965190993, 'colsample_bytree': 0.613976525714242, 'reg_alpha': 0.7472425351035672, 'reg_lambda': 3.5559357803547997}. Best is trial 5 with value: 428.53332650816066.
[I 2026-03-17 12:53:32,765] Trial 10 finished with value: 437.2817323301882 and parameters: {'max_depth': 10, 'learning_rate': 0.01012439516963259, 'subsample': 0.61305464519295, 'colsample_bytree': 0.9748360629387173, 'reg_alpha': 0.24243335675411742, 'reg_lambda': 0.10592335033812827}. Best is trial 5 with value: 428.53332650816066.
[I 2026-03-17 12:53:35,096] Trial 11 finished with value: 431.94303551098966 and parameters: {'max_depth': 10, 'learning_rate': 0.012628537819929236, 'subsample': 0.6211258952959298, 'colsample_bytree': 0.9863108497685381, 'reg_alpha': 0.21362049170793027, 'reg_lambda': 0.05650851195722706}. Best is trial 5 with value: 428.53332650816066.
[I 2026-03-17 12:53:35,625] Trial 12 finished with value: 443.18980096808707 and parameters: {'max_depth': 8, 'learning_rate': 0.024884743409070906, 'subsample': 0.6188099178116399, 'colsample_bytree': 0.9224588795125093, 'reg_alpha': 0.16575241731103635, 'reg_lambda': 2.1588405838548095}. Best is trial 5 with value: 428.53332650816066.
[I 2026-03-17 12:53:38,449] Trial 13 finished with value: 457.8190345791767 and parameters: {'max_depth': 10, 'learning_rate': 0.011894645580160039, 'subsample': 0.981567534052525, 'colsample_bytree': 0.9006169343849832, 'reg_alpha': 0.5251671652587615, 'reg_lambda': 0.020750719303232384}. Best is trial 5 with value: 428.53332650816066.
[I 2026-03-17 12:53:38,942] Trial 14 finished with value: 443.15883718070944 and parameters: {'max_depth': 8, 'learning_rate': 0.02897284931730397, 'subsample': 0.6761587382105722, 'colsample_bytree': 0.9895835326919966, 'reg_alpha': 0.04021403292004294, 'reg_lambda': 2.106480013869235}. Best is trial 5 with value: 428.53332650816066.
[I 2026-03-17 12:53:39,156] Trial 15 finished with value: 424.1180222697861 and parameters: {'max_depth': 9, 'learning_rate': 0.09877399867649356, 'subsample': 0.7973553852908477, 'colsample_bytree': 0.927980286481902, 'reg_alpha': 0.3100012440416717, 'reg_lambda': 0.6428783117034098}. Best is trial 15 with value: 424.1180222697861.
[I 2026-03-17 12:53:39,298] Trial 16 finished with value: 479.03140276504814 and parameters: {'max_depth': 8, 'learning_rate': 0.0984809655448878, 'subsample': 0.8161149815557163, 'colsample_bytree': 0.9238293361816143, 'reg_alpha': 0.383172887708271, 'reg_lambda': 1.543881376283296}. Best is trial 15 with value: 424.1180222697861.
[I 2026-03-17 12:53:39,578] Trial 17 finished with value: 467.71886212869606 and parameters: {'max_depth': 9, 'learning_rate': 0.06976332866121686, 'subsample': 0.9076997639537336, 'colsample_bytree': 0.8327405263806266, 'reg_alpha': 0.7018084320621153, 'reg_lambda': 2.784393349820905}. Best is trial 15 with value: 424.1180222697861.
[I 2026-03-17 12:53:39,858] Trial 18 finished with value: 421.65065485870156 and parameters: {'max_depth': 9, 'learning_rate': 0.06964640689261245, 'subsample': 0.7992369085086554, 'colsample_bytree': 0.8834855786523282, 'reg_alpha': 0.6221807197216322, 'reg_lambda': 0.6392130863504811}. Best is trial 18 with value: 421.65065485870156.
[I 2026-03-17 12:53:39,987] Trial 19 finished with value: 505.9115368868358 and parameters: {'max_depth': 7, 'learning_rate': 0.09361533128564237, 'subsample': 0.9228125866370226, 'colsample_bytree': 0.874637230031295, 'reg_alpha': 0.644793147866282, 'reg_lambda': 0.43312791878262946}. Best is trial 18 with value: 421.65065485870156.
[I 2026-03-17 12:53:40,061] Trial 20 finished with value: 940.9731278429008 and parameters: {'max_depth': 3, 'learning_rate': 0.07398785863431603, 'subsample': 0.8086970121306477, 'colsample_bytree': 0.7741048478939054, 'reg_alpha': 0.8898470365737026, 'reg_lambda': 4.915044578490106}. Best is trial 18 with value: 421.65065485870156.
[I 2026-03-17 12:53:40,351] Trial 21 finished with value: 459.7920707726183 and parameters: {'max_depth': 9, 'learning_rate': 0.06808629355560811, 'subsample': 0.7798802202409636, 'colsample_bytree': 0.9446955728166199, 'reg_alpha': 0.6266866600343854, 'reg_lambda': 0.7074759577506426}. Best is trial 18 with value: 421.65065485870156.
[I 2026-03-17 12:53:40,576] Trial 22 finished with value: 484.12380648373676 and parameters: {'max_depth': 9, 'learning_rate': 0.08434873154741021, 'subsample': 0.8080913989371548, 'colsample_bytree': 0.877117082625797, 'reg_alpha': 0.30564464890999354, 'reg_lambda': 1.6191195830780434}. Best is trial 18 with value: 421.65065485870156.
[I 2026-03-17 12:53:40,889] Trial 23 finished with value: 454.85915511463025 and parameters: {'max_depth': 8, 'learning_rate': 0.043820892269577576, 'subsample': 0.8454719156570704, 'colsample_bytree': 0.9408107380242405, 'reg_alpha': 0.4261661730247738, 'reg_lambda': 0.7078700061954136}. Best is trial 18 with value: 421.65065485870156.
[I 2026-03-17 12:53:41,284] Trial 24 finished with value: 509.9743801624462 and parameters: {'max_depth': 10, 'learning_rate': 0.07774908343468478, 'subsample': 0.774619287068449, 'colsample_bytree': 0.842772431063314, 'reg_alpha': 0.5357593741101591, 'reg_lambda': 1.768235851386863}. Best is trial 18 with value: 421.65065485870156.
[I 2026-03-17 12:53:41,630] Trial 25 finished with value: 476.3709135489517 and parameters: {'max_depth': 9, 'learning_rate': 0.06366098716961502, 'subsample': 0.6991520500911893, 'colsample_bytree': 0.9004018928163234, 'reg_alpha': 0.27223747837678974, 'reg_lambda': 1.1063133911707248}. Best is trial 18 with value: 421.65065485870156.
[I 2026-03-17 12:53:41,797] Trial 26 finished with value: 489.35785184563844 and parameters: {'max_depth': 7, 'learning_rate': 0.0929499117526849, 'subsample': 0.8248772571283202, 'colsample_bytree': 0.950712328604521, 'reg_alpha': 0.601878291674011, 'reg_lambda': 0.4584450039134794}. Best is trial 18 with value: 421.65065485870156.
[I 2026-03-17 12:53:42,089] Trial 27 finished with value: 476.4100821121765 and parameters: {'max_depth': 8, 'learning_rate': 0.05089703999764705, 'subsample': 0.8700408752760009, 'colsample_bytree': 0.908733108274832, 'reg_alpha': 0.4465271853877919, 'reg_lambda': 2.5844871015419653}. Best is trial 18 with value: 421.65065485870156.
[I 2026-03-17 12:53:42,684] Trial 28 finished with value: 486.46595792127704 and parameters: {'max_depth': 9, 'learning_rate': 0.03781587477492171, 'subsample': 0.7594447297443738, 'colsample_bytree': 0.8573258263917104, 'reg_alpha': 0.8307481235568095, 'reg_lambda': 1.9807099630684504}. Best is trial 18 with value: 421.65065485870156.
[I 2026-03-17 12:53:43,119] Trial 29 finished with value: 560.0490583575327 and parameters: {'max_depth': 10, 'learning_rate': 0.08012660118012042, 'subsample': 0.723785277971548, 'colsample_bytree': 0.8105337092699122, 'reg_alpha': 0.09102522529429546, 'reg_lambda': 2.871667061715679}. Best is trial 18 with value: 421.65065485870156.
[I 2026-03-17 12:54:07,467] A new study created in memory with name: no-name-3bcd2f78-ae84-43e5-9036-698e322ee4ff
[I 2026-03-17 12:54:07,699] Trial 0 finished with value: 200.98822154027198 and parameters: {'max_depth': 4, 'learning_rate': 0.06796018977921418, 'subsample': 0.7437452536683039, 'colsample_bytree': 0.7013958869287348, 'reg_alpha': 0.6021549548993671, 'reg_lambda': 2.4772191873145717}. Best is trial 0 with value: 200.98822154027198.
[I 2026-03-17 12:54:08,032] Trial 1 finished with value: 113.2224982233257 and parameters: {'max_depth': 9, 'learning_rate': 0.07691225724787905, 'subsample': 0.9232121063031695, 'colsample_bytree': 0.9153940172762849, 'reg_alpha': 0.09641629052405298, 'reg_lambda': 3.3549127747891023}. Best is trial 1 with value: 113.2224982233257.
[I 2026-03-17 12:54:08,167] Trial 2 finished with value: 203.77878156915102 and parameters: {'max_depth': 4, 'learning_rate': 0.0956595623962284, 'subsample': 0.8527826418245643, 'colsample_bytree': 0.8612834440110606, 'reg_alpha': 0.45687872633941906, 'reg_lambda': 2.3701452522000426}. Best is trial 1 with value: 113.2224982233257.
[I 2026-03-17 12:54:08,412] Trial 3 finished with value: 257.3121628742137 and parameters: {'max_depth': 3, 'learning_rate': 0.0791409808967409, 'subsample': 0.8048250114371593, 'colsample_bytree': 0.7901514646093287, 'reg_alpha': 0.49827250749490026, 'reg_lambda': 4.080618187844551}. Best is trial 1 with value: 113.2224982233257.
[I 2026-03-17 12:54:08,507] Trial 4 finished with value: 208.37886427275149 and parameters: {'max_depth': 4, 'learning_rate': 0.07850596270478699, 'subsample': 0.9592518245423977, 'colsample_bytree': 0.8967190237788174, 'reg_alpha': 0.13042340706000988, 'reg_lambda': 0.819911857958252}. Best is trial 1 with value: 113.2224982233257.
[I 2026-03-17 12:54:08,658] Trial 5 finished with value: 146.25411113685092 and parameters: {'max_depth': 6, 'learning_rate': 0.08249030185483605, 'subsample': 0.6819120850897893, 'colsample_bytree': 0.8094424449219817, 'reg_alpha': 0.20175283432648994, 'reg_lambda': 2.345703481279611}. Best is trial 1 with value: 113.2224982233257.
[I 2026-03-17 12:54:09,055] Trial 6 finished with value: 140.6833625703878 and parameters: {'max_depth': 6, 'learning_rate': 0.05144340643731342, 'subsample': 0.894570553755575, 'colsample_bytree': 0.7381553189332674, 'reg_alpha': 0.501937516952345, 'reg_lambda': 2.6020435272549696}. Best is trial 1 with value: 113.2224982233257.
[I 2026-03-17 12:54:09,286] Trial 7 finished with value: 157.17132386265996 and parameters: {'max_depth': 5, 'learning_rate': 0.0989282210672574, 'subsample': 0.9330096579771375, 'colsample_bytree': 0.9925779750347405, 'reg_alpha': 0.9678436738962921, 'reg_lambda': 4.122532896051007}. Best is trial 1 with value: 113.2224982233257.
