[I 2026-03-17 17:34:52,125] Trial 28 finished with value: 3939.4537943985074 and parameters: {'max_depth': 3, 'learning_rate': 0.03171064500750289, 'subsample': 0.8711715937181476, 'colsample_bytree': 0.9316265100691851, 'reg_alpha': 0.2461635362409903, 'reg_lambda': 2.8628405479425636}. Best is trial 26 with value: 3808.8382630947654.
[I 2026-03-17 17:34:52,774] Trial 29 finished with value: 3851.248345165712 and parameters: {'max_depth': 4, 'learning_rate': 0.05787548716168598, 'subsample': 0.9197318603652859, 'colsample_bytree': 0.9607945147122263, 'reg_alpha': 0.05933372787119015, 'reg_lambda': 1.707121045901569}. Best is trial 26 with value: 3808.8382630947654.
['ap-0', 'season_cos-5', 'season_cos-4', 'hour_sin-1', 'hour_sin-3', 'dayofweek-0', 'hour_sin-2', 'temp_soil_avg_20cm-4', 'ewm_mean-0', 'temp_grass_pt100_avg-2', 'temp_soil_avg_5cm-0', 'short_wave_from_sky_avg-3', 'hour_sin-4', 'temp_soil_avg_20cm-6', 'temp_soil_avg-0', 'year-0', 'month-0', 'hour_sin-0', 'short_wave_from_sky_avg-5', 'temp_soil_avg_20cm-7', 'temp_soil_avg_20cm-0', 'short_wave_from_sky_avg-4', 'rolling_min-0', 'short_wave_from_sky_avg-6', 'hour-3', 'is_peak_hour-0', 'temp_soil_avg_20cm-2', 'rolling_median-0', 'short_wave_from_sky_avg-1', 'hour_sin-5', 'temp_soil_avg_50cm-1', 'temp_soil_avg_50cm-0', 'hour_cos-2', 'temp_soil_avg_20cm-3', 'season_cos-7', 'hour_cos-5', 'temp_soil_avg_20cm-5', 'short_wave_from_sky_avg-0', 'month_cos-0', 'month_cos-1', 'hour-1', 'hour_cos-1', 'temp_soil_avg_5cm-3', 'short_wave_from_sky_avg-7', 'month_cos-7', 'temp_grass_pt100_avg-0', 'hour-2', 'hour_cos-4', 'weekofyear-0', 'temp_soil_avg_50cm-7']
{'max_depth': 4, 'learning_rate': 0.0756676962364157, 'subsample': 0.9119447580021683, 'colsample_bytree': 0.7803098431260933, 'reg_alpha': 0.41704666131598706, 'reg_lambda': 2.4235081755979864}

Metrics:
MAE sklearn (lower is better):  8555.932059279115
Normalized MAE (lower is better):  0.36550119958723926
MAPE sklearn (lower is better):  5.273635007511542e+18 %
MSE (lower is better):  177206466.8563556
RMSE (lower is better):  13311.89193376943
NRMSE (lower is better):  0.5686712373191013
R2 (higher is better):  0.6704101231435542

--------------------  Sites for site_id 7: ['aieg_FABLANTO_213310817/consumption']  --------------------
['ap-0', 'ewm_mean-0', 'ap-1', 'month_cos-7', 'is_peak_hour-1', 'rolling_min-0', 'is_peak_hour-0', 'hour-2', 'is_peak_hour-4', 'is_peak_hour-2', 'temp_soil_avg_50cm-7', 'year-0', 'year-3', 'hour_cos-7', 'hour-1', 'rolling_median-0', 'hour-3', 'ap-2', 'hour-0', 'hour_sin-0', 'month-1', 'temp_soil_avg_50cm-6', 'hour_cos-6', 'season-0', 'temp_soil_avg_50cm-2', 'hour_cos-4', 'temp_soil_avg_50cm-3', 'short_wave_from_sky_avg-0', 'month_cos-0', 'is_peak_hour-6', 'is_peak_hour-5', 'rolling_min-6', 'temp_soil_avg_5cm-0', 'hour_sin-1', 'year-6', 'hour_sin-2', 'temp_soil_avg_50cm-4', 'temp_soil_avg_20cm-7', 'month-3', 'temp_soil_avg_50cm-0', 'temp_soil_avg_50cm-1', 'hour-5', 'hour_cos-5', 'hour_sin-5', 'is_peak_hour-7', 'hour_cos-1', 'is_peak_hour-3', 'season_sin-0', 'dayofweek_cos-1', 'temp_soil_avg_20cm-4']
{'max_depth': 8, 'learning_rate': 0.01785649034903574, 'subsample': 0.9565011520815008, 'colsample_bytree': 0.7447137057712805, 'reg_alpha': 0.7388964876532285, 'reg_lambda': 4.396954875829521}

Metrics:
MAE sklearn (lower is better):  871.6535884125349
Normalized MAE (lower is better):  0.28085822649474756
MAPE sklearn (lower is better):  1.1393005498103087e+18 %
MSE (lower is better):  1770143.7158784382
RMSE (lower is better):  1330.4674802032698
NRMSE (lower is better):  0.4286940842856655
R2 (higher is better):  0.9076146623116823

====================  Starting training for production sites  ====================
--------------------  Sites for site_id 1: ['aieg_CHAMAIEG_217158317/production', 'aieg_CHAMAIEG_217158406/production', 'aieg_CHAMAIEG_219792511/consumption', 'aieg_CHAMAIEG_219792511/production', 'aieg_CHAMAIEG_250692408/production']  --------------------
['short_wave_from_sky_avg-1', 'short_wave_from_sky_avg-2', 'short_wave_from_sky_avg-4', 'short_wave_from_sky_avg-0', 'short_wave_from_sky_avg-3', 'ap-0', 'short_wave_from_sky_avg-5', 'hour_cos-1', 'hour-2', 'hour_cos-0', 'hour-1', 'hour-3', 'short_wave_from_sky_avg-6', 'hour-0', 'temp_soil_avg_50cm-5', 'hour_cos-2', 'temp_soil_avg_50cm-4', 'short_wave_from_sky_avg-7', 'month-0', 'sun_duration-7', 'day-0', 'rolling_max-0', 'temp_soil_avg_50cm-6', 'temp_soil_avg_10cm-6', 'rolling_min-4', 'sun_duration-5', 'rolling_median-0', 'temp_soil_avg-3', 'dayofweek_cos-0', 'temp_soil_avg_10cm-0', 'sun_duration-6', 'temp_soil_avg-1', 'rolling_min-7', 'temp_soil_avg-0', 'temp_soil_avg_50cm-0', 'rolling_min-5', 'temp_soil_avg_20cm-0', 'humidity_rel_shelter_avg-7', 'temp_soil_avg_50cm-1', 'rolling_median-1', 'temp_soil_avg-6', 'temp_soil_avg-5', 'sun_int_avg-7', 'temp_soil_avg_10cm-7', 'temp_soil_avg_10cm-3', 'sun_duration-0', 'rolling_mean-0', 'temp_soil_avg-4', 'dayofweek_sin-0', 'rolling_max-1']
{'max_depth': 9, 'learning_rate': 0.08761969700631725, 'subsample': 0.8819375347237868, 'colsample_bytree': 0.702224705769911, 'reg_alpha': 0.8722765501035664, 'reg_lambda': 1.8629871012474375}

Metrics:
MAE sklearn (lower is better):  17822.419162615617
Normalized MAE (lower is better):  0.459135612137445
MAPE sklearn (lower is better):  1.709964598995055e+19 %
MSE (lower is better):  935869237.9850571
RMSE (lower is better):  30591.9799618308
NRMSE (lower is better):  0.7881010606985559
R2 (higher is better):  0.8086023888736367

--------------------  Sites for site_id 2: ['aieg_CHAAIEG2_250692408/consumption']  --------------------
['short_wave_from_sky_avg-0', 'short_wave_from_sky_avg-2', 'short_wave_from_sky_avg-1', 'short_wave_from_sky_avg-3', 'ap-0', 'short_wave_from_sky_avg-4', 'hour-1', 'hour-2', 'hour-3', 'short_wave_from_sky_avg-5', 'year-0', 'hour-0', 'hour_cos-0', 'sun_duration-7', 'sun_duration-6', 'sun_int_avg-6', 'month_cos-0', 'sun_int_avg-7', 'weekofyear-0', 'short_wave_from_sky_avg-6', 'rolling_max-0', 'rolling_std-0', 'ewm_mean-0', 'ewm_mean-1', 'sun_int_avg-5', 'hour_sin-7', 'season_cos-0', 'sun_int_avg-4', 'ap-1', 'sun_duration-5', 'rolling_min-7', 'hour-6', 'is_peak_hour-5', 'is_peak_hour-7', 'short_wave_from_sky_avg-7', 'temp_soil_avg_20cm-7', 'rolling_median-0', 'hour_sin-6', 'rolling_min-0', 'diff_2-0', 'temp_soil_avg_10cm-2', 'sun_duration-4', 'month-0', 'temp_soil_avg_20cm-4', 'rolling_mean-0', 'temp_soil_avg_10cm-3', 'temp_soil_avg_5cm-4', 'sun_int_avg-3', 'temp_soil_avg_50cm-4', 'temp_soil_avg_20cm-6']
{'max_depth': 6, 'learning_rate': 0.019557114001141036, 'subsample': 0.8391566679139664, 'colsample_bytree': 0.996486147716474, 'reg_alpha': 0.5031487575029203, 'reg_lambda': 4.037387055730175}

Metrics:
MAE sklearn (lower is better):  4004.2770051470056
Normalized MAE (lower is better):  0.1817649716608796
MAPE sklearn (lower is better):  2.5467920518874266e+17 %
MSE (lower is better):  61870424.817322835
RMSE (lower is better):  7865.775538198559
NRMSE (lower is better):  0.3570488420141186
R2 (higher is better):  0.9167957510166203

--------------------  Sites for site_id 3: ['aieg_SPORAIEG_217158317/consumption']  --------------------
['short_wave_from_sky_avg-0', 'short_wave_from_sky_avg-1', 'short_wave_from_sky_avg-2', 'ap-0', 'short_wave_from_sky_avg-3', 'hour-3', 'hour-2', 'hour-1', 'hour-0', 'season_cos-0', 'month_cos-0', 'sun_duration-7', 'hour-4', 'short_wave_from_sky_avg-4', 'sun_int_avg-6', 'sun_duration-6', 'sun_int_avg-7', 'sun_int_avg-5', 'hour_sin-7', 'sun_int_avg-4', 'sun_duration-4', 'rolling_max-0', 'sun_int_avg-3', 'diff_2-0', 'short_wave_from_sky_avg-5', 'ewm_mean-7', 'weekofyear-0', 'sun_duration-3', 'sun_duration-5', 'temp_grass_pt100_avg-7', 'sun_int_avg-2', 'short_wave_from_sky_avg-6', 'season_sin-0', 'sun_int_avg-0', 'month-0', 'pressure-3', 'short_wave_from_sky_avg-7', 'temp_soil_avg-7', 'month_sin-0', 'humidity_rel_shelter_avg-3', 'season-0', 'ewm_mean-0', 'temp_soil_avg_20cm-7', 'temp_soil_avg_50cm-2', 'hour_cos-0', 'ewm_mean-6', 'sun_duration-1', 'rolling_mean-7', 'temp_soil_avg-3', 'humidity_rel_shelter_avg-0']
{'max_depth': 5, 'learning_rate': 0.011809513758782197, 'subsample': 0.8885412457542351, 'colsample_bytree': 0.8832701354472975, 'reg_alpha': 0.2800187335009699, 'reg_lambda': 2.0703066382949062}

Metrics:
MAE sklearn (lower is better):  2316.80826656748
Normalized MAE (lower is better):  0.17002878129877
MAPE sklearn (lower is better):  1.4403238067273628e+18 %
MSE (lower is better):  36747909.02854133
RMSE (lower is better):  6062.005363618654
NRMSE (lower is better):  0.444885923050407
R2 (higher is better):  0.9364556210957495

--------------------  Sites for site_id 4: ['aieg_AIEGINPV_250692460/consumption']  --------------------
[I 2026-03-17 17:35:45,998] A new study created in memory with name: no-name-20f54381-681d-49e0-81f8-80131989f92b
[I 2026-03-17 17:35:54,181] Trial 0 finished with value: 2310.3089160747695 and parameters: {'max_depth': 9, 'learning_rate': 0.05530312963992427, 'subsample': 0.907661245656152, 'colsample_bytree': 0.9544439306256887, 'reg_alpha': 0.11375551310107435, 'reg_lambda': 2.962901025362507}. Best is trial 0 with value: 2310.3089160747695.
[I 2026-03-17 17:35:55,656] Trial 1 finished with value: 2475.3277070576464 and parameters: {'max_depth': 6, 'learning_rate': 0.08490332525126845, 'subsample': 0.6796165101797583, 'colsample_bytree': 0.7800963073876495, 'reg_alpha': 0.7318502043249535, 'reg_lambda': 0.03163986750861436}. Best is trial 0 with value: 2310.3089160747695.
[I 2026-03-17 17:35:57,546] Trial 2 finished with value: 2428.852211523095 and parameters: {'max_depth': 7, 'learning_rate': 0.09754744356932953, 'subsample': 0.7203034462699769, 'colsample_bytree': 0.8216312571737553, 'reg_alpha': 0.5242999088553849, 'reg_lambda': 0.7351215066087102}. Best is trial 0 with value: 2310.3089160747695.
[I 2026-03-17 17:35:59,552] Trial 3 finished with value: 2405.7786398589055 and parameters: {'max_depth': 7, 'learning_rate': 0.08528155604206328, 'subsample': 0.7702393008725572, 'colsample_bytree': 0.6237589711169481, 'reg_alpha': 0.12632243320674685, 'reg_lambda': 0.8977278213369699}. Best is trial 0 with value: 2310.3089160747695.
[I 2026-03-17 17:36:05,124] Trial 4 finished with value: 2306.2956014188526 and parameters: {'max_depth': 8, 'learning_rate': 0.048959277242930005, 'subsample': 0.7781562547965595, 'colsample_bytree': 0.873639507839749, 'reg_alpha': 0.22092353938660148, 'reg_lambda': 3.979190140003108}. Best is trial 4 with value: 2306.2956014188526.
[I 2026-03-17 17:36:14,244] Trial 5 finished with value: 2270.8934268121784 and parameters: {'max_depth': 8, 'learning_rate': 0.028823022005705662, 'subsample': 0.9143751234666143, 'colsample_bytree': 0.7578994377950685, 'reg_alpha': 0.9781178490739423, 'reg_lambda': 2.385639891801051}. Best is trial 5 with value: 2270.8934268121784.
[I 2026-03-17 17:36:23,916] Trial 6 finished with value: 2288.9038052412748 and parameters: {'max_depth': 7, 'learning_rate': 0.027366093835310204, 'subsample': 0.637107365287454, 'colsample_bytree': 0.6007933071946895, 'reg_alpha': 0.16839439375935372, 'reg_lambda': 4.645024705995839}. Best is trial 5 with value: 2270.8934268121784.
[I 2026-03-17 17:36:29,122] Trial 7 finished with value: 2843.0702074665296 and parameters: {'max_depth': 3, 'learning_rate': 0.016256636651052075, 'subsample': 0.7096253853030716, 'colsample_bytree': 0.9104747637722311, 'reg_alpha': 0.049566532968683186, 'reg_lambda': 3.175489895052128}. Best is trial 5 with value: 2270.8934268121784.
[I 2026-03-17 17:36:33,103] Trial 8 finished with value: 2329.940229851043 and parameters: {'max_depth': 7, 'learning_rate': 0.03131747616851912, 'subsample': 0.9719315352280894, 'colsample_bytree': 0.6973563444685323, 'reg_alpha': 0.31094099065987857, 'reg_lambda': 1.7986589652182277}. Best is trial 5 with value: 2270.8934268121784.
[I 2026-03-17 17:36:37,419] Trial 9 finished with value: 2715.622630818181 and parameters: {'max_depth': 3, 'learning_rate': 0.06641831304390461, 'subsample': 0.704118238519664, 'colsample_bytree': 0.9841228850169166, 'reg_alpha': 0.01648969077577367, 'reg_lambda': 1.970523216472383}. Best is trial 5 with value: 2270.8934268121784.
[I 2026-03-17 17:36:55,765] Trial 10 finished with value: 2281.658720696845 and parameters: {'max_depth': 10, 'learning_rate': 0.037519358512518766, 'subsample': 0.8754981922620839, 'colsample_bytree': 0.7352496007636439, 'reg_alpha': 0.9698277173121945, 'reg_lambda': 3.8426236795890962}. Best is trial 5 with value: 2270.8934268121784.
[I 2026-03-17 17:37:16,488] Trial 11 finished with value: 2274.5595501521743 and parameters: {'max_depth': 10, 'learning_rate': 0.03666463637506262, 'subsample': 0.8847082309793661, 'colsample_bytree': 0.7449975027601956, 'reg_alpha': 0.9662776606177722, 'reg_lambda': 3.7143804371188716}. Best is trial 5 with value: 2270.8934268121784.
[I 2026-03-17 17:38:07,171] Trial 12 finished with value: 2262.9938800352616 and parameters: {'max_depth': 10, 'learning_rate': 0.010380271703680166, 'subsample': 0.8729060208693514, 'colsample_bytree': 0.6982429556718206, 'reg_alpha': 0.9949015676088315, 'reg_lambda': 2.4347659188593216}. Best is trial 12 with value: 2262.9938800352616.
[I 2026-03-17 17:38:34,988] Trial 13 finished with value: 2282.7706725627963 and parameters: {'max_depth': 9, 'learning_rate': 0.010066961574415405, 'subsample': 0.9979510884372665, 'colsample_bytree': 0.6676417295332656, 'reg_alpha': 0.7579071541072517, 'reg_lambda': 2.2807613924015193}. Best is trial 12 with value: 2262.9938800352616.
[I 2026-03-17 17:38:40,651] Trial 14 finished with value: 2444.2906440757783 and parameters: {'max_depth': 5, 'learning_rate': 0.023211037410356152, 'subsample': 0.8294006262485335, 'colsample_bytree': 0.8323579878561024, 'reg_alpha': 0.7993440401377612, 'reg_lambda': 1.2308843201323696}. Best is trial 12 with value: 2262.9938800352616.
[I 2026-03-17 17:39:01,008] Trial 15 finished with value: 2264.437916422785 and parameters: {'max_depth': 9, 'learning_rate': 0.01899991368777916, 'subsample': 0.9440593927887376, 'colsample_bytree': 0.6762565099861889, 'reg_alpha': 0.5745192373566822, 'reg_lambda': 2.8117827049394646}. Best is trial 12 with value: 2262.9938800352616.
[I 2026-03-17 17:39:34,330] Trial 16 finished with value: 2268.7510993792152 and parameters: {'max_depth': 9, 'learning_rate': 0.010900847876670748, 'subsample': 0.9482291229738232, 'colsample_bytree': 0.6649482679927509, 'reg_alpha': 0.4910981107582751, 'reg_lambda': 2.9707036858183553}. Best is trial 12 with value: 2262.9938800352616.
[I 2026-03-17 17:39:49,480] Trial 17 finished with value: 2285.738683398393 and parameters: {'max_depth': 10, 'learning_rate': 0.04536154887095983, 'subsample': 0.8486144795990623, 'colsample_bytree': 0.702637080476571, 'reg_alpha': 0.5876397441032887, 'reg_lambda': 1.5455074189735098}. Best is trial 12 with value: 2262.9938800352616.
[I 2026-03-17 17:40:01,092] Trial 18 finished with value: 2281.818925999048 and parameters: {'max_depth': 8, 'learning_rate': 0.021761953443799407, 'subsample': 0.9465613363747677, 'colsample_bytree': 0.6386413193542346, 'reg_alpha': 0.40408661569136795, 'reg_lambda': 4.9975644028487025}. Best is trial 12 with value: 2262.9938800352616.
[I 2026-03-17 17:40:28,669] Trial 19 finished with value: 2247.789586333377 and parameters: {'max_depth': 9, 'learning_rate': 0.018731627692508804, 'subsample': 0.8157879144335818, 'colsample_bytree': 0.7146828430568047, 'reg_alpha': 0.6479864396848695, 'reg_lambda': 2.7249859957597375}. Best is trial 19 with value: 2247.789586333377.
[I 2026-03-17 17:40:31,530] Trial 20 finished with value: 2426.8118894439413 and parameters: {'max_depth': 5, 'learning_rate': 0.06757513863237957, 'subsample': 0.8107607773995997, 'colsample_bytree': 0.7242862155110851, 'reg_alpha': 0.8178434499114673, 'reg_lambda': 3.401346509110523}. Best is trial 19 with value: 2247.789586333377.
[I 2026-03-17 17:40:53,130] Trial 21 finished with value: 2267.2980634859605 and parameters: {'max_depth': 9, 'learning_rate': 0.017800690259243735, 'subsample': 0.8530581274763216, 'colsample_bytree': 0.6907918294519023, 'reg_alpha': 0.6420846070623518, 'reg_lambda': 2.6504649030800453}. Best is trial 19 with value: 2247.789586333377.
[I 2026-03-17 17:41:30,652] Trial 22 finished with value: 2261.643415350922 and parameters: {'max_depth': 10, 'learning_rate': 0.01693585483189259, 'subsample': 0.7588501227215699, 'colsample_bytree': 0.665115428136456, 'reg_alpha': 0.6385580358959548, 'reg_lambda': 2.6134103546446568}. Best is trial 19 with value: 2247.789586333377.
[I 2026-03-17 17:41:49,112] Trial 23 finished with value: 2288.217659544791 and parameters: {'max_depth': 10, 'learning_rate': 0.03755156744174226, 'subsample': 0.7734892001883744, 'colsample_bytree': 0.7801056069467225, 'reg_alpha': 0.8800329149726713, 'reg_lambda': 2.3205585104574493}. Best is trial 19 with value: 2247.789586333377.
[I 2026-03-17 17:42:49,359] Trial 24 finished with value: 2255.591768000201 and parameters: {'max_depth': 10, 'learning_rate': 0.011014090799908099, 'subsample': 0.794298093358148, 'colsample_bytree': 0.7181260313439507, 'reg_alpha': 0.6557575877927385, 'reg_lambda': 2.0204194230016723}. Best is trial 19 with value: 2247.789586333377.
[I 2026-03-17 17:42:58,438] Trial 25 finished with value: 2299.587342450246 and parameters: {'max_depth': 8, 'learning_rate': 0.026136544728149858, 'subsample': 0.7453985274582627, 'colsample_bytree': 0.6437670906241814, 'reg_alpha': 0.7069684420761209, 'reg_lambda': 1.9093322460156439}. Best is trial 19 with value: 2247.789586333377.
[I 2026-03-17 17:43:21,058] Trial 26 finished with value: 2282.35527170625 and parameters: {'max_depth': 10, 'learning_rate': 0.0336639551695032, 'subsample': 0.7995934071277614, 'colsample_bytree': 0.7211742537359056, 'reg_alpha': 0.6456739921541229, 'reg_lambda': 3.479402804626061}. Best is trial 19 with value: 2247.789586333377.
[I 2026-03-17 17:43:55,120] Trial 27 finished with value: 2245.7528126846632 and parameters: {'max_depth': 9, 'learning_rate': 0.016286668685382966, 'subsample': 0.6642782699120391, 'colsample_bytree': 0.7684498632067498, 'reg_alpha': 0.4326294712738874, 'reg_lambda': 4.254729885914028}. Best is trial 27 with value: 2245.7528126846632.
[I 2026-03-17 17:44:04,768] Trial 28 finished with value: 2294.9113319225958 and parameters: {'max_depth': 9, 'learning_rate': 0.05077265651156791, 'subsample': 0.6473177605304669, 'colsample_bytree': 0.8056817792504432, 'reg_alpha': 0.41953783126447697, 'reg_lambda': 4.442645635985508}. Best is trial 27 with value: 2245.7528126846632.
[I 2026-03-17 17:44:15,901] Trial 29 finished with value: 2276.2089366486252 and parameters: {'max_depth': 8, 'learning_rate': 0.041277662379683916, 'subsample': 0.6030255663841328, 'colsample_bytree': 0.757967665766821, 'reg_alpha': 0.34474894476658524, 'reg_lambda': 4.1576905236332315}. Best is trial 27 with value: 2245.7528126846632.
[I 2026-03-17 17:47:04,870] A new study created in memory with name: no-name-830b1bc6-59e0-4a65-9543-4b5a01038630
[I 2026-03-17 17:47:20,387] Trial 0 finished with value: 557.678540831397 and parameters: {'max_depth': 10, 'learning_rate': 0.028709497384816714, 'subsample': 0.6511293557687584, 'colsample_bytree': 0.6364627123013243, 'reg_alpha': 0.9368639439593272, 'reg_lambda': 1.5908200092533527}. Best is trial 0 with value: 557.678540831397.
[I 2026-03-17 17:47:26,817] Trial 1 finished with value: 599.1804538099223 and parameters: {'max_depth': 10, 'learning_rate': 0.09006547368703154, 'subsample': 0.8666021670766753, 'colsample_bytree': 0.9211563042078041, 'reg_alpha': 0.9282476307447877, 'reg_lambda': 0.07034117253998273}. Best is trial 0 with value: 557.678540831397.
[I 2026-03-17 17:47:28,607] Trial 2 finished with value: 560.6085336464822 and parameters: {'max_depth': 7, 'learning_rate': 0.06706602088082363, 'subsample': 0.7811812097473398, 'colsample_bytree': 0.7220910024221466, 'reg_alpha': 0.7942407364938184, 'reg_lambda': 3.7505863321871176}. Best is trial 0 with value: 557.678540831397.
[I 2026-03-17 17:47:30,247] Trial 3 finished with value: 570.0224889744336 and parameters: {'max_depth': 4, 'learning_rate': 0.06544946593257375, 'subsample': 0.9075340047253061, 'colsample_bytree': 0.9885495469160644, 'reg_alpha': 0.04794824336494696, 'reg_lambda': 4.525941309910081}. Best is trial 0 with value: 557.678540831397.
[I 2026-03-17 17:47:32,034] Trial 4 finished with value: 577.3191925521198 and parameters: {'max_depth': 4, 'learning_rate': 0.09967745392565379, 'subsample': 0.7303365260006167, 'colsample_bytree': 0.9696090134040284, 'reg_alpha': 0.5567314792785213, 'reg_lambda': 3.6205261202931527}. Best is trial 0 with value: 557.678540831397.
[I 2026-03-17 17:47:43,509] Trial 5 finished with value: 550.9003029661937 and parameters: {'max_depth': 10, 'learning_rate': 0.050828341296981806, 'subsample': 0.6041539909561195, 'colsample_bytree': 0.6725481041987675, 'reg_alpha': 0.565217383016546, 'reg_lambda': 3.124743211901328}. Best is trial 5 with value: 550.9003029661937.
[I 2026-03-17 17:47:44,977] Trial 6 finished with value: 580.9439662304067 and parameters: {'max_depth': 4, 'learning_rate': 0.06776211834627603, 'subsample': 0.9354823716134641, 'colsample_bytree': 0.6125971967016064, 'reg_alpha': 0.5168788761386159, 'reg_lambda': 0.6270272391548565}. Best is trial 5 with value: 550.9003029661937.
[I 2026-03-17 17:47:46,698] Trial 7 finished with value: 573.8292986106011 and parameters: {'max_depth': 4, 'learning_rate': 0.09077584340035243, 'subsample': 0.9483980705891721, 'colsample_bytree': 0.8979658784496867, 'reg_alpha': 0.9415211395310504, 'reg_lambda': 4.194533935909906}. Best is trial 5 with value: 550.9003029661937.
