[I 2026-03-17 16:18:57,196] Trial 8 finished with value: 552.8663749884513 and parameters: {'max_depth': 7, 'learning_rate': 0.09205773596082059, 'subsample': 0.8303645975040715, 'colsample_bytree': 0.740165374530355, 'reg_alpha': 0.4591343725555883, 'reg_lambda': 3.2175891601938815}. Best is trial 5 with value: 485.40768194080897.
[I 2026-03-17 16:18:58,419] Trial 9 finished with value: 528.5410511905394 and parameters: {'max_depth': 5, 'learning_rate': 0.032995339969679696, 'subsample': 0.8166612661082289, 'colsample_bytree': 0.7835267516922404, 'reg_alpha': 0.7568577659439018, 'reg_lambda': 4.390048722624522}. Best is trial 5 with value: 485.40768194080897.
[I 2026-03-17 16:19:03,034] Trial 10 finished with value: 533.7487985532639 and parameters: {'max_depth': 7, 'learning_rate': 0.014872397686393424, 'subsample': 0.7273979545218874, 'colsample_bytree': 0.6902923542388804, 'reg_alpha': 0.014742276395999288, 'reg_lambda': 1.2632640609679235}. Best is trial 5 with value: 485.40768194080897.
[I 2026-03-17 16:19:04,325] Trial 11 finished with value: 491.53135683638527 and parameters: {'max_depth': 6, 'learning_rate': 0.04376537836710624, 'subsample': 0.7331857858183335, 'colsample_bytree': 0.8671519202457558, 'reg_alpha': 0.2453073074611432, 'reg_lambda': 3.4265750951303824}. Best is trial 5 with value: 485.40768194080897.
[I 2026-03-17 16:19:06,745] Trial 12 finished with value: 536.6421003632458 and parameters: {'max_depth': 8, 'learning_rate': 0.04069022915156569, 'subsample': 0.7156360742080884, 'colsample_bytree': 0.8411739507155711, 'reg_alpha': 0.007718917903095153, 'reg_lambda': 3.3892304913053395}. Best is trial 5 with value: 485.40768194080897.
[I 2026-03-17 16:19:08,007] Trial 13 finished with value: 478.75617726373815 and parameters: {'max_depth': 6, 'learning_rate': 0.04563717821892442, 'subsample': 0.7675530466607706, 'colsample_bytree': 0.9205489457032546, 'reg_alpha': 0.21563536651538484, 'reg_lambda': 2.13212715137802}. Best is trial 13 with value: 478.75617726373815.
[I 2026-03-17 16:19:13,305] Trial 14 finished with value: 498.6833469813872 and parameters: {'max_depth': 6, 'learning_rate': 0.010403911227114336, 'subsample': 0.7786531454117369, 'colsample_bytree': 0.9402519616128997, 'reg_alpha': 0.19829815405058815, 'reg_lambda': 1.768365209803372}. Best is trial 13 with value: 478.75617726373815.
[I 2026-03-17 16:19:14,675] Trial 15 finished with value: 562.4435038998611 and parameters: {'max_depth': 8, 'learning_rate': 0.07217789311475792, 'subsample': 0.6766993592104903, 'colsample_bytree': 0.807135563440615, 'reg_alpha': 0.13649372421216432, 'reg_lambda': 1.0630905796171277}. Best is trial 13 with value: 478.75617726373815.
[I 2026-03-17 16:19:15,514] Trial 16 finished with value: 661.3947974843603 and parameters: {'max_depth': 3, 'learning_rate': 0.029480084965085314, 'subsample': 0.8582703071160457, 'colsample_bytree': 0.9185928978890513, 'reg_alpha': 0.33649127763064307, 'reg_lambda': 2.2534592264761697}. Best is trial 13 with value: 478.75617726373815.
[I 2026-03-17 16:19:16,711] Trial 17 finished with value: 499.220296218712 and parameters: {'max_depth': 6, 'learning_rate': 0.04811043550569504, 'subsample': 0.7801464621107149, 'colsample_bytree': 0.805560996590784, 'reg_alpha': 0.11702543611424576, 'reg_lambda': 0.2436874861568639}. Best is trial 13 with value: 478.75617726373815.
[I 2026-03-17 16:19:20,652] Trial 18 finished with value: 528.2511585756921 and parameters: {'max_depth': 8, 'learning_rate': 0.023332235133030475, 'subsample': 0.6812448433899579, 'colsample_bytree': 0.9996417277951305, 'reg_alpha': 0.3236829710166206, 'reg_lambda': 1.0958787768083202}. Best is trial 13 with value: 478.75617726373815.
[I 2026-03-17 16:19:21,256] Trial 19 finished with value: 557.3808716990627 and parameters: {'max_depth': 4, 'learning_rate': 0.052854626904654915, 'subsample': 0.9145330997474124, 'colsample_bytree': 0.88318012233094, 'reg_alpha': 0.09573595538675794, 'reg_lambda': 2.4407793481250906}. Best is trial 13 with value: 478.75617726373815.
[I 2026-03-17 16:19:23,415] Trial 20 finished with value: 459.1406420718184 and parameters: {'max_depth': 7, 'learning_rate': 0.03703345514316169, 'subsample': 0.7852149012368455, 'colsample_bytree': 0.9512477757988407, 'reg_alpha': 0.31782778529073374, 'reg_lambda': 1.8058370368788457}. Best is trial 20 with value: 459.1406420718184.
[I 2026-03-17 16:19:25,683] Trial 21 finished with value: 467.0929293659116 and parameters: {'max_depth': 7, 'learning_rate': 0.03399771199557392, 'subsample': 0.7796851264766325, 'colsample_bytree': 0.9467715235278703, 'reg_alpha': 0.31384872602541286, 'reg_lambda': 1.6315061840581275}. Best is trial 20 with value: 459.1406420718184.
[I 2026-03-17 16:19:27,945] Trial 22 finished with value: 486.44300670999394 and parameters: {'max_depth': 7, 'learning_rate': 0.034790779732806976, 'subsample': 0.7903118168791305, 'colsample_bytree': 0.9421037500960956, 'reg_alpha': 0.3351486450277878, 'reg_lambda': 1.723306984279212}. Best is trial 20 with value: 459.1406420718184.
[I 2026-03-17 16:19:31,349] Trial 23 finished with value: 538.2754943404829 and parameters: {'max_depth': 9, 'learning_rate': 0.04187589761083221, 'subsample': 0.8331270367850696, 'colsample_bytree': 0.9160654617101114, 'reg_alpha': 0.28414039814315173, 'reg_lambda': 2.8358115245055044}. Best is trial 20 with value: 459.1406420718184.
[I 2026-03-17 16:19:32,735] Trial 24 finished with value: 514.5956425566329 and parameters: {'max_depth': 7, 'learning_rate': 0.057199466459509685, 'subsample': 0.7760037825082206, 'colsample_bytree': 0.8349448310579027, 'reg_alpha': 0.3989448057407994, 'reg_lambda': 2.0534988242552945}. Best is trial 20 with value: 459.1406420718184.
[I 2026-03-17 16:19:35,332] Trial 25 finished with value: 558.249874064088 and parameters: {'max_depth': 8, 'learning_rate': 0.03666525260953312, 'subsample': 0.6919297943434719, 'colsample_bytree': 0.9652399994055355, 'reg_alpha': 0.5598894514014461, 'reg_lambda': 1.5047399744970609}. Best is trial 20 with value: 459.1406420718184.
[I 2026-03-17 16:19:38,549] Trial 26 finished with value: 542.9478580597796 and parameters: {'max_depth': 9, 'learning_rate': 0.04912257050581969, 'subsample': 0.8592188769095221, 'colsample_bytree': 0.8966813321787372, 'reg_alpha': 0.18382613259511466, 'reg_lambda': 0.8059843318750486}. Best is trial 20 with value: 459.1406420718184.
[I 2026-03-17 16:19:39,736] Trial 27 finished with value: 499.83089423360923 and parameters: {'max_depth': 7, 'learning_rate': 0.06687422855489564, 'subsample': 0.7642717042690288, 'colsample_bytree': 0.9320806721635964, 'reg_alpha': 0.3746631518159071, 'reg_lambda': 2.188683787007863}. Best is trial 20 with value: 459.1406420718184.
[I 2026-03-17 16:19:41,240] Trial 28 finished with value: 529.2202276728675 and parameters: {'max_depth': 5, 'learning_rate': 0.027374546334076086, 'subsample': 0.8080323170239364, 'colsample_bytree': 0.7676338348322698, 'reg_alpha': 0.646261502787325, 'reg_lambda': 3.024667278881817}. Best is trial 20 with value: 459.1406420718184.
