[I 2026-03-17 16:19:42,389] Trial 29 finished with value: 568.6461232686005 and parameters: {'max_depth': 6, 'learning_rate': 0.05322569868039161, 'subsample': 0.7091457032825108, 'colsample_bytree': 0.6069272311243779, 'reg_alpha': 0.26382646919858965, 'reg_lambda': 1.52169593383932}. Best is trial 20 with value: 459.1406420718184.
====================  Starting training for consumption sites  ====================
--------------------  Sites for site_id 1: ['aieg_EP_AND_0/consumption']  --------------------
['sun_int_avg-5', 'sun_int_avg-6', 'sun_int_avg-4', 'sun_int_avg-3', 'sun_int_avg-1', 'sun_int_avg-0', 'sun_int_avg-2', 'ap-96', 'diff_2-96', 'hour_sin-7', 'hour_cos-0', 'diff_1-96', 'hour_cos-7', 'hour_cos-2', 'hour_sin-6', 'month_cos-0', 'hour_sin-5', 'month-0', 'temp_soil_avg_50cm-1', 'short_wave_from_sky_avg-2', 'dayofweek_cos-1', 'short_wave_from_sky_avg-0', 'short_wave_from_sky_avg-3', 'temp_soil_avg_50cm-0', 'hour_cos-4', 'hour_cos-1', 'short_wave_from_sky_avg-1', 'month_sin-0', 'temp_soil_avg_50cm-5', 'temp_soil_avg_20cm-0', 'short_wave_from_sky_avg-5', 'hour_cos-5', 'hour-4', 'day-7', 'hour-0', 'rolling_mean-99', 'temp_soil_avg_50cm-7', 'hour_sin-3', 'weekofyear-7', 'month_sin-7', 'hour-3', 'weekofyear-0', 'dayofweek-7', 'dayofweek_cos-3', 'hour_cos-3', 'temp_soil_avg_20cm-5', 'short_wave_from_sky_avg-4', 'hour_sin-4', 'dayofweek_cos-7', 'dayofweek-0']
{'max_depth': 6, 'learning_rate': 0.012022786994764735, 'subsample': 0.7158885820747016, 'colsample_bytree': 0.7822945251304614, 'reg_alpha': 0.03383268777514248, 'reg_lambda': 2.385250040605195}

Metrics:
MAE sklearn (lower is better):  3778.397316797903
Normalized MAE (lower is better):  0.0717988467902815
MAPE sklearn (lower is better):  7.107909401981499e+18 %
MSE (lower is better):  164916138.71896404
RMSE (lower is better):  12841.967867852809
NRMSE (lower is better):  0.24402899063327896
R2 (higher is better):  0.8901855826951928

--------------------  Sites for site_id 2: ['aieg_EP_RUM_0/consumption']  --------------------
['sun_int_avg-5', 'sun_int_avg-6', 'sun_int_avg-4', 'sun_int_avg-3', 'sun_int_avg-1', 'sun_int_avg-0', 'sun_int_avg-2', 'ap-96', 'diff_2-96', 'hour_sin-7', 'hour_cos-0', 'diff_1-96', 'hour_cos-7', 'hour_sin-6', 'hour_cos-2', 'month_cos-0', 'hour_sin-5', 'month-0', 'temp_soil_avg_50cm-1', 'dayofweek_cos-1', 'short_wave_from_sky_avg-0', 'short_wave_from_sky_avg-3', 'short_wave_from_sky_avg-2', 'temp_soil_avg_50cm-0', 'short_wave_from_sky_avg-1', 'hour_cos-1', 'hour_cos-4', 'month_sin-0', 'rolling_mean-99', 'temp_soil_avg_50cm-5', 'short_wave_from_sky_avg-5', 'rolling_mean-98', 'temp_soil_avg_20cm-0', 'day-7', 'hour-4', 'hour_cos-5', 'season-7', 'dayofweek_sin-3', 'dayofweek_cos-7', 'temp_soil_avg_50cm-7', 'hour-0', 'month_sin-7', 'hour_cos-3', 'hour-3', 'hour_sin-3', 'weekofyear-7', 'weekofyear-0', 'dayofweek-7', 'short_wave_from_sky_avg-4', 'season_sin-0']
{'max_depth': 5, 'learning_rate': 0.09961305925403781, 'subsample': 0.6722727962190967, 'colsample_bytree': 0.8818180161103318, 'reg_alpha': 0.3328130207232479, 'reg_lambda': 0.02929823726439705}

Metrics:
MAE sklearn (lower is better):  1079.1510502220374
Normalized MAE (lower is better):  0.09131852404294363
MAPE sklearn (lower is better):  1.9567717209348498e+18 %
MSE (lower is better):  9035870.130444512
RMSE (lower is better):  3005.9724101269644
NRMSE (lower is better):  0.25436750837626054
R2 (higher is better):  0.8806835174889264

--------------------  Sites for site_id 3: ['aieg_EP_OHE_0/consumption']  --------------------
['sun_int_avg-5', 'sun_int_avg-6', 'sun_int_avg-4', 'sun_int_avg-3', 'sun_int_avg-1', 'sun_int_avg-0', 'sun_int_avg-2', 'ap-96', 'diff_2-96', 'hour_cos-0', 'hour_sin-7', 'diff_1-96', 'hour_cos-7', 'hour_cos-2', 'hour_sin-6', 'month_cos-0', 'hour_sin-5', 'temp_soil_avg_50cm-1', 'month-0', 'short_wave_from_sky_avg-3', 'short_wave_from_sky_avg-0', 'temp_soil_avg_50cm-0', 'short_wave_from_sky_avg-2', 'short_wave_from_sky_avg-1', 'hour_cos-1', 'month_sin-0', 'hour_cos-4', 'dayofweek_cos-7', 'temp_soil_avg_50cm-5', 'short_wave_from_sky_avg-5', 'temp_soil_avg_20cm-0', 'rolling_mean-99', 'temp_soil_avg_50cm-7', 'day-7', 'hour-4', 'hour-0', 'temp_soil_avg_20cm-5', 'weekofyear-7', 'hour-3', 'weekofyear-0', 'hour_cos-5', 'month_sin-7', 'hour_cos-3', 'hour_sin-3', 'season_sin-0', 'season_cos-0', 'dayofweek-7', 'hour_sin-4', 'short_wave_from_sky_avg-4', 'hour-1']
{'max_depth': 7, 'learning_rate': 0.037471926197367465, 'subsample': 0.8945179385548613, 'colsample_bytree': 0.9927527845925816, 'reg_alpha': 0.003374126805476274, 'reg_lambda': 0.37785089167583163}

Metrics:
MAE sklearn (lower is better):  670.2166755499204
Normalized MAE (lower is better):  0.07468710719252344
MAPE sklearn (lower is better):  1.1932487926564319e+18 %
MSE (lower is better):  4889142.203783905
RMSE (lower is better):  2211.140475814213
NRMSE (lower is better):  0.24640342706985194
R2 (higher is better):  0.8880370369760346

--------------------  Sites for site_id 4: ['aieg_EP_VIR_0/consumption']  --------------------
['year-0', 'ap-96', 'hour_cos-2', 'hour_cos-3', 'hour_cos-4', 'hour_cos-1', 'sun_int_avg-0', 'sun_int_avg-1', 'sun_int_avg-2', 'month_cos-0', 'hour_sin-5', 'hour_cos-7', 'hour_cos-0', 'hour_sin-7', 'hour_sin-6', 'sun_int_avg-3', 'hour-1', 'weekofyear-1', 'ewm_mean-102', 'ewm_mean-97', 'hour-2', 'hour_sin-4', 'diff_1-96', 'temp_soil_avg_5cm-7', 'short_wave_from_sky_avg-2', 'temp_soil_avg_5cm-3', 'hour-3', 'diff_2-96', 'sun_int_avg-5', 'weekofyear-7', 'weekofyear-0', 'sun_int_avg-6', 'short_wave_from_sky_avg-0', 'season_sin-7', 'ewm_mean-98', 'temp_soil_avg_5cm-5', 'short_wave_from_sky_avg-1', 'rolling_min-100', 'hour-4', 'hour_sin-3', 'sun_int_avg-4', 'dayofweek_sin-5', 'month-0', 'sun_int_avg-7', 'temp_soil_avg_50cm-3', 'temp_soil_avg_50cm-0', 'day-7', 'temp_soil_avg_5cm-4', 'hour-0', 'temp_soil_avg_50cm-2']
{'max_depth': 6, 'learning_rate': 0.0440143564960472, 'subsample': 0.7275238196069831, 'colsample_bytree': 0.9825152391256188, 'reg_alpha': 0.13330124892557105, 'reg_lambda': 3.354051368667439}

Metrics:
MAE sklearn (lower is better):  1235.3829376512933
Normalized MAE (lower is better):  0.04887831109883235
MAPE sklearn (lower is better):  1.7916073391900088e+18 %
MSE (lower is better):  17792992.60100698
RMSE (lower is better):  4218.174083772145
NRMSE (lower is better):  0.16689337277689023
R2 (higher is better):  0.9511900102398063

--------------------  Sites for site_id 5: ['aieg_EP_GVE_0/consumption']  --------------------
['sun_int_avg-5', 'sun_int_avg-6', 'sun_int_avg-4', 'sun_int_avg-3', 'sun_int_avg-1', 'sun_int_avg-2', 'sun_int_avg-0', 'ap-96', 'diff_2-96', 'hour_cos-0', 'hour_sin-7', 'diff_1-96', 'hour_cos-7', 'hour_sin-6', 'hour_cos-2', 'month_cos-0', 'hour_sin-5', 'temp_soil_avg_50cm-1', 'month-0', 'short_wave_from_sky_avg-3', 'short_wave_from_sky_avg-0', 'hour_cos-4', 'short_wave_from_sky_avg-2', 'dayofweek_cos-1', 'temp_soil_avg_50cm-0', 'short_wave_from_sky_avg-1', 'month_sin-0', 'hour_cos-1', 'dayofweek_cos-7', 'short_wave_from_sky_avg-5', 'temp_soil_avg_50cm-5', 'hour-4', 'hour_cos-5', 'temp_soil_avg_20cm-0', 'hour_cos-3', 'temp_soil_avg_50cm-7', 'day-7', 'dayofweek-7', 'hour-0', 'weekofyear-0', 'hour-3', 'hour_sin-3', 'month_sin-7', 'weekofyear-7', 'rolling_mean-99', 'season_sin-0', 'short_wave_from_sky_avg-4', 'hour-1', 'hour_sin-4', 'temp_soil_avg_20cm-5']
{'max_depth': 7, 'learning_rate': 0.03703345514316169, 'subsample': 0.7852149012368455, 'colsample_bytree': 0.9512477757988407, 'reg_alpha': 0.31782778529073374, 'reg_lambda': 1.8058370368788457}

Metrics:
MAE sklearn (lower is better):  885.0629392218477
Normalized MAE (lower is better):  0.07396907761239362
MAPE sklearn (lower is better):  1.57640036476694e+18 %
MSE (lower is better):  8646320.313878592
RMSE (lower is better):  2940.4626020200617
NRMSE (lower is better):  0.24574897082053054
R2 (higher is better):  0.8886313066961158

--------------------  Sites for site_id 6: ['aieg_AIEGMAR_0/production']  --------------------
['temp_soil_avg_5cm-0', 'rolling_min-96', 'is_peak_hour-1', 'dayofweek-0', 'short_wave_from_sky_avg-7', 'hour_sin-5', 'is_peak_hour-0', 'hour_sin-4', 'hour_sin-3', 'ap-96', 'dayofweek_sin-5', 'dayofweek_sin-7', 'hour_sin-7', 'hour_sin-6', 'short_wave_from_sky_avg-6', 'hour_sin-2', 'month-7', 'dayofweek_sin-4', 'dayofweek_sin-3', 'dayofweek_sin-2', 'short_wave_from_sky_avg-5', 'season-3', 'dayofweek_sin-0', 'dayofweek_sin-6', 'ewm_mean-96', 'year-0', 'month-5', 'temp_grass_pt100_avg-7', 'is_peak_hour-2', 'month-0', 'temp_soil_avg_20cm-7', 'temp_soil_avg_20cm-0', 'temp_soil_avg_20cm-6', 'hour_cos-0', 'temp_grass_pt100_avg-6', 'temp_soil_avg_5cm-1', 'short_wave_from_sky_avg-0', 'temp_soil_avg_5cm-4', 'temp_soil_avg_5cm-2', 'temp_soil_avg_20cm-4', 'hour_sin-1', 'dayofweek-3', 'temp_soil_avg-2', 'weekofyear-0', 'temp_soil_avg-0', 'year-2', 'hour-3', 'month_cos-0', 'dayofweek-5', 'temp_soil_avg_5cm-3']
{'max_depth': 6, 'learning_rate': 0.04759773689780131, 'subsample': 0.8025480646807532, 'colsample_bytree': 0.9779061620451439, 'reg_alpha': 0.8924865329046793, 'reg_lambda': 3.991041385485984}

Metrics:
MAE sklearn (lower is better):  14833.882704410216
Normalized MAE (lower is better):  0.6336892211665308
MAPE sklearn (lower is better):  8.782277129891081e+18 %
MSE (lower is better):  415519614.0363198
RMSE (lower is better):  20384.298222806687
NRMSE (lower is better):  0.8707976409302645
R2 (higher is better):  0.22716194741284249

--------------------  Sites for site_id 7: ['aieg_FABLANTO_213310817/consumption']  --------------------
['ewm_mean-96', 'rolling_min-96', 'ap-96', 'is_peak_hour-2', 'rolling_median-96', 'ap-97', 'year-5', 'month_cos-1', 'month_cos-0', 'year-0', 'is_peak_hour-1', 'is_peak_hour-4', 'is_peak_hour-6', 'is_peak_hour-3', 'temp_soil_avg_50cm-7', 'month-1', 'temp_soil_avg_20cm-7', 'year-6', 'dayofweek-7', 'year-7', 'dayofweek_sin-5', 'month_sin-1', 'dayofweek-1', 'short_wave_from_sky_avg-0', 'is_peak_hour-0', 'dayofweek-5', 'temp_soil_avg_50cm-6', 'hour_cos-0', 'is_peak_hour-7', 'season-7', 'dayofweek-0', 'weekofyear-6', 'month_cos-7', 'temp_soil_avg_50cm-0', 'weekofyear-7', 'weekofyear-0', 'temp_soil_avg_50cm-1', 'hour_cos-3', 'dayofweek_sin-0', 'month-0', 'rolling_min-100', 'temp_soil_avg_5cm-0', 'rolling_mean-96', 'is_peak_hour-5', 'hour_sin-1', 'hour_cos-1', 'year-4', 'temp_soil_avg_50cm-4', 'hour_sin-2', 'temp_soil_avg_50cm-3']
{'max_depth': 4, 'learning_rate': 0.049290227380404256, 'subsample': 0.7579973590677251, 'colsample_bytree': 0.8760621029119011, 'reg_alpha': 0.5473905561849631, 'reg_lambda': 3.973255626080193}

Metrics:
MAE sklearn (lower is better):  1569.2420251594442
Normalized MAE (lower is better):  0.5073464930463985
MAPE sklearn (lower is better):  1.6106314724253837e+18 %
MSE (lower is better):  5299992.365449577
RMSE (lower is better):  2302.1712285252756
NRMSE (lower is better):  0.7443074302486525
R2 (higher is better):  0.7221577720850385

====================  Starting training for production sites  ====================
--------------------  Sites for site_id 1: ['aieg_CHAMAIEG_217158317/production', 'aieg_CHAMAIEG_217158406/production', 'aieg_CHAMAIEG_219792511/consumption', 'aieg_CHAMAIEG_219792511/production', 'aieg_CHAMAIEG_250692408/production']  --------------------
['short_wave_from_sky_avg-5', 'short_wave_from_sky_avg-1', 'short_wave_from_sky_avg-4', 'short_wave_from_sky_avg-2', 'short_wave_from_sky_avg-3', 'short_wave_from_sky_avg-6', 'short_wave_from_sky_avg-0', 'short_wave_from_sky_avg-7', 'hour_cos-0', 'month-0', 'hour-3', 'hour_cos-3', 'hour-1', 'hour-2', 'hour_cos-2', 'temp_soil_avg-0', 'temp_soil_avg-3', 'hour-0', 'dayofweek_cos-0', 'hour_cos-1', 'temp_soil_avg-1', 'hour_cos-4', 'hour_cos-5', 'temp_soil_avg_50cm-7', 'rolling_max-96', 'temp_soil_avg-2', 'hour_cos-6', 'day-0', 'temp_soil_avg-4', 'temp_soil_avg-5', 'temp_soil_avg_50cm-5', 'rolling_median-96', 'hour_cos-7', 'rolling_max-98', 'rolling_max-100', 'sun_int_avg-7', 'temp_soil_avg_10cm-0', 'temp_soil_avg-7', 'dayofweek-0', 'humidity_rel_shelter_avg-4', 'sun_duration-6', 'dayofweek_sin-0', 'temp_soil_avg-6', 'is_peak_hour-7', 'humidity_rel_shelter_avg-7', 'humidity_rel_shelter_avg-0', 'temp_soil_avg_50cm-6', 'humidity_rel_shelter_avg-2', 'humidity_rel_shelter_avg-6', 'rolling_max-103']
{'max_depth': 10, 'learning_rate': 0.037099208564052105, 'subsample': 0.9041531735047388, 'colsample_bytree': 0.6537409396800932, 'reg_alpha': 0.25937059293338116, 'reg_lambda': 3.6839046815284178}

Metrics:
MAE sklearn (lower is better):  21000.39788722913
Normalized MAE (lower is better):  0.5335378401071691
MAPE sklearn (lower is better):  7.468862540871765e+18 %
MSE (lower is better):  1705466825.162366
RMSE (lower is better):  41297.29803706734
NRMSE (lower is better):  1.0492025586980982
R2 (higher is better):  0.6545941132403443

--------------------  Sites for site_id 2: ['aieg_CHAAIEG2_250692408/consumption']  --------------------
['short_wave_from_sky_avg-0', 'short_wave_from_sky_avg-5', 'short_wave_from_sky_avg-4', 'short_wave_from_sky_avg-3', 'short_wave_from_sky_avg-6', 'short_wave_from_sky_avg-2', 'short_wave_from_sky_avg-1', 'short_wave_from_sky_avg-7', 'year-0', 'hour_cos-0', 'hour-1', 'hour-2', 'hour-3', 'hour-0', 'hour_cos-1', 'sun_duration-7', 'sun_int_avg-7', 'hour_cos-3', 'hour_cos-2', 'sun_duration-6', 'month_cos-0', 'hour_cos-5', 'is_peak_hour-3', 'weekofyear-0', 'sun_int_avg-6', 'humidity_rel_shelter_avg-7', 'temp_soil_avg_20cm-7', 'humidity_rel_shelter_avg-2', 'humidity_rel_shelter_avg-0', 'temp_soil_avg_50cm-2', 'temp_soil_avg_20cm-4', 'humidity_rel_shelter_avg-1', 'temp_soil_avg_20cm-6', 'hour_sin-7', 'sun_int_avg-5', 'rolling_max-96', 'temp_soil_avg-7', 'hour_cos-4', 'humidity_rel_shelter_avg-3', 'season_cos-0', 'temp_soil_avg_50cm-0', 'sun_int_avg-4', 'temp_soil_avg_50cm-3', 'humidity_rel_shelter_avg-4', 'temp_soil_avg_20cm-5', 'humidity_rel_shelter_avg-6', 'month-0', 'temp_soil_avg_50cm-4', 'weekofyear-4', 'temp_soil_avg_50cm-1']
{'max_depth': 9, 'learning_rate': 0.04978435741347664, 'subsample': 0.917558325250872, 'colsample_bytree': 0.7371123686857886, 'reg_alpha': 0.1973526038468183, 'reg_lambda': 3.2372998292741157}

Metrics:
MAE sklearn (lower is better):  5035.465867255454
Normalized MAE (lower is better):  0.2283692093779588
MAPE sklearn (lower is better):  3.660085619897394e+17 %
MSE (lower is better):  83996179.28553724
RMSE (lower is better):  9164.942950479137
NRMSE (lower is better):  0.4156498784363298
R2 (higher is better):  0.8871758693640821

--------------------  Sites for site_id 3: ['aieg_SPORAIEG_217158317/consumption']  --------------------
['short_wave_from_sky_avg-0', 'short_wave_from_sky_avg-1', 'short_wave_from_sky_avg-4', 'short_wave_from_sky_avg-3', 'short_wave_from_sky_avg-5', 'short_wave_from_sky_avg-2', 'short_wave_from_sky_avg-6', 'hour-2', 'hour-3', 'hour-1', 'hour_cos-0', 'hour-0', 'sun_int_avg-7', 'sun_duration-7', 'month_cos-0', 'hour-7', 'sun_int_avg-6', 'hour_cos-1', 'short_wave_from_sky_avg-7', 'sun_int_avg-4', 'sun_int_avg-5', 'hour_cos-3', 'hour_sin-7', 'is_peak_hour-2', 'humidity_rel_shelter_avg-2', 'month-0', 'hour_cos-4', 'hour_cos-2', 'humidity_rel_shelter_avg-7', 'weekofyear-0', 'temp_soil_avg_20cm-7', 'humidity_rel_shelter_avg-5', 'temp_grass_pt100_avg-7', 'temp_soil_avg-7', 'ewm_mean-103', 'sun_duration-4', 'sun_duration-6', 'hour_cos-5', 'humidity_rel_shelter_avg-3', 'humidity_rel_shelter_avg-1', 'humidity_rel_shelter_avg-6', 'temp_soil_avg_5cm-7', 'ewm_mean-101', 'pressure-6', 'sun_int_avg-2', 'pressure-7', 'temp_soil_avg_50cm-6', 'dayofweek_sin-0', 'rolling_max-96', 'month_sin-0']
{'max_depth': 4, 'learning_rate': 0.011487449565199127, 'subsample': 0.8767035286779374, 'colsample_bytree': 0.7563117400510049, 'reg_alpha': 0.9792484043386965, 'reg_lambda': 4.059122600234871}

Metrics:
MAE sklearn (lower is better):  2824.0325141474477
Normalized MAE (lower is better):  0.2072987753655518
MAPE sklearn (lower is better):  2.0841451847437153e+18 %
MSE (lower is better):  56290520.37768205
RMSE (lower is better):  7502.700872198095
NRMSE (lower is better):  0.5507375339870174
R2 (higher is better):  0.902875192541077

-------------------- Sites for site_id 4: ['aieg_AIEGINPV_250692460/consumption']  --------------------
['short_wave_from_sky_avg-6', 'short_wave_from_sky_avg-5', 'short_wave_from_sky_avg-7', 'short_wave_from_sky_avg-4', 'short_wave_from_sky_avg-1', 'short_wave_from_sky_avg-2', 'short_wave_from_sky_avg-3', 'short_wave_from_sky_avg-0', 'month_cos-0', 'year-0', 'ewm_mean-96', 'humidity_rel_shelter_avg-0', 'season-0', 'hour-3', 'hour-1', 'dayofweek_sin-4', 'sun_duration-7', 'hour-0', 'humidity_rel_shelter_avg-1', 'hour-2', 'rolling_mean-98', 'pressure-0', 'season_sin-0', 'rolling_mean-96', 'hour_cos-0', 'rolling_max-96', 'ewm_mean-99', 'humidity_rel_shelter_avg-2', 'dayofweek_sin-1', 'rolling_mean-99', 'temp_grass_pt100_avg-0', 'weekofyear-0', 'month-0', 'sun_duration-6', 'sun_duration-5', 'rolling_median-96', 'day-4', 'humidity_rel_shelter_avg-3', 'humidity_rel_shelter_avg-7', 'hour-7', 'temp_soil_avg_20cm-6', 'dayofweek_sin-0', 'dayofweek_sin-6', 'is_peak_hour-7', 'sun_int_avg-7', 'temp_soil_avg_20cm-7', 'rolling_mean-101', 'rolling_mean-102', 'rolling_mean-100', 'ewm_mean-97']
{'max_depth': 9, 'learning_rate': 0.022062037502421458, 'subsample': 0.6973417735652143, 'colsample_bytree': 0.7024381919414786, 'reg_alpha': 0.005591869320364526, 'reg_lambda': 2.210330231999176}

Metrics:
MAE sklearn (lower is better):  7923.094548326782
Normalized MAE (lower is better):  0.2365122097756594
MAPE sklearn (lower is better):  1.6602575570059116e+18 %
MSE (lower is better):  222519426.80555612
RMSE (lower is better):  14917.085063964612
NRMSE (lower is better):  0.4452897451078406
R2 (higher is better):  0.8752862479082502

--------------------  Sites for site_id 5: ['aieg_FABLANTO_213310817/production']  --------------------
['temp_grass_pt100_avg-6', 'temp_grass_pt100_avg-1', 'temp_grass_pt100_avg-0', 'temp_grass_pt100_avg-4', 'temp_grass_pt100_avg-5', 'temp_grass_pt100_avg-2', 'temp_grass_pt100_avg-3', 'temp_grass_pt100_avg-7', 'month_cos-0', 'short_wave_from_sky_avg-7', 'short_wave_from_sky_avg-5', 'short_wave_from_sky_avg-6', 'short_wave_from_sky_avg-3', 'short_wave_from_sky_avg-4', 'short_wave_from_sky_avg-2', 'short_wave_from_sky_avg-1', 'hour_cos-7', 'short_wave_from_sky_avg-0', 'hour_cos-0', 'is_peak_hour-5', 'hour_cos-2', 'hour_cos-3', 'hour_cos-4', 'dayofweek-0', 'temp_soil_avg_50cm-7', 'temp_soil_avg-0', 'hour_cos-1', 'temp_soil_avg_50cm-5', 'hour_cos-5', 'dayofweek-7', 'hour-3', 'hour-6', 'dayofweek_sin-3', 'temp_soil_avg_20cm-7', 'ap-96', 'temp_soil_avg_50cm-2', 'temp_soil_avg_5cm-6', 'temp_soil_avg_50cm-4', 'hour-1', 'is_peak_hour-4', 'hour-2', 'dayofweek_sin-4', 'hour_cos-6', 'hour-0', 'is_peak_hour-2', 'weekofyear-0', 'temp_soil_avg-1', 'is_peak_hour-3', 'season_cos-0', 'temp_soil_avg_50cm-0']
{'max_depth': 9, 'learning_rate': 0.02957046341016959, 'subsample': 0.6408301889953005, 'colsample_bytree': 0.6559040403865081, 'reg_alpha': 0.9671924683574864, 'reg_lambda': 2.1617916927695684}

Metrics:
MAE sklearn (lower is better):  1326.144746583148
Normalized MAE (lower is better):  0.2975392231568052
MAPE sklearn (lower is better):  2.341084844262252e+17 %
MSE (lower is better):  5907586.203603826
RMSE (lower is better):  2430.5526539459756
NRMSE (lower is better):  0.5453286682016455
R2 (higher is better):  0.8437227716968829

--------------------  Sites for site_id 6: ['aieg_DEPOTVIR_212303594/production', 'aieg_DEPOTVIR_0/production']  --------------------
['short_wave_from_sky_avg-7', 'short_wave_from_sky_avg-4', 'short_wave_from_sky_avg-6', 'short_wave_from_sky_avg-5', 'short_wave_from_sky_avg-2', 'short_wave_from_sky_avg-1', 'short_wave_from_sky_avg-3', 'hour_cos-0', 'short_wave_from_sky_avg-0', 'hour_cos-2', 'hour_cos-1', 'hour_cos-3', 'hour_cos-5', 'hour_cos-4', 'rolling_max-103', 'hour-3', 'temp_grass_pt100_avg-7', 'temp_grass_pt100_avg-4', 'rolling_min-102', 'temp_grass_pt100_avg-1', 'rolling_mean-101', 'hour-1', 'temp_grass_pt100_avg-0', 'rolling_min-96', 'hour-0', 'temp_grass_pt100_avg-2', 'sun_duration-5', 'wind_speed_avg_30m-4', 'rolling_max-102', 'temp_grass_pt100_avg-3', 'rolling_median-103', 'rolling_max-97', 'temp_grass_pt100_avg-6', 'rolling_max-96', 'hour_cos-6', 'rolling_mean-100', 'wind_speed_avg_30m-0', 'ewm_mean-101', 'dayofweek_sin-0', 'sun_duration-6', 'sun_duration-4', 'sun_int_avg-6', 'sun_int_avg-1', 'hour_sin-4', 'rolling_std-98', 'rolling_max-98', 'temp_grass_pt100_avg-5', 'rolling_min-98', 'rolling_min-99', 'rolling_mean-102']
{'max_depth': 4, 'learning_rate': 0.09017265730327302, 'subsample': 0.8396465131691531, 'colsample_bytree': 0.9080068352397149, 'reg_alpha': 0.2732669470388395, 'reg_lambda': 0.010209784808510591}

Metrics:
MAE sklearn (lower is better):  2401.717886193036
Normalized MAE (lower is better):  0.23351705533030798
MAPE sklearn (lower is better):  8.974354888570435e+16 %
MSE (lower is better):  17635004.60732211
RMSE (lower is better):  4199.405268287655
NRMSE (lower is better):  0.4083047213940338
R2 (higher is better):  0.8616502928881151

