[I 2026-03-17 17:15:53,204] Trial 8 finished with value: 393.0829792375559 and parameters: {'max_depth': 4, 'learning_rate': 0.0420143572806681, 'subsample': 0.8612691980203031, 'colsample_bytree': 0.761981038674132, 'reg_alpha': 0.06061531823127386, 'reg_lambda': 4.991563085981863}. Best is trial 4 with value: 216.05599189729432.
[I 2026-03-17 17:15:54,570] Trial 9 finished with value: 245.2049435312458 and parameters: {'max_depth': 7, 'learning_rate': 0.053506776874407844, 'subsample': 0.8710771741157168, 'colsample_bytree': 0.8108894965703553, 'reg_alpha': 0.8580072669660251, 'reg_lambda': 3.0236994520099802}. Best is trial 4 with value: 216.05599189729432.
[I 2026-03-17 17:15:58,118] Trial 10 finished with value: 262.5538157873305 and parameters: {'max_depth': 6, 'learning_rate': 0.015733543863972417, 'subsample': 0.9645219827431021, 'colsample_bytree': 0.9601889659296388, 'reg_alpha': 0.9783612925848242, 'reg_lambda': 0.0428070575916899}. Best is trial 4 with value: 216.05599189729432.
[I 2026-03-17 17:16:01,020] Trial 11 finished with value: 215.90560964984442 and parameters: {'max_depth': 10, 'learning_rate': 0.09916082973205353, 'subsample': 0.999250604536061, 'colsample_bytree': 0.8900067525893285, 'reg_alpha': 0.3821991268107978, 'reg_lambda': 1.4756449592485834}. Best is trial 11 with value: 215.90560964984442.
[I 2026-03-17 17:16:09,252] Trial 12 finished with value: 207.74147937644392 and parameters: {'max_depth': 10, 'learning_rate': 0.028053235458893523, 'subsample': 0.9845749440448388, 'colsample_bytree': 0.9070560957016764, 'reg_alpha': 0.38346370304706956, 'reg_lambda': 1.4856208397312338}. Best is trial 12 with value: 207.74147937644392.
[I 2026-03-17 17:16:17,536] Trial 13 finished with value: 206.51212505169 and parameters: {'max_depth': 10, 'learning_rate': 0.029135199056614786, 'subsample': 0.8985106339782633, 'colsample_bytree': 0.9819921255627001, 'reg_alpha': 0.34646075168338764, 'reg_lambda': 1.4935184023279797}. Best is trial 13 with value: 206.51212505169.
[I 2026-03-17 17:16:22,361] Trial 14 finished with value: 222.27154012119632 and parameters: {'max_depth': 8, 'learning_rate': 0.023209481606640565, 'subsample': 0.9060274504480712, 'colsample_bytree': 0.9921776425168397, 'reg_alpha': 0.38399773807461957, 'reg_lambda': 0.6328848396203832}. Best is trial 13 with value: 206.51212505169.
[I 2026-03-17 17:16:30,694] Trial 15 finished with value: 207.4325803294483 and parameters: {'max_depth': 10, 'learning_rate': 0.02819185301856424, 'subsample': 0.9083268428967004, 'colsample_bytree': 0.9543711822923252, 'reg_alpha': 0.3858462857638898, 'reg_lambda': 2.041043728123072}. Best is trial 13 with value: 206.51212505169.
[I 2026-03-17 17:16:34,167] Trial 16 finished with value: 222.4134836213851 and parameters: {'max_depth': 8, 'learning_rate': 0.03220689850293658, 'subsample': 0.7891130079350562, 'colsample_bytree': 0.9921774735404525, 'reg_alpha': 0.6277877302460222, 'reg_lambda': 1.8742026715177962}. Best is trial 13 with value: 206.51212505169.
[I 2026-03-17 17:16:35,087] Trial 17 finished with value: 273.74886177093305 and parameters: {'max_depth': 6, 'learning_rate': 0.06502309429936885, 'subsample': 0.9060405395050255, 'colsample_bytree': 0.9439430806847451, 'reg_alpha': 0.011468533125359281, 'reg_lambda': 2.1093420314337132}. Best is trial 13 with value: 206.51212505169.
[I 2026-03-17 17:16:40,758] Trial 18 finished with value: 239.56873129340897 and parameters: {'max_depth': 8, 'learning_rate': 0.01816631368295378, 'subsample': 0.7332749740351721, 'colsample_bytree': 0.6469838242775257, 'reg_alpha': 0.298135390381844, 'reg_lambda': 0.7681892487716395}. Best is trial 13 with value: 206.51212505169.
[I 2026-03-17 17:16:48,056] Trial 19 finished with value: 229.07060606424477 and parameters: {'max_depth': 10, 'learning_rate': 0.02774367337231528, 'subsample': 0.9125172295087367, 'colsample_bytree': 0.6922700574821441, 'reg_alpha': 0.4631568562038758, 'reg_lambda': 3.685144485736247}. Best is trial 13 with value: 206.51212505169.
[I 2026-03-17 17:16:50,960] Trial 20 finished with value: 222.28192936734757 and parameters: {'max_depth': 8, 'learning_rate': 0.03735637779025683, 'subsample': 0.8402362500672025, 'colsample_bytree': 0.9452298240533914, 'reg_alpha': 0.6801398741556377, 'reg_lambda': 2.2322776154263893}. Best is trial 13 with value: 206.51212505169.
[I 2026-03-17 17:17:01,325] Trial 21 finished with value: 205.17457149480904 and parameters: {'max_depth': 10, 'learning_rate': 0.024907761031063767, 'subsample': 0.9325599053441955, 'colsample_bytree': 0.9121068677031279, 'reg_alpha': 0.4135439670137364, 'reg_lambda': 0.9589965518074712}. Best is trial 21 with value: 205.17457149480904.
[I 2026-03-17 17:17:13,582] Trial 22 finished with value: 205.5885167757083 and parameters: {'max_depth': 10, 'learning_rate': 0.020531120202445727, 'subsample': 0.9352706306817288, 'colsample_bytree': 0.9647641239699298, 'reg_alpha': 0.433462336145725, 'reg_lambda': 0.9537514529983377}. Best is trial 21 with value: 205.17457149480904.
[I 2026-03-17 17:17:27,075] Trial 23 finished with value: 213.42213886807124 and parameters: {'max_depth': 9, 'learning_rate': 0.01124745116051411, 'subsample': 0.9401557593429942, 'colsample_bytree': 0.8605584047190831, 'reg_alpha': 0.5011050900643832, 'reg_lambda': 0.732895668627936}. Best is trial 21 with value: 205.17457149480904.
[I 2026-03-17 17:17:40,806] Trial 24 finished with value: 204.6451785416758 and parameters: {'max_depth': 10, 'learning_rate': 0.02056631605509788, 'subsample': 0.9417333362102662, 'colsample_bytree': 0.9230422928559345, 'reg_alpha': 0.30822055792645786, 'reg_lambda': 0.36443618334415373}. Best is trial 24 with value: 204.6451785416758.
[I 2026-03-17 17:17:50,294] Trial 25 finished with value: 211.12670960286283 and parameters: {'max_depth': 9, 'learning_rate': 0.019322785241972153, 'subsample': 0.8236321316290421, 'colsample_bytree': 0.9238324355604703, 'reg_alpha': 0.13050664637676312, 'reg_lambda': 0.00571230981068005}. Best is trial 24 with value: 204.6451785416758.
[I 2026-03-17 17:17:52,084] Trial 26 finished with value: 312.96232083033584 and parameters: {'max_depth': 5, 'learning_rate': 0.021340317557755464, 'subsample': 0.9365027039232972, 'colsample_bytree': 0.8555483409400616, 'reg_alpha': 0.4506404128599889, 'reg_lambda': 0.36840202165742925}. Best is trial 24 with value: 204.6451785416758.
[I 2026-03-17 17:17:58,448] Trial 27 finished with value: 208.50271764058988 and parameters: {'max_depth': 10, 'learning_rate': 0.03742735599123227, 'subsample': 0.7421664445097571, 'colsample_bytree': 0.9264403761531355, 'reg_alpha': 0.26950690835949986, 'reg_lambda': 1.0096760293678695}. Best is trial 24 with value: 204.6451785416758.
[I 2026-03-17 17:18:03,062] Trial 28 finished with value: 241.45276975404735 and parameters: {'max_depth': 7, 'learning_rate': 0.01529554428164668, 'subsample': 0.8681687155968079, 'colsample_bytree': 0.8785922345457433, 'reg_alpha': 0.5694265654710351, 'reg_lambda': 1.0544154570690893}. Best is trial 24 with value: 204.6451785416758.
[I 2026-03-17 17:18:06,017] Trial 29 finished with value: 217.08974786058135 and parameters: {'max_depth': 9, 'learning_rate': 0.06204857202447847, 'subsample': 0.9553802011550758, 'colsample_bytree': 0.9660480410076484, 'reg_alpha': 0.3093035815807061, 'reg_lambda': 0.4467165083339576}. Best is trial 24 with value: 204.6451785416758.
====================  Starting training for consumption sites  ====================
--------------------  Sites for site_id 1: ['aieg_EP_AND_0/consumption']  --------------------
['sun_int_avg-5', 'sun_int_avg-3', 'sun_int_avg-4', 'ap-0', 'sun_int_avg-0', 'sun_int_avg-1', 'sun_int_avg-2', 'hour_sin-7', 'hour_cos-0', 'diff_1-0', 'hour_cos-7', 'hour_sin-6', 'hour_cos-2', 'hour_cos-5', 'hour_sin-5', 'month_cos-0', 'temp_soil_avg_50cm-1', 'temp_soil_avg_50cm-5', 'hour_cos-4', 'short_wave_from_sky_avg-3', 'temp_soil_avg_50cm-0', 'short_wave_from_sky_avg-0', 'hour_cos-1', 'short_wave_from_sky_avg-2', 'short_wave_from_sky_avg-1', 'month-0', 'month_sin-0', 'hour_sin-0', 'temp_soil_avg_50cm-7', 'season-0', 'hour-4', 'season_sin-0', 'short_wave_from_sky_avg-7', 'rolling_mean-7', 'hour-0', 'hour_cos-3', 'hour-3', 'weekofyear-0', 'sun_int_avg-6', 'hour_cos-6', 'temp_soil_avg_50cm-6', 'hour_sin-1', 'sun_duration-6', 'temp_soil_avg_50cm-3', 'hour-1', 'hour-2', 'hour_sin-3', 'hour-5', 'hour_sin-4', 'diff_2-4']
{'max_depth': 10, 'learning_rate': 0.024684804930665744, 'subsample': 0.7744776138683483, 'colsample_bytree': 0.9668860831629534, 'reg_alpha': 0.7867288939420422, 'reg_lambda': 0.45186466406235204}

Metrics:
MAE sklearn (lower is better):  1997.3495132793932
Normalized MAE (lower is better):  0.03795455577237299
MAPE sklearn (lower is better):  3.354433881965979e+18 %
MSE (lower is better):  74110316.2179354
RMSE (lower is better):  8608.73487905949
NRMSE (lower is better):  0.1635871468285836
R2 (higher is better):  0.9506567495489162

--------------------  Sites for site_id 2: ['aieg_EP_RUM_0/consumption']  --------------------
['sun_int_avg-5', 'sun_int_avg-4', 'sun_int_avg-3', 'ap-0', 'sun_int_avg-1', 'sun_int_avg-0', 'sun_int_avg-2', 'hour_sin-7', 'hour_cos-0', 'diff_1-0', 'hour_cos-7', 'hour_cos-5', 'hour_sin-6', 'hour_cos-2', 'temp_soil_avg_50cm-1', 'hour_sin-5', 'month_cos-0', 'hour_cos-4', 'temp_soil_avg_50cm-0', 'temp_soil_avg_50cm-5', 'short_wave_from_sky_avg-3', 'short_wave_from_sky_avg-0', 'hour_cos-1', 'short_wave_from_sky_avg-2', 'short_wave_from_sky_avg-1', 'month-0', 'season-0', 'hour_cos-3', 'month_sin-0', 'rolling_mean-7', 'hour_sin-0', 'season_sin-0', 'temp_soil_avg_50cm-7', 'hour-4', 'short_wave_from_sky_avg-7', 'hour-0', 'sun_int_avg-6', 'hour-3', 'weekofyear-0', 'temp_soil_avg_50cm-3', 'hour_sin-1', 'hour-1', 'rolling_mean-5', 'sun_duration-6', 'temp_soil_avg_50cm-6', 'hour_cos-6', 'hour_sin-2', 'hour-5', 'hour_sin-4', 'hour-2']
{'max_depth': 9, 'learning_rate': 0.05495978140427732, 'subsample': 0.984624074558439, 'colsample_bytree': 0.9920526034320672, 'reg_alpha': 0.4047796826111078, 'reg_lambda': 0.7012694810201565}

Metrics:
MAE sklearn (lower is better):  477.14442942327156
Normalized MAE (lower is better):  0.04037629861109861
MAPE sklearn (lower is better):  7.961049649011287e+17 %
MSE (lower is better):  4180602.573988244
RMSE (lower is better):  2044.6521890014067
NRMSE (lower is better):  0.17301991231196542
R2 (higher is better):  0.9448009744492532

--------------------  Sites for site_id 3: ['aieg_EP_OHE_0/consumption']  --------------------
['sun_int_avg-5', 'sun_int_avg-4', 'sun_int_avg-3', 'ap-0', 'sun_int_avg-0', 'sun_int_avg-1', 'sun_int_avg-2', 'hour_sin-7', 'hour_cos-0', 'diff_1-0', 'hour_cos-7', 'hour_cos-2', 'hour_sin-6', 'temp_soil_avg_50cm-1', 'hour_cos-5', 'month_cos-0', 'hour_sin-5', 'temp_soil_avg_50cm-5', 'hour_cos-4', 'short_wave_from_sky_avg-3', 'temp_soil_avg_50cm-0', 'short_wave_from_sky_avg-0', 'short_wave_from_sky_avg-2', 'hour_cos-1', 'short_wave_from_sky_avg-1', 'month_sin-0', 'season-0', 'month-0', 'temp_soil_avg_50cm-7', 'hour_sin-0', 'hour-4', 'short_wave_from_sky_avg-7', 'season_sin-0', 'hour-0', 'hour-3', 'sun_int_avg-6', 'hour-1', 'weekofyear-0', 'hour_cos-3', 'hour_sin-1', 'temp_soil_avg_50cm-3', 'sun_duration-6', 'temp_soil_avg_50cm-6', 'hour_cos-6', 'hour_sin-3', 'hour-5', 'hour-2', 'ewm_mean-4', 'short_wave_from_sky_avg-6', 'hour_sin-4']
{'max_depth': 10, 'learning_rate': 0.06322713679669412, 'subsample': 0.7229996059324522, 'colsample_bytree': 0.9725049437118971, 'reg_alpha': 0.39275064897186307, 'reg_lambda': 0.09165929759505076}

Metrics:
MAE sklearn (lower is better):  361.96445215133986
Normalized MAE (lower is better):  0.040336325286935565
MAPE sklearn (lower is better):  5.999585602351201e+17 %
MSE (lower is better):  2165666.9027213976
RMSE (lower is better):  1471.620502276792
NRMSE (lower is better):  0.16399335052366262
R2 (higher is better):  0.9504110628203253

--------------------  Sites for site_id 4: ['aieg_EP_VIR_0/consumption']  --------------------
['year-0', 'ap-0', 'hour_cos-3', 'hour_cos-2', 'hour_cos-1', 'sun_int_avg-0', 'sun_int_avg-1', 'sun_int_avg-2', 'hour_cos-4', 'weekofyear-7', 'hour_cos-7', 'month_cos-0', 'hour-1', 'hour_cos-0', 'ewm_mean-1', 'weekofyear-1', 'hour_sin-7', 'sun_int_avg-3', 'hour_sin-5', 'hour_sin-6', 'hour_sin-4', 'temp_soil_avg_5cm-7', 'diff_2-0', 'hour-2', 'short_wave_from_sky_avg-2', 'diff_1-0', 'temp_soil_avg_5cm-3', 'sun_int_avg-5', 'hour-3', 'ewm_mean-6', 'sun_int_avg-6', 'ewm_mean-7', 'short_wave_from_sky_avg-0', 'short_wave_from_sky_avg-1', 'weekofyear-0', 'hour-4', 'ewm_mean-5', 'sun_int_avg-7', 'sun_int_avg-4', 'hour-0', 'temp_soil_avg_50cm-3', 'temp_soil_avg_50cm-0', 'dayofweek_sin-4', 'temp_soil_avg_5cm-5', 'day-7', 'month-0', 'short_wave_from_sky_avg-3', 'short_wave_from_sky_avg-4', 'temp_soil_avg_20cm-7', 'temp_soil_avg_5cm-4']
{'max_depth': 9, 'learning_rate': 0.010238831578807412, 'subsample': 0.8183467030023884, 'colsample_bytree': 0.9874622856328389, 'reg_alpha': 0.6743651563836457, 'reg_lambda': 3.5670534199237287}

Metrics:
MAE sklearn (lower is better):  1094.2263421806501
Normalized MAE (lower is better):  0.04329340638889405
MAPE sklearn (lower is better):  1.3169206369458655e+18 %
MSE (lower is better):  17597372.153450526
RMSE (lower is better):  4194.92218681712
NRMSE (lower is better):  0.16597340422433238
R2 (higher is better):  0.9517289791164901

--------------------  Sites for site_id 5: ['aieg_EP_GVE_0/consumption']  --------------------
['sun_int_avg-5', 'sun_int_avg-3', 'sun_int_avg-4', 'ap-0', 'sun_int_avg-1', 'sun_int_avg-0', 'sun_int_avg-2', 'hour_sin-7', 'hour_cos-0', 'diff_1-0', 'hour_cos-7', 'hour_cos-2', 'hour_sin-6', 'temp_soil_avg_50cm-1', 'hour_sin-5', 'hour_cos-5', 'month_cos-0', 'hour_cos-4', 'temp_soil_avg_50cm-5', 'hour_cos-1', 'temp_soil_avg_50cm-0', 'short_wave_from_sky_avg-3', 'short_wave_from_sky_avg-0', 'short_wave_from_sky_avg-2', 'short_wave_from_sky_avg-1', 'season-0', 'month-0', 'month_sin-0', 'hour_sin-0', 'dayofweek_cos-2', 'temp_soil_avg_50cm-7', 'short_wave_from_sky_avg-7', 'hour-0', 'hour-4', 'season_sin-0', 'sun_int_avg-6', 'rolling_mean-7', 'weekofyear-0', 'hour_cos-3', 'hour-1', 'hour-3', 'hour_sin-1', 'temp_soil_avg_50cm-3', 'sun_duration-6', 'hour_cos-6', 'temp_soil_avg_50cm-6', 'hour-5', 'rolling_mean-1', 'short_wave_from_sky_avg-6', 'hour-2']
{'max_depth': 10, 'learning_rate': 0.02056631605509788, 'subsample': 0.9417333362102662, 'colsample_bytree': 0.9230422928559345, 'reg_alpha': 0.30822055792645786, 'reg_lambda': 0.36443618334415373}

Metrics:
MAE sklearn (lower is better):  458.52689586127667
Normalized MAE (lower is better):  0.03832135551529539
MAPE sklearn (lower is better):  7.51670773550703e+17 %
MSE (lower is better):  4166204.1505362834
RMSE (lower is better):  2041.1281563234297
NRMSE (lower is better):  0.17058715298221894
R2 (higher is better):  0.946342651234029

--------------------  Sites for site_id 6: ['aieg_AIEGMAR_0/production']  --------------------
[I 2026-03-17 17:20:43,777] A new study created in memory with name: no-name-f0bdaa14-ac25-46ee-a45e-6ceecd90cf18
[I 2026-03-17 17:20:45,236] Trial 0 finished with value: 35385.20893651171 and parameters: {'max_depth': 8, 'learning_rate': 0.05433419795859395, 'subsample': 0.85287330481375, 'colsample_bytree': 0.7423073930583397, 'reg_alpha': 0.7974373370943143, 'reg_lambda': 0.1301898400989293}. Best is trial 0 with value: 35385.20893651171.
[I 2026-03-17 17:21:01,830] Trial 1 finished with value: 37292.74770310564 and parameters: {'max_depth': 10, 'learning_rate': 0.014792020857446908, 'subsample': 0.7191678606096826, 'colsample_bytree': 0.9430946879916006, 'reg_alpha': 0.07701699317129318, 'reg_lambda': 1.9532638498370836}. Best is trial 0 with value: 35385.20893651171.
[I 2026-03-17 17:21:03,840] Trial 2 finished with value: 31721.48063203386 and parameters: {'max_depth': 3, 'learning_rate': 0.017838009767204975, 'subsample': 0.6377181618426131, 'colsample_bytree': 0.8836295154235392, 'reg_alpha': 0.6168999496328207, 'reg_lambda': 2.5906120662367247}. Best is trial 2 with value: 31721.48063203386.
[I 2026-03-17 17:21:04,217] Trial 3 finished with value: 29036.65974687649 and parameters: {'max_depth': 5, 'learning_rate': 0.09943990898720162, 'subsample': 0.8057399982855887, 'colsample_bytree': 0.9789888766485013, 'reg_alpha': 0.2862402804812604, 'reg_lambda': 3.222428638812222}. Best is trial 3 with value: 29036.65974687649.
[I 2026-03-17 17:21:09,957] Trial 4 finished with value: 37034.23399683559 and parameters: {'max_depth': 10, 'learning_rate': 0.045872900404378705, 'subsample': 0.6665227633263369, 'colsample_bytree': 0.8133571223370482, 'reg_alpha': 0.5968395516789483, 'reg_lambda': 2.1460649007113783}. Best is trial 3 with value: 29036.65974687649.
[I 2026-03-17 17:21:10,319] Trial 5 finished with value: 31516.309837809014 and parameters: {'max_depth': 3, 'learning_rate': 0.09671061711630247, 'subsample': 0.8253160062585392, 'colsample_bytree': 0.8353191189478968, 'reg_alpha': 0.054571684154543054, 'reg_lambda': 0.6622605731347853}. Best is trial 3 with value: 29036.65974687649.
[I 2026-03-17 17:21:12,418] Trial 6 finished with value: 36172.67012562737 and parameters: {'max_depth': 9, 'learning_rate': 0.08383197212552314, 'subsample': 0.8380076580558655, 'colsample_bytree': 0.7553328153157778, 'reg_alpha': 0.12579872928722213, 'reg_lambda': 1.0977151038506623}. Best is trial 3 with value: 29036.65974687649.
[I 2026-03-17 17:21:12,871] Trial 7 finished with value: 32573.493718318357 and parameters: {'max_depth': 3, 'learning_rate': 0.07509454898054359, 'subsample': 0.956861527216222, 'colsample_bytree': 0.9091063985413972, 'reg_alpha': 0.4711823587340185, 'reg_lambda': 2.8043856178225806}. Best is trial 3 with value: 29036.65974687649.
[I 2026-03-17 17:21:13,448] Trial 8 finished with value: 31746.017950667567 and parameters: {'max_depth': 3, 'learning_rate': 0.05246761267639482, 'subsample': 0.9367456789484685, 'colsample_bytree': 0.6788013562902496, 'reg_alpha': 0.5936640920244898, 'reg_lambda': 3.7761460296711484}. Best is trial 3 with value: 29036.65974687649.
[I 2026-03-17 17:21:14,166] Trial 9 finished with value: 29071.849926668903 and parameters: {'max_depth': 5, 'learning_rate': 0.04173443440060452, 'subsample': 0.7298603392034985, 'colsample_bytree': 0.672283049566507, 'reg_alpha': 0.8159691198166507, 'reg_lambda': 1.5006647761765735}. Best is trial 3 with value: 29036.65974687649.
[I 2026-03-17 17:21:14,803] Trial 10 finished with value: 30754.149786661794 and parameters: {'max_depth': 6, 'learning_rate': 0.07288950831240076, 'subsample': 0.7594177355389592, 'colsample_bytree': 0.9932196510418372, 'reg_alpha': 0.29562439499800586, 'reg_lambda': 4.968522131763557}. Best is trial 3 with value: 29036.65974687649.
[I 2026-03-17 17:21:15,715] Trial 11 finished with value: 29093.970493321794 and parameters: {'max_depth': 5, 'learning_rate': 0.03275566826240365, 'subsample': 0.734039654131599, 'colsample_bytree': 0.6080676068030574, 'reg_alpha': 0.9451658663658645, 'reg_lambda': 3.6969052601160435}. Best is trial 3 with value: 29036.65974687649.
[I 2026-03-17 17:21:16,546] Trial 12 finished with value: 29342.01436885631 and parameters: {'max_depth': 5, 'learning_rate': 0.03508103237836814, 'subsample': 0.7796917628050017, 'colsample_bytree': 0.62330875826359, 'reg_alpha': 0.28880405062596737, 'reg_lambda': 1.4135882299767768}. Best is trial 3 with value: 29036.65974687649.
[I 2026-03-17 17:21:16,912] Trial 13 finished with value: 28661.153185062085 and parameters: {'max_depth': 5, 'learning_rate': 0.09953157238567409, 'subsample': 0.9001503407924236, 'colsample_bytree': 0.6946223377359237, 'reg_alpha': 0.9454347519343018, 'reg_lambda': 3.2771973210103584}. Best is trial 13 with value: 28661.153185062085.
[I 2026-03-17 17:21:17,607] Trial 14 finished with value: 32860.484753082084 and parameters: {'max_depth': 7, 'learning_rate': 0.09634360645556253, 'subsample': 0.8895706442415146, 'colsample_bytree': 0.7387800402401269, 'reg_alpha': 0.3598544119923094, 'reg_lambda': 3.3412586610145536}. Best is trial 13 with value: 28661.153185062085.
[I 2026-03-17 17:21:18,125] Trial 15 finished with value: 30614.39019943332 and parameters: {'max_depth': 6, 'learning_rate': 0.08460552572854355, 'subsample': 0.9942880114479495, 'colsample_bytree': 0.9830405169370374, 'reg_alpha': 0.9787665222993484, 'reg_lambda': 4.459625255767341}. Best is trial 13 with value: 28661.153185062085.
[I 2026-03-17 17:21:18,623] Trial 16 finished with value: 28489.712906468292 and parameters: {'max_depth': 4, 'learning_rate': 0.07002123267893881, 'subsample': 0.8821970231347311, 'colsample_bytree': 0.8636272804428775, 'reg_alpha': 0.1886184772957784, 'reg_lambda': 3.2128663236185875}. Best is trial 16 with value: 28489.712906468292.
[I 2026-03-17 17:21:19,161] Trial 17 finished with value: 28732.302774777654 and parameters: {'max_depth': 4, 'learning_rate': 0.06449117262284763, 'subsample': 0.8979547597944759, 'colsample_bytree': 0.8763318830660438, 'reg_alpha': 0.7459446212882224, 'reg_lambda': 4.145533171626091}. Best is trial 16 with value: 28489.712906468292.
[I 2026-03-17 17:21:19,649] Trial 18 finished with value: 28333.228079718403 and parameters: {'max_depth': 4, 'learning_rate': 0.06536610804643675, 'subsample': 0.8977259079630244, 'colsample_bytree': 0.7728210728675301, 'reg_alpha': 0.18596381438670467, 'reg_lambda': 2.977281937908522}. Best is trial 18 with value: 28333.228079718403.
[I 2026-03-17 17:21:20,139] Trial 19 finished with value: 28529.647546986864 and parameters: {'max_depth': 4, 'learning_rate': 0.0642842919547763, 'subsample': 0.8665098758214533, 'colsample_bytree': 0.7908757698724901, 'reg_alpha': 0.15778220774610088, 'reg_lambda': 2.212800215712465}. Best is trial 18 with value: 28333.228079718403.
