[I 2026-03-17 17:27:53,072] Trial 24 finished with value: 14154.452820040697 and parameters: {'max_depth': 8, 'learning_rate': 0.08823838915587898, 'subsample': 0.9702959155641006, 'colsample_bytree': 0.6939660859875313, 'reg_alpha': 0.7105977990958408, 'reg_lambda': 1.9528882605128657}. Best is trial 23 with value: 13955.938372487672.
[I 2026-03-17 17:27:53,332] Trial 25 finished with value: 14574.81955549322 and parameters: {'max_depth': 5, 'learning_rate': 0.09816840881288161, 'subsample': 0.9265308013864041, 'colsample_bytree': 0.6401983803627688, 'reg_alpha': 0.5495234770811265, 'reg_lambda': 0.8527515956114629}. Best is trial 23 with value: 13955.938372487672.
[I 2026-03-17 17:27:55,100] Trial 26 finished with value: 13857.03508135402 and parameters: {'max_depth': 9, 'learning_rate': 0.08761969700631725, 'subsample': 0.8819375347237868, 'colsample_bytree': 0.702224705769911, 'reg_alpha': 0.8722765501035664, 'reg_lambda': 1.8629871012474375}. Best is trial 26 with value: 13857.03508135402.
[I 2026-03-17 17:27:56,060] Trial 27 finished with value: 14107.61447417663 and parameters: {'max_depth': 8, 'learning_rate': 0.08848223036817243, 'subsample': 0.8759317091315472, 'colsample_bytree': 0.7049765104835249, 'reg_alpha': 0.9099849611055759, 'reg_lambda': 2.836050399896404}. Best is trial 26 with value: 13857.03508135402.
[I 2026-03-17 17:27:58,477] Trial 28 finished with value: 14088.419605761217 and parameters: {'max_depth': 10, 'learning_rate': 0.09216524477012518, 'subsample': 0.8164269008613491, 'colsample_bytree': 0.6553855754401039, 'reg_alpha': 0.8842267510605886, 'reg_lambda': 1.8016348172286605}. Best is trial 26 with value: 13857.03508135402.
[I 2026-03-17 17:27:59,283] Trial 29 finished with value: 14438.915807289352 and parameters: {'max_depth': 7, 'learning_rate': 0.08350296689834759, 'subsample': 0.8619203919228381, 'colsample_bytree': 0.7478099355410438, 'reg_alpha': 0.6847129009618909, 'reg_lambda': 0.8868683101509331}. Best is trial 26 with value: 13857.03508135402.
[I 2026-03-17 17:29:25,112] A new study created in memory with name: no-name-0218a851-81e3-4905-afd6-1459ab2c3112
[I 2026-03-17 17:29:47,465] Trial 0 finished with value: 2348.534959521739 and parameters: {'max_depth': 10, 'learning_rate': 0.025399562946077626, 'subsample': 0.6917728899058568, 'colsample_bytree': 0.8740120222735626, 'reg_alpha': 0.4089764229592243, 'reg_lambda': 3.0854724891398906}. Best is trial 0 with value: 2348.534959521739.
[I 2026-03-17 17:29:57,217] Trial 1 finished with value: 2347.5983251788202 and parameters: {'max_depth': 9, 'learning_rate': 0.03136158321246842, 'subsample': 0.6628416049753242, 'colsample_bytree': 0.9218417712966259, 'reg_alpha': 0.19220887656904861, 'reg_lambda': 4.6081922464856}. Best is trial 1 with value: 2347.5983251788202.
[I 2026-03-17 17:30:10,412] Trial 2 finished with value: 2328.2940614449967 and parameters: {'max_depth': 8, 'learning_rate': 0.010810005854396388, 'subsample': 0.9791975592005437, 'colsample_bytree': 0.9672356310825303, 'reg_alpha': 0.929629401097155, 'reg_lambda': 1.5188807135634979}. Best is trial 2 with value: 2328.2940614449967.
[I 2026-03-17 17:30:16,849] Trial 3 finished with value: 2427.0713878792194 and parameters: {'max_depth': 10, 'learning_rate': 0.07863519611129414, 'subsample': 0.8045274719934108, 'colsample_bytree': 0.6960760106407415, 'reg_alpha': 0.06097685053861379, 'reg_lambda': 4.798227757029904}. Best is trial 2 with value: 2328.2940614449967.
[I 2026-03-17 17:30:28,992] Trial 4 finished with value: 2334.3125055182923 and parameters: {'max_depth': 9, 'learning_rate': 0.024629166763800198, 'subsample': 0.8919534972160481, 'colsample_bytree': 0.7058953839516496, 'reg_alpha': 0.6262900771003689, 'reg_lambda': 4.357633843414274}. Best is trial 2 with value: 2328.2940614449967.
[I 2026-03-17 17:30:34,641] Trial 5 finished with value: 2427.5745095826446 and parameters: {'max_depth': 10, 'learning_rate': 0.0992399393628862, 'subsample': 0.9896451611402004, 'colsample_bytree': 0.9512078848320275, 'reg_alpha': 0.9267646610683307, 'reg_lambda': 0.3511303353292833}. Best is trial 2 with value: 2328.2940614449967.
[I 2026-03-17 17:30:35,706] Trial 6 finished with value: 2693.3685175424944 and parameters: {'max_depth': 3, 'learning_rate': 0.033824605723450744, 'subsample': 0.8649040663144565, 'colsample_bytree': 0.878359931520363, 'reg_alpha': 0.653214621345629, 'reg_lambda': 2.6010463681856426}. Best is trial 2 with value: 2328.2940614449967.
[I 2026-03-17 17:30:36,317] Trial 7 finished with value: 2654.438310634992 and parameters: {'max_depth': 3, 'learning_rate': 0.08112281122857809, 'subsample': 0.9860623308917723, 'colsample_bytree': 0.8230100429274292, 'reg_alpha': 0.8197673992557423, 'reg_lambda': 3.6630517194510404}. Best is trial 2 with value: 2328.2940614449967.
[I 2026-03-17 17:30:39,244] Trial 8 finished with value: 2392.0065585115235 and parameters: {'max_depth': 9, 'learning_rate': 0.0967702537613042, 'subsample': 0.6563096539226526, 'colsample_bytree': 0.7575066383082923, 'reg_alpha': 0.5651231858581629, 'reg_lambda': 1.4755305864673955}. Best is trial 2 with value: 2328.2940614449967.
[I 2026-03-17 17:30:45,900] Trial 9 finished with value: 2319.033810188021 and parameters: {'max_depth': 8, 'learning_rate': 0.02500043167060577, 'subsample': 0.6042751887381866, 'colsample_bytree': 0.6688700321188101, 'reg_alpha': 0.3550374808372063, 'reg_lambda': 2.962671087318143}. Best is trial 9 with value: 2319.033810188021.
[I 2026-03-17 17:30:47,569] Trial 10 finished with value: 2340.1945180639996 and parameters: {'max_depth': 6, 'learning_rate': 0.050040403392643575, 'subsample': 0.6037359941646361, 'colsample_bytree': 0.6254815185894484, 'reg_alpha': 0.3100744706439289, 'reg_lambda': 1.5970082471001963}. Best is trial 9 with value: 2319.033810188021.
[I 2026-03-17 17:30:56,030] Trial 11 finished with value: 2320.1227944789184 and parameters: {'max_depth': 7, 'learning_rate': 0.011778201899597421, 'subsample': 0.7491664593146737, 'colsample_bytree': 0.9965454097219958, 'reg_alpha': 0.7829755005622753, 'reg_lambda': 1.7441128135307544}. Best is trial 9 with value: 2319.033810188021.
[I 2026-03-17 17:31:00,498] Trial 12 finished with value: 2374.432291176914 and parameters: {'max_depth': 6, 'learning_rate': 0.013033229630861863, 'subsample': 0.7277537816397424, 'colsample_bytree': 0.6144480102590917, 'reg_alpha': 0.7476033584294521, 'reg_lambda': 2.4645184953122166}. Best is trial 9 with value: 2319.033810188021.
[I 2026-03-17 17:31:02,725] Trial 13 finished with value: 2364.9620876323183 and parameters: {'max_depth': 7, 'learning_rate': 0.041331618072146956, 'subsample': 0.7600272757345408, 'colsample_bytree': 0.7798914344270915, 'reg_alpha': 0.45553450714742466, 'reg_lambda': 0.5053485295382298}. Best is trial 9 with value: 2319.033810188021.
[I 2026-03-17 17:31:03,791] Trial 14 finished with value: 2495.879756982934 and parameters: {'max_depth': 5, 'learning_rate': 0.06343226697694758, 'subsample': 0.6008727585440602, 'colsample_bytree': 0.6843058017237631, 'reg_alpha': 0.28974724858685325, 'reg_lambda': 2.3072925060118044}. Best is trial 9 with value: 2319.033810188021.
[I 2026-03-17 17:31:09,906] Trial 15 finished with value: 2321.583645143895 and parameters: {'max_depth': 7, 'learning_rate': 0.017121034038947214, 'subsample': 0.8189186479683406, 'colsample_bytree': 0.8284655715040985, 'reg_alpha': 0.7573665602179682, 'reg_lambda': 3.4199434961672415}. Best is trial 9 with value: 2319.033810188021.
[I 2026-03-17 17:31:11,285] Trial 16 finished with value: 2527.0158016751757 and parameters: {'max_depth': 5, 'learning_rate': 0.044747652740462496, 'subsample': 0.7537002532950193, 'colsample_bytree': 0.7317537475102874, 'reg_alpha': 0.03330130888435101, 'reg_lambda': 1.0194169676273843}. Best is trial 9 with value: 2319.033810188021.
[I 2026-03-17 17:31:13,750] Trial 17 finished with value: 2323.869750283296 and parameters: {'max_depth': 8, 'learning_rate': 0.06577537925053491, 'subsample': 0.9127318400274216, 'colsample_bytree': 0.6467221167905252, 'reg_alpha': 0.5153226231167527, 'reg_lambda': 2.002043230423886}. Best is trial 9 with value: 2319.033810188021.
[I 2026-03-17 17:31:21,574] Trial 18 finished with value: 2309.401287021748 and parameters: {'max_depth': 8, 'learning_rate': 0.021080753802410673, 'subsample': 0.710408957791437, 'colsample_bytree': 0.9932757994201572, 'reg_alpha': 0.39806119842942633, 'reg_lambda': 4.007209760112558}. Best is trial 18 with value: 2309.401287021748.
[I 2026-03-17 17:31:25,498] Trial 19 finished with value: 2339.9563206490575 and parameters: {'max_depth': 8, 'learning_rate': 0.03824612539861972, 'subsample': 0.646534057399061, 'colsample_bytree': 0.8802109723047145, 'reg_alpha': 0.337408055752893, 'reg_lambda': 4.0178683870288845}. Best is trial 18 with value: 2309.401287021748.
[I 2026-03-17 17:31:28,565] Trial 20 finished with value: 2408.3181816992937 and parameters: {'max_depth': 5, 'learning_rate': 0.024148959203838586, 'subsample': 0.701096473838334, 'colsample_bytree': 0.6619710135364968, 'reg_alpha': 0.2043928326935524, 'reg_lambda': 2.96835820410616}. Best is trial 18 with value: 2309.401287021748.
[I 2026-03-17 17:31:33,725] Trial 21 finished with value: 2316.335662816205 and parameters: {'max_depth': 7, 'learning_rate': 0.01934016802440384, 'subsample': 0.7737858337060118, 'colsample_bytree': 0.9858336066474659, 'reg_alpha': 0.43460972860339625, 'reg_lambda': 3.9452162716759815}. Best is trial 18 with value: 2309.401287021748.
[I 2026-03-17 17:31:41,351] Trial 22 finished with value: 2305.2499543087306 and parameters: {'max_depth': 8, 'learning_rate': 0.022247728603768988, 'subsample': 0.8046712917330802, 'colsample_bytree': 0.93317140568357, 'reg_alpha': 0.41630910113166375, 'reg_lambda': 4.031615150174915}. Best is trial 22 with value: 2305.2499543087306.
[I 2026-03-17 17:31:46,383] Trial 23 finished with value: 2294.7689665242106 and parameters: {'max_depth': 6, 'learning_rate': 0.019557114001141036, 'subsample': 0.8391566679139664, 'colsample_bytree': 0.996486147716474, 'reg_alpha': 0.5031487575029203, 'reg_lambda': 4.037387055730175}. Best is trial 23 with value: 2294.7689665242106.
[I 2026-03-17 17:31:48,683] Trial 24 finished with value: 2351.8472348403825 and parameters: {'max_depth': 6, 'learning_rate': 0.03334946924735823, 'subsample': 0.8434752533147987, 'colsample_bytree': 0.9304080806189605, 'reg_alpha': 0.5443361016456315, 'reg_lambda': 4.933745470193905}. Best is trial 23 with value: 2294.7689665242106.
[I 2026-03-17 17:31:49,565] Trial 25 finished with value: 2523.2101741628453 and parameters: {'max_depth': 4, 'learning_rate': 0.051147587737155345, 'subsample': 0.7884653822465181, 'colsample_bytree': 0.9109334117606929, 'reg_alpha': 0.15832193658527582, 'reg_lambda': 4.235797088260353}. Best is trial 23 with value: 2294.7689665242106.
[I 2026-03-17 17:32:05,680] Trial 26 finished with value: 2331.5360889269195 and parameters: {'max_depth': 9, 'learning_rate': 0.018295755731240773, 'subsample': 0.9382189784468341, 'colsample_bytree': 0.961840872477377, 'reg_alpha': 0.39909379803361145, 'reg_lambda': 3.4323666792211665}. Best is trial 23 with value: 2294.7689665242106.
[I 2026-03-17 17:32:12,933] Trial 27 finished with value: 2302.5611193899003 and parameters: {'max_depth': 8, 'learning_rate': 0.029126688666293355, 'subsample': 0.8294547943953389, 'colsample_bytree': 0.9964430402612767, 'reg_alpha': 0.6315946842769491, 'reg_lambda': 3.82293731017652}. Best is trial 23 with value: 2294.7689665242106.
[I 2026-03-17 17:32:16,286] Trial 28 finished with value: 2325.7933640714664 and parameters: {'max_depth': 6, 'learning_rate': 0.03131774378319471, 'subsample': 0.8278546049966259, 'colsample_bytree': 0.9389521848860406, 'reg_alpha': 0.6841875904746985, 'reg_lambda': 4.469947478504671}. Best is trial 23 with value: 2294.7689665242106.
[I 2026-03-17 17:32:18,134] Trial 29 finished with value: 2539.4077946895477 and parameters: {'max_depth': 4, 'learning_rate': 0.05929259980110963, 'subsample': 0.8648732133249697, 'colsample_bytree': 0.9024404852024712, 'reg_alpha': 0.5936002154206087, 'reg_lambda': 3.6427499790219113}. Best is trial 23 with value: 2294.7689665242106.
[I 2026-03-17 17:33:26,352] A new study created in memory with name: no-name-a9517c94-dab0-45b7-ba5f-fbf94e8f848e
[I 2026-03-17 17:33:33,681] Trial 0 finished with value: 4024.976583398362 and parameters: {'max_depth': 10, 'learning_rate': 0.0531231586259912, 'subsample': 0.9373774028493331, 'colsample_bytree': 0.6449065815971442, 'reg_alpha': 0.04009962237741127, 'reg_lambda': 4.386064844660006}. Best is trial 0 with value: 4024.976583398362.
[I 2026-03-17 17:33:38,097] Trial 1 finished with value: 4079.0920249711758 and parameters: {'max_depth': 10, 'learning_rate': 0.09298897097474094, 'subsample': 0.8896337694882472, 'colsample_bytree': 0.8504045471599688, 'reg_alpha': 0.9445608959233986, 'reg_lambda': 1.8004822672575005}. Best is trial 0 with value: 4024.976583398362.
[I 2026-03-17 17:33:39,605] Trial 2 finished with value: 3968.009503495855 and parameters: {'max_depth': 8, 'learning_rate': 0.08080779797462738, 'subsample': 0.6793560915754013, 'colsample_bytree': 0.6910952838755641, 'reg_alpha': 0.5252893201816984, 'reg_lambda': 3.6119038131547807}. Best is trial 2 with value: 3968.009503495855.
[I 2026-03-17 17:33:41,523] Trial 3 finished with value: 3869.185008916679 and parameters: {'max_depth': 7, 'learning_rate': 0.040086674872809994, 'subsample': 0.6327518369483556, 'colsample_bytree': 0.6107494185220746, 'reg_alpha': 0.9829394712952411, 'reg_lambda': 3.1751288029265377}. Best is trial 3 with value: 3869.185008916679.
[I 2026-03-17 17:33:42,104] Trial 4 finished with value: 3856.5007998356864 and parameters: {'max_depth': 4, 'learning_rate': 0.07741805780708289, 'subsample': 0.6702840062401293, 'colsample_bytree': 0.7391459291707991, 'reg_alpha': 0.09583396589556281, 'reg_lambda': 4.340101813055447}. Best is trial 4 with value: 3856.5007998356864.
[I 2026-03-17 17:33:49,557] Trial 5 finished with value: 4040.796125176332 and parameters: {'max_depth': 10, 'learning_rate': 0.04893416508100369, 'subsample': 0.6820598383172727, 'colsample_bytree': 0.8294564603558667, 'reg_alpha': 0.7617325331566567, 'reg_lambda': 3.584612161189952}. Best is trial 4 with value: 3856.5007998356864.
[I 2026-03-17 17:33:50,701] Trial 6 finished with value: 3822.6070051811453 and parameters: {'max_depth': 5, 'learning_rate': 0.04194486231782902, 'subsample': 0.7387903944579991, 'colsample_bytree': 0.6556394002687715, 'reg_alpha': 0.7712711147319652, 'reg_lambda': 4.0002588863084885}. Best is trial 6 with value: 3822.6070051811453.
[I 2026-03-17 17:33:53,352] Trial 7 finished with value: 4060.6218549196196 and parameters: {'max_depth': 9, 'learning_rate': 0.0923110050427559, 'subsample': 0.7394177695460445, 'colsample_bytree': 0.9136418741380667, 'reg_alpha': 0.5482806143251264, 'reg_lambda': 2.4346452694721026}. Best is trial 6 with value: 3822.6070051811453.
[I 2026-03-17 17:33:57,966] Trial 8 finished with value: 3998.9298266757687 and parameters: {'max_depth': 9, 'learning_rate': 0.05538249256958957, 'subsample': 0.7125539114444359, 'colsample_bytree': 0.8721733200938018, 'reg_alpha': 0.7184840592278363, 'reg_lambda': 4.65856761170134}. Best is trial 6 with value: 3822.6070051811453.
[I 2026-03-17 17:34:06,684] Trial 9 finished with value: 4079.333994329826 and parameters: {'max_depth': 10, 'learning_rate': 0.050281798985879714, 'subsample': 0.9797663250252047, 'colsample_bytree': 0.924636797402757, 'reg_alpha': 0.7812136447924316, 'reg_lambda': 2.470867442590082}. Best is trial 6 with value: 3822.6070051811453.
[I 2026-03-17 17:34:08,089] Trial 10 finished with value: 3848.290781034452 and parameters: {'max_depth': 4, 'learning_rate': 0.023572569759264896, 'subsample': 0.8394499293825933, 'colsample_bytree': 0.7766721226060963, 'reg_alpha': 0.26913660229988834, 'reg_lambda': 0.13827036027767114}. Best is trial 6 with value: 3822.6070051811453.
[I 2026-03-17 17:34:11,295] Trial 11 finished with value: 3838.848309208636 and parameters: {'max_depth': 4, 'learning_rate': 0.010283230036291856, 'subsample': 0.8086565675789417, 'colsample_bytree': 0.750212436917496, 'reg_alpha': 0.3110950252208465, 'reg_lambda': 0.2364741916875201}. Best is trial 6 with value: 3822.6070051811453.
[I 2026-03-17 17:34:13,942] Trial 12 finished with value: 3815.869733532205 and parameters: {'max_depth': 5, 'learning_rate': 0.016921391116192848, 'subsample': 0.7848878005794969, 'colsample_bytree': 0.7074849185231422, 'reg_alpha': 0.2769431395293991, 'reg_lambda': 0.27630516314865206}. Best is trial 12 with value: 3815.869733532205.
[I 2026-03-17 17:34:15,819] Trial 13 finished with value: 3831.1038500786076 and parameters: {'max_depth': 6, 'learning_rate': 0.02895681961258916, 'subsample': 0.7509052093348006, 'colsample_bytree': 0.6851504060838273, 'reg_alpha': 0.3116719198639326, 'reg_lambda': 1.0640720412878024}. Best is trial 12 with value: 3815.869733532205.
[I 2026-03-17 17:34:20,385] Trial 14 finished with value: 3840.7856155017967 and parameters: {'max_depth': 6, 'learning_rate': 0.013686767047120092, 'subsample': 0.7855952414611678, 'colsample_bytree': 0.9858009675372633, 'reg_alpha': 0.42863315884307207, 'reg_lambda': 1.3607980181008412}. Best is trial 12 with value: 3815.869733532205.
[I 2026-03-17 17:34:21,311] Trial 15 finished with value: 3932.321672156247 and parameters: {'max_depth': 3, 'learning_rate': 0.03266422687594871, 'subsample': 0.8580067257460474, 'colsample_bytree': 0.6895762314963572, 'reg_alpha': 0.6390592798609229, 'reg_lambda': 3.043569646723725}. Best is trial 12 with value: 3815.869733532205.
[I 2026-03-17 17:34:21,956] Trial 16 finished with value: 3827.39601871009 and parameters: {'max_depth': 5, 'learning_rate': 0.06601383474535971, 'subsample': 0.7860873879721156, 'colsample_bytree': 0.6059076292778891, 'reg_alpha': 0.1877831870433072, 'reg_lambda': 0.6170314041830873}. Best is trial 12 with value: 3815.869733532205.
[I 2026-03-17 17:34:24,321] Trial 17 finished with value: 3821.5340466141647 and parameters: {'max_depth': 5, 'learning_rate': 0.02025503816046174, 'subsample': 0.6105093452848297, 'colsample_bytree': 0.7204208907149472, 'reg_alpha': 0.39421206197576186, 'reg_lambda': 4.014654074168167}. Best is trial 12 with value: 3815.869733532205.
[I 2026-03-17 17:34:28,312] Trial 18 finished with value: 3871.5489779166496 and parameters: {'max_depth': 7, 'learning_rate': 0.018994380082704446, 'subsample': 0.6200579626425284, 'colsample_bytree': 0.7355100950669621, 'reg_alpha': 0.43968959089876286, 'reg_lambda': 1.5200774727047208}. Best is trial 12 with value: 3815.869733532205.
[I 2026-03-17 17:34:29,633] Trial 19 finished with value: 3816.055150375784 and parameters: {'max_depth': 5, 'learning_rate': 0.03164952874234742, 'subsample': 0.9116022943272885, 'colsample_bytree': 0.7972204854966998, 'reg_alpha': 0.17992675282670761, 'reg_lambda': 2.1005446544612756}. Best is trial 12 with value: 3815.869733532205.
[I 2026-03-17 17:34:30,541] Trial 20 finished with value: 3935.1565878092642 and parameters: {'max_depth': 3, 'learning_rate': 0.03541159930493483, 'subsample': 0.92764854652795, 'colsample_bytree': 0.8021782104998026, 'reg_alpha': 0.1948918489816965, 'reg_lambda': 2.127690987316676}. Best is trial 12 with value: 3815.869733532205.
[I 2026-03-17 17:34:32,465] Trial 21 finished with value: 3817.9443894843753 and parameters: {'max_depth': 5, 'learning_rate': 0.023047957808743195, 'subsample': 0.8917871475647903, 'colsample_bytree': 0.7697776563953422, 'reg_alpha': 0.38892957297759245, 'reg_lambda': 0.846202295957982}. Best is trial 12 with value: 3815.869733532205.
[I 2026-03-17 17:34:34,517] Trial 22 finished with value: 3839.6218198818215 and parameters: {'max_depth': 6, 'learning_rate': 0.02765837104252424, 'subsample': 0.8972205313877376, 'colsample_bytree': 0.7882183738293793, 'reg_alpha': 0.187381982409909, 'reg_lambda': 0.8238452512767968}. Best is trial 12 with value: 3815.869733532205.
[I 2026-03-17 17:34:36,909] Trial 23 finished with value: 3829.979223760313 and parameters: {'max_depth': 5, 'learning_rate': 0.017638731961578676, 'subsample': 0.9929486590188613, 'colsample_bytree': 0.8111888576855724, 'reg_alpha': 0.12401348206517915, 'reg_lambda': 0.5286300342280441}. Best is trial 12 with value: 3815.869733532205.
[I 2026-03-17 17:34:37,731] Trial 24 finished with value: 3873.4644630312064 and parameters: {'max_depth': 4, 'learning_rate': 0.04051157294671997, 'subsample': 0.8427465838840379, 'colsample_bytree': 0.7668260336670935, 'reg_alpha': 0.010442170173078108, 'reg_lambda': 0.011154822740900627}. Best is trial 12 with value: 3815.869733532205.
[I 2026-03-17 17:34:40,024] Trial 25 finished with value: 3822.035329281767 and parameters: {'max_depth': 6, 'learning_rate': 0.023597000456783184, 'subsample': 0.9549374261242838, 'colsample_bytree': 0.7130195975366416, 'reg_alpha': 0.3398551029897741, 'reg_lambda': 1.0684907391905005}. Best is trial 12 with value: 3815.869733532205.
[I 2026-03-17 17:34:43,901] Trial 26 finished with value: 3808.8382630947654 and parameters: {'max_depth': 5, 'learning_rate': 0.011809513758782197, 'subsample': 0.8885412457542351, 'colsample_bytree': 0.8832701354472975, 'reg_alpha': 0.2800187335009699, 'reg_lambda': 2.0703066382949062}. Best is trial 26 with value: 3808.8382630947654.
[I 2026-03-17 17:34:51,179] Trial 27 finished with value: 3871.713960093124 and parameters: {'max_depth': 7, 'learning_rate': 0.01108455051756018, 'subsample': 0.8104851897864588, 'colsample_bytree': 0.8910641011961605, 'reg_alpha': 0.1183302079541968, 'reg_lambda': 1.9381597210372417}. Best is trial 26 with value: 3808.8382630947654.
