[I 2026-03-17 17:47:48,631] Trial 8 finished with value: 566.1501128370834 and parameters: {'max_depth': 8, 'learning_rate': 0.08676330761196194, 'subsample': 0.9183278238825103, 'colsample_bytree': 0.6469022995468457, 'reg_alpha': 0.5386012029831712, 'reg_lambda': 2.1436711196304503}. Best is trial 5 with value: 550.9003029661937.
[I 2026-03-17 17:48:01,241] Trial 9 finished with value: 573.262738752586 and parameters: {'max_depth': 8, 'learning_rate': 0.01076363018387109, 'subsample': 0.8911613174804707, 'colsample_bytree': 0.6973300606843587, 'reg_alpha': 0.3866686794429711, 'reg_lambda': 0.35588139390839435}. Best is trial 5 with value: 550.9003029661937.
[I 2026-03-17 17:48:04,315] Trial 10 finished with value: 555.5741469551908 and parameters: {'max_depth': 6, 'learning_rate': 0.04118123862146225, 'subsample': 0.6061877586496234, 'colsample_bytree': 0.8099317508619295, 'reg_alpha': 0.2172455463277166, 'reg_lambda': 3.003334574893893}. Best is trial 5 with value: 550.9003029661937.
[I 2026-03-17 17:48:07,392] Trial 11 finished with value: 552.1697637465775 and parameters: {'max_depth': 6, 'learning_rate': 0.0415708601378918, 'subsample': 0.6027592951110345, 'colsample_bytree': 0.7864652209490676, 'reg_alpha': 0.22614943055017053, 'reg_lambda': 3.1439313518405956}. Best is trial 5 with value: 550.9003029661937.
[I 2026-03-17 17:48:10,129] Trial 12 finished with value: 555.3814317702245 and parameters: {'max_depth': 6, 'learning_rate': 0.04374403591016471, 'subsample': 0.6855763286493415, 'colsample_bytree': 0.8079309039282302, 'reg_alpha': 0.27117131746495865, 'reg_lambda': 2.816943155655354}. Best is trial 5 with value: 550.9003029661937.
[I 2026-03-17 17:48:13,672] Trial 13 finished with value: 559.6099521188224 and parameters: {'max_depth': 8, 'learning_rate': 0.04644511730372872, 'subsample': 0.611320433265468, 'colsample_bytree': 0.7511521785700703, 'reg_alpha': 0.6947122557729581, 'reg_lambda': 2.001051363845313}. Best is trial 5 with value: 550.9003029661937.
[I 2026-03-17 17:48:24,771] Trial 14 finished with value: 553.5567157090778 and parameters: {'max_depth': 9, 'learning_rate': 0.02996983055065333, 'subsample': 0.6902062996576155, 'colsample_bytree': 0.8641916208731992, 'reg_alpha': 0.07702899594991763, 'reg_lambda': 4.963549755875129}. Best is trial 5 with value: 550.9003029661937.
[I 2026-03-17 17:48:25,954] Trial 15 finished with value: 568.7010918201377 and parameters: {'max_depth': 5, 'learning_rate': 0.054125355479806105, 'subsample': 0.9970015486515715, 'colsample_bytree': 0.7569664754908549, 'reg_alpha': 0.36838952077724013, 'reg_lambda': 3.163875816108691}. Best is trial 5 with value: 550.9003029661937.
[I 2026-03-17 17:48:28,880] Trial 16 finished with value: 567.9611185786587 and parameters: {'max_depth': 7, 'learning_rate': 0.02812405748104309, 'subsample': 0.7781825701398808, 'colsample_bytree': 0.6815702486850937, 'reg_alpha': 0.6709453413147153, 'reg_lambda': 1.2157483591383855}. Best is trial 5 with value: 550.9003029661937.
[I 2026-03-17 17:48:36,046] Trial 17 finished with value: 562.3082676270019 and parameters: {'max_depth': 5, 'learning_rate': 0.010696350324886077, 'subsample': 0.8285142908528953, 'colsample_bytree': 0.8319762710076803, 'reg_alpha': 0.16178361254213836, 'reg_lambda': 2.4794868314466645}. Best is trial 5 with value: 550.9003029661937.
[I 2026-03-17 17:48:42,575] Trial 18 finished with value: 559.6536661422726 and parameters: {'max_depth': 9, 'learning_rate': 0.05771375389837244, 'subsample': 0.6608338520047221, 'colsample_bytree': 0.7794190933605764, 'reg_alpha': 0.4119441651635709, 'reg_lambda': 3.4458154358996653}. Best is trial 5 with value: 550.9003029661937.
[I 2026-03-17 17:48:45,421] Trial 19 finished with value: 583.739297870313 and parameters: {'max_depth': 3, 'learning_rate': 0.07902542781380781, 'subsample': 0.7382677620149156, 'colsample_bytree': 0.6797914148148994, 'reg_alpha': 0.6237427867374047, 'reg_lambda': 4.057954167602382}. Best is trial 5 with value: 550.9003029661937.
[I 2026-03-17 17:48:54,956] Trial 20 finished with value: 552.5969801635291 and parameters: {'max_depth': 9, 'learning_rate': 0.03594584069669246, 'subsample': 0.6408980907319214, 'colsample_bytree': 0.727562448569286, 'reg_alpha': 0.29068305784067194, 'reg_lambda': 2.517024193200825}. Best is trial 5 with value: 550.9003029661937.
[I 2026-03-17 17:49:04,883] Trial 21 finished with value: 555.1925579178125 and parameters: {'max_depth': 9, 'learning_rate': 0.03826517893095629, 'subsample': 0.6341318091687367, 'colsample_bytree': 0.7225908056635975, 'reg_alpha': 0.2784450365342374, 'reg_lambda': 2.4089617718806347}. Best is trial 5 with value: 550.9003029661937.
[I 2026-03-17 17:49:15,305] Trial 22 finished with value: 553.6278838331881 and parameters: {'max_depth': 10, 'learning_rate': 0.050791764119595705, 'subsample': 0.6013870807244139, 'colsample_bytree': 0.7358921402268881, 'reg_alpha': 0.15381782067759603, 'reg_lambda': 2.850643712506206}. Best is trial 5 with value: 550.9003029661937.
[I 2026-03-17 17:49:30,924] Trial 23 finished with value: 554.636544938659 and parameters: {'max_depth': 9, 'learning_rate': 0.020862469585406253, 'subsample': 0.7025007469626046, 'colsample_bytree': 0.781055599427795, 'reg_alpha': 0.3476589079899657, 'reg_lambda': 1.933883853694609}. Best is trial 5 with value: 550.9003029661937.
[I 2026-03-17 17:49:35,078] Trial 24 finished with value: 548.5472423971086 and parameters: {'max_depth': 7, 'learning_rate': 0.03550580557708921, 'subsample': 0.638946438924899, 'colsample_bytree': 0.6674968533194148, 'reg_alpha': 0.46097391936629517, 'reg_lambda': 3.310393728347052}. Best is trial 24 with value: 548.5472423971086.
[I 2026-03-17 17:49:37,418] Trial 25 finished with value: 555.348914457072 and parameters: {'max_depth': 6, 'learning_rate': 0.05799125057731171, 'subsample': 0.6682576321218388, 'colsample_bytree': 0.6456181814217036, 'reg_alpha': 0.4616101242444476, 'reg_lambda': 3.285936088973787}. Best is trial 24 with value: 548.5472423971086.
[I 2026-03-17 17:49:43,674] Trial 26 finished with value: 546.3838264424094 and parameters: {'max_depth': 7, 'learning_rate': 0.02019046449870144, 'subsample': 0.7297574716986727, 'colsample_bytree': 0.6105647004121599, 'reg_alpha': 0.6030347642534297, 'reg_lambda': 3.9146289494538844}. Best is trial 26 with value: 546.3838264424094.
[I 2026-03-17 17:49:51,031] Trial 27 finished with value: 543.697773226887 and parameters: {'max_depth': 7, 'learning_rate': 0.019140731676627824, 'subsample': 0.7291422620294679, 'colsample_bytree': 0.6083614307373976, 'reg_alpha': 0.7968264063498903, 'reg_lambda': 4.327983726730599}. Best is trial 27 with value: 543.697773226887.
[I 2026-03-17 17:49:57,210] Trial 28 finished with value: 543.3977176700365 and parameters: {'max_depth': 7, 'learning_rate': 0.018684437553829564, 'subsample': 0.7366054020411578, 'colsample_bytree': 0.6034244216824469, 'reg_alpha': 0.7961658298313079, 'reg_lambda': 4.679084858769804}. Best is trial 28 with value: 543.3977176700365.
[I 2026-03-17 17:50:02,545] Trial 29 finished with value: 545.4682185266741 and parameters: {'max_depth': 7, 'learning_rate': 0.018651762922279297, 'subsample': 0.7271204142835921, 'colsample_bytree': 0.6020980526511476, 'reg_alpha': 0.8373102814450705, 'reg_lambda': 4.912107656474435}. Best is trial 28 with value: 543.3977176700365.
[I 2026-03-17 17:51:14,371] A new study created in memory with name: no-name-70a2dc30-a2b7-4c70-a15d-5dbb2b72c955
[I 2026-03-17 17:51:15,130] Trial 0 finished with value: 1770.1111079891887 and parameters: {'max_depth': 3, 'learning_rate': 0.017520176744711163, 'subsample': 0.9418365044591533, 'colsample_bytree': 0.9445182995340833, 'reg_alpha': 0.1186057127707969, 'reg_lambda': 2.9219246423619265}. Best is trial 0 with value: 1770.1111079891887.
[I 2026-03-17 17:51:17,179] Trial 1 finished with value: 1897.0541344259539 and parameters: {'max_depth': 9, 'learning_rate': 0.08343146867306173, 'subsample': 0.9187595828073963, 'colsample_bytree': 0.7197368534873397, 'reg_alpha': 0.2850356924420526, 'reg_lambda': 2.4252071718285118}. Best is trial 0 with value: 1770.1111079891887.
[I 2026-03-17 17:51:20,304] Trial 2 finished with value: 1817.5445943897112 and parameters: {'max_depth': 6, 'learning_rate': 0.015003474405276496, 'subsample': 0.9611959669712815, 'colsample_bytree': 0.9580731675367873, 'reg_alpha': 0.38339230454241235, 'reg_lambda': 3.7615068387154045}. Best is trial 0 with value: 1770.1111079891887.
[I 2026-03-17 17:51:21,136] Trial 3 finished with value: 1814.4971931471464 and parameters: {'max_depth': 5, 'learning_rate': 0.042231083344169015, 'subsample': 0.6244450448339666, 'colsample_bytree': 0.8624581945261387, 'reg_alpha': 0.1602469447778938, 'reg_lambda': 2.093963586322116}. Best is trial 0 with value: 1770.1111079891887.
[I 2026-03-17 17:51:23,409] Trial 4 finished with value: 1843.172788091397 and parameters: {'max_depth': 9, 'learning_rate': 0.05888633364472415, 'subsample': 0.6717444842502814, 'colsample_bytree': 0.8827690524807207, 'reg_alpha': 0.8140346273161906, 'reg_lambda': 0.8723646019657416}. Best is trial 0 with value: 1770.1111079891887.
[I 2026-03-17 17:51:23,804] Trial 5 finished with value: 1788.435550183297 and parameters: {'max_depth': 4, 'learning_rate': 0.05630069162738246, 'subsample': 0.6522888310285613, 'colsample_bytree': 0.8652287075371308, 'reg_alpha': 0.7691021730049787, 'reg_lambda': 3.4868101538104113}. Best is trial 0 with value: 1770.1111079891887.
[I 2026-03-17 17:51:24,179] Trial 6 finished with value: 1813.3208712023606 and parameters: {'max_depth': 4, 'learning_rate': 0.06587784689358636, 'subsample': 0.6519215153323519, 'colsample_bytree': 0.885738316039055, 'reg_alpha': 0.6376526613777774, 'reg_lambda': 4.382879342661111}. Best is trial 0 with value: 1770.1111079891887.
[I 2026-03-17 17:51:25,848] Trial 7 finished with value: 1920.4359212326133 and parameters: {'max_depth': 9, 'learning_rate': 0.0911127765466266, 'subsample': 0.7146973455493254, 'colsample_bytree': 0.9123979412658763, 'reg_alpha': 0.6019015555277427, 'reg_lambda': 3.191919443338034}. Best is trial 0 with value: 1770.1111079891887.
[I 2026-03-17 17:51:27,881] Trial 8 finished with value: 1873.9893045378037 and parameters: {'max_depth': 9, 'learning_rate': 0.06950631070060106, 'subsample': 0.846186173623797, 'colsample_bytree': 0.6874535858968118, 'reg_alpha': 0.08885056329146623, 'reg_lambda': 1.8648818975774917}. Best is trial 0 with value: 1770.1111079891887.
[I 2026-03-17 17:51:28,274] Trial 9 finished with value: 1775.9729813140466 and parameters: {'max_depth': 3, 'learning_rate': 0.030077344098774342, 'subsample': 0.7099020789259076, 'colsample_bytree': 0.6692626579697777, 'reg_alpha': 0.4614480213576452, 'reg_lambda': 0.1587711616758386}. Best is trial 0 with value: 1770.1111079891887.
[I 2026-03-17 17:51:34,370] Trial 10 finished with value: 1838.7487145068653 and parameters: {'max_depth': 7, 'learning_rate': 0.012778341723141351, 'subsample': 0.8345707091987304, 'colsample_bytree': 0.9955807779187387, 'reg_alpha': 0.9677557263764363, 'reg_lambda': 4.848359923081598}. Best is trial 0 with value: 1770.1111079891887.
[I 2026-03-17 17:51:34,728] Trial 11 finished with value: 1778.9382520791041 and parameters: {'max_depth': 3, 'learning_rate': 0.03290330782859334, 'subsample': 0.7564091503478935, 'colsample_bytree': 0.6126411752780867, 'reg_alpha': 0.42951344119806706, 'reg_lambda': 0.2655596888904226}. Best is trial 0 with value: 1770.1111079891887.
[I 2026-03-17 17:51:35,154] Trial 12 finished with value: 1781.5696252111447 and parameters: {'max_depth': 3, 'learning_rate': 0.029568812178438052, 'subsample': 0.9946152425455241, 'colsample_bytree': 0.7148012177427556, 'reg_alpha': 0.23263821689826777, 'reg_lambda': 1.2586192575169037}. Best is trial 0 with value: 1770.1111079891887.
[I 2026-03-17 17:51:38,081] Trial 13 finished with value: 1782.4347709249855 and parameters: {'max_depth': 7, 'learning_rate': 0.02608666783953128, 'subsample': 0.8971858390091925, 'colsample_bytree': 0.7943920764434831, 'reg_alpha': 0.0037960086913111646, 'reg_lambda': 0.07056193812817316}. Best is trial 0 with value: 1770.1111079891887.
[I 2026-03-17 17:51:38,749] Trial 14 finished with value: 1800.9946024898748 and parameters: {'max_depth': 5, 'learning_rate': 0.04182031061505477, 'subsample': 0.7804675352807348, 'colsample_bytree': 0.7971211530868131, 'reg_alpha': 0.5589011864444865, 'reg_lambda': 2.776868820480423}. Best is trial 0 with value: 1770.1111079891887.
[I 2026-03-17 17:51:39,265] Trial 15 finished with value: 1777.462372065274 and parameters: {'max_depth': 3, 'learning_rate': 0.020562401744003596, 'subsample': 0.7364328642173568, 'colsample_bytree': 0.629898384752606, 'reg_alpha': 0.36582395409621504, 'reg_lambda': 1.414034246863494}. Best is trial 0 with value: 1770.1111079891887.
[I 2026-03-17 17:51:39,680] Trial 16 finished with value: 1807.3608124399677 and parameters: {'max_depth': 4, 'learning_rate': 0.04253462111064073, 'subsample': 0.8246978231731942, 'colsample_bytree': 0.7592940031419422, 'reg_alpha': 0.014027982768043429, 'reg_lambda': 2.8601601573112494}. Best is trial 0 with value: 1770.1111079891887.
[I 2026-03-17 17:51:40,434] Trial 17 finished with value: 1829.2123604107203 and parameters: {'max_depth': 5, 'learning_rate': 0.03847027978011933, 'subsample': 0.7006974787597482, 'colsample_bytree': 0.6579246910725112, 'reg_alpha': 0.24420175822859705, 'reg_lambda': 3.919558316174665}. Best is trial 0 with value: 1770.1111079891887.
[I 2026-03-17 17:51:44,180] Trial 18 finished with value: 1794.6524891316071 and parameters: {'max_depth': 6, 'learning_rate': 0.013509987381773137, 'subsample': 0.8751163547995082, 'colsample_bytree': 0.9485890084931353, 'reg_alpha': 0.464256845135538, 'reg_lambda': 0.6082261949249022}. Best is trial 0 with value: 1770.1111079891887.
[I 2026-03-17 17:51:44,749] Trial 19 finished with value: 1784.3596590355448 and parameters: {'max_depth': 3, 'learning_rate': 0.02240626908002019, 'subsample': 0.9384452467800093, 'colsample_bytree': 0.8340532531104278, 'reg_alpha': 0.6830502140524664, 'reg_lambda': 1.6838076887570188}. Best is trial 0 with value: 1770.1111079891887.
[I 2026-03-17 17:51:51,600] Trial 20 finished with value: 1870.9182104413924 and parameters: {'max_depth': 10, 'learning_rate': 0.03354578678763798, 'subsample': 0.7791759639357839, 'colsample_bytree': 0.7465798740432291, 'reg_alpha': 0.15830009614673013, 'reg_lambda': 2.2700535272246807}. Best is trial 0 with value: 1770.1111079891887.
[I 2026-03-17 17:51:52,358] Trial 21 finished with value: 1764.972848730008 and parameters: {'max_depth': 3, 'learning_rate': 0.019876607782041426, 'subsample': 0.7342213085261533, 'colsample_bytree': 0.6046611732041829, 'reg_alpha': 0.33704946267500197, 'reg_lambda': 1.0251356657085986}. Best is trial 21 with value: 1764.972848730008.
[I 2026-03-17 17:51:53,146] Trial 22 finished with value: 1793.9743577148936 and parameters: {'max_depth': 4, 'learning_rate': 0.021680900350830423, 'subsample': 0.6993836818496656, 'colsample_bytree': 0.6620650235777444, 'reg_alpha': 0.3149168825147366, 'reg_lambda': 0.8209293809001181}. Best is trial 21 with value: 1764.972848730008.
[I 2026-03-17 17:51:53,413] Trial 23 finished with value: 1796.995246494582 and parameters: {'max_depth': 3, 'learning_rate': 0.04846538081833568, 'subsample': 0.7485548200729606, 'colsample_bytree': 0.6060816106519029, 'reg_alpha': 0.5215433236765761, 'reg_lambda': 0.3977134093203061}. Best is trial 21 with value: 1764.972848730008.
[I 2026-03-17 17:51:54,383] Trial 24 finished with value: 1799.3161438624418 and parameters: {'max_depth': 4, 'learning_rate': 0.018326836140991384, 'subsample': 0.806855684518772, 'colsample_bytree': 0.6603639391851298, 'reg_alpha': 0.19152767414571453, 'reg_lambda': 1.1555736639632552}. Best is trial 21 with value: 1764.972848730008.
[I 2026-03-17 17:51:56,355] Trial 25 finished with value: 1789.1661600880666 and parameters: {'max_depth': 5, 'learning_rate': 0.01149810984521498, 'subsample': 0.6134105902673774, 'colsample_bytree': 0.642384488832414, 'reg_alpha': 0.3455023776597447, 'reg_lambda': 0.04297618183000511}. Best is trial 21 with value: 1764.972848730008.
[I 2026-03-17 17:51:56,836] Trial 26 finished with value: 1777.170243425517 and parameters: {'max_depth': 3, 'learning_rate': 0.02722211197715913, 'subsample': 0.8739367165260719, 'colsample_bytree': 0.7154114506673317, 'reg_alpha': 0.47407152549463855, 'reg_lambda': 2.9334466340628884}. Best is trial 21 with value: 1764.972848730008.
[I 2026-03-17 17:51:57,256] Trial 27 finished with value: 1785.1404983772118 and parameters: {'max_depth': 4, 'learning_rate': 0.05058578006294998, 'subsample': 0.7235461269502134, 'colsample_bytree': 0.6897232664389114, 'reg_alpha': 0.12420925595605192, 'reg_lambda': 0.894515827667803}. Best is trial 21 with value: 1764.972848730008.
[I 2026-03-17 17:51:58,781] Trial 28 finished with value: 1816.2383767822844 and parameters: {'max_depth': 6, 'learning_rate': 0.02749987793406031, 'subsample': 0.7746840969260262, 'colsample_bytree': 0.7701764023032523, 'reg_alpha': 0.07230902972321819, 'reg_lambda': 1.7610542946907035}. Best is trial 21 with value: 1764.972848730008.
