[I 2026-03-17 16:09:53,238] A new study created in memory with name: no-name-96fc5a1f-9456-4fd5-a68e-045486c8072d
[I 2026-03-17 16:09:59,126] Trial 0 finished with value: 2408.0505543522036 and parameters: {'max_depth': 8, 'learning_rate': 0.01409917104446106, 'subsample': 0.6600410797284716, 'colsample_bytree': 0.6656553684901559, 'reg_alpha': 0.7060241945546627, 'reg_lambda': 1.1135980014367637}. Best is trial 0 with value: 2408.0505543522036.
[I 2026-03-17 16:09:59,852] Trial 1 finished with value: 2886.507916834461 and parameters: {'max_depth': 3, 'learning_rate': 0.03874491009278643, 'subsample': 0.7997336998507756, 'colsample_bytree': 0.7834880620417833, 'reg_alpha': 0.18030996125464982, 'reg_lambda': 1.4871012625582525}. Best is trial 0 with value: 2408.0505543522036.
[I 2026-03-17 16:10:01,309] Trial 2 finished with value: 2371.2149192769507 and parameters: {'max_depth': 8, 'learning_rate': 0.07213097398738301, 'subsample': 0.6501689390528603, 'colsample_bytree': 0.8305288317385217, 'reg_alpha': 0.2723588750629965, 'reg_lambda': 0.5750859598209801}. Best is trial 2 with value: 2371.2149192769507.
[I 2026-03-17 16:10:03,673] Trial 3 finished with value: 2637.977700190529 and parameters: {'max_depth': 10, 'learning_rate': 0.09564796989697406, 'subsample': 0.634578048742728, 'colsample_bytree': 0.8921318491239048, 'reg_alpha': 0.6700152698855133, 'reg_lambda': 1.207910001787611}. Best is trial 2 with value: 2371.2149192769507.
[I 2026-03-17 16:10:06,584] Trial 4 finished with value: 2352.8430791327737 and parameters: {'max_depth': 8, 'learning_rate': 0.03344859569722163, 'subsample': 0.9858687468057064, 'colsample_bytree': 0.7742354075038123, 'reg_alpha': 0.8501575700499113, 'reg_lambda': 0.46207648488184594}. Best is trial 4 with value: 2352.8430791327737.
[I 2026-03-17 16:10:07,845] Trial 5 finished with value: 2298.0003841497014 and parameters: {'max_depth': 8, 'learning_rate': 0.08306822522697375, 'subsample': 0.6057237777314873, 'colsample_bytree': 0.8227443599079002, 'reg_alpha': 0.4138585825791491, 'reg_lambda': 4.585388056680414}. Best is trial 5 with value: 2298.0003841497014.
[I 2026-03-17 16:10:09,266] Trial 6 finished with value: 2246.6548755951794 and parameters: {'max_depth': 8, 'learning_rate': 0.07294229472260111, 'subsample': 0.7509626953016806, 'colsample_bytree': 0.8312192901692333, 'reg_alpha': 0.46642533444988843, 'reg_lambda': 4.186376458762239}. Best is trial 6 with value: 2246.6548755951794.
[I 2026-03-17 16:10:09,850] Trial 7 finished with value: 2936.6744689851535 and parameters: {'max_depth': 3, 'learning_rate': 0.04454624427160932, 'subsample': 0.9541660716097721, 'colsample_bytree': 0.7151820700359697, 'reg_alpha': 0.8172136274489794, 'reg_lambda': 0.22285778007090973}. Best is trial 6 with value: 2246.6548755951794.
[I 2026-03-17 16:10:12,995] Trial 8 finished with value: 2183.6965840417524 and parameters: {'max_depth': 7, 'learning_rate': 0.022956469605986712, 'subsample': 0.7571447159075868, 'colsample_bytree': 0.7531765443314804, 'reg_alpha': 0.6002207162865509, 'reg_lambda': 1.4724967633575266}. Best is trial 8 with value: 2183.6965840417524.
[I 2026-03-17 16:10:17,513] Trial 9 finished with value: 2127.852579539707 and parameters: {'max_depth': 6, 'learning_rate': 0.012022786994764735, 'subsample': 0.7158885820747016, 'colsample_bytree': 0.7822945251304614, 'reg_alpha': 0.03383268777514248, 'reg_lambda': 2.385250040605195}. Best is trial 9 with value: 2127.852579539707.
[I 2026-03-17 16:10:18,370] Trial 10 finished with value: 2183.0720482274255 and parameters: {'max_depth': 5, 'learning_rate': 0.05352401453905344, 'subsample': 0.8856552992041096, 'colsample_bytree': 0.9504749936132817, 'reg_alpha': 0.0031011114635110526, 'reg_lambda': 3.0413345443406294}. Best is trial 9 with value: 2127.852579539707.
[I 2026-03-17 16:10:19,296] Trial 11 finished with value: 2280.507824002677 and parameters: {'max_depth': 5, 'learning_rate': 0.05027083804042114, 'subsample': 0.8915328830200203, 'colsample_bytree': 0.9722839548589286, 'reg_alpha': 0.02546347414625574, 'reg_lambda': 3.1418841013586256}. Best is trial 9 with value: 2127.852579539707.
[I 2026-03-17 16:10:20,013] Trial 12 finished with value: 2227.9177483128456 and parameters: {'max_depth': 5, 'learning_rate': 0.061987432965446274, 'subsample': 0.8775402006498597, 'colsample_bytree': 0.9951006141499664, 'reg_alpha': 0.10644391729887596, 'reg_lambda': 2.983600186815805}. Best is trial 9 with value: 2127.852579539707.
[I 2026-03-17 16:10:21,818] Trial 13 finished with value: 2269.002883600727 and parameters: {'max_depth': 5, 'learning_rate': 0.026259107059084373, 'subsample': 0.7097753466919758, 'colsample_bytree': 0.8965318145828688, 'reg_alpha': 0.2950426409180142, 'reg_lambda': 2.422699159720029}. Best is trial 9 with value: 2127.852579539707.
[I 2026-03-17 16:10:25,532] Trial 14 finished with value: 2197.1322734853597 and parameters: {'max_depth': 6, 'learning_rate': 0.012738495210344786, 'subsample': 0.8831877761948408, 'colsample_bytree': 0.6163193822590071, 'reg_alpha': 0.015313194590946561, 'reg_lambda': 2.332261106136466}. Best is trial 9 with value: 2127.852579539707.
[I 2026-03-17 16:10:26,272] Trial 15 finished with value: 2413.1525467061006 and parameters: {'max_depth': 4, 'learning_rate': 0.05858871056022522, 'subsample': 0.82818589720293, 'colsample_bytree': 0.923682758121095, 'reg_alpha': 0.2000437921585589, 'reg_lambda': 3.7572335002584474}. Best is trial 9 with value: 2127.852579539707.
[I 2026-03-17 16:10:26,995] Trial 16 finished with value: 2320.712748314341 and parameters: {'max_depth': 6, 'learning_rate': 0.09812350400561785, 'subsample': 0.7101789517510887, 'colsample_bytree': 0.7087203494568748, 'reg_alpha': 0.9945139275416972, 'reg_lambda': 3.271069968446714}. Best is trial 9 with value: 2127.852579539707.
[I 2026-03-17 16:10:28,022] Trial 17 finished with value: 2359.025067523502 and parameters: {'max_depth': 4, 'learning_rate': 0.030723565457042794, 'subsample': 0.8267175501971409, 'colsample_bytree': 0.8706647204181476, 'reg_alpha': 0.11347192750355922, 'reg_lambda': 2.00284885875037}. Best is trial 9 with value: 2127.852579539707.
[I 2026-03-17 16:10:31,543] Trial 18 finished with value: 2322.77673116619 and parameters: {'max_depth': 10, 'learning_rate': 0.06915166969934525, 'subsample': 0.9407234475108306, 'colsample_bytree': 0.9516387214163629, 'reg_alpha': 0.33318885751442234, 'reg_lambda': 3.7428972020769153}. Best is trial 9 with value: 2127.852579539707.
[I 2026-03-17 16:10:32,470] Trial 19 finished with value: 2408.5595402728313 and parameters: {'max_depth': 7, 'learning_rate': 0.0837390830953761, 'subsample': 0.7814991083441463, 'colsample_bytree': 0.7342643735431713, 'reg_alpha': 0.005983509809939981, 'reg_lambda': 1.953299536848092}. Best is trial 9 with value: 2127.852579539707.
[I 2026-03-17 16:10:33,177] Trial 20 finished with value: 2399.2969011411856 and parameters: {'max_depth': 4, 'learning_rate': 0.048987991654283636, 'subsample': 0.6991540227903276, 'colsample_bytree': 0.8599342014015315, 'reg_alpha': 0.13851330594267244, 'reg_lambda': 2.8480052734169288}. Best is trial 9 with value: 2127.852579539707.
[I 2026-03-17 16:10:35,879] Trial 21 finished with value: 2195.249666898587 and parameters: {'max_depth': 7, 'learning_rate': 0.025210928840894882, 'subsample': 0.7574110354776125, 'colsample_bytree': 0.7476407001495999, 'reg_alpha': 0.5530084986601705, 'reg_lambda': 1.7776007597147052}. Best is trial 9 with value: 2127.852579539707.
[I 2026-03-17 16:10:38,592] Trial 22 finished with value: 2142.2695840709243 and parameters: {'max_depth': 6, 'learning_rate': 0.018482474185797692, 'subsample': 0.8381298898848326, 'colsample_bytree': 0.6589176438527964, 'reg_alpha': 0.5768523219708526, 'reg_lambda': 2.578037915824423}. Best is trial 9 with value: 2127.852579539707.
[I 2026-03-17 16:10:43,396] Trial 23 finished with value: 2172.07625129593 and parameters: {'max_depth': 6, 'learning_rate': 0.010041085501662304, 'subsample': 0.8617176456945703, 'colsample_bytree': 0.6001157997285832, 'reg_alpha': 0.3873519972278717, 'reg_lambda': 2.6110959765687287}. Best is trial 9 with value: 2127.852579539707.
[I 2026-03-17 16:10:48,318] Trial 24 finished with value: 2171.8485314604777 and parameters: {'max_depth': 6, 'learning_rate': 0.010017689836716262, 'subsample': 0.8279009973972041, 'colsample_bytree': 0.6015438189316054, 'reg_alpha': 0.4397989715279632, 'reg_lambda': 2.620314321727737}. Best is trial 9 with value: 2127.852579539707.
[I 2026-03-17 16:10:50,946] Trial 25 finished with value: 2136.727961800698 and parameters: {'max_depth': 6, 'learning_rate': 0.019068508169252624, 'subsample': 0.8370015500492969, 'colsample_bytree': 0.6773956007148542, 'reg_alpha': 0.5082149498433386, 'reg_lambda': 3.399534713883442}. Best is trial 9 with value: 2127.852579539707.
[I 2026-03-17 16:10:58,081] Trial 26 finished with value: 2229.7982755846538 and parameters: {'max_depth': 9, 'learning_rate': 0.017968328458598314, 'subsample': 0.9175074288318992, 'colsample_bytree': 0.6644273347211527, 'reg_alpha': 0.5319034577850328, 'reg_lambda': 3.6792229931930054}. Best is trial 9 with value: 2127.852579539707.
[I 2026-03-17 16:10:59,781] Trial 27 finished with value: 2266.6999791208664 and parameters: {'max_depth': 7, 'learning_rate': 0.03891165545504578, 'subsample': 0.8429663253877941, 'colsample_bytree': 0.6609213235298199, 'reg_alpha': 0.6573012750719935, 'reg_lambda': 4.9093815867716}. Best is trial 9 with value: 2127.852579539707.
[I 2026-03-17 16:11:02,365] Trial 28 finished with value: 2230.2828541343447 and parameters: {'max_depth': 6, 'learning_rate': 0.019743381441663606, 'subsample': 0.790776797875226, 'colsample_bytree': 0.6931301932843608, 'reg_alpha': 0.7658081400295278, 'reg_lambda': 3.4078977197680125}. Best is trial 9 with value: 2127.852579539707.
[I 2026-03-17 16:11:05,005] Trial 29 finished with value: 2242.569683265828 and parameters: {'max_depth': 5, 'learning_rate': 0.01704000911891427, 'subsample': 0.6819390878520093, 'colsample_bytree': 0.684197058341278, 'reg_alpha': 0.588837588872998, 'reg_lambda': 4.255059205532474}. Best is trial 9 with value: 2127.852579539707.
[I 2026-03-17 16:12:15,582] A new study created in memory with name: no-name-25ca47f4-5f9e-402d-b004-f91647edf2cc
[I 2026-03-17 16:12:16,406] Trial 0 finished with value: 574.0753552214594 and parameters: {'max_depth': 7, 'learning_rate': 0.09697998365411337, 'subsample': 0.7303194446018354, 'colsample_bytree': 0.7143276809339077, 'reg_alpha': 0.051765937808674334, 'reg_lambda': 2.328222457252415}. Best is trial 0 with value: 574.0753552214594.
[I 2026-03-17 16:12:17,411] Trial 1 finished with value: 544.5041396838519 and parameters: {'max_depth': 7, 'learning_rate': 0.07223078120631427, 'subsample': 0.8919540503545589, 'colsample_bytree': 0.6383169655156735, 'reg_alpha': 0.36406310112469853, 'reg_lambda': 2.9947668327639354}. Best is trial 1 with value: 544.5041396838519.
[I 2026-03-17 16:12:20,670] Trial 2 finished with value: 556.9961173567818 and parameters: {'max_depth': 9, 'learning_rate': 0.0407766289520214, 'subsample': 0.7980393971712791, 'colsample_bytree': 0.749782964276085, 'reg_alpha': 0.7956863244986554, 'reg_lambda': 0.642898308415385}. Best is trial 1 with value: 544.5041396838519.
[I 2026-03-17 16:12:21,147] Trial 3 finished with value: 548.4198783686268 and parameters: {'max_depth': 4, 'learning_rate': 0.08093943331287153, 'subsample': 0.6729410107594672, 'colsample_bytree': 0.74062381757, 'reg_alpha': 0.5719093198464674, 'reg_lambda': 0.6744045634799217}. Best is trial 1 with value: 544.5041396838519.
[I 2026-03-17 16:12:23,951] Trial 4 finished with value: 509.862631191678 and parameters: {'max_depth': 6, 'learning_rate': 0.02244798575148179, 'subsample': 0.6997398229806988, 'colsample_bytree': 0.7694840683842494, 'reg_alpha': 0.8710577244929197, 'reg_lambda': 4.9779904850229695}. Best is trial 4 with value: 509.862631191678.
[I 2026-03-17 16:12:25,411] Trial 5 finished with value: 550.3459178364135 and parameters: {'max_depth': 8, 'learning_rate': 0.06845935877549782, 'subsample': 0.8752209940441831, 'colsample_bytree': 0.9209619985258982, 'reg_alpha': 0.9674179835937152, 'reg_lambda': 2.3520763640344655}. Best is trial 4 with value: 509.862631191678.
[I 2026-03-17 16:12:27,055] Trial 6 finished with value: 588.8450775669944 and parameters: {'max_depth': 8, 'learning_rate': 0.054640122009041184, 'subsample': 0.64030611197039, 'colsample_bytree': 0.723780998599707, 'reg_alpha': 0.18623035416677414, 'reg_lambda': 3.130495953843646}. Best is trial 4 with value: 509.862631191678.
[I 2026-03-17 16:12:31,259] Trial 7 finished with value: 549.1076765806698 and parameters: {'max_depth': 10, 'learning_rate': 0.05021264563374445, 'subsample': 0.62830058595221, 'colsample_bytree': 0.9869399757037266, 'reg_alpha': 0.13486376615021012, 'reg_lambda': 1.9953515456075692}. Best is trial 4 with value: 509.862631191678.
[I 2026-03-17 16:12:31,920] Trial 8 finished with value: 520.1549942011949 and parameters: {'max_depth': 6, 'learning_rate': 0.08760528544136573, 'subsample': 0.7722451866905292, 'colsample_bytree': 0.6744432169650917, 'reg_alpha': 0.011750483306942616, 'reg_lambda': 1.2404184688822684}. Best is trial 4 with value: 509.862631191678.
[I 2026-03-17 16:12:33,704] Trial 9 finished with value: 559.4558404274428 and parameters: {'max_depth': 9, 'learning_rate': 0.07878815815958067, 'subsample': 0.8305384610600557, 'colsample_bytree': 0.7253996808908921, 'reg_alpha': 0.3470760249345697, 'reg_lambda': 3.0518922999519837}. Best is trial 4 with value: 509.862631191678.
[I 2026-03-17 16:12:36,179] Trial 10 finished with value: 542.8619954269765 and parameters: {'max_depth': 4, 'learning_rate': 0.012463771316891315, 'subsample': 0.9990125783637648, 'colsample_bytree': 0.8451354042005976, 'reg_alpha': 0.7024689317787177, 'reg_lambda': 4.914682378126521}. Best is trial 4 with value: 509.862631191678.
[I 2026-03-17 16:12:37,910] Trial 11 finished with value: 530.5349477654286 and parameters: {'max_depth': 5, 'learning_rate': 0.024190336880779702, 'subsample': 0.7312364483980927, 'colsample_bytree': 0.603903059071069, 'reg_alpha': 0.8359218826246129, 'reg_lambda': 4.619282598422711}. Best is trial 4 with value: 509.862631191678.
[I 2026-03-17 16:12:39,511] Trial 12 finished with value: 522.3906844333522 and parameters: {'max_depth': 6, 'learning_rate': 0.03436285197664853, 'subsample': 0.7308752588951912, 'colsample_bytree': 0.8166426640915421, 'reg_alpha': 0.5366394761732064, 'reg_lambda': 1.4115002706644535}. Best is trial 4 with value: 509.862631191678.
[I 2026-03-17 16:12:40,650] Trial 13 finished with value: 658.1115076601403 and parameters: {'max_depth': 3, 'learning_rate': 0.023823065217173225, 'subsample': 0.7842025022024064, 'colsample_bytree': 0.6645757764163794, 'reg_alpha': 0.9788908044291375, 'reg_lambda': 4.160945551787449}. Best is trial 4 with value: 509.862631191678.
[I 2026-03-17 16:12:41,333] Trial 14 finished with value: 509.2426077977425 and parameters: {'max_depth': 6, 'learning_rate': 0.0993225122605434, 'subsample': 0.697011655925706, 'colsample_bytree': 0.8727890400382649, 'reg_alpha': 0.347104336583651, 'reg_lambda': 1.415898643700179}. Best is trial 14 with value: 509.2426077977425.
[I 2026-03-17 16:12:41,849] Trial 15 finished with value: 500.7958793604731 and parameters: {'max_depth': 5, 'learning_rate': 0.09989621221891129, 'subsample': 0.6821327744486548, 'colsample_bytree': 0.8787830194995199, 'reg_alpha': 0.37482671035952864, 'reg_lambda': 0.11019673638266192}. Best is trial 15 with value: 500.7958793604731.
[I 2026-03-17 16:12:42,393] Trial 16 finished with value: 498.31755362944386 and parameters: {'max_depth': 5, 'learning_rate': 0.09961305925403781, 'subsample': 0.6722727962190967, 'colsample_bytree': 0.8818180161103318, 'reg_alpha': 0.3328130207232479, 'reg_lambda': 0.02929823726439705}. Best is trial 16 with value: 498.31755362944386.
[I 2026-03-17 16:12:43,026] Trial 17 finished with value: 560.5085382175778 and parameters: {'max_depth': 4, 'learning_rate': 0.06587433277108806, 'subsample': 0.607960342332918, 'colsample_bytree': 0.9182748261968691, 'reg_alpha': 0.24440701534422427, 'reg_lambda': 0.2474038191744775}. Best is trial 16 with value: 498.31755362944386.
[I 2026-03-17 16:12:43,585] Trial 18 finished with value: 515.7142024661115 and parameters: {'max_depth': 5, 'learning_rate': 0.08986003610501152, 'subsample': 0.6594880812974252, 'colsample_bytree': 0.9967062930142817, 'reg_alpha': 0.47509265661934025, 'reg_lambda': 0.00921169752903142}. Best is trial 16 with value: 498.31755362944386.
[I 2026-03-17 16:12:43,953] Trial 19 finished with value: 643.1938065321796 and parameters: {'max_depth': 3, 'learning_rate': 0.08921665685530121, 'subsample': 0.8523475704353543, 'colsample_bytree': 0.8974430899955195, 'reg_alpha': 0.6577283233662997, 'reg_lambda': 0.6769252689961158}. Best is trial 16 with value: 498.31755362944386.
[I 2026-03-17 16:12:44,449] Trial 20 finished with value: 505.0048978165518 and parameters: {'max_depth': 5, 'learning_rate': 0.09826117165276155, 'subsample': 0.9255336794521963, 'colsample_bytree': 0.946955950039714, 'reg_alpha': 0.4361076699499616, 'reg_lambda': 1.1342481176188188}. Best is trial 16 with value: 498.31755362944386.
[I 2026-03-17 16:12:44,923] Trial 21 finished with value: 515.4593240074856 and parameters: {'max_depth': 5, 'learning_rate': 0.09920754024365347, 'subsample': 0.9478835345241716, 'colsample_bytree': 0.9616072687096823, 'reg_alpha': 0.4211045991969624, 'reg_lambda': 0.01712313034579615}. Best is trial 16 with value: 498.31755362944386.
[I 2026-03-17 16:12:45,606] Trial 22 finished with value: 507.9183606875895 and parameters: {'max_depth': 5, 'learning_rate': 0.08012844919498893, 'subsample': 0.6001413352908567, 'colsample_bytree': 0.9460539928531323, 'reg_alpha': 0.2677036421558095, 'reg_lambda': 1.0319030841275252}. Best is trial 16 with value: 498.31755362944386.
[I 2026-03-17 16:12:46,029] Trial 23 finished with value: 553.577921280837 and parameters: {'max_depth': 4, 'learning_rate': 0.09225262495826617, 'subsample': 0.9438305821391042, 'colsample_bytree': 0.8549699351895047, 'reg_alpha': 0.42281604682453666, 'reg_lambda': 0.43245782722001125}. Best is trial 16 with value: 498.31755362944386.
[I 2026-03-17 16:12:46,617] Trial 24 finished with value: 507.05039905241426 and parameters: {'max_depth': 5, 'learning_rate': 0.08422761755653324, 'subsample': 0.7654654777911857, 'colsample_bytree': 0.808381138856448, 'reg_alpha': 0.6065641418201198, 'reg_lambda': 1.8434857682229255}. Best is trial 16 with value: 498.31755362944386.
[I 2026-03-17 16:12:47,013] Trial 25 finished with value: 652.1512462147726 and parameters: {'max_depth': 3, 'learning_rate': 0.07509504525302359, 'subsample': 0.9170976965408872, 'colsample_bytree': 0.9493401164900528, 'reg_alpha': 0.2838964579771186, 'reg_lambda': 1.0291698798713458}. Best is trial 16 with value: 498.31755362944386.
[I 2026-03-17 16:12:47,918] Trial 26 finished with value: 539.0196396835426 and parameters: {'max_depth': 7, 'learning_rate': 0.09218979667630889, 'subsample': 0.8266569548314888, 'colsample_bytree': 0.8887721444035935, 'reg_alpha': 0.4947882770485644, 'reg_lambda': 0.2980665025754028}. Best is trial 16 with value: 498.31755362944386.
[I 2026-03-17 16:12:48,477] Trial 27 finished with value: 542.9048060877202 and parameters: {'max_depth': 4, 'learning_rate': 0.06186809419767603, 'subsample': 0.9996987881722113, 'colsample_bytree': 0.9168110971048694, 'reg_alpha': 0.16806702075446173, 'reg_lambda': 1.7785708009606769}. Best is trial 16 with value: 498.31755362944386.
[I 2026-03-17 16:12:48,988] Trial 28 finished with value: 528.139570235844 and parameters: {'max_depth': 5, 'learning_rate': 0.09507057604817984, 'subsample': 0.690204359201971, 'colsample_bytree': 0.8334562531712606, 'reg_alpha': 0.42880312871222526, 'reg_lambda': 0.8871547478160124}. Best is trial 16 with value: 498.31755362944386.
[I 2026-03-17 16:12:49,647] Trial 29 finished with value: 537.089207661517 and parameters: {'max_depth': 6, 'learning_rate': 0.09964502079051646, 'subsample': 0.7572978603888535, 'colsample_bytree': 0.7804609398482624, 'reg_alpha': 0.10085921516583551, 'reg_lambda': 0.466397195555039}. Best is trial 16 with value: 498.31755362944386.
[I 2026-03-17 16:13:46,425] A new study created in memory with name: no-name-2fe6e889-ff9d-41d7-931d-1988d3fdfddc
[I 2026-03-17 16:13:47,561] Trial 0 finished with value: 414.71878072762274 and parameters: {'max_depth': 8, 'learning_rate': 0.09319847085807419, 'subsample': 0.6605758413927197, 'colsample_bytree': 0.7124504754089029, 'reg_alpha': 0.908100266714928, 'reg_lambda': 1.8872892434906503}. Best is trial 0 with value: 414.71878072762274.
[I 2026-03-17 16:13:51,208] Trial 1 finished with value: 409.0871307920748 and parameters: {'max_depth': 10, 'learning_rate': 0.062947041593066, 'subsample': 0.9928333584996738, 'colsample_bytree': 0.7620128478933227, 'reg_alpha': 0.5750549977248653, 'reg_lambda': 1.4691914132326112}. Best is trial 1 with value: 409.0871307920748.
[I 2026-03-17 16:13:53,684] Trial 2 finished with value: 351.9688119977961 and parameters: {'max_depth': 7, 'learning_rate': 0.030177880527365385, 'subsample': 0.97152869184298, 'colsample_bytree': 0.8533251875389061, 'reg_alpha': 0.14066477209173833, 'reg_lambda': 2.828098295510393}. Best is trial 2 with value: 351.9688119977961.
[I 2026-03-17 16:13:54,931] Trial 3 finished with value: 359.91299304672276 and parameters: {'max_depth': 6, 'learning_rate': 0.05046606365750124, 'subsample': 0.9049331998857159, 'colsample_bytree': 0.9091142233349765, 'reg_alpha': 0.06408590038583761, 'reg_lambda': 1.9249183766138789}. Best is trial 2 with value: 351.9688119977961.
