[I 2026-03-17 17:05:48,987] Trial 4 finished with value: 160.03189211449435 and parameters: {'max_depth': 10, 'learning_rate': 0.044415114653854636, 'subsample': 0.6062314956870735, 'colsample_bytree': 0.818819646615311, 'reg_alpha': 0.36741545699944245, 'reg_lambda': 3.4118771494119144}. Best is trial 4 with value: 160.03189211449435.
[I 2026-03-17 17:05:51,972] Trial 5 finished with value: 177.0636914885308 and parameters: {'max_depth': 10, 'learning_rate': 0.08362476608043437, 'subsample': 0.689492966149032, 'colsample_bytree': 0.761152929550282, 'reg_alpha': 0.005983657637087525, 'reg_lambda': 1.3833494662136037}. Best is trial 4 with value: 160.03189211449435.
[I 2026-03-17 17:05:54,201] Trial 6 finished with value: 180.62411437008862 and parameters: {'max_depth': 7, 'learning_rate': 0.039013249116215135, 'subsample': 0.6077458014261208, 'colsample_bytree': 0.8345514889907271, 'reg_alpha': 0.789723359868199, 'reg_lambda': 2.028102656342205}. Best is trial 4 with value: 160.03189211449435.
[I 2026-03-17 17:05:55,129] Trial 7 finished with value: 209.16367548774267 and parameters: {'max_depth': 6, 'learning_rate': 0.08363873041304445, 'subsample': 0.921892088313103, 'colsample_bytree': 0.6600509441754133, 'reg_alpha': 0.8878274298166221, 'reg_lambda': 3.628500829984405}. Best is trial 4 with value: 160.03189211449435.
[I 2026-03-17 17:05:56,146] Trial 8 finished with value: 180.20267318096836 and parameters: {'max_depth': 7, 'learning_rate': 0.09754565090911893, 'subsample': 0.6522378057149454, 'colsample_bytree': 0.831757815385322, 'reg_alpha': 0.13102357216058058, 'reg_lambda': 3.8426521085696788}. Best is trial 4 with value: 160.03189211449435.
[I 2026-03-17 17:05:56,719] Trial 9 finished with value: 288.38738417907 and parameters: {'max_depth': 4, 'learning_rate': 0.08999872005475473, 'subsample': 0.7914897228382256, 'colsample_bytree': 0.9143603538242602, 'reg_alpha': 0.6232853152254828, 'reg_lambda': 4.870687367531815}. Best is trial 4 with value: 160.03189211449435.
[I 2026-03-17 17:06:01,636] Trial 10 finished with value: 140.16294586484625 and parameters: {'max_depth': 10, 'learning_rate': 0.06322713679669412, 'subsample': 0.7229996059324522, 'colsample_bytree': 0.9725049437118971, 'reg_alpha': 0.39275064897186307, 'reg_lambda': 0.09165929759505076}. Best is trial 10 with value: 140.16294586484625.
[I 2026-03-17 17:06:06,003] Trial 11 finished with value: 141.447093931175 and parameters: {'max_depth': 10, 'learning_rate': 0.06462085072361268, 'subsample': 0.725067263565144, 'colsample_bytree': 0.9696947228554229, 'reg_alpha': 0.3348724489720769, 'reg_lambda': 0.13054737916581488}. Best is trial 10 with value: 140.16294586484625.
[I 2026-03-17 17:06:08,566] Trial 12 finished with value: 149.47651512266822 and parameters: {'max_depth': 9, 'learning_rate': 0.0695307937457252, 'subsample': 0.7104158418421913, 'colsample_bytree': 0.9903255713997218, 'reg_alpha': 0.2753402577178985, 'reg_lambda': 0.3689530639320632}. Best is trial 10 with value: 140.16294586484625.
[I 2026-03-17 17:06:11,405] Trial 13 finished with value: 146.31154531872707 and parameters: {'max_depth': 9, 'learning_rate': 0.06801628119215426, 'subsample': 0.7419155005926472, 'colsample_bytree': 0.9968747527353662, 'reg_alpha': 0.5355392017112905, 'reg_lambda': 0.14770630042193353}. Best is trial 10 with value: 140.16294586484625.
[I 2026-03-17 17:06:14,144] Trial 14 finished with value: 149.32882260858014 and parameters: {'max_depth': 9, 'learning_rate': 0.06730354181639991, 'subsample': 0.8506338144613719, 'colsample_bytree': 0.9271343168742636, 'reg_alpha': 0.41799478315144956, 'reg_lambda': 1.1504967091715783}. Best is trial 10 with value: 140.16294586484625.
[I 2026-03-17 17:06:16,401] Trial 15 finished with value: 155.57060352023422 and parameters: {'max_depth': 8, 'learning_rate': 0.05326922620856881, 'subsample': 0.7554890422241204, 'colsample_bytree': 0.9143330371994352, 'reg_alpha': 0.22489089613016341, 'reg_lambda': 2.012813620056353}. Best is trial 10 with value: 140.16294586484625.
[I 2026-03-17 17:06:20,054] Trial 16 finished with value: 143.16208955282056 and parameters: {'max_depth': 10, 'learning_rate': 0.07330146253554724, 'subsample': 0.8412927001027242, 'colsample_bytree': 0.9528364877389187, 'reg_alpha': 0.5707443247263302, 'reg_lambda': 0.61075533039778}. Best is trial 10 with value: 140.16294586484625.
[I 2026-03-17 17:06:24,417] Trial 17 finished with value: 383.68186637347765 and parameters: {'max_depth': 3, 'learning_rate': 0.026671056945383076, 'subsample': 0.6708728778683535, 'colsample_bytree': 0.8744722788912022, 'reg_alpha': 0.7435863444839103, 'reg_lambda': 1.8095412970741385}. Best is trial 10 with value: 140.16294586484625.
[I 2026-03-17 17:06:26,460] Trial 18 finished with value: 165.45621349358373 and parameters: {'max_depth': 8, 'learning_rate': 0.06058993070816157, 'subsample': 0.7377695520111174, 'colsample_bytree': 0.8747864243128365, 'reg_alpha': 0.362464586392782, 'reg_lambda': 0.14635101765903638}. Best is trial 10 with value: 140.16294586484625.
[I 2026-03-17 17:06:28,071] Trial 19 finished with value: 158.9345565755491 and parameters: {'max_depth': 8, 'learning_rate': 0.07818399298937584, 'subsample': 0.8501771985044825, 'colsample_bytree': 0.9564070524862739, 'reg_alpha': 0.17650876075443153, 'reg_lambda': 0.8619304070797184}. Best is trial 10 with value: 140.16294586484625.
[I 2026-03-17 17:06:31,099] Trial 20 finished with value: 189.7322618687914 and parameters: {'max_depth': 9, 'learning_rate': 0.04952486005847006, 'subsample': 0.6432788633382975, 'colsample_bytree': 0.7057281425071421, 'reg_alpha': 0.47922856582272655, 'reg_lambda': 1.5089743024986382}. Best is trial 10 with value: 140.16294586484625.
[I 2026-03-17 17:06:34,966] Trial 21 finished with value: 141.7541457314181 and parameters: {'max_depth': 10, 'learning_rate': 0.07601415809840875, 'subsample': 0.8405591678733872, 'colsample_bytree': 0.9599691225224508, 'reg_alpha': 0.5772705531397508, 'reg_lambda': 0.6242782231200763}. Best is trial 10 with value: 140.16294586484625.
[I 2026-03-17 17:06:40,074] Trial 22 finished with value: 142.30912403482785 and parameters: {'max_depth': 10, 'learning_rate': 0.060527314917283616, 'subsample': 0.779287691169946, 'colsample_bytree': 0.9623169826826682, 'reg_alpha': 0.7144415369002307, 'reg_lambda': 0.07193428856438865}. Best is trial 10 with value: 140.16294586484625.
[I 2026-03-17 17:06:44,036] Trial 23 finished with value: 154.8124230389043 and parameters: {'max_depth': 10, 'learning_rate': 0.07853569823453346, 'subsample': 0.823028276267532, 'colsample_bytree': 0.8811795565576099, 'reg_alpha': 0.38389714284030485, 'reg_lambda': 0.6430514890515411}. Best is trial 10 with value: 140.16294586484625.
[I 2026-03-17 17:06:46,969] Trial 24 finished with value: 149.7772718629467 and parameters: {'max_depth': 9, 'learning_rate': 0.061669129957526665, 'subsample': 0.7122282401474795, 'colsample_bytree': 0.9971992846083807, 'reg_alpha': 0.6390473301933323, 'reg_lambda': 0.5182386632686353}. Best is trial 10 with value: 140.16294586484625.
[I 2026-03-17 17:06:48,435] Trial 25 finished with value: 160.44008558053963 and parameters: {'max_depth': 8, 'learning_rate': 0.09193967710526929, 'subsample': 0.7684653914897882, 'colsample_bytree': 0.9354118318516412, 'reg_alpha': 0.5248838556537061, 'reg_lambda': 1.0765886388385697}. Best is trial 10 with value: 140.16294586484625.
[I 2026-03-17 17:06:53,200] Trial 26 finished with value: 152.89579069381824 and parameters: {'max_depth': 10, 'learning_rate': 0.07464864173805512, 'subsample': 0.873011582126375, 'colsample_bytree': 0.8988762405833743, 'reg_alpha': 0.31033979546854584, 'reg_lambda': 0.03098907730413636}. Best is trial 10 with value: 140.16294586484625.
[I 2026-03-17 17:06:55,530] Trial 27 finished with value: 151.61667844374236 and parameters: {'max_depth': 9, 'learning_rate': 0.062276970001988244, 'subsample': 0.7081598333286659, 'colsample_bytree': 0.9735950854908069, 'reg_alpha': 0.4422386239635622, 'reg_lambda': 2.4587222627383736}. Best is trial 10 with value: 140.16294586484625.
[I 2026-03-17 17:07:02,012] Trial 28 finished with value: 153.36484053459156 and parameters: {'max_depth': 10, 'learning_rate': 0.04684498626864024, 'subsample': 0.8781531408136238, 'colsample_bytree': 0.8548435749307032, 'reg_alpha': 0.049122459273060914, 'reg_lambda': 0.4817842648678636}. Best is trial 10 with value: 140.16294586484625.
[I 2026-03-17 17:07:02,880] Trial 29 finished with value: 227.6187602104485 and parameters: {'max_depth': 5, 'learning_rate': 0.0535864216494752, 'subsample': 0.965619167752467, 'colsample_bytree': 0.9344988758536452, 'reg_alpha': 0.28553801342034596, 'reg_lambda': 1.473840093908733}. Best is trial 10 with value: 140.16294586484625.
[I 2026-03-17 17:09:40,609] A new study created in memory with name: no-name-4134c333-61af-48da-9d62-7ca17ce08606
[I 2026-03-17 17:09:43,518] Trial 0 finished with value: 1210.5826912270786 and parameters: {'max_depth': 4, 'learning_rate': 0.014374339875118759, 'subsample': 0.8950001126041174, 'colsample_bytree': 0.6471684479105713, 'reg_alpha': 0.46660463753678727, 'reg_lambda': 0.2275974526444846}. Best is trial 0 with value: 1210.5826912270786.
[I 2026-03-17 17:09:47,211] Trial 1 finished with value: 754.9465350776707 and parameters: {'max_depth': 9, 'learning_rate': 0.05757583126368818, 'subsample': 0.7083454066617104, 'colsample_bytree': 0.9308415766534127, 'reg_alpha': 0.8345873858845654, 'reg_lambda': 2.8663362982618246}. Best is trial 1 with value: 754.9465350776707.
[I 2026-03-17 17:09:48,583] Trial 2 finished with value: 1032.2877640581344 and parameters: {'max_depth': 5, 'learning_rate': 0.0371149013306106, 'subsample': 0.9157396448685619, 'colsample_bytree': 0.8587420028782062, 'reg_alpha': 0.9754834595911067, 'reg_lambda': 2.975403775097197}. Best is trial 1 with value: 754.9465350776707.
[I 2026-03-17 17:09:49,779] Trial 3 finished with value: 1019.7444832446154 and parameters: {'max_depth': 5, 'learning_rate': 0.04007607010262953, 'subsample': 0.9463779004972274, 'colsample_bytree': 0.8874597304575798, 'reg_alpha': 0.4842420794822594, 'reg_lambda': 4.206740800864639}. Best is trial 1 with value: 754.9465350776707.
[I 2026-03-17 17:09:53,642] Trial 4 finished with value: 958.7621925993942 and parameters: {'max_depth': 10, 'learning_rate': 0.09532297387782213, 'subsample': 0.9156067118636322, 'colsample_bytree': 0.8034172240684481, 'reg_alpha': 0.1371123967000739, 'reg_lambda': 0.9237244727870697}. Best is trial 1 with value: 754.9465350776707.
[I 2026-03-17 17:09:54,392] Trial 5 finished with value: 1708.5287693682408 and parameters: {'max_depth': 3, 'learning_rate': 0.0611101327335259, 'subsample': 0.8700784911284343, 'colsample_bytree': 0.7210523649492883, 'reg_alpha': 0.5590924440672683, 'reg_lambda': 3.4809242696294125}. Best is trial 1 with value: 754.9465350776707.
[I 2026-03-17 17:10:16,727] Trial 6 finished with value: 635.8120393802383 and parameters: {'max_depth': 10, 'learning_rate': 0.013259433901099878, 'subsample': 0.8554438135976346, 'colsample_bytree': 0.9970839683098899, 'reg_alpha': 0.9396548842001649, 'reg_lambda': 4.427287067578105}. Best is trial 6 with value: 635.8120393802383.
[I 2026-03-17 17:10:21,676] Trial 7 finished with value: 1099.9379419544061 and parameters: {'max_depth': 10, 'learning_rate': 0.08126433582842812, 'subsample': 0.8557138773675174, 'colsample_bytree': 0.7018580842793666, 'reg_alpha': 0.9451839576069132, 'reg_lambda': 0.5422769649047049}. Best is trial 6 with value: 635.8120393802383.
[I 2026-03-17 17:10:29,466] Trial 8 finished with value: 691.6178070305118 and parameters: {'max_depth': 10, 'learning_rate': 0.03901398274657612, 'subsample': 0.9790969951381046, 'colsample_bytree': 0.9576097434153863, 'reg_alpha': 0.788357611637348, 'reg_lambda': 4.678336169239179}. Best is trial 6 with value: 635.8120393802383.
[I 2026-03-17 17:10:30,457] Trial 9 finished with value: 1068.351107858664 and parameters: {'max_depth': 6, 'learning_rate': 0.07315479274705333, 'subsample': 0.7624654017066697, 'colsample_bytree': 0.9100016450828229, 'reg_alpha': 0.5908550918544317, 'reg_lambda': 1.8889511542562354}. Best is trial 6 with value: 635.8120393802383.
[I 2026-03-17 17:10:41,601] Trial 10 finished with value: 641.7044202563387 and parameters: {'max_depth': 8, 'learning_rate': 0.01079100901299506, 'subsample': 0.6417963828419077, 'colsample_bytree': 0.9985100858963333, 'reg_alpha': 0.018659353724901184, 'reg_lambda': 4.878806803488743}. Best is trial 6 with value: 635.8120393802383.
[I 2026-03-17 17:10:53,501] Trial 11 finished with value: 647.1443936942466 and parameters: {'max_depth': 8, 'learning_rate': 0.010379819531429612, 'subsample': 0.6323593984544476, 'colsample_bytree': 0.9812180844079449, 'reg_alpha': 0.01653261140461774, 'reg_lambda': 4.96897735932325}. Best is trial 6 with value: 635.8120393802383.
[I 2026-03-17 17:10:58,840] Trial 12 finished with value: 672.6302419030283 and parameters: {'max_depth': 8, 'learning_rate': 0.021482061403783163, 'subsample': 0.603832351857067, 'colsample_bytree': 0.9832457606831547, 'reg_alpha': 0.25807702101204455, 'reg_lambda': 3.809934848607729}. Best is trial 6 with value: 635.8120393802383.
[I 2026-03-17 17:11:03,430] Trial 13 finished with value: 904.0535786794239 and parameters: {'max_depth': 8, 'learning_rate': 0.0283384680979708, 'subsample': 0.8002715625214976, 'colsample_bytree': 0.8376004556005583, 'reg_alpha': 0.30576811035156015, 'reg_lambda': 2.0173035855155756}. Best is trial 6 with value: 635.8120393802383.
[I 2026-03-17 17:11:07,161] Trial 14 finished with value: 1055.4437058284075 and parameters: {'max_depth': 7, 'learning_rate': 0.02536286400956572, 'subsample': 0.7107843668206173, 'colsample_bytree': 0.7607106797917136, 'reg_alpha': 0.7845955532746736, 'reg_lambda': 4.300406210249257}. Best is trial 6 with value: 635.8120393802383.
[I 2026-03-17 17:11:24,451] Trial 15 finished with value: 630.0496390167282 and parameters: {'max_depth': 9, 'learning_rate': 0.010238831578807412, 'subsample': 0.8183467030023884, 'colsample_bytree': 0.9874622856328389, 'reg_alpha': 0.6743651563836457, 'reg_lambda': 3.5670534199237287}. Best is trial 15 with value: 630.0496390167282.
[I 2026-03-17 17:11:28,858] Trial 16 finished with value: 755.0425838156767 and parameters: {'max_depth': 9, 'learning_rate': 0.045243127917175475, 'subsample': 0.8200838232689757, 'colsample_bytree': 0.9299751192431859, 'reg_alpha': 0.660062911084641, 'reg_lambda': 3.4625547232626728}. Best is trial 15 with value: 630.0496390167282.
[I 2026-03-17 17:11:36,774] Trial 17 finished with value: 1277.108800395695 and parameters: {'max_depth': 9, 'learning_rate': 0.02851975978748647, 'subsample': 0.7451933141764123, 'colsample_bytree': 0.6081884593902537, 'reg_alpha': 0.6924361519049215, 'reg_lambda': 2.2756514631868847}. Best is trial 15 with value: 630.0496390167282.
[I 2026-03-17 17:11:38,627] Trial 18 finished with value: 1016.015710253106 and parameters: {'max_depth': 7, 'learning_rate': 0.04988349731815038, 'subsample': 0.8351393923393602, 'colsample_bytree': 0.868993277527997, 'reg_alpha': 0.8882661387621893, 'reg_lambda': 4.01326651365418}. Best is trial 15 with value: 630.0496390167282.
[I 2026-03-17 17:11:43,284] Trial 19 finished with value: 681.858244623586 and parameters: {'max_depth': 10, 'learning_rate': 0.06913342241618425, 'subsample': 0.7672776726172409, 'colsample_bytree': 0.9485404087068121, 'reg_alpha': 0.704744252205136, 'reg_lambda': 1.4231415511582803}. Best is trial 15 with value: 630.0496390167282.
[I 2026-03-17 17:11:52,788] Trial 20 finished with value: 973.7570937539422 and parameters: {'max_depth': 9, 'learning_rate': 0.019745331128146148, 'subsample': 0.9942856150436552, 'colsample_bytree': 0.7801411906464794, 'reg_alpha': 0.3613193427130195, 'reg_lambda': 3.3582067019541477}. Best is trial 15 with value: 630.0496390167282.
[I 2026-03-17 17:12:04,545] Trial 21 finished with value: 650.2229052831151 and parameters: {'max_depth': 8, 'learning_rate': 0.010057516997652217, 'subsample': 0.6634412780907073, 'colsample_bytree': 0.9984247406263503, 'reg_alpha': 0.04904869456768868, 'reg_lambda': 4.976057421877144}. Best is trial 15 with value: 630.0496390167282.
[I 2026-03-17 17:12:14,102] Trial 22 finished with value: 635.8558082065914 and parameters: {'max_depth': 9, 'learning_rate': 0.018922170097218638, 'subsample': 0.7910956835868993, 'colsample_bytree': 0.996322810954529, 'reg_alpha': 0.4134757768987917, 'reg_lambda': 4.43156767026778}. Best is trial 15 with value: 630.0496390167282.
[I 2026-03-17 17:12:23,609] Trial 23 finished with value: 675.5704873571865 and parameters: {'max_depth': 9, 'learning_rate': 0.0191837555560718, 'subsample': 0.8035780446550502, 'colsample_bytree': 0.9609156535851624, 'reg_alpha': 0.407636322328471, 'reg_lambda': 4.403882879403375}. Best is trial 15 with value: 630.0496390167282.
[I 2026-03-17 17:12:33,062] Trial 24 finished with value: 756.8983231389585 and parameters: {'max_depth': 10, 'learning_rate': 0.03353084703450464, 'subsample': 0.8600928524117126, 'colsample_bytree': 0.901519715438308, 'reg_alpha': 0.5900758198150002, 'reg_lambda': 3.788946233535421}. Best is trial 15 with value: 630.0496390167282.
[I 2026-03-17 17:12:38,267] Trial 25 finished with value: 949.3673854991675 and parameters: {'max_depth': 7, 'learning_rate': 0.018060739613535323, 'subsample': 0.7827418839930014, 'colsample_bytree': 0.9307937068570344, 'reg_alpha': 0.20772312023620165, 'reg_lambda': 3.1608387104581404}. Best is trial 15 with value: 630.0496390167282.
[I 2026-03-17 17:12:44,339] Trial 26 finished with value: 667.5944765842034 and parameters: {'max_depth': 9, 'learning_rate': 0.03152033964414127, 'subsample': 0.7327482466834175, 'colsample_bytree': 0.9683968753232464, 'reg_alpha': 0.8675919376932296, 'reg_lambda': 4.554826898471671}. Best is trial 15 with value: 630.0496390167282.
[I 2026-03-17 17:12:47,159] Trial 27 finished with value: 859.8696033713827 and parameters: {'max_depth': 6, 'learning_rate': 0.023921304718681674, 'subsample': 0.8316434997736365, 'colsample_bytree': 0.9976640556164382, 'reg_alpha': 0.40424971650394015, 'reg_lambda': 3.831120731148634}. Best is trial 15 with value: 630.0496390167282.
[I 2026-03-17 17:13:05,370] Trial 28 finished with value: 877.2649188643612 and parameters: {'max_depth': 10, 'learning_rate': 0.015689027435383734, 'subsample': 0.8904077824432839, 'colsample_bytree': 0.8277570330838288, 'reg_alpha': 0.7381277351620281, 'reg_lambda': 2.7716678021479177}. Best is trial 15 with value: 630.0496390167282.
[I 2026-03-17 17:13:18,273] Trial 29 finished with value: 695.099340741369 and parameters: {'max_depth': 9, 'learning_rate': 0.015170347613980777, 'subsample': 0.8977623761580766, 'colsample_bytree': 0.9416458826835667, 'reg_alpha': 0.534024759995368, 'reg_lambda': 4.166580451278093}. Best is trial 15 with value: 630.0496390167282.
[I 2026-03-17 17:15:31,085] A new study created in memory with name: no-name-75fecc7c-b5f2-4e6c-9459-a765e1b81eef
[I 2026-03-17 17:15:33,640] Trial 0 finished with value: 222.54248648932227 and parameters: {'max_depth': 9, 'learning_rate': 0.05967369615928595, 'subsample': 0.6130665549407367, 'colsample_bytree': 0.8338365006061976, 'reg_alpha': 0.7435712523575231, 'reg_lambda': 4.0668039209990665}. Best is trial 0 with value: 222.54248648932227.
[I 2026-03-17 17:15:36,660] Trial 1 finished with value: 219.89669556495477 and parameters: {'max_depth': 10, 'learning_rate': 0.08693978529502666, 'subsample': 0.9623546466654779, 'colsample_bytree': 0.8362717184648533, 'reg_alpha': 0.1789150263835586, 'reg_lambda': 1.420962523514674}. Best is trial 1 with value: 219.89669556495477.
[I 2026-03-17 17:15:39,547] Trial 2 finished with value: 221.6776220512818 and parameters: {'max_depth': 9, 'learning_rate': 0.046858115244963056, 'subsample': 0.6747377465186087, 'colsample_bytree': 0.7820730664938617, 'reg_alpha': 0.19125981829161964, 'reg_lambda': 2.608095508776256}. Best is trial 1 with value: 219.89669556495477.
[I 2026-03-17 17:15:40,009] Trial 3 finished with value: 402.00607658333377 and parameters: {'max_depth': 4, 'learning_rate': 0.08957919787179344, 'subsample': 0.6644179944108098, 'colsample_bytree': 0.9119589978387055, 'reg_alpha': 0.25533805396808795, 'reg_lambda': 3.088294735218007}. Best is trial 1 with value: 219.89669556495477.
[I 2026-03-17 17:15:43,932] Trial 4 finished with value: 216.05599189729432 and parameters: {'max_depth': 9, 'learning_rate': 0.0369051669819652, 'subsample': 0.9750072067764377, 'colsample_bytree': 0.8814724763534596, 'reg_alpha': 0.8518762716271524, 'reg_lambda': 3.0477514837239337}. Best is trial 4 with value: 216.05599189729432.
[I 2026-03-17 17:15:44,998] Trial 5 finished with value: 259.1874605099362 and parameters: {'max_depth': 7, 'learning_rate': 0.07588719977423891, 'subsample': 0.7892460053559691, 'colsample_bytree': 0.6304746069894014, 'reg_alpha': 0.8557425773206913, 'reg_lambda': 1.4666790319071414}. Best is trial 4 with value: 216.05599189729432.
[I 2026-03-17 17:15:49,476] Trial 6 finished with value: 565.2699739062094 and parameters: {'max_depth': 3, 'learning_rate': 0.010472148888032768, 'subsample': 0.6382134733608574, 'colsample_bytree': 0.7578300552601397, 'reg_alpha': 0.5761319951525876, 'reg_lambda': 2.900077502578174}. Best is trial 4 with value: 216.05599189729432.
[I 2026-03-17 17:15:52,400] Trial 7 finished with value: 225.7621037015719 and parameters: {'max_depth': 9, 'learning_rate': 0.04693161272437203, 'subsample': 0.8038172656789003, 'colsample_bytree': 0.748119461319476, 'reg_alpha': 0.5189045644152765, 'reg_lambda': 4.809845989683982}. Best is trial 4 with value: 216.05599189729432.
