[I 2026-03-17 16:57:54,230] A new study created in memory with name: no-name-15646c10-b598-4d55-937c-d291e69cffa6
[I 2026-03-17 16:57:56,957] Trial 0 finished with value: 982.1249160071877 and parameters: {'max_depth': 9, 'learning_rate': 0.05160761319378526, 'subsample': 0.8154485329097663, 'colsample_bytree': 0.9173392427658565, 'reg_alpha': 0.0943028400293523, 'reg_lambda': 2.4674749016549384}. Best is trial 0 with value: 982.1249160071877.
[I 2026-03-17 16:57:58,213] Trial 1 finished with value: 1278.1810570636032 and parameters: {'max_depth': 6, 'learning_rate': 0.04949320419328574, 'subsample': 0.607129554358758, 'colsample_bytree': 0.7058406975747648, 'reg_alpha': 0.951857554285389, 'reg_lambda': 3.4684423077011117}. Best is trial 0 with value: 982.1249160071877.
[I 2026-03-17 16:57:59,672] Trial 2 finished with value: 1100.9382337625718 and parameters: {'max_depth': 9, 'learning_rate': 0.09469041080447979, 'subsample': 0.9451667149505404, 'colsample_bytree': 0.7440450888719454, 'reg_alpha': 0.46727526016553134, 'reg_lambda': 4.750958164322412}. Best is trial 0 with value: 982.1249160071877.
[I 2026-03-17 16:58:01,509] Trial 3 finished with value: 1796.9870230427537 and parameters: {'max_depth': 4, 'learning_rate': 0.021686166286205254, 'subsample': 0.6837190368328194, 'colsample_bytree': 0.6429200413687831, 'reg_alpha': 0.4384596033288516, 'reg_lambda': 2.89559142464287}. Best is trial 0 with value: 982.1249160071877.
[I 2026-03-17 16:58:02,048] Trial 4 finished with value: 1411.908899593019 and parameters: {'max_depth': 5, 'learning_rate': 0.09868084448857968, 'subsample': 0.9651058021898512, 'colsample_bytree': 0.8274973846950923, 'reg_alpha': 0.3368557574965211, 'reg_lambda': 0.07395824645147708}. Best is trial 0 with value: 982.1249160071877.
[I 2026-03-17 16:58:02,797] Trial 5 finished with value: 1200.075599914435 and parameters: {'max_depth': 6, 'learning_rate': 0.08361234691517928, 'subsample': 0.8155644441222866, 'colsample_bytree': 0.9064022674282642, 'reg_alpha': 0.3142560299951107, 'reg_lambda': 2.485569556883739}. Best is trial 0 with value: 982.1249160071877.
[I 2026-03-17 16:58:05,305] Trial 6 finished with value: 1328.5756446075109 and parameters: {'max_depth': 10, 'learning_rate': 0.08870935118153415, 'subsample': 0.6234713483530469, 'colsample_bytree': 0.648231026150461, 'reg_alpha': 0.4473477335228785, 'reg_lambda': 0.9380340939798254}. Best is trial 0 with value: 982.1249160071877.
[I 2026-03-17 16:58:08,047] Trial 7 finished with value: 1065.8097350830933 and parameters: {'max_depth': 9, 'learning_rate': 0.046458467060364925, 'subsample': 0.8217146787389666, 'colsample_bytree': 0.780678062595475, 'reg_alpha': 0.4699424797775448, 'reg_lambda': 4.246187054111808}. Best is trial 0 with value: 982.1249160071877.
[I 2026-03-17 16:58:08,902] Trial 8 finished with value: 1785.4117826376707 and parameters: {'max_depth': 4, 'learning_rate': 0.04120257571450804, 'subsample': 0.6519107669375025, 'colsample_bytree': 0.7121129811448443, 'reg_alpha': 0.2952032208423152, 'reg_lambda': 3.0080016680268304}. Best is trial 0 with value: 982.1249160071877.
[I 2026-03-17 16:58:11,804] Trial 9 finished with value: 960.823711367982 and parameters: {'max_depth': 10, 'learning_rate': 0.07680874391857848, 'subsample': 0.6217811603549979, 'colsample_bytree': 0.9510066008613236, 'reg_alpha': 0.3334797511536728, 'reg_lambda': 1.3573870886921935}. Best is trial 9 with value: 960.823711367982.
[I 2026-03-17 16:58:13,455] Trial 10 finished with value: 1004.3921012002219 and parameters: {'max_depth': 8, 'learning_rate': 0.07271250800404497, 'subsample': 0.7299594300995644, 'colsample_bytree': 0.9729545344941891, 'reg_alpha': 0.8665230549529934, 'reg_lambda': 1.575080256657737}. Best is trial 9 with value: 960.823711367982.
[I 2026-03-17 16:58:17,181] Trial 11 finished with value: 944.2157292119547 and parameters: {'max_depth': 10, 'learning_rate': 0.0653992488532814, 'subsample': 0.8747208594688918, 'colsample_bytree': 0.9896071536383672, 'reg_alpha': 0.011194879790583548, 'reg_lambda': 1.8208124668880572}. Best is trial 11 with value: 944.2157292119547.
[I 2026-03-17 16:58:21,015] Trial 12 finished with value: 933.4381934200353 and parameters: {'max_depth': 10, 'learning_rate': 0.06986356997752291, 'subsample': 0.9027582268716653, 'colsample_bytree': 0.9908807213471376, 'reg_alpha': 0.05971925562918273, 'reg_lambda': 1.548228990736744}. Best is trial 12 with value: 933.4381934200353.
[I 2026-03-17 16:58:22,738] Trial 13 finished with value: 995.2628429446131 and parameters: {'max_depth': 8, 'learning_rate': 0.06464973465060944, 'subsample': 0.8957841339121875, 'colsample_bytree': 0.996997148206467, 'reg_alpha': 0.012650828840028352, 'reg_lambda': 1.9379503170552135}. Best is trial 12 with value: 933.4381934200353.
[I 2026-03-17 16:58:23,952] Trial 14 finished with value: 1083.5441629940747 and parameters: {'max_depth': 7, 'learning_rate': 0.06755778161516435, 'subsample': 0.8922440035183447, 'colsample_bytree': 0.8384302986242049, 'reg_alpha': 0.13165574164547583, 'reg_lambda': 0.589197037665977}. Best is trial 12 with value: 933.4381934200353.
[I 2026-03-17 16:58:31,046] Trial 15 finished with value: 947.0487275811176 and parameters: {'max_depth': 10, 'learning_rate': 0.03229253513449597, 'subsample': 0.8957889309571431, 'colsample_bytree': 0.9033929999263476, 'reg_alpha': 0.6671616287353133, 'reg_lambda': 1.7232135057907008}. Best is trial 12 with value: 933.4381934200353.
[I 2026-03-17 16:58:32,836] Trial 16 finished with value: 1038.319588188555 and parameters: {'max_depth': 8, 'learning_rate': 0.059445420071205346, 'subsample': 0.7629777311837119, 'colsample_bytree': 0.8520480455963583, 'reg_alpha': 0.14894655762122805, 'reg_lambda': 0.8475741228933065}. Best is trial 12 with value: 933.4381934200353.
[I 2026-03-17 16:58:33,845] Trial 17 finished with value: 1069.4870935950205 and parameters: {'max_depth': 7, 'learning_rate': 0.07963482006108302, 'subsample': 0.8603014811845036, 'colsample_bytree': 0.9953803822654235, 'reg_alpha': 0.6582804627660824, 'reg_lambda': 3.6702900490328867}. Best is trial 12 with value: 933.4381934200353.
[I 2026-03-17 16:58:34,326] Trial 18 finished with value: 2619.4184081333983 and parameters: {'max_depth': 3, 'learning_rate': 0.05806186714115114, 'subsample': 0.9867938422308525, 'colsample_bytree': 0.927917334030353, 'reg_alpha': 0.023865679247216498, 'reg_lambda': 2.2028247882154965}. Best is trial 12 with value: 933.4381934200353.
[I 2026-03-17 16:58:49,926] Trial 19 finished with value: 967.6874920226181 and parameters: {'max_depth': 10, 'learning_rate': 0.014036060434256974, 'subsample': 0.9356135163046458, 'colsample_bytree': 0.8756106982390648, 'reg_alpha': 0.22006685214071037, 'reg_lambda': 1.1448421594340084}. Best is trial 12 with value: 933.4381934200353.
[I 2026-03-17 16:58:55,064] Trial 20 finished with value: 946.7727969861261 and parameters: {'max_depth': 9, 'learning_rate': 0.035600545543533084, 'subsample': 0.8606619584348597, 'colsample_bytree': 0.95374276591718, 'reg_alpha': 0.5845538889860697, 'reg_lambda': 0.016625368706648658}. Best is trial 12 with value: 933.4381934200353.
[I 2026-03-17 16:58:59,934] Trial 21 finished with value: 945.4182373829756 and parameters: {'max_depth': 9, 'learning_rate': 0.0345439088497828, 'subsample': 0.8612947089683903, 'colsample_bytree': 0.9566383797741382, 'reg_alpha': 0.6150250691402007, 'reg_lambda': 0.2667400099986148}. Best is trial 12 with value: 933.4381934200353.
[I 2026-03-17 16:59:09,592] Trial 22 finished with value: 917.7874178620905 and parameters: {'max_depth': 10, 'learning_rate': 0.024684804930665744, 'subsample': 0.7744776138683483, 'colsample_bytree': 0.9668860831629534, 'reg_alpha': 0.7867288939420422, 'reg_lambda': 0.45186466406235204}. Best is trial 22 with value: 917.7874178620905.
[I 2026-03-17 16:59:13,215] Trial 23 finished with value: 933.7829994848965 and parameters: {'max_depth': 10, 'learning_rate': 0.06824890580747842, 'subsample': 0.7675715620842982, 'colsample_bytree': 0.9964653377841064, 'reg_alpha': 0.8148597566468299, 'reg_lambda': 0.5905883173047327}. Best is trial 22 with value: 917.7874178620905.
[I 2026-03-17 16:59:18,618] Trial 24 finished with value: 1009.83792062712 and parameters: {'max_depth': 8, 'learning_rate': 0.019084119919619266, 'subsample': 0.7433667855516316, 'colsample_bytree': 0.8726875880724091, 'reg_alpha': 0.7916958317259395, 'reg_lambda': 0.7157620300262525}. Best is trial 22 with value: 917.7874178620905.
[I 2026-03-17 16:59:27,847] Trial 25 finished with value: 948.8335181611026 and parameters: {'max_depth': 10, 'learning_rate': 0.026758751854379592, 'subsample': 0.7817204629100659, 'colsample_bytree': 0.9296628516479541, 'reg_alpha': 0.7743186082254903, 'reg_lambda': 0.47572467437498267}. Best is trial 22 with value: 917.7874178620905.
[I 2026-03-17 16:59:29,970] Trial 26 finished with value: 981.2229544079353 and parameters: {'max_depth': 9, 'learning_rate': 0.07242886114615349, 'subsample': 0.7081115028616427, 'colsample_bytree': 0.9574801718655894, 'reg_alpha': 0.9206170491077277, 'reg_lambda': 1.4316650413880447}. Best is trial 22 with value: 917.7874178620905.
[I 2026-03-17 16:59:32,693] Trial 27 finished with value: 1104.977068001279 and parameters: {'max_depth': 10, 'learning_rate': 0.0858433953041666, 'subsample': 0.7916928563147152, 'colsample_bytree': 0.79746263700589, 'reg_alpha': 0.752465159949113, 'reg_lambda': 1.1012504823008282}. Best is trial 22 with value: 917.7874178620905.
[I 2026-03-17 16:59:34,625] Trial 28 finished with value: 1066.8349155805831 and parameters: {'max_depth': 7, 'learning_rate': 0.044161955512843666, 'subsample': 0.7040051701672605, 'colsample_bytree': 0.9996432611193726, 'reg_alpha': 0.8821990968387845, 'reg_lambda': 0.49612234829716906}. Best is trial 22 with value: 917.7874178620905.
[I 2026-03-17 16:59:36,719] Trial 29 finished with value: 1002.8587966230479 and parameters: {'max_depth': 8, 'learning_rate': 0.050761789919783556, 'subsample': 0.8345954572009507, 'colsample_bytree': 0.8901201941137629, 'reg_alpha': 0.5462542471908531, 'reg_lambda': 2.1707316365915803}. Best is trial 22 with value: 917.7874178620905.
[I 2026-03-17 17:02:11,208] A new study created in memory with name: no-name-21ab7c0c-4964-4c88-9f23-2ccbb14c38bf
[I 2026-03-17 17:02:11,806] Trial 0 finished with value: 554.5529738317666 and parameters: {'max_depth': 3, 'learning_rate': 0.08386890858445789, 'subsample': 0.6904837873012019, 'colsample_bytree': 0.9608869026525023, 'reg_alpha': 0.6678487584341106, 'reg_lambda': 2.493360341334764}. Best is trial 0 with value: 554.5529738317666.
[I 2026-03-17 17:02:13,838] Trial 1 finished with value: 280.4602448538598 and parameters: {'max_depth': 6, 'learning_rate': 0.027215821523953986, 'subsample': 0.8337155226135453, 'colsample_bytree': 0.6685217961871855, 'reg_alpha': 0.7970042544386124, 'reg_lambda': 4.060277126533993}. Best is trial 1 with value: 280.4602448538598.
[I 2026-03-17 17:02:16,203] Trial 2 finished with value: 549.5430848481345 and parameters: {'max_depth': 3, 'learning_rate': 0.02393596753543005, 'subsample': 0.675686273278249, 'colsample_bytree': 0.6228189425949123, 'reg_alpha': 0.611198735963173, 'reg_lambda': 0.9657163516105693}. Best is trial 1 with value: 280.4602448538598.
[I 2026-03-17 17:02:17,275] Trial 3 finished with value: 245.60580191808438 and parameters: {'max_depth': 8, 'learning_rate': 0.09800874380927653, 'subsample': 0.9199727195172025, 'colsample_bytree': 0.6980532104649191, 'reg_alpha': 0.44805212827081764, 'reg_lambda': 2.3459316149180154}. Best is trial 3 with value: 245.60580191808438.
[I 2026-03-17 17:02:21,544] Trial 4 finished with value: 249.00506585319638 and parameters: {'max_depth': 10, 'learning_rate': 0.05580958042326732, 'subsample': 0.6915903999191048, 'colsample_bytree': 0.6616717113570049, 'reg_alpha': 0.827516395320694, 'reg_lambda': 0.38088709457977044}. Best is trial 3 with value: 245.60580191808438.
[I 2026-03-17 17:02:32,203] Trial 5 finished with value: 227.90728827059078 and parameters: {'max_depth': 9, 'learning_rate': 0.012623120788625559, 'subsample': 0.6635711042465807, 'colsample_bytree': 0.7693608599494561, 'reg_alpha': 0.6843532568893204, 'reg_lambda': 3.3040549926461855}. Best is trial 5 with value: 227.90728827059078.
[I 2026-03-17 17:02:35,306] Trial 6 finished with value: 227.10986868886474 and parameters: {'max_depth': 10, 'learning_rate': 0.06138809141429869, 'subsample': 0.6279163120129707, 'colsample_bytree': 0.8056063909372699, 'reg_alpha': 0.30643759390015035, 'reg_lambda': 4.83885713553368}. Best is trial 6 with value: 227.10986868886474.
[I 2026-03-17 17:02:36,528] Trial 7 finished with value: 230.34531211238928 and parameters: {'max_depth': 8, 'learning_rate': 0.09350432302764701, 'subsample': 0.6927090235442492, 'colsample_bytree': 0.9079204572165525, 'reg_alpha': 0.9650712135448813, 'reg_lambda': 2.4258686123000017}. Best is trial 6 with value: 227.10986868886474.
[I 2026-03-17 17:02:37,214] Trial 8 finished with value: 312.3431714094455 and parameters: {'max_depth': 5, 'learning_rate': 0.07153091773577651, 'subsample': 0.784583108125189, 'colsample_bytree': 0.9588613054344299, 'reg_alpha': 0.5236841194651904, 'reg_lambda': 1.1742541667882738}. Best is trial 6 with value: 227.10986868886474.
[I 2026-03-17 17:02:41,344] Trial 9 finished with value: 218.74406139385388 and parameters: {'max_depth': 10, 'learning_rate': 0.05391896182290714, 'subsample': 0.7832399126821834, 'colsample_bytree': 0.8312359150267813, 'reg_alpha': 0.014784576186345655, 'reg_lambda': 1.2776028581436072}. Best is trial 9 with value: 218.74406139385388.
[I 2026-03-17 17:02:43,191] Trial 10 finished with value: 249.73735873282132 and parameters: {'max_depth': 7, 'learning_rate': 0.04055667430882252, 'subsample': 0.9991351348624271, 'colsample_bytree': 0.8534964258556289, 'reg_alpha': 0.007258134616317685, 'reg_lambda': 1.5217580248404903}. Best is trial 9 with value: 218.74406139385388.
[I 2026-03-17 17:02:46,371] Trial 11 finished with value: 223.77267376723722 and parameters: {'max_depth': 10, 'learning_rate': 0.0640080532244517, 'subsample': 0.7712628330812289, 'colsample_bytree': 0.7864409838978642, 'reg_alpha': 0.06704111120044998, 'reg_lambda': 4.947548774137677}. Best is trial 9 with value: 218.74406139385388.
[I 2026-03-17 17:02:50,817] Trial 12 finished with value: 223.45717215861515 and parameters: {'max_depth': 10, 'learning_rate': 0.046229626120964616, 'subsample': 0.7871488104286708, 'colsample_bytree': 0.7848186337989814, 'reg_alpha': 0.004241684051843959, 'reg_lambda': 4.935542365129452}. Best is trial 9 with value: 218.74406139385388.
[I 2026-03-17 17:02:54,604] Trial 13 finished with value: 228.76504571913577 and parameters: {'max_depth': 9, 'learning_rate': 0.043593202004368246, 'subsample': 0.8437854627547533, 'colsample_bytree': 0.7399737585289528, 'reg_alpha': 0.20528663052237942, 'reg_lambda': 0.019652718965644134}. Best is trial 9 with value: 218.74406139385388.
[I 2026-03-17 17:02:56,907] Trial 14 finished with value: 230.5889767538415 and parameters: {'max_depth': 8, 'learning_rate': 0.042368245947298475, 'subsample': 0.7402436230174652, 'colsample_bytree': 0.8515846836641061, 'reg_alpha': 0.16714853379619832, 'reg_lambda': 3.509243119889529}. Best is trial 9 with value: 218.74406139385388.
[I 2026-03-17 17:02:57,554] Trial 15 finished with value: 310.0443910663846 and parameters: {'max_depth': 5, 'learning_rate': 0.07116067750249264, 'subsample': 0.8766402287957563, 'colsample_bytree': 0.8478064773729923, 'reg_alpha': 0.35020330219806745, 'reg_lambda': 1.794409179288853}. Best is trial 9 with value: 218.74406139385388.
[I 2026-03-17 17:03:00,430] Trial 16 finished with value: 232.37515617775944 and parameters: {'max_depth': 9, 'learning_rate': 0.049027249123369795, 'subsample': 0.7512400260815961, 'colsample_bytree': 0.7240483163742332, 'reg_alpha': 0.11281827680480284, 'reg_lambda': 3.1136811934994126}. Best is trial 9 with value: 218.74406139385388.
[I 2026-03-17 17:03:02,858] Trial 17 finished with value: 242.62077209570876 and parameters: {'max_depth': 7, 'learning_rate': 0.031537262241306846, 'subsample': 0.9206569778754544, 'colsample_bytree': 0.8976621357468615, 'reg_alpha': 0.25999814133323224, 'reg_lambda': 3.9169586188979677}. Best is trial 9 with value: 218.74406139385388.
[I 2026-03-17 17:03:05,838] Trial 18 finished with value: 224.35775263640272 and parameters: {'max_depth': 10, 'learning_rate': 0.07778403177939827, 'subsample': 0.8174064082844309, 'colsample_bytree': 0.8144188828603316, 'reg_alpha': 0.049943654434141616, 'reg_lambda': 1.8755477133519585}. Best is trial 9 with value: 218.74406139385388.
[I 2026-03-17 17:03:08,952] Trial 19 finished with value: 216.92240099824178 and parameters: {'max_depth': 9, 'learning_rate': 0.053219166761699147, 'subsample': 0.8876263836556024, 'colsample_bytree': 0.8951770137388027, 'reg_alpha': 0.4090197788854706, 'reg_lambda': 0.6995711981442474}. Best is trial 19 with value: 216.92240099824178.
[I 2026-03-17 17:03:11,910] Trial 20 finished with value: 213.05781772769816 and parameters: {'max_depth': 9, 'learning_rate': 0.05495978140427732, 'subsample': 0.984624074558439, 'colsample_bytree': 0.9920526034320672, 'reg_alpha': 0.4047796826111078, 'reg_lambda': 0.7012694810201565}. Best is trial 20 with value: 213.05781772769816.
[I 2026-03-17 17:03:14,967] Trial 21 finished with value: 213.94299716720826 and parameters: {'max_depth': 9, 'learning_rate': 0.055469075946742774, 'subsample': 0.9850231977300258, 'colsample_bytree': 0.9837153280405364, 'reg_alpha': 0.4168881940804285, 'reg_lambda': 0.680420021121475}. Best is trial 20 with value: 213.05781772769816.
[I 2026-03-17 17:03:17,788] Trial 22 finished with value: 222.5230322177647 and parameters: {'max_depth': 9, 'learning_rate': 0.06226767395043345, 'subsample': 0.9955918776206669, 'colsample_bytree': 0.9967709921325018, 'reg_alpha': 0.42031847117763516, 'reg_lambda': 0.5146365236485126}. Best is trial 20 with value: 213.05781772769816.
[I 2026-03-17 17:03:20,609] Trial 23 finished with value: 221.86433726459427 and parameters: {'max_depth': 8, 'learning_rate': 0.03612688462028021, 'subsample': 0.9513611954935683, 'colsample_bytree': 0.9951425883940556, 'reg_alpha': 0.5366449581311048, 'reg_lambda': 0.6787404966717872}. Best is trial 20 with value: 213.05781772769816.
[I 2026-03-17 17:03:22,162] Trial 24 finished with value: 238.70180311947846 and parameters: {'max_depth': 7, 'learning_rate': 0.0530535936406775, 'subsample': 0.9595512705623008, 'colsample_bytree': 0.9202143005284005, 'reg_alpha': 0.3995604623012824, 'reg_lambda': 0.013543705293128205}. Best is trial 20 with value: 213.05781772769816.
[I 2026-03-17 17:03:24,358] Trial 25 finished with value: 216.7638562326088 and parameters: {'max_depth': 9, 'learning_rate': 0.07275957437875427, 'subsample': 0.8928905099827568, 'colsample_bytree': 0.9493372036005454, 'reg_alpha': 0.48484501766770466, 'reg_lambda': 0.8099060108382208}. Best is trial 20 with value: 213.05781772769816.
[I 2026-03-17 17:03:25,066] Trial 26 finished with value: 267.58750135233197 and parameters: {'max_depth': 6, 'learning_rate': 0.08517942970023566, 'subsample': 0.9600022383145201, 'colsample_bytree': 0.9510953208130702, 'reg_alpha': 0.5579398718431794, 'reg_lambda': 1.901643070167958}. Best is trial 20 with value: 213.05781772769816.
[I 2026-03-17 17:03:26,721] Trial 27 finished with value: 224.3926746083054 and parameters: {'max_depth': 8, 'learning_rate': 0.07051619730780553, 'subsample': 0.9139535578274733, 'colsample_bytree': 0.9325944403544625, 'reg_alpha': 0.3154684431365541, 'reg_lambda': 1.0296821290714302}. Best is trial 20 with value: 213.05781772769816.
[I 2026-03-17 17:03:28,942] Trial 28 finished with value: 216.99730928090796 and parameters: {'max_depth': 9, 'learning_rate': 0.0788316765880341, 'subsample': 0.8775346614882429, 'colsample_bytree': 0.9790412391022552, 'reg_alpha': 0.47501018602038186, 'reg_lambda': 0.3149764530427178}. Best is trial 20 with value: 213.05781772769816.
[I 2026-03-17 17:03:29,463] Trial 29 finished with value: 385.2129100053994 and parameters: {'max_depth': 4, 'learning_rate': 0.06432571349306788, 'subsample': 0.9773227967934462, 'colsample_bytree': 0.9636393918940113, 'reg_alpha': 0.6795220673020999, 'reg_lambda': 1.5214826935728245}. Best is trial 20 with value: 213.05781772769816.
[I 2026-03-17 17:05:34,360] A new study created in memory with name: no-name-687458a7-f37e-4688-bdd7-810fab813b66
[I 2026-03-17 17:05:35,535] Trial 0 finished with value: 212.3470086096358 and parameters: {'max_depth': 6, 'learning_rate': 0.05485704297963536, 'subsample': 0.9922966746366205, 'colsample_bytree': 0.6102142009638581, 'reg_alpha': 0.29638684873504595, 'reg_lambda': 2.81801351920445}. Best is trial 0 with value: 212.3470086096358.
[I 2026-03-17 17:05:38,501] Trial 1 finished with value: 227.66943723737296 and parameters: {'max_depth': 5, 'learning_rate': 0.014571718339452122, 'subsample': 0.919994208527581, 'colsample_bytree': 0.7915419058453886, 'reg_alpha': 0.1258917664963367, 'reg_lambda': 3.281066835010871}. Best is trial 0 with value: 212.3470086096358.
[I 2026-03-17 17:05:40,107] Trial 2 finished with value: 199.36056771627514 and parameters: {'max_depth': 6, 'learning_rate': 0.03703861698459795, 'subsample': 0.9348038827486032, 'colsample_bytree': 0.7662020749973948, 'reg_alpha': 0.623780579480802, 'reg_lambda': 0.9225021440062187}. Best is trial 2 with value: 199.36056771627514.
[I 2026-03-17 17:05:43,642] Trial 3 finished with value: 181.70729359859763 and parameters: {'max_depth': 7, 'learning_rate': 0.020407774286659113, 'subsample': 0.7968526553856119, 'colsample_bytree': 0.752686649758908, 'reg_alpha': 0.4605850744274158, 'reg_lambda': 2.9759844328423584}. Best is trial 3 with value: 181.70729359859763.
