[I 2026-03-17 16:14:07,415] Trial 4 finished with value: 438.29701137069696 and parameters: {'max_depth': 10, 'learning_rate': 0.01591848231965263, 'subsample': 0.7226322536145067, 'colsample_bytree': 0.9422746496543492, 'reg_alpha': 0.7379671852609351, 'reg_lambda': 4.78774336331067}. Best is trial 2 with value: 351.9688119977961.
[I 2026-03-17 16:14:08,183] Trial 5 finished with value: 391.1447961189068 and parameters: {'max_depth': 5, 'learning_rate': 0.0635037255144276, 'subsample': 0.6882064090207051, 'colsample_bytree': 0.9180371778193254, 'reg_alpha': 0.31448387628666086, 'reg_lambda': 4.5721894577384345}. Best is trial 2 with value: 351.9688119977961.
[I 2026-03-17 16:14:09,520] Trial 6 finished with value: 425.6247450274476 and parameters: {'max_depth': 8, 'learning_rate': 0.07953510006713783, 'subsample': 0.8167223520070378, 'colsample_bytree': 0.8231120946841125, 'reg_alpha': 0.1743157507350308, 'reg_lambda': 3.211338732177958}. Best is trial 2 with value: 351.9688119977961.
[I 2026-03-17 16:14:10,055] Trial 7 finished with value: 379.58127937812367 and parameters: {'max_depth': 5, 'learning_rate': 0.09288665137491912, 'subsample': 0.7552010937229996, 'colsample_bytree': 0.9314903402879772, 'reg_alpha': 0.7467794643310718, 'reg_lambda': 3.391493652583746}. Best is trial 2 with value: 351.9688119977961.
[I 2026-03-17 16:14:10,606] Trial 8 finished with value: 397.8990881030433 and parameters: {'max_depth': 5, 'learning_rate': 0.08330019529185646, 'subsample': 0.6574307387185157, 'colsample_bytree': 0.6392585213333213, 'reg_alpha': 0.2162244187279474, 'reg_lambda': 1.4477021653464766}. Best is trial 2 with value: 351.9688119977961.
[I 2026-03-17 16:14:11,460] Trial 9 finished with value: 494.63257774970424 and parameters: {'max_depth': 3, 'learning_rate': 0.03689603275167083, 'subsample': 0.6396808178093009, 'colsample_bytree': 0.7069081556518417, 'reg_alpha': 0.7807798390450356, 'reg_lambda': 2.4323616244968083}. Best is trial 2 with value: 351.9688119977961.
[I 2026-03-17 16:14:20,864] Trial 10 finished with value: 402.3822650253241 and parameters: {'max_depth': 8, 'learning_rate': 0.010235075012935472, 'subsample': 0.9853183587880672, 'colsample_bytree': 0.8196138541100564, 'reg_alpha': 0.47549180006757075, 'reg_lambda': 0.08865508810177802}. Best is trial 2 with value: 351.9688119977961.
[I 2026-03-17 16:14:22,287] Trial 11 finished with value: 372.73155009825234 and parameters: {'max_depth': 6, 'learning_rate': 0.03935074990626619, 'subsample': 0.8985235751800376, 'colsample_bytree': 0.8714078092597998, 'reg_alpha': 0.024421860554233482, 'reg_lambda': 3.427568396904114}. Best is trial 2 with value: 351.9688119977961.
[I 2026-03-17 16:14:24,285] Trial 12 finished with value: 349.548926699695 and parameters: {'max_depth': 7, 'learning_rate': 0.037471926197367465, 'subsample': 0.8945179385548613, 'colsample_bytree': 0.9927527845925816, 'reg_alpha': 0.003374126805476274, 'reg_lambda': 0.37785089167583163}. Best is trial 12 with value: 349.548926699695.
[I 2026-03-17 16:14:27,168] Trial 13 finished with value: 358.5041628724663 and parameters: {'max_depth': 7, 'learning_rate': 0.025559171019399023, 'subsample': 0.9076268062503342, 'colsample_bytree': 0.9906941898243699, 'reg_alpha': 0.38024986890709306, 'reg_lambda': 0.3141532580738237}. Best is trial 12 with value: 349.548926699695.
[I 2026-03-17 16:14:29,615] Trial 14 finished with value: 363.0251858685143 and parameters: {'max_depth': 7, 'learning_rate': 0.031335855401098504, 'subsample': 0.8343746624972492, 'colsample_bytree': 0.9955985008403886, 'reg_alpha': 0.14714764188327942, 'reg_lambda': 0.8239365534845475}. Best is trial 12 with value: 349.548926699695.
[I 2026-03-17 16:14:32,508] Trial 15 finished with value: 401.4914134392302 and parameters: {'max_depth': 9, 'learning_rate': 0.04895446761192977, 'subsample': 0.9440807867490656, 'colsample_bytree': 0.8626321216435237, 'reg_alpha': 0.016767017437767727, 'reg_lambda': 2.7442579905767666}. Best is trial 12 with value: 349.548926699695.
[I 2026-03-17 16:14:34,003] Trial 16 finished with value: 416.14282061278107 and parameters: {'max_depth': 4, 'learning_rate': 0.019803009566818797, 'subsample': 0.8557446910171292, 'colsample_bytree': 0.755166349844236, 'reg_alpha': 0.28998823151440384, 'reg_lambda': 4.122991754820154}. Best is trial 12 with value: 349.548926699695.
[I 2026-03-17 16:14:35,740] Trial 17 finished with value: 351.77137252382784 and parameters: {'max_depth': 7, 'learning_rate': 0.04466479750811305, 'subsample': 0.9437798957298826, 'colsample_bytree': 0.8727214267808654, 'reg_alpha': 0.12208141400809532, 'reg_lambda': 0.9337358503889361}. Best is trial 12 with value: 349.548926699695.
[I 2026-03-17 16:14:38,913] Trial 18 finished with value: 415.69074399268885 and parameters: {'max_depth': 9, 'learning_rate': 0.043849973101071325, 'subsample': 0.7758236868746041, 'colsample_bytree': 0.6101083803258341, 'reg_alpha': 0.45696256641877586, 'reg_lambda': 0.8861468900774582}. Best is trial 12 with value: 349.548926699695.
[I 2026-03-17 16:14:39,995] Trial 19 finished with value: 368.2800375266794 and parameters: {'max_depth': 6, 'learning_rate': 0.05806378667351389, 'subsample': 0.8686907149950359, 'colsample_bytree': 0.9674179130519216, 'reg_alpha': 0.6053389559962257, 'reg_lambda': 0.7268653124948381}. Best is trial 12 with value: 349.548926699695.
[I 2026-03-17 16:14:41,949] Trial 20 finished with value: 403.8929452025514 and parameters: {'max_depth': 9, 'learning_rate': 0.07337376078995561, 'subsample': 0.9206791973277473, 'colsample_bytree': 0.8918150893684739, 'reg_alpha': 0.2574907040647398, 'reg_lambda': 1.2827971464571706}. Best is trial 12 with value: 349.548926699695.
[I 2026-03-17 16:14:44,351] Trial 21 finished with value: 364.66174408329476 and parameters: {'max_depth': 7, 'learning_rate': 0.03133693818847809, 'subsample': 0.9563548170234651, 'colsample_bytree': 0.8497778020826866, 'reg_alpha': 0.1131740273504382, 'reg_lambda': 2.569384589272368}. Best is trial 12 with value: 349.548926699695.
[I 2026-03-17 16:14:46,781] Trial 22 finished with value: 378.32980303860876 and parameters: {'max_depth': 7, 'learning_rate': 0.027775279158186138, 'subsample': 0.9567593680947902, 'colsample_bytree': 0.7791041142597407, 'reg_alpha': 0.11139000724359183, 'reg_lambda': 0.4212921694217644}. Best is trial 12 with value: 349.548926699695.
[I 2026-03-17 16:14:49,171] Trial 23 finished with value: 394.2638584992353 and parameters: {'max_depth': 8, 'learning_rate': 0.04178199656513953, 'subsample': 0.8729991839886206, 'colsample_bytree': 0.9512069448081235, 'reg_alpha': 0.0020115520640545392, 'reg_lambda': 2.0268705547642365}. Best is trial 12 with value: 349.548926699695.
[I 2026-03-17 16:14:50,332] Trial 24 finished with value: 368.6950651917806 and parameters: {'max_depth': 6, 'learning_rate': 0.05153351030575409, 'subsample': 0.9391559033303863, 'colsample_bytree': 0.8396397518659636, 'reg_alpha': 0.3709704672725747, 'reg_lambda': 0.040022987841014435}. Best is trial 12 with value: 349.548926699695.
[I 2026-03-17 16:14:52,490] Trial 25 finished with value: 354.62122398401766 and parameters: {'max_depth': 7, 'learning_rate': 0.034873905441654245, 'subsample': 0.9962649127355828, 'colsample_bytree': 0.8954301136193692, 'reg_alpha': 0.19795932382041398, 'reg_lambda': 4.087657999226947}. Best is trial 12 with value: 349.548926699695.
[I 2026-03-17 16:14:57,358] Trial 26 finished with value: 384.9987958183552 and parameters: {'max_depth': 8, 'learning_rate': 0.02083700751554923, 'subsample': 0.9763251976502039, 'colsample_bytree': 0.8045751266365385, 'reg_alpha': 0.15719877951880576, 'reg_lambda': 1.0862256509905859}. Best is trial 12 with value: 349.548926699695.
[I 2026-03-17 16:14:58,073] Trial 27 finished with value: 388.50975616142694 and parameters: {'max_depth': 5, 'learning_rate': 0.06013288840622258, 'subsample': 0.9290462777814549, 'colsample_bytree': 0.724564565100893, 'reg_alpha': 0.09549867023673997, 'reg_lambda': 2.976598277226169}. Best is trial 12 with value: 349.548926699695.
[I 2026-03-17 16:14:59,279] Trial 28 finished with value: 375.7240524157129 and parameters: {'max_depth': 6, 'learning_rate': 0.045601817570224294, 'subsample': 0.8897873237685228, 'colsample_bytree': 0.8758206920162082, 'reg_alpha': 0.24822552920394786, 'reg_lambda': 0.4597194539604126}. Best is trial 12 with value: 349.548926699695.
[I 2026-03-17 16:15:00,870] Trial 29 finished with value: 417.95678186734045 and parameters: {'max_depth': 8, 'learning_rate': 0.06924181298529275, 'subsample': 0.8472554688220221, 'colsample_bytree': 0.9672155167529153, 'reg_alpha': 0.3514896834086434, 'reg_lambda': 2.1571035705930277}. Best is trial 12 with value: 349.548926699695.
[I 2026-03-17 16:16:24,321] A new study created in memory with name: no-name-316ba59f-592b-46c9-a5c9-4ea06bf10c38
[I 2026-03-17 16:16:25,028] Trial 0 finished with value: 1778.6018443595003 and parameters: {'max_depth': 3, 'learning_rate': 0.07374910308301309, 'subsample': 0.7635257100245708, 'colsample_bytree': 0.8157387852267282, 'reg_alpha': 0.9315254096907444, 'reg_lambda': 0.2038631125188034}. Best is trial 0 with value: 1778.6018443595003.
[I 2026-03-17 16:16:26,033] Trial 1 finished with value: 1217.4792338118268 and parameters: {'max_depth': 4, 'learning_rate': 0.07199185021873164, 'subsample': 0.7894011411785015, 'colsample_bytree': 0.704696591615587, 'reg_alpha': 0.25354958189459775, 'reg_lambda': 2.7696069099770155}. Best is trial 1 with value: 1217.4792338118268.
[I 2026-03-17 16:16:27,226] Trial 2 finished with value: 1045.388514341385 and parameters: {'max_depth': 5, 'learning_rate': 0.0388576669370842, 'subsample': 0.8225293678385291, 'colsample_bytree': 0.9596889148812006, 'reg_alpha': 0.2694080614443549, 'reg_lambda': 3.6630018820969266}. Best is trial 2 with value: 1045.388514341385.
[I 2026-03-17 16:16:30,725] Trial 3 finished with value: 1887.3051185884178 and parameters: {'max_depth': 9, 'learning_rate': 0.055116255281577806, 'subsample': 0.7067509167573756, 'colsample_bytree': 0.6751133294112724, 'reg_alpha': 0.7480960170017618, 'reg_lambda': 2.1335361900021166}. Best is trial 2 with value: 1045.388514341385.
[I 2026-03-17 16:16:32,060] Trial 4 finished with value: 1140.4899826546907 and parameters: {'max_depth': 5, 'learning_rate': 0.031035845995462503, 'subsample': 0.9475499282831364, 'colsample_bytree': 0.7093759165335763, 'reg_alpha': 0.4902108345077175, 'reg_lambda': 4.5866639914247695}. Best is trial 2 with value: 1045.388514341385.
[I 2026-03-17 16:16:32,732] Trial 5 finished with value: 1089.2597823314443 and parameters: {'max_depth': 5, 'learning_rate': 0.07148890236647717, 'subsample': 0.952755334696893, 'colsample_bytree': 0.8811420767812401, 'reg_alpha': 0.8085457046585545, 'reg_lambda': 3.030299060202472}. Best is trial 2 with value: 1045.388514341385.
[I 2026-03-17 16:16:35,162] Trial 6 finished with value: 1163.2209540773974 and parameters: {'max_depth': 4, 'learning_rate': 0.024417976288907444, 'subsample': 0.8688135632406108, 'colsample_bytree': 0.6951930694623777, 'reg_alpha': 0.8268484748726398, 'reg_lambda': 3.665699837134361}. Best is trial 2 with value: 1045.388514341385.
[I 2026-03-17 16:16:36,473] Trial 7 finished with value: 1251.8729410251992 and parameters: {'max_depth': 6, 'learning_rate': 0.047871430716392514, 'subsample': 0.7693608653989829, 'colsample_bytree': 0.654153717501135, 'reg_alpha': 0.429060537455179, 'reg_lambda': 3.0281864435772428}. Best is trial 2 with value: 1045.388514341385.
[I 2026-03-17 16:16:37,156] Trial 8 finished with value: 1357.6450422953465 and parameters: {'max_depth': 6, 'learning_rate': 0.09436719003254603, 'subsample': 0.8871944547131667, 'colsample_bytree': 0.6207369824028263, 'reg_alpha': 0.980007435729524, 'reg_lambda': 2.803083629075993}. Best is trial 2 with value: 1045.388514341385.
[I 2026-03-17 16:16:41,235] Trial 9 finished with value: 1108.6084053173001 and parameters: {'max_depth': 5, 'learning_rate': 0.010571854583419943, 'subsample': 0.6982532707870281, 'colsample_bytree': 0.7705495854784788, 'reg_alpha': 0.3930799391291331, 'reg_lambda': 0.2493927006664215}. Best is trial 2 with value: 1045.388514341385.
[I 2026-03-17 16:16:44,034] Trial 10 finished with value: 1039.8250671730978 and parameters: {'max_depth': 8, 'learning_rate': 0.04180829739675677, 'subsample': 0.6108895290721562, 'colsample_bytree': 0.9925646293918811, 'reg_alpha': 0.05895360134424377, 'reg_lambda': 4.982271395092242}. Best is trial 10 with value: 1039.8250671730978.
[I 2026-03-17 16:16:47,951] Trial 11 finished with value: 1136.4308382457982 and parameters: {'max_depth': 9, 'learning_rate': 0.04075844008976199, 'subsample': 0.6098371735990678, 'colsample_bytree': 0.9976796477483936, 'reg_alpha': 0.004725721012609485, 'reg_lambda': 4.941922028735761}. Best is trial 10 with value: 1039.8250671730978.
[I 2026-03-17 16:16:49,947] Trial 12 finished with value: 1047.9683082325655 and parameters: {'max_depth': 8, 'learning_rate': 0.056349830709851494, 'subsample': 0.6482728165956437, 'colsample_bytree': 0.9946198831469748, 'reg_alpha': 0.038786606772858834, 'reg_lambda': 4.019088388233013}. Best is trial 10 with value: 1039.8250671730978.
[I 2026-03-17 16:16:52,303] Trial 13 finished with value: 1196.4567931681054 and parameters: {'max_depth': 7, 'learning_rate': 0.031675580780524175, 'subsample': 0.869473364129975, 'colsample_bytree': 0.9191038622486732, 'reg_alpha': 0.18879184563405782, 'reg_lambda': 1.7069845838200388}. Best is trial 10 with value: 1039.8250671730978.
[I 2026-03-17 16:17:06,782] Trial 14 finished with value: 1387.0352214616432 and parameters: {'max_depth': 10, 'learning_rate': 0.017461161702894835, 'subsample': 0.8176120761419948, 'colsample_bytree': 0.9090256536998944, 'reg_alpha': 0.19673050735192815, 'reg_lambda': 4.116987555665285}. Best is trial 10 with value: 1039.8250671730978.
[I 2026-03-17 16:17:08,656] Trial 15 finished with value: 1032.0969610408492 and parameters: {'max_depth': 7, 'learning_rate': 0.04134770624430455, 'subsample': 0.7088911703162829, 'colsample_bytree': 0.9551077707959973, 'reg_alpha': 0.6217097318713914, 'reg_lambda': 3.6152623915639155}. Best is trial 15 with value: 1032.0969610408492.
[I 2026-03-17 16:17:10,024] Trial 16 finished with value: 1189.758856663599 and parameters: {'max_depth': 7, 'learning_rate': 0.05994374543174156, 'subsample': 0.6922146903654406, 'colsample_bytree': 0.8344170475774855, 'reg_alpha': 0.6307618137434385, 'reg_lambda': 4.928850087413767}. Best is trial 15 with value: 1032.0969610408492.
[I 2026-03-17 16:17:12,776] Trial 17 finished with value: 1065.462894861652 and parameters: {'max_depth': 8, 'learning_rate': 0.039645921938220856, 'subsample': 0.6063521552389615, 'colsample_bytree': 0.9514980456014581, 'reg_alpha': 0.6453918596652974, 'reg_lambda': 4.242554806645289}. Best is trial 15 with value: 1032.0969610408492.
[I 2026-03-17 16:17:13,995] Trial 18 finished with value: 1444.553759254166 and parameters: {'max_depth': 8, 'learning_rate': 0.09337375815431143, 'subsample': 0.6561830914331647, 'colsample_bytree': 0.8589846859696543, 'reg_alpha': 0.5546207473101277, 'reg_lambda': 1.31191778815447}. Best is trial 15 with value: 1032.0969610408492.
[I 2026-03-17 16:17:18,179] Trial 19 finished with value: 1676.8677295605753 and parameters: {'max_depth': 10, 'learning_rate': 0.06425124363112854, 'subsample': 0.7355785361480178, 'colsample_bytree': 0.7854613348238696, 'reg_alpha': 0.38116423435260915, 'reg_lambda': 3.439451261246644}. Best is trial 15 with value: 1032.0969610408492.
[I 2026-03-17 16:17:19,942] Trial 20 finished with value: 978.6361092008747 and parameters: {'max_depth': 7, 'learning_rate': 0.046679389409506784, 'subsample': 0.6581133576292434, 'colsample_bytree': 0.9466009769735033, 'reg_alpha': 0.10607378365892453, 'reg_lambda': 4.455112982192578}. Best is trial 20 with value: 978.6361092008747.
[I 2026-03-17 16:17:21,752] Trial 21 finished with value: 1042.5253126415248 and parameters: {'max_depth': 7, 'learning_rate': 0.04864575940813589, 'subsample': 0.650078669954091, 'colsample_bytree': 0.9342471517431912, 'reg_alpha': 0.09948148083206917, 'reg_lambda': 4.380593091352655}. Best is trial 20 with value: 978.6361092008747.
[I 2026-03-17 16:17:25,345] Trial 22 finished with value: 1289.219649814452 and parameters: {'max_depth': 9, 'learning_rate': 0.047069961762661684, 'subsample': 0.6653064559108972, 'colsample_bytree': 0.8894655677503498, 'reg_alpha': 0.10451560314072564, 'reg_lambda': 4.716303166863131}. Best is trial 20 with value: 978.6361092008747.
[I 2026-03-17 16:17:28,910] Trial 23 finished with value: 1074.4213776062982 and parameters: {'max_depth': 8, 'learning_rate': 0.030555264440846035, 'subsample': 0.6203249468903353, 'colsample_bytree': 0.9691286101527586, 'reg_alpha': 0.3032549189450996, 'reg_lambda': 3.919493312145167}. Best is trial 20 with value: 978.6361092008747.
[I 2026-03-17 16:17:30,332] Trial 24 finished with value: 963.4534591582554 and parameters: {'max_depth': 6, 'learning_rate': 0.0440143564960472, 'subsample': 0.7275238196069831, 'colsample_bytree': 0.9825152391256188, 'reg_alpha': 0.13330124892557105, 'reg_lambda': 3.354051368667439}. Best is trial 24 with value: 963.4534591582554.
[I 2026-03-17 16:17:31,345] Trial 25 finished with value: 994.9182278418004 and parameters: {'max_depth': 6, 'learning_rate': 0.06411640080801079, 'subsample': 0.7362521316689246, 'colsample_bytree': 0.9356139275864191, 'reg_alpha': 0.16110445734037318, 'reg_lambda': 3.469471365155802}. Best is trial 24 with value: 963.4534591582554.
[I 2026-03-17 16:17:32,122] Trial 26 finished with value: 1092.835087331086 and parameters: {'max_depth': 6, 'learning_rate': 0.08436479429599564, 'subsample': 0.7404833350925798, 'colsample_bytree': 0.8667386082396674, 'reg_alpha': 0.1700658499411089, 'reg_lambda': 3.3646973164405014}. Best is trial 24 with value: 963.4534591582554.
[I 2026-03-17 16:17:33,193] Trial 27 finished with value: 1077.208742344261 and parameters: {'max_depth': 6, 'learning_rate': 0.06333335418042654, 'subsample': 0.7267853491295673, 'colsample_bytree': 0.9112151037310583, 'reg_alpha': 0.14487342339787027, 'reg_lambda': 2.2907023208749466}. Best is trial 24 with value: 963.4534591582554.
[I 2026-03-17 16:17:33,983] Trial 28 finished with value: 1247.2856854775173 and parameters: {'max_depth': 4, 'learning_rate': 0.07957041384139457, 'subsample': 0.6791683221787672, 'colsample_bytree': 0.7482039200693137, 'reg_alpha': 0.324731191876081, 'reg_lambda': 3.2242828957539906}. Best is trial 24 with value: 963.4534591582554.
[I 2026-03-17 16:17:34,763] Trial 29 finished with value: 1732.1138203390026 and parameters: {'max_depth': 3, 'learning_rate': 0.0687076219240173, 'subsample': 0.7592633325037194, 'colsample_bytree': 0.8134873936689799, 'reg_alpha': 0.22456920037743353, 'reg_lambda': 3.880143517884155}. Best is trial 24 with value: 963.4534591582554.
[I 2026-03-17 16:18:41,924] A new study created in memory with name: no-name-bf07ab67-7081-4c74-9cbe-2a46311adb45
[I 2026-03-17 16:18:45,441] Trial 0 finished with value: 528.1393171246743 and parameters: {'max_depth': 10, 'learning_rate': 0.06275800894627757, 'subsample': 0.8765572204099921, 'colsample_bytree': 0.6371607631685566, 'reg_alpha': 0.7332384063875141, 'reg_lambda': 1.806772718252998}. Best is trial 0 with value: 528.1393171246743.
[I 2026-03-17 16:18:48,369] Trial 1 finished with value: 552.8008626192395 and parameters: {'max_depth': 10, 'learning_rate': 0.09129100031704104, 'subsample': 0.9226564823314396, 'colsample_bytree': 0.9936549296440791, 'reg_alpha': 0.7726330628095697, 'reg_lambda': 2.607755419987609}. Best is trial 0 with value: 528.1393171246743.
[I 2026-03-17 16:18:49,031] Trial 2 finished with value: 541.7212653618747 and parameters: {'max_depth': 4, 'learning_rate': 0.06112966356112712, 'subsample': 0.6040352170776612, 'colsample_bytree': 0.96133272919644, 'reg_alpha': 0.5021297542740752, 'reg_lambda': 4.847752792531549}. Best is trial 0 with value: 528.1393171246743.
[I 2026-03-17 16:18:49,349] Trial 3 finished with value: 650.3097620471788 and parameters: {'max_depth': 3, 'learning_rate': 0.09066316733606791, 'subsample': 0.9946097894084748, 'colsample_bytree': 0.9812428723783744, 'reg_alpha': 0.21711033313960015, 'reg_lambda': 0.6443580619926292}. Best is trial 0 with value: 528.1393171246743.
[I 2026-03-17 16:18:51,317] Trial 4 finished with value: 535.1156742197056 and parameters: {'max_depth': 5, 'learning_rate': 0.022673662106587007, 'subsample': 0.6108285707030153, 'colsample_bytree': 0.9147353697383231, 'reg_alpha': 0.9766317531296562, 'reg_lambda': 0.21640253509753515}. Best is trial 0 with value: 528.1393171246743.
[I 2026-03-17 16:18:54,040] Trial 5 finished with value: 485.40768194080897 and parameters: {'max_depth': 6, 'learning_rate': 0.021182505808032954, 'subsample': 0.7451885307418191, 'colsample_bytree': 0.9515252899211611, 'reg_alpha': 0.060169253862378924, 'reg_lambda': 0.4828507323399506}. Best is trial 5 with value: 485.40768194080897.
[I 2026-03-17 16:18:54,619] Trial 6 finished with value: 525.5855030140071 and parameters: {'max_depth': 5, 'learning_rate': 0.08483471596452093, 'subsample': 0.7456219324790413, 'colsample_bytree': 0.8604328125201426, 'reg_alpha': 0.42823966928588575, 'reg_lambda': 4.016279567132895}. Best is trial 5 with value: 485.40768194080897.
[I 2026-03-17 16:18:56,340] Trial 7 finished with value: 573.2798430566485 and parameters: {'max_depth': 9, 'learning_rate': 0.09363623929626821, 'subsample': 0.6451331982330911, 'colsample_bytree': 0.8971677386881245, 'reg_alpha': 0.5889249296041503, 'reg_lambda': 4.539468366592157}. Best is trial 5 with value: 485.40768194080897.
