[I 2026-03-17 17:21:20,562] Trial 20 finished with value: 28576.55681157942 and parameters: {'max_depth': 4, 'learning_rate': 0.06321072732628788, 'subsample': 0.944986597329698, 'colsample_bytree': 0.8311212350830268, 'reg_alpha': 0.1918655812106873, 'reg_lambda': 2.882765797121167}. Best is trial 18 with value: 28333.228079718403.
[I 2026-03-17 17:21:21,037] Trial 21 finished with value: 28247.45937231335 and parameters: {'max_depth': 4, 'learning_rate': 0.06471400085803727, 'subsample': 0.8668135495059325, 'colsample_bytree': 0.7885232256153419, 'reg_alpha': 0.16554725132277623, 'reg_lambda': 2.3156597049756322}. Best is trial 21 with value: 28247.45937231335.
[I 2026-03-17 17:21:21,456] Trial 22 finished with value: 28125.278530255655 and parameters: {'max_depth': 4, 'learning_rate': 0.0756676962364157, 'subsample': 0.9119447580021683, 'colsample_bytree': 0.7803098431260933, 'reg_alpha': 0.41704666131598706, 'reg_lambda': 2.4235081755979864}. Best is trial 22 with value: 28125.278530255655.
[I 2026-03-17 17:21:22,203] Trial 23 finished with value: 33297.89838780912 and parameters: {'max_depth': 7, 'learning_rate': 0.07897758504976453, 'subsample': 0.9317290241807804, 'colsample_bytree': 0.7670800160621893, 'reg_alpha': 0.008662855517486578, 'reg_lambda': 1.8525829042363084}. Best is trial 22 with value: 28125.278530255655.
[I 2026-03-17 17:21:22,648] Trial 24 finished with value: 28703.962442135147 and parameters: {'max_depth': 4, 'learning_rate': 0.05776710042090695, 'subsample': 0.9954887458037186, 'colsample_bytree': 0.719275814876907, 'reg_alpha': 0.4065901370815655, 'reg_lambda': 2.4591343386352102}. Best is trial 22 with value: 28125.278530255655.
[I 2026-03-17 17:21:23,163] Trial 25 finished with value: 30782.419255946374 and parameters: {'max_depth': 6, 'learning_rate': 0.08841737443134245, 'subsample': 0.9140009034902928, 'colsample_bytree': 0.7922206555506637, 'reg_alpha': 0.24184726247955038, 'reg_lambda': 1.58859096116314}. Best is trial 22 with value: 28125.278530255655.
[I 2026-03-17 17:21:23,538] Trial 26 finished with value: 28726.637048779456 and parameters: {'max_depth': 4, 'learning_rate': 0.06845941875945553, 'subsample': 0.9735564753639447, 'colsample_bytree': 0.7830691442763034, 'reg_alpha': 0.3955194077428794, 'reg_lambda': 2.4988263796595933}. Best is trial 22 with value: 28125.278530255655.
[I 2026-03-17 17:21:23,932] Trial 27 finished with value: 31234.747879944178 and parameters: {'max_depth': 3, 'learning_rate': 0.07842357634272343, 'subsample': 0.8176038890471033, 'colsample_bytree': 0.7120243223905394, 'reg_alpha': 0.4799338850529599, 'reg_lambda': 0.9941873711838167}. Best is trial 22 with value: 28125.278530255655.
[I 2026-03-17 17:21:24,624] Trial 28 finished with value: 30824.001418025982 and parameters: {'max_depth': 6, 'learning_rate': 0.05871752714045148, 'subsample': 0.8640579421581768, 'colsample_bytree': 0.8178776951412898, 'reg_alpha': 0.1020182633005308, 'reg_lambda': 2.8008330471956135}. Best is trial 22 with value: 28125.278530255655.
[I 2026-03-17 17:21:26,027] Trial 29 finished with value: 35450.36958303521 and parameters: {'max_depth': 8, 'learning_rate': 0.050534886810117474, 'subsample': 0.8485458990226702, 'colsample_bytree': 0.7399446544454622, 'reg_alpha': 0.35034143068425466, 'reg_lambda': 0.3875808664647713}. Best is trial 22 with value: 28125.278530255655.
[I 2026-03-17 17:22:30,756] A new study created in memory with name: no-name-fb627b38-1149-4913-b95e-44b065d3e774
[I 2026-03-17 17:22:36,347] Trial 0 finished with value: 1102.7090967044526 and parameters: {'max_depth': 10, 'learning_rate': 0.05835354855712015, 'subsample': 0.9839118044560071, 'colsample_bytree': 0.827511891783038, 'reg_alpha': 0.9735358446486885, 'reg_lambda': 2.3223385272410413}. Best is trial 0 with value: 1102.7090967044526.
[I 2026-03-17 17:22:39,243] Trial 1 finished with value: 1092.7251279270724 and parameters: {'max_depth': 8, 'learning_rate': 0.048235385177494254, 'subsample': 0.8093143449526995, 'colsample_bytree': 0.8858539179339017, 'reg_alpha': 0.6199960571640467, 'reg_lambda': 2.3077270035865123}. Best is trial 1 with value: 1092.7251279270724.
[I 2026-03-17 17:22:40,172] Trial 2 finished with value: 1115.9151563960202 and parameters: {'max_depth': 5, 'learning_rate': 0.08447231663976831, 'subsample': 0.6798374838229989, 'colsample_bytree': 0.7328985614783138, 'reg_alpha': 0.003455903485156897, 'reg_lambda': 2.5430207613763693}. Best is trial 1 with value: 1092.7251279270724.
[I 2026-03-17 17:22:42,532] Trial 3 finished with value: 1087.741281683809 and parameters: {'max_depth': 6, 'learning_rate': 0.0356653379586309, 'subsample': 0.6572133027727173, 'colsample_bytree': 0.9676907674872024, 'reg_alpha': 0.2831809571331593, 'reg_lambda': 2.169478544119436}. Best is trial 3 with value: 1087.741281683809.
[I 2026-03-17 17:22:43,509] Trial 4 finished with value: 1144.182418188827 and parameters: {'max_depth': 3, 'learning_rate': 0.06936079938365762, 'subsample': 0.8952217670222979, 'colsample_bytree': 0.9350524756633949, 'reg_alpha': 0.9973967842975121, 'reg_lambda': 4.483423924022741}. Best is trial 3 with value: 1087.741281683809.
[I 2026-03-17 17:22:44,660] Trial 5 finished with value: 1092.8366017387757 and parameters: {'max_depth': 7, 'learning_rate': 0.08097384093091003, 'subsample': 0.7585162002624961, 'colsample_bytree': 0.6699869640405574, 'reg_alpha': 0.6924553314493784, 'reg_lambda': 4.965921773155414}. Best is trial 3 with value: 1087.741281683809.
[I 2026-03-17 17:22:46,189] Trial 6 finished with value: 1073.8713224302394 and parameters: {'max_depth': 7, 'learning_rate': 0.05765068147577217, 'subsample': 0.926217471733446, 'colsample_bytree': 0.8453631298276622, 'reg_alpha': 0.9182178526628061, 'reg_lambda': 4.404751534216778}. Best is trial 6 with value: 1073.8713224302394.
[I 2026-03-17 17:22:48,116] Trial 7 finished with value: 1155.7935693793331 and parameters: {'max_depth': 3, 'learning_rate': 0.03589208609301228, 'subsample': 0.6835339820534073, 'colsample_bytree': 0.6016717850151133, 'reg_alpha': 0.9371817583639174, 'reg_lambda': 2.293010545314569}. Best is trial 6 with value: 1073.8713224302394.
[I 2026-03-17 17:22:48,945] Trial 8 finished with value: 1091.7600131404708 and parameters: {'max_depth': 5, 'learning_rate': 0.08473646490332211, 'subsample': 0.9324856926098888, 'colsample_bytree': 0.929718785331585, 'reg_alpha': 0.26852420431307455, 'reg_lambda': 3.0473229110345375}. Best is trial 6 with value: 1073.8713224302394.
[I 2026-03-17 17:22:52,939] Trial 9 finished with value: 1111.6797657967604 and parameters: {'max_depth': 10, 'learning_rate': 0.07160781348395295, 'subsample': 0.8709738136540166, 'colsample_bytree': 0.6250781043253736, 'reg_alpha': 0.5742009376144113, 'reg_lambda': 1.2113453492672903}. Best is trial 6 with value: 1073.8713224302394.
[I 2026-03-17 17:23:05,363] Trial 10 finished with value: 1078.5947860857536 and parameters: {'max_depth': 8, 'learning_rate': 0.010646114061117512, 'subsample': 0.9978383292704218, 'colsample_bytree': 0.7940057194750275, 'reg_alpha': 0.762899339811075, 'reg_lambda': 3.8959717174901884}. Best is trial 6 with value: 1073.8713224302394.
[I 2026-03-17 17:23:16,279] Trial 11 finished with value: 1075.4162377620876 and parameters: {'max_depth': 8, 'learning_rate': 0.012071463821643473, 'subsample': 0.9935191043266313, 'colsample_bytree': 0.792399721623777, 'reg_alpha': 0.7793667320525863, 'reg_lambda': 3.986102067297018}. Best is trial 6 with value: 1073.8713224302394.
[I 2026-03-17 17:23:26,679] Trial 12 finished with value: 1073.9061413269096 and parameters: {'max_depth': 8, 'learning_rate': 0.013381998822557903, 'subsample': 0.9285354832313998, 'colsample_bytree': 0.8212591065992169, 'reg_alpha': 0.8091622133541478, 'reg_lambda': 3.7405784812974474}. Best is trial 6 with value: 1073.8713224302394.
[I 2026-03-17 17:23:33,193] Trial 13 finished with value: 1079.0191161560965 and parameters: {'max_depth': 9, 'learning_rate': 0.028881555824959045, 'subsample': 0.8271930588506946, 'colsample_bytree': 0.8642844471172598, 'reg_alpha': 0.8306047386129325, 'reg_lambda': 3.335987092870432}. Best is trial 6 with value: 1073.8713224302394.
[I 2026-03-17 17:23:34,458] Trial 14 finished with value: 1124.5953312837732 and parameters: {'max_depth': 6, 'learning_rate': 0.05263454598150371, 'subsample': 0.9093422262747759, 'colsample_bytree': 0.7333179131235064, 'reg_alpha': 0.4641459815055373, 'reg_lambda': 0.22895095758668926}. Best is trial 6 with value: 1073.8713224302394.
[I 2026-03-17 17:23:38,384] Trial 15 finished with value: 1080.6520282586564 and parameters: {'max_depth': 7, 'learning_rate': 0.025245188891347976, 'subsample': 0.7445264340097154, 'colsample_bytree': 0.7342720144530597, 'reg_alpha': 0.8552039480583644, 'reg_lambda': 3.8713936060510643}. Best is trial 6 with value: 1073.8713224302394.
[I 2026-03-17 17:23:40,598] Trial 16 finished with value: 1101.640864318574 and parameters: {'max_depth': 9, 'learning_rate': 0.09994144798809984, 'subsample': 0.94207381509917, 'colsample_bytree': 0.843501713390584, 'reg_alpha': 0.46236078761764354, 'reg_lambda': 4.6838766688793205}. Best is trial 6 with value: 1073.8713224302394.
[I 2026-03-17 17:23:42,369] Trial 17 finished with value: 1109.60733025635 and parameters: {'max_depth': 4, 'learning_rate': 0.047029644621218024, 'subsample': 0.6035507829830304, 'colsample_bytree': 0.9035756941519443, 'reg_alpha': 0.6799661607298931, 'reg_lambda': 3.266996116889498}. Best is trial 6 with value: 1073.8713224302394.
[I 2026-03-17 17:23:43,908] Trial 18 finished with value: 1084.825600636849 and parameters: {'max_depth': 7, 'learning_rate': 0.06425036016585481, 'subsample': 0.8574420154622913, 'colsample_bytree': 0.7759733312676046, 'reg_alpha': 0.8915166225003242, 'reg_lambda': 4.168632335264901}. Best is trial 6 with value: 1073.8713224302394.
[I 2026-03-17 17:23:51,973] Trial 19 finished with value: 1091.643309270009 and parameters: {'max_depth': 9, 'learning_rate': 0.020794957377765624, 'subsample': 0.9514537163115093, 'colsample_bytree': 0.9869839259656984, 'reg_alpha': 0.5500309038128867, 'reg_lambda': 1.4872795064010176}. Best is trial 6 with value: 1073.8713224302394.
[I 2026-03-17 17:23:53,843] Trial 20 finished with value: 1096.141517069298 and parameters: {'max_depth': 5, 'learning_rate': 0.03970305632049423, 'subsample': 0.7623559534038934, 'colsample_bytree': 0.844578406292146, 'reg_alpha': 0.3661750173580671, 'reg_lambda': 3.4920149666873623}. Best is trial 6 with value: 1073.8713224302394.
[I 2026-03-17 17:24:03,619] Trial 21 finished with value: 1074.0356773965655 and parameters: {'max_depth': 8, 'learning_rate': 0.012830006746919365, 'subsample': 0.9699560354874925, 'colsample_bytree': 0.778047256542354, 'reg_alpha': 0.777456628263544, 'reg_lambda': 4.205089204333213}. Best is trial 6 with value: 1073.8713224302394.
[I 2026-03-17 17:24:11,396] Trial 22 finished with value: 1073.8681849866298 and parameters: {'max_depth': 8, 'learning_rate': 0.01785649034903574, 'subsample': 0.9565011520815008, 'colsample_bytree': 0.7447137057712805, 'reg_alpha': 0.7388964876532285, 'reg_lambda': 4.396954875829521}. Best is trial 22 with value: 1073.8681849866298.
[I 2026-03-17 17:24:15,725] Trial 23 finished with value: 1077.7373860564066 and parameters: {'max_depth': 7, 'learning_rate': 0.020874766022063295, 'subsample': 0.9057484404412592, 'colsample_bytree': 0.6989215469142979, 'reg_alpha': 0.6903077661035969, 'reg_lambda': 4.879982844543938}. Best is trial 22 with value: 1073.8681849866298.
[I 2026-03-17 17:24:17,806] Trial 24 finished with value: 1084.18030398156 and parameters: {'max_depth': 6, 'learning_rate': 0.04142383097183836, 'subsample': 0.8538110085037877, 'colsample_bytree': 0.8197903259256373, 'reg_alpha': 0.9207669361650158, 'reg_lambda': 4.436467210623341}. Best is trial 22 with value: 1073.8681849866298.
[I 2026-03-17 17:24:24,127] Trial 25 finished with value: 1080.2908643032263 and parameters: {'max_depth': 9, 'learning_rate': 0.02889645919563867, 'subsample': 0.9265065498725601, 'colsample_bytree': 0.6938866088236754, 'reg_alpha': 0.7979253951178084, 'reg_lambda': 3.549242942167388}. Best is trial 22 with value: 1073.8681849866298.
[I 2026-03-17 17:24:30,938] Trial 26 finished with value: 1077.5375258207243 and parameters: {'max_depth': 8, 'learning_rate': 0.01867212624296872, 'subsample': 0.8817503898784865, 'colsample_bytree': 0.7601478090602682, 'reg_alpha': 0.8804776054094664, 'reg_lambda': 3.005859795618346}. Best is trial 22 with value: 1073.8681849866298.
[I 2026-03-17 17:24:32,572] Trial 27 finished with value: 1074.3877499206333 and parameters: {'max_depth': 7, 'learning_rate': 0.05795340793506524, 'subsample': 0.9593726682630854, 'colsample_bytree': 0.887192083893011, 'reg_alpha': 0.6843574266905537, 'reg_lambda': 4.507197393134694}. Best is trial 22 with value: 1073.8681849866298.
[I 2026-03-17 17:24:38,927] Trial 28 finished with value: 1081.0439399334741 and parameters: {'max_depth': 9, 'learning_rate': 0.03134046171397602, 'subsample': 0.8394746581371713, 'colsample_bytree': 0.809268327126951, 'reg_alpha': 0.734143773731933, 'reg_lambda': 3.723860240157238}. Best is trial 22 with value: 1073.8681849866298.
[I 2026-03-17 17:24:41,622] Trial 29 finished with value: 1086.8154885403358 and parameters: {'max_depth': 8, 'learning_rate': 0.051307865594259164, 'subsample': 0.9773871310899638, 'colsample_bytree': 0.842824752836185, 'reg_alpha': 0.9878981094848418, 'reg_lambda': 2.8478827134651734}. Best is trial 22 with value: 1073.8681849866298.
[I 2026-03-17 17:27:11,219] A new study created in memory with name: no-name-8426ae06-6c36-4c65-b7c1-cc8b8721aebf
[I 2026-03-17 17:27:12,536] Trial 0 finished with value: 14406.893556091683 and parameters: {'max_depth': 7, 'learning_rate': 0.036150531955623566, 'subsample': 0.8578353304895466, 'colsample_bytree': 0.7607052614024018, 'reg_alpha': 0.24916977820054675, 'reg_lambda': 0.8040237043079218}. Best is trial 0 with value: 14406.893556091683.
[I 2026-03-17 17:27:12,684] Trial 1 finished with value: 14713.498450682939 and parameters: {'max_depth': 3, 'learning_rate': 0.07750630910168854, 'subsample': 0.715761863619551, 'colsample_bytree': 0.8096331976535832, 'reg_alpha': 0.6203400821363986, 'reg_lambda': 1.413618188313856}. Best is trial 0 with value: 14406.893556091683.
[I 2026-03-17 17:27:13,019] Trial 2 finished with value: 15095.077844350615 and parameters: {'max_depth': 4, 'learning_rate': 0.046796396882723267, 'subsample': 0.6244818600154826, 'colsample_bytree': 0.7280174916746289, 'reg_alpha': 0.4860169261998364, 'reg_lambda': 1.3092708167351157}. Best is trial 0 with value: 14406.893556091683.
[I 2026-03-17 17:27:13,697] Trial 3 finished with value: 14174.962942573282 and parameters: {'max_depth': 6, 'learning_rate': 0.06613926420326899, 'subsample': 0.8945465412635021, 'colsample_bytree': 0.6688339864813079, 'reg_alpha': 0.40957961950560084, 'reg_lambda': 2.6532853463971975}. Best is trial 3 with value: 14174.962942573282.
[I 2026-03-17 17:27:13,877] Trial 4 finished with value: 14943.557042010723 and parameters: {'max_depth': 3, 'learning_rate': 0.044713345828252274, 'subsample': 0.9598066955404174, 'colsample_bytree': 0.6666666325563801, 'reg_alpha': 0.7830981030530763, 'reg_lambda': 2.4306860768995184}. Best is trial 3 with value: 14174.962942573282.
[I 2026-03-17 17:27:14,296] Trial 5 finished with value: 14753.581110608358 and parameters: {'max_depth': 4, 'learning_rate': 0.04879918878250893, 'subsample': 0.9878385814778348, 'colsample_bytree': 0.8317037077681153, 'reg_alpha': 0.8148094181763098, 'reg_lambda': 1.613230943872892}. Best is trial 3 with value: 14174.962942573282.
[I 2026-03-17 17:27:14,660] Trial 6 finished with value: 14729.909471854111 and parameters: {'max_depth': 4, 'learning_rate': 0.04296736453570972, 'subsample': 0.7668262042499945, 'colsample_bytree': 0.7251445960320467, 'reg_alpha': 0.7559031212188385, 'reg_lambda': 4.014045039814013}. Best is trial 3 with value: 14174.962942573282.
[I 2026-03-17 17:27:15,425] Trial 7 finished with value: 14673.218656832456 and parameters: {'max_depth': 6, 'learning_rate': 0.04117929957636488, 'subsample': 0.6279695689553351, 'colsample_bytree': 0.9573439682069421, 'reg_alpha': 0.5016760830993353, 'reg_lambda': 2.2106857924308274}. Best is trial 3 with value: 14174.962942573282.
[I 2026-03-17 17:27:18,417] Trial 8 finished with value: 14060.570779486165 and parameters: {'max_depth': 9, 'learning_rate': 0.058900805356151775, 'subsample': 0.8666860785345994, 'colsample_bytree': 0.8684513521353199, 'reg_alpha': 0.2759114958951454, 'reg_lambda': 4.447075808827176}. Best is trial 8 with value: 14060.570779486165.
[I 2026-03-17 17:27:19,585] Trial 9 finished with value: 14432.211882415724 and parameters: {'max_depth': 6, 'learning_rate': 0.025731817172752698, 'subsample': 0.9979694722893885, 'colsample_bytree': 0.8552849479404379, 'reg_alpha': 0.9840854681085459, 'reg_lambda': 3.9608291279435894}. Best is trial 8 with value: 14060.570779486165.
[I 2026-03-17 17:27:22,189] Trial 10 finished with value: 14291.02121594786 and parameters: {'max_depth': 10, 'learning_rate': 0.09227888286900925, 'subsample': 0.8457909509688856, 'colsample_bytree': 0.9393721023787154, 'reg_alpha': 0.03211668462396072, 'reg_lambda': 4.945164373647358}. Best is trial 8 with value: 14060.570779486165.
[I 2026-03-17 17:27:24,635] Trial 11 finished with value: 14040.829320649977 and parameters: {'max_depth': 9, 'learning_rate': 0.0687175337894676, 'subsample': 0.8902788095978568, 'colsample_bytree': 0.6188484639814059, 'reg_alpha': 0.2723901322037595, 'reg_lambda': 3.528808629961617}. Best is trial 11 with value: 14040.829320649977.
[I 2026-03-17 17:27:28,672] Trial 12 finished with value: 14243.19990399608 and parameters: {'max_depth': 10, 'learning_rate': 0.06702198685356738, 'subsample': 0.9115027614939286, 'colsample_bytree': 0.9011675259102597, 'reg_alpha': 0.2003455688860267, 'reg_lambda': 3.722582197411796}. Best is trial 11 with value: 14040.829320649977.
[I 2026-03-17 17:27:29,652] Trial 13 finished with value: 14270.798281625735 and parameters: {'max_depth': 8, 'learning_rate': 0.06526272792205345, 'subsample': 0.7741879335046623, 'colsample_bytree': 0.6181942000373569, 'reg_alpha': 0.2037422112169962, 'reg_lambda': 4.9885050966540945}. Best is trial 11 with value: 14040.829320649977.
[I 2026-03-17 17:27:31,428] Trial 14 finished with value: 14346.539923912176 and parameters: {'max_depth': 9, 'learning_rate': 0.08369174675869037, 'subsample': 0.832386601613833, 'colsample_bytree': 0.8622389494152782, 'reg_alpha': 0.031071061396527294, 'reg_lambda': 3.2495537093463898}. Best is trial 11 with value: 14040.829320649977.
[I 2026-03-17 17:27:38,347] Trial 15 finished with value: 14165.094504309944 and parameters: {'max_depth': 8, 'learning_rate': 0.013813613314670271, 'subsample': 0.9173423076718368, 'colsample_bytree': 0.9053947639799658, 'reg_alpha': 0.33554673974205257, 'reg_lambda': 4.468173017349571}. Best is trial 11 with value: 14040.829320649977.
[I 2026-03-17 17:27:40,326] Trial 16 finished with value: 14106.67886287303 and parameters: {'max_depth': 9, 'learning_rate': 0.05652072648230626, 'subsample': 0.6910871819581246, 'colsample_bytree': 0.7762034093061791, 'reg_alpha': 0.2675584530123264, 'reg_lambda': 3.200176281091458}. Best is trial 11 with value: 14040.829320649977.
[I 2026-03-17 17:27:41,440] Trial 17 finished with value: 14848.114575480391 and parameters: {'max_depth': 8, 'learning_rate': 0.09726518123150044, 'subsample': 0.8064505381578896, 'colsample_bytree': 0.9955423190610366, 'reg_alpha': 0.1337114117321517, 'reg_lambda': 0.11423483138826818}. Best is trial 11 with value: 14040.829320649977.
[I 2026-03-17 17:27:43,751] Trial 18 finished with value: 13983.69359014997 and parameters: {'max_depth': 9, 'learning_rate': 0.07618022202360512, 'subsample': 0.9382310719071483, 'colsample_bytree': 0.6054960112099237, 'reg_alpha': 0.3734002718455918, 'reg_lambda': 3.298068951776381}. Best is trial 18 with value: 13983.69359014997.
[I 2026-03-17 17:27:44,672] Trial 19 finished with value: 14040.286761592844 and parameters: {'max_depth': 7, 'learning_rate': 0.07564557144655726, 'subsample': 0.9473681860608196, 'colsample_bytree': 0.6006710742390509, 'reg_alpha': 0.5998572913454361, 'reg_lambda': 3.0743229422513876}. Best is trial 18 with value: 13983.69359014997.
[I 2026-03-17 17:27:45,660] Trial 20 finished with value: 14096.776921220535 and parameters: {'max_depth': 7, 'learning_rate': 0.08115775040507411, 'subsample': 0.9464298648099335, 'colsample_bytree': 0.6659755154444347, 'reg_alpha': 0.6215398203133581, 'reg_lambda': 2.9844270720276915}. Best is trial 18 with value: 13983.69359014997.
[I 2026-03-17 17:27:49,034] Trial 21 finished with value: 14255.199354331186 and parameters: {'max_depth': 10, 'learning_rate': 0.07709743870544884, 'subsample': 0.9459612275408962, 'colsample_bytree': 0.6027071874840253, 'reg_alpha': 0.41549337187094937, 'reg_lambda': 3.548164362360327}. Best is trial 18 with value: 13983.69359014997.
[I 2026-03-17 17:27:51,496] Trial 22 finished with value: 14030.091799151382 and parameters: {'max_depth': 9, 'learning_rate': 0.07034764374961609, 'subsample': 0.9051311176897443, 'colsample_bytree': 0.6341868147246891, 'reg_alpha': 0.564747629024031, 'reg_lambda': 1.9948737818503468}. Best is trial 18 with value: 13983.69359014997.
[I 2026-03-17 17:27:52,121] Trial 23 finished with value: 13955.938372487672 and parameters: {'max_depth': 7, 'learning_rate': 0.08959934742750456, 'subsample': 0.9625846014092119, 'colsample_bytree': 0.6411524742323247, 'reg_alpha': 0.6102142436588593, 'reg_lambda': 2.0236184789777827}. Best is trial 23 with value: 13955.938372487672.
