[I 2026-03-17 17:51:59,180] Trial 29 finished with value: 1775.5132723997492 and parameters: {'max_depth': 3, 'learning_rate': 0.033572786596074725, 'subsample': 0.67700083170704, 'colsample_bytree': 0.8345346828369506, 'reg_alpha': 0.2718423013139891, 'reg_lambda': 2.4855449747603444}. Best is trial 21 with value: 1764.972848730008.
['short_wave_from_sky_avg-2', 'short_wave_from_sky_avg-1', 'short_wave_from_sky_avg-4', 'short_wave_from_sky_avg-3', 'short_wave_from_sky_avg-0', 'ap-0', 'short_wave_from_sky_avg-5', 'month_cos-0', 'short_wave_from_sky_avg-6', 'short_wave_from_sky_avg-7', 'year-0', 'hour-2', 'hour-3', 'hour-1', 'hour-7', 'hour-0', 'sun_duration-6', 'sun_duration-7', 'rolling_std-0', 'rolling_max-0', 'season_sin-0', 'ewm_mean-0', 'rolling_mean-0', 'month-0', 'hour_cos-0', 'rolling_median-0', 'weekofyear-0', 'sun_duration-5', 'sun_duration-4', 'temp_soil_avg_20cm-7', 'rolling_max-1', 'temp_soil_avg_10cm-0', 'rolling_median-1', 'temp_soil_avg_5cm-3', 'temp_grass_pt100_avg-0', 'humidity_rel_shelter_avg-1', 'month_sin-0', 'ewm_mean-1', 'temp_soil_avg_20cm-5', 'temp_soil_avg_10cm-5', 'temp_dry_shelter_avg-7', 'ewm_mean-5', 'hour_sin-7', 'ap-1', 'rolling_max-2', 'temp_soil_avg_50cm-5', 'sun_duration-3', 'sun_int_avg-7', 'rolling_max-4', 'pressure-6']
{'max_depth': 9, 'learning_rate': 0.016286668685382966, 'subsample': 0.6642782699120391, 'colsample_bytree': 0.7684498632067498, 'reg_alpha': 0.4326294712738874, 'reg_lambda': 4.254729885914028}

Metrics:
MAE sklearn (lower is better):  6520.35286026987
Normalized MAE (lower is better):  0.19461262396119702
MAPE sklearn (lower is better):  7.407620539971756e+17 %
MSE (lower is better):  163121513.59432846
RMSE (lower is better):  12771.903287855279
NRMSE (lower is better):  0.3812023160546069
R2 (higher is better):  0.9084666098390581

--------------------  Sites for site_id 5: ['aieg_FABLANTO_213310817/production']  --------------------
['temp_grass_pt100_avg-0', 'temp_grass_pt100_avg-2', 'temp_grass_pt100_avg-1', 'ap-0', 'month_cos-0', 'temp_grass_pt100_avg-3', 'short_wave_from_sky_avg-4', 'short_wave_from_sky_avg-3', 'short_wave_from_sky_avg-5', 'short_wave_from_sky_avg-6', 'short_wave_from_sky_avg-0', 'short_wave_from_sky_avg-2', 'short_wave_from_sky_avg-1', 'hour-2', 'hour-3', 'ewm_mean-0', 'short_wave_from_sky_avg-7', 'hour_cos-0', 'hour-0', 'hour-1', 'is_peak_hour-1', 'rolling_max-0', 'is_peak_hour-4', 'is_peak_hour-2', 'temp_soil_avg_20cm-7', 'ap-1', 'temp_soil_avg_50cm-6', 'temp_soil_avg_50cm-2', 'temp_grass_pt100_avg-5', 'hour_cos-1', 'temp_soil_avg_50cm-5', 'rolling_min-0', 'dayofweek-0', 'temp_soil_avg_50cm-1', 'temp_soil_avg_50cm-7', 'temp_soil_avg-0', 'temp_soil_avg_50cm-3', 'temp_soil_avg_50cm-4', 'month_cos-1', 'dayofweek_sin-1', 'dayofweek_sin-7', 'rolling_mean-0', 'rolling_min-1', 'rolling_median-0', 'hour_cos-2', 'ap-2', 'temp_soil_avg_20cm-5', 'temp_soil_avg_20cm-6', 'is_peak_hour-5', 'weekofyear-0']
{'max_depth': 7, 'learning_rate': 0.018684437553829564, 'subsample': 0.7366054020411578, 'colsample_bytree': 0.6034244216824469, 'reg_alpha': 0.7961658298313079, 'reg_lambda': 4.679084858769804}

Metrics:
MAE sklearn (lower is better):  1071.3867825323478
Normalized MAE (lower is better):  0.2403806913208298
MAPE sklearn (lower is better):  1.487908973132281e+17 %
MSE (lower is better):  4438785.181615011
RMSE (lower is better):  2106.8424672041833
NRMSE (lower is better):  0.47269973554609673
R2 (higher is better):  0.8825764586814389

--------------------  Sites for site_id 6: ['aieg_DEPOTVIR_212303594/production', 'aieg_DEPOTVIR_0/production']  --------------------
['short_wave_from_sky_avg-3', 'short_wave_from_sky_avg-4', 'short_wave_from_sky_avg-6', 'short_wave_from_sky_avg-2', 'short_wave_from_sky_avg-1', 'short_wave_from_sky_avg-5', 'short_wave_from_sky_avg-7', 'hour_cos-0', 'short_wave_from_sky_avg-0', 'ap-0', 'hour_cos-1', 'hour_cos-2', 'hour-3', 'hour-2', 'hour-0', 'hour_cos-4', 'hour-1', 'temp_grass_pt100_avg-1', 'temp_grass_pt100_avg-3', 'hour_cos-3', 'rolling_min-4', 'temp_grass_pt100_avg-0', 'temp_grass_pt100_avg-5', 'temp_grass_pt100_avg-6', 'hour_cos-5', 'temp_grass_pt100_avg-2', 'rolling_min-2', 'temp_grass_pt100_avg-4', 'rolling_max-0', 'temp_grass_pt100_avg-7', 'rolling_mean-0', 'rolling_mean-7', 'sun_duration-4', 'rolling_std-6', 'rolling_min-6', 'sun_duration-2', 'temp_soil_avg_20cm-5', 'rolling_median-0', 'rolling_min-5', 'rolling_min-3', 'rolling_min-7', 'sun_duration-5', 'wind_speed_avg_30m-3', 'diff_2-3', 'rolling_max-2', 'diff_2-4', 'rolling_std-2', 'wind_gusts_speed-1', 'wind_speed_avg_30m-0', 'wind_speed_10m-7']
{'max_depth': 3, 'learning_rate': 0.019876607782041426, 'subsample': 0.7342213085261533, 'colsample_bytree': 0.6046611732041829, 'reg_alpha': 0.33704946267500197, 'reg_lambda': 1.0251356657085986}

Metrics:
MAE sklearn (lower is better):  1935.4381928585776
Normalized MAE (lower is better):  0.19718494279925058
MAPE sklearn (lower is better):  1.2123633798278896e+17 %
MSE (lower is better):  12677073.647415917
RMSE (lower is better):  3560.4878384030353
NRMSE (lower is better):  0.3627470995165126
R2 (higher is better):  0.8994886574891087

